2025-10-07T13:28:32,973  INFO Gbl:64 JVM: 21.0.8; Eclipse Adoptium; mixed mode, sharing; 64-bit
2025-10-07T13:28:32,973  INFO Gbl:68 OS: Mac OS X; 15.0.1; aarch64
2025-10-07T13:28:32,974  INFO Gbl:71 CPU cores: 10
2025-10-07T13:28:32,974  INFO Gbl:72 max. Memory: 8192.0MB (8589934592B)
2025-10-07T13:28:32,975  INFO Gbl:114 MATSim-Build: r78b6d00933a32e25dab366e962d767fde0a71fa0 ({2025-09-15 02:16:02})
2025-10-07T13:28:32,975  INFO Gbl:76 Command: org.eth.lectures.week2.RunSimulationObjects
2025-10-07T13:28:32,978  INFO MemoryObserver:43 used RAM: 194 MB  free: 245 MB  total: 440 MB  max: 8192 MB
2025-10-07T13:28:32,978  INFO ControllerListenerManagerImpl:121 calling notifyStartup on org.matsim.core.controler.ControlerDefaultsModule$1 with priority 0.0
2025-10-07T13:28:33,030  INFO ControllerListenerManagerImpl:121 calling notifyStartup on org.matsim.guice.DependencyGraphControllerListener with priority 0.0
2025-10-07T13:28:33,077  INFO ControllerListenerManagerImpl:121 calling notifyStartup on org.matsim.counts.CountsControllerListener with priority 0.0
2025-10-07T13:28:33,077  INFO ControllerListenerManagerImpl:121 calling notifyStartup on org.matsim.analysis.ModeChoiceCoverageControllerListener with priority 0.0
2025-10-07T13:28:33,078  INFO ControllerListenerManagerImpl:121 calling notifyStartup on org.matsim.analysis.ModeStatsControllerListener with priority 0.0
2025-10-07T13:28:33,078  INFO ControllerListenerManagerImpl:121 calling notifyStartup on org.matsim.analysis.ScoreStatsControlerListener with priority 0.0
2025-10-07T13:28:33,078  INFO ControllerListenerManagerImpl:124 all ControllerStartupListeners called.
2025-10-07T13:28:33,078  INFO ControllerUtils:99 config dump before iterations start
2025-10-07T13:28:33,088  INFO ControllerUtils:105 === logging config.xml skipped ===
2025-10-07T13:28:33,088  INFO ControllerUtils:106 To enable debug output, set an environment variable i.e. export LOG_LEVEL='debug', or set log.setLogLevel(Level.DEBUG) in your run class.
2025-10-07T13:28:33,089  INFO ControllerUtils:110 Complete config dump done.
2025-10-07T13:28:33,089  INFO ControllerUtils:111 Checking consistency of config...
2025-10-07T13:28:33,089  INFO VspConfigConsistencyCheckerImpl:62 NOT running vsp config consistency check because vsp defaults checking level is set to IGNORE
2025-10-07T13:28:33,094  INFO ControllerUtils:113 Checking consistency of config done.
2025-10-07T13:28:33,095  INFO PrepareForSimImpl:126 Network seems to be multimodal. Create car-only network which is handed over to PersonPrepareForSim.
2025-10-07T13:28:33,096  INFO NetworkImpl:165  node # 1
2025-10-07T13:28:33,096  INFO NetworkImpl:165  node # 4
2025-10-07T13:28:33,096  INFO NetworkImpl:165  node # 16
2025-10-07T13:28:33,096  INFO NetworkImpl:165  node # 64
2025-10-07T13:28:33,096  INFO NetworkImpl:165  node # 256
2025-10-07T13:28:33,097  INFO NetworkImpl:161  link # 1
2025-10-07T13:28:33,097  INFO NetworkImpl:161  link # 4
2025-10-07T13:28:33,097  INFO NetworkImpl:161  link # 16
2025-10-07T13:28:33,098  INFO NetworkImpl:161  link # 64
2025-10-07T13:28:33,099  INFO NetworkImpl:161  link # 256
2025-10-07T13:28:33,100  WARN XY2LinksForFacilities:51 There is no link for at least a facility. Assigning links for such facilities from coords.
2025-10-07T13:28:33,100  WARN XY2LinksForFacilities:52  This message given only once.
2025-10-07T13:28:33,101  INFO NetworkImpl:419 building QuadTree for nodes: xrange(679321.0322181903,686286.9268926464); yrange(4820338.810996656,4831237.176461053)
2025-10-07T13:28:33,103  INFO NetworkImpl:428 Building QuadTree took 0.003 seconds.
2025-10-07T13:28:33,152  WARN PrepareForSimImpl:266 'usePersonIdForMissingVehicleId' is deprecated. It will be removed soon. Use
2025-10-07T13:28:33,153  WARN PrepareForSimImpl:267 		config.qsim().setUsePersonIdForMissingVehicleId( false );
2025-10-07T13:28:33,153  WARN PrepareForSimImpl:268 in code, and 
2025-10-07T13:28:33,153  WARN PrepareForSimImpl:269 	<module name="qsim" >
2025-10-07T13:28:33,153  WARN PrepareForSimImpl:270 		<param name="usePersonIdForMissingVehicleId" value="true" />
2025-10-07T13:28:33,155  WARN PrepareForSimImpl:271 in the config xml.
2025-10-07T13:28:33,155  INFO Counter:70 [VehiclesImpl] added vehicle # 1
2025-10-07T13:28:33,155  INFO Counter:70 [VehiclesImpl] added vehicle # 2
2025-10-07T13:28:33,155  INFO Counter:70 [VehiclesImpl] added vehicle # 4
2025-10-07T13:28:33,155  INFO Counter:70 [VehiclesImpl] added vehicle # 8
2025-10-07T13:28:33,155  INFO Counter:70 [VehiclesImpl] added vehicle # 16
2025-10-07T13:28:33,155  INFO Counter:70 [VehiclesImpl] added vehicle # 32
2025-10-07T13:28:33,156  INFO Counter:70 [VehiclesImpl] added vehicle # 64
2025-10-07T13:28:33,156  INFO Counter:70 [VehiclesImpl] added vehicle # 128
2025-10-07T13:28:33,156  INFO Counter:70 [VehiclesImpl] added vehicle # 256
2025-10-07T13:28:33,157  INFO Counter:70 [VehiclesImpl] added vehicle # 512
2025-10-07T13:28:33,157  INFO Counter:70 [VehiclesImpl] added vehicle # 1024
2025-10-07T13:28:33,159  INFO Counter:70 [VehiclesImpl] added vehicle # 2048
2025-10-07T13:28:33,161  INFO Counter:70 [VehiclesImpl] added vehicle # 4096
2025-10-07T13:28:33,166  INFO Counter:70 [VehiclesImpl] added vehicle # 8192
2025-10-07T13:28:33,174  INFO Counter:70 [VehiclesImpl] added vehicle # 16384
2025-10-07T13:28:33,201  INFO Counter:70 [VehiclesImpl] added vehicle # 32768
2025-10-07T13:28:33,221  INFO Counter:70 [VehiclesImpl] added vehicle # 65536
2025-10-07T13:28:33,321  INFO EventsManagerImpl:139 === Logging of event-handlers skipped ===
2025-10-07T13:28:33,321  INFO EventsManagerImpl:140 To enable debug output, set an environment variable i.e. export LOG_LEVEL='debug', or set log.setLogLevel(Level.DEBUG) in your run class.
2025-10-07T13:28:33,321  INFO EventsManagerImpl:210     > org.matsim.pt.router.TransitScheduleChangedEvent
2025-10-07T13:28:33,321  INFO EventsManagerImpl:139 === Logging of event-handlers skipped ===
2025-10-07T13:28:33,321  INFO EventsManagerImpl:140 To enable debug output, set an environment variable i.e. export LOG_LEVEL='debug', or set log.setLogLevel(Level.DEBUG) in your run class.
2025-10-07T13:28:33,321  INFO EventsManagerImpl:210     > org.matsim.pt.router.TransitScheduleChangedEvent
2025-10-07T13:28:33,323  INFO SwissRailRaptorData:106 Preparing data for SwissRailRaptor...
2025-10-07T13:28:33,337  INFO SwissRailRaptorData:313 SwissRailRaptor data preparation done. Took 0 seconds.
2025-10-07T13:28:33,337  INFO SwissRailRaptorData:314 SwissRailRaptor statistics:  #routes = 10
2025-10-07T13:28:33,337  INFO SwissRailRaptorData:315 SwissRailRaptor statistics:  #departures = 2040
2025-10-07T13:28:33,337  INFO SwissRailRaptorData:316 SwissRailRaptor statistics:  #routeStops = 141
2025-10-07T13:28:33,337  INFO SwissRailRaptorData:317 SwissRailRaptor statistics:  #stopFacilities = 133
2025-10-07T13:28:33,337  INFO SwissRailRaptorData:318 SwissRailRaptor statistics:  #transfers (between routeStops) = 37
2025-10-07T13:28:33,337  INFO SwissRailRaptorData:319 SwissRailRaptor statistics:  #chainedDepartures = 0
2025-10-07T13:28:33,339  INFO NetworkImpl:165  node # 1
2025-10-07T13:28:33,340  INFO NetworkImpl:165  node # 4
2025-10-07T13:28:33,340  INFO NetworkImpl:165  node # 16
2025-10-07T13:28:33,340  INFO NetworkImpl:165  node # 64
2025-10-07T13:28:33,340  INFO NetworkImpl:165  node # 256
2025-10-07T13:28:33,340  INFO NetworkImpl:161  link # 1
2025-10-07T13:28:33,340  INFO NetworkImpl:161  link # 4
2025-10-07T13:28:33,340  INFO NetworkImpl:161  link # 16
2025-10-07T13:28:33,341  INFO NetworkImpl:161  link # 64
2025-10-07T13:28:33,341  INFO NetworkImpl:161  link # 256
2025-10-07T13:28:33,341  INFO NetworkRoutingProvider:155 Checking network for mode 'car' for consistency...
2025-10-07T13:28:33,344  INFO MultimodalNetworkCleaner:104 running org.matsim.core.network.algorithms.MultimodalNetworkCleaner algorithm for modes [car] with connectivity modes []...
2025-10-07T13:28:33,345  INFO MultimodalNetworkCleaner:108   checking 282 nodes and 334 links for dead-ends...
2025-10-07T13:28:33,346  INFO MultimodalNetworkCleaner:126     The biggest cluster consists of 334 links.
2025-10-07T13:28:33,346  INFO MultimodalNetworkCleaner:127   done.
2025-10-07T13:28:33,346  INFO MultimodalNetworkCleaner:151   resulting network contains 282 nodes and 334 links.
2025-10-07T13:28:33,346  INFO MultimodalNetworkCleaner:153 done.
2025-10-07T13:28:33,349  INFO RandomizingTimeDistanceTravelDisutilityFactory:86  sigma: 3.0; resulting normalization: 0.011108996538242306
2025-10-07T13:28:33,351  INFO SpeedyALTData:51 find dead ends...
2025-10-07T13:28:33,352  INFO SpeedyALTData:132 calculate landmarks...
2025-10-07T13:28:33,357  INFO SpeedyALTData:173 calculate min travelcost...
2025-10-07T13:28:33,359  INFO SpeedyALTData:51 find dead ends...
2025-10-07T13:28:33,359  INFO SpeedyALTData:132 calculate landmarks...
2025-10-07T13:28:33,361  INFO SpeedyALTData:173 calculate min travelcost...
2025-10-07T13:28:33,363  INFO RandomizingTimeDistanceTravelDisutilityFactory:86  sigma: 3.0; resulting normalization: 0.011108996538242306
2025-10-07T13:28:33,392  INFO Counter:70 [PersonPrepareForSim] handled person # 1
2025-10-07T13:28:33,393  INFO Counter:70 [PersonPrepareForSim] handled person # 2
2025-10-07T13:28:33,393  INFO Counter:70 [PersonPrepareForSim] handled person # 4
2025-10-07T13:28:33,394  INFO Counter:70 [PersonPrepareForSim] handled person # 8
2025-10-07T13:28:33,398  INFO Counter:70 [PersonPrepareForSim] handled person # 16
2025-10-07T13:28:33,399  INFO Counter:70 [PersonPrepareForSim] handled person # 32
2025-10-07T13:28:33,401  INFO Counter:70 [PersonPrepareForSim] handled person # 64
2025-10-07T13:28:33,406  INFO Counter:70 [PersonPrepareForSim] handled person # 128
2025-10-07T13:28:33,413  INFO Counter:70 [PersonPrepareForSim] handled person # 256
2025-10-07T13:28:33,421  INFO Counter:70 [PersonPrepareForSim] handled person # 512
2025-10-07T13:28:33,437  INFO Counter:70 [PersonPrepareForSim] handled person # 1024
2025-10-07T13:28:33,465  INFO Counter:70 [PersonPrepareForSim] handled person # 2048
2025-10-07T13:28:33,495  INFO Counter:70 [PersonPrepareForSim] handled person # 4096
2025-10-07T13:28:33,550  INFO Counter:70 [PersonPrepareForSim] handled person # 8192
2025-10-07T13:28:33,643  INFO Counter:70 [PersonPrepareForSim] handled person # 16384
2025-10-07T13:28:33,789  INFO Counter:70 [PersonPrepareForSim] handled person # 32768
2025-10-07T13:28:34,014  INFO Counter:70 [PersonPrepareForSim] handled person # 65536
2025-10-07T13:28:34,166  INFO Counter:75 [PersonPrepareForSim] handled person # 84110
2025-10-07T13:28:34,183  INFO AbstractController:136 ###################################################
2025-10-07T13:28:34,183  INFO AbstractController:137 ### ITERATION 0 BEGINS
2025-10-07T13:28:34,184  INFO ControllerListenerManagerImpl:188 calling notifyIterationStarts on org.matsim.analysis.LegTimesControllerListener with priority 0.0
2025-10-07T13:28:34,184  INFO EventsManagerImpl:139 === Logging of event-handlers skipped ===
2025-10-07T13:28:34,184  INFO EventsManagerImpl:140 To enable debug output, set an environment variable i.e. export LOG_LEVEL='debug', or set log.setLogLevel(Level.DEBUG) in your run class.
2025-10-07T13:28:34,184  INFO EventsManagerImpl:210     > org.matsim.api.core.v01.events.PersonDepartureEvent
2025-10-07T13:28:34,184  INFO EventsManagerImpl:210     > org.matsim.api.core.v01.events.PersonArrivalEvent
2025-10-07T13:28:34,184  INFO EventsManagerImpl:210     > org.matsim.api.core.v01.events.ActivityEndEvent
2025-10-07T13:28:34,184  INFO EventsManagerImpl:210     > org.matsim.api.core.v01.events.ActivityStartEvent
2025-10-07T13:28:34,185  INFO EventsManagerImpl:139 === Logging of event-handlers skipped ===
2025-10-07T13:28:34,185  INFO EventsManagerImpl:140 To enable debug output, set an environment variable i.e. export LOG_LEVEL='debug', or set log.setLogLevel(Level.DEBUG) in your run class.
2025-10-07T13:28:34,185  INFO EventsManagerImpl:210     > org.matsim.api.core.v01.events.PersonDepartureEvent
2025-10-07T13:28:34,185  INFO EventsManagerImpl:210     > org.matsim.api.core.v01.events.PersonArrivalEvent
2025-10-07T13:28:34,185  INFO EventsManagerImpl:210     > org.matsim.api.core.v01.events.ActivityEndEvent
2025-10-07T13:28:34,185  INFO EventsManagerImpl:210     > org.matsim.api.core.v01.events.ActivityStartEvent
2025-10-07T13:28:34,185  INFO ControllerListenerManagerImpl:188 calling notifyIterationStarts on org.matsim.analysis.LegHistogramListener with priority 0.0
2025-10-07T13:28:34,185  INFO EventsManagerImpl:139 === Logging of event-handlers skipped ===
2025-10-07T13:28:34,185  INFO EventsManagerImpl:140 To enable debug output, set an environment variable i.e. export LOG_LEVEL='debug', or set log.setLogLevel(Level.DEBUG) in your run class.
2025-10-07T13:28:34,185  INFO EventsManagerImpl:210     > org.matsim.api.core.v01.events.PersonDepartureEvent
2025-10-07T13:28:34,185  INFO EventsManagerImpl:210     > org.matsim.api.core.v01.events.PersonArrivalEvent
2025-10-07T13:28:34,185  INFO EventsManagerImpl:210     > org.matsim.api.core.v01.events.PersonStuckEvent
2025-10-07T13:28:34,185  INFO EventsManagerImpl:139 === Logging of event-handlers skipped ===
2025-10-07T13:28:34,185  INFO EventsManagerImpl:140 To enable debug output, set an environment variable i.e. export LOG_LEVEL='debug', or set log.setLogLevel(Level.DEBUG) in your run class.
2025-10-07T13:28:34,185  INFO EventsManagerImpl:210     > org.matsim.api.core.v01.events.PersonDepartureEvent
2025-10-07T13:28:34,185  INFO EventsManagerImpl:210     > org.matsim.api.core.v01.events.PersonArrivalEvent
2025-10-07T13:28:34,185  INFO EventsManagerImpl:210     > org.matsim.api.core.v01.events.PersonStuckEvent
2025-10-07T13:28:34,185  INFO ControllerListenerManagerImpl:188 calling notifyIterationStarts on org.matsim.analysis.LinkStatsControllerListener with priority 0.0
2025-10-07T13:28:34,185  INFO ControllerListenerManagerImpl:188 calling notifyIterationStarts on org.matsim.core.replanning.ReplanningContextImpl with priority 0.0
2025-10-07T13:28:34,185  INFO ControllerListenerManagerImpl:188 calling notifyIterationStarts on org.matsim.core.scoring.ScoringFunctionsForPopulation$$Lambda/0x000000030138f3e8 with priority 0.0
2025-10-07T13:28:34,238  INFO ControllerListenerManagerImpl:188 calling notifyIterationStarts on org.matsim.core.scoring.ExperiencedPlansServiceImpl$1 with priority 0.0
2025-10-07T13:28:34,254  INFO ControllerListenerManagerImpl:191 [it.0] all ControllerIterationStartsListeners called.
2025-10-07T13:28:34,254  INFO ControllerListenerManagerImpl:293 calling notifyBeforeMobsim on org.matsim.core.controler.corelisteners.EventsHandlingImpl with priority 0.0
2025-10-07T13:28:34,255  INFO EventsManagerImpl:173 resetting Event-Handlers
2025-10-07T13:28:34,255  INFO EventsManagerImpl:180   org.matsim.core.trafficmonitoring.TravelTimeCalculator
2025-10-07T13:28:34,255  INFO EventsManagerImpl:180   org.matsim.analysis.VolumesAnalyzer
2025-10-07T13:28:34,255  INFO EventsManagerImpl:180   org.matsim.core.scoring.ScoringFunctionsForPopulation
2025-10-07T13:28:34,255  INFO EventsManagerImpl:180   ch.sbb.matsim.routing.pt.raptor.SwissRailRaptorFactory$$Lambda/0x00000003013d6528
2025-10-07T13:28:34,255  INFO EventsManagerImpl:180   org.matsim.analysis.CalcLegTimes
2025-10-07T13:28:34,255  INFO EventsManagerImpl:180   org.matsim.analysis.LegHistogram
2025-10-07T13:28:34,258  INFO EventsManagerImpl:139 === Logging of event-handlers skipped ===
2025-10-07T13:28:34,258  INFO EventsManagerImpl:140 To enable debug output, set an environment variable i.e. export LOG_LEVEL='debug', or set log.setLogLevel(Level.DEBUG) in your run class.
2025-10-07T13:28:34,258  INFO EventsManagerImpl:210     > org.matsim.api.core.v01.events.Event
2025-10-07T13:28:34,258  INFO EventsManagerImpl:139 === Logging of event-handlers skipped ===
2025-10-07T13:28:34,258  INFO EventsManagerImpl:140 To enable debug output, set an environment variable i.e. export LOG_LEVEL='debug', or set log.setLogLevel(Level.DEBUG) in your run class.
2025-10-07T13:28:34,258  INFO EventsManagerImpl:210     > org.matsim.api.core.v01.events.Event
2025-10-07T13:28:34,258  INFO ControllerListenerManagerImpl:293 calling notifyBeforeMobsim on org.matsim.core.controler.corelisteners.PlansDumpingImpl with priority 0.0
2025-10-07T13:28:34,258  INFO PlansDumpingImpl:78 dumping plans...
2025-10-07T13:28:34,315  INFO Counter:70 [PopulationWriter] dumped person # 1
2025-10-07T13:28:34,315  INFO Counter:70 [PopulationWriter] dumped person # 2
2025-10-07T13:28:34,315  INFO Counter:70 [PopulationWriter] dumped person # 4
2025-10-07T13:28:34,315  INFO Counter:70 [PopulationWriter] dumped person # 8
2025-10-07T13:28:34,315  INFO Counter:70 [PopulationWriter] dumped person # 16
2025-10-07T13:28:34,315  INFO Counter:70 [PopulationWriter] dumped person # 32
2025-10-07T13:28:34,316  INFO Counter:70 [PopulationWriter] dumped person # 64
2025-10-07T13:28:34,316  INFO Counter:70 [PopulationWriter] dumped person # 128
2025-10-07T13:28:34,316  INFO Counter:70 [PopulationWriter] dumped person # 256
2025-10-07T13:28:34,316  INFO Counter:70 [PopulationWriter] dumped person # 512
2025-10-07T13:28:34,320  INFO Counter:70 [ParallelPopulationWriterV6] dumped person # 1
2025-10-07T13:28:34,320  INFO Counter:70 [ParallelPopulationWriterV6] dumped person # 2
2025-10-07T13:28:34,320  INFO Counter:70 [ParallelPopulationWriterV6] dumped person # 4
2025-10-07T13:28:34,322  INFO Counter:70 [ParallelPopulationWriterV6] dumped person # 8
2025-10-07T13:28:34,336  INFO Counter:70 [ParallelPopulationWriterV6] dumped person # 16
2025-10-07T13:28:34,337  INFO Counter:70 [PopulationWriter] dumped person # 1024
2025-10-07T13:28:34,338  INFO Counter:70 [ParallelPopulationWriterV6] dumped person # 32
2025-10-07T13:28:34,340  INFO Counter:70 [ParallelPopulationWriterV6] dumped person # 64
2025-10-07T13:28:34,343  INFO Counter:70 [ParallelPopulationWriterV6] dumped person # 128
2025-10-07T13:28:34,349  INFO Counter:70 [ParallelPopulationWriterV6] dumped person # 256
2025-10-07T13:28:34,359  INFO Counter:70 [ParallelPopulationWriterV6] dumped person # 512
2025-10-07T13:28:34,378  INFO Counter:70 [ParallelPopulationWriterV6] dumped person # 1024
2025-10-07T13:28:34,378  INFO Counter:70 [PopulationWriter] dumped person # 2048
2025-10-07T13:28:34,413  INFO Counter:70 [ParallelPopulationWriterV6] dumped person # 2048
2025-10-07T13:28:34,450  INFO Counter:70 [PopulationWriter] dumped person # 4096
2025-10-07T13:28:34,483  INFO Counter:70 [ParallelPopulationWriterV6] dumped person # 4096
2025-10-07T13:28:34,590  INFO Counter:70 [PopulationWriter] dumped person # 8192
2025-10-07T13:28:34,625  INFO Counter:70 [ParallelPopulationWriterV6] dumped person # 8192
2025-10-07T13:28:34,892  INFO Counter:70 [PopulationWriter] dumped person # 16384
2025-10-07T13:28:34,924  INFO Counter:70 [ParallelPopulationWriterV6] dumped person # 16384
2025-10-07T13:28:35,521  INFO Counter:70 [PopulationWriter] dumped person # 32768
2025-10-07T13:28:35,555  INFO Counter:70 [ParallelPopulationWriterV6] dumped person # 32768
2025-10-07T13:28:36,661  INFO Counter:70 [PopulationWriter] dumped person # 65536
2025-10-07T13:28:36,696  INFO Counter:70 [ParallelPopulationWriterV6] dumped person # 65536
2025-10-07T13:28:37,294  INFO Counter:75 [ParallelPopulationWriterV6] dumped person # 84110
2025-10-07T13:28:37,295  INFO PopulationWriter:150 Population written to: output2/ITERS/it.0/0.plans.xml.gz
2025-10-07T13:28:37,296  INFO Counter:75 [PopulationWriter] dumped person # 84110
2025-10-07T13:28:37,296  INFO PlansDumpingImpl:95 finished plans dump.
2025-10-07T13:28:37,296  INFO ControllerListenerManagerImpl:299 calling notifyBeforeMobsim on org.matsim.core.population.VspPlansCleaner with priority 0.0
2025-10-07T13:28:37,325  INFO ControllerListenerManagerImpl:302 [it.0] all ControlerBeforeMobsimListeners called.
2025-10-07T13:28:37,325  INFO PrepareForMobsimImpl:86 Network seems to be multimodal. Create car-only network which is handed over to PersonPrepareForSim.
2025-10-07T13:28:37,325  INFO NetworkImpl:165  node # 1
2025-10-07T13:28:37,325  INFO NetworkImpl:165  node # 4
2025-10-07T13:28:37,325  INFO NetworkImpl:165  node # 16
2025-10-07T13:28:37,326  INFO NetworkImpl:165  node # 64
2025-10-07T13:28:37,326  INFO NetworkImpl:165  node # 256
2025-10-07T13:28:37,326  INFO NetworkImpl:161  link # 1
2025-10-07T13:28:37,326  INFO NetworkImpl:161  link # 4
2025-10-07T13:28:37,326  INFO NetworkImpl:161  link # 16
2025-10-07T13:28:37,326  INFO NetworkImpl:161  link # 64
2025-10-07T13:28:37,326  INFO NetworkImpl:161  link # 256
2025-10-07T13:28:37,328  INFO RandomizingTimeDistanceTravelDisutilityFactory:86  sigma: 3.0; resulting normalization: 0.011108996538242306
2025-10-07T13:28:37,329  INFO RandomizingTimeDistanceTravelDisutilityFactory:86  sigma: 3.0; resulting normalization: 0.011108996538242306
2025-10-07T13:28:37,341  INFO Counter:70 [PersonPrepareForSim] handled person # 1
2025-10-07T13:28:37,341  INFO Counter:70 [PersonPrepareForSim] handled person # 2
2025-10-07T13:28:37,341  INFO Counter:70 [PersonPrepareForSim] handled person # 4
2025-10-07T13:28:37,341  INFO Counter:70 [PersonPrepareForSim] handled person # 8
2025-10-07T13:28:37,341  INFO Counter:70 [PersonPrepareForSim] handled person # 16
2025-10-07T13:28:37,342  INFO Counter:70 [PersonPrepareForSim] handled person # 32
2025-10-07T13:28:37,342  INFO Counter:70 [PersonPrepareForSim] handled person # 64
2025-10-07T13:28:37,343  INFO Counter:70 [PersonPrepareForSim] handled person # 128
2025-10-07T13:28:37,344  INFO Counter:70 [PersonPrepareForSim] handled person # 256
2025-10-07T13:28:37,346  INFO Counter:70 [PersonPrepareForSim] handled person # 512
2025-10-07T13:28:37,348  INFO Counter:70 [PersonPrepareForSim] handled person # 1024
2025-10-07T13:28:37,354  INFO Counter:70 [PersonPrepareForSim] handled person # 2048
2025-10-07T13:28:37,365  INFO Counter:70 [PersonPrepareForSim] handled person # 4096
2025-10-07T13:28:37,387  INFO Counter:70 [PersonPrepareForSim] handled person # 8192
2025-10-07T13:28:37,432  INFO Counter:70 [PersonPrepareForSim] handled person # 16384
2025-10-07T13:28:37,500  INFO Counter:70 [PersonPrepareForSim] handled person # 32768
2025-10-07T13:28:37,551  INFO Counter:70 [PersonPrepareForSim] handled person # 65536
2025-10-07T13:28:37,564  INFO Counter:75 [PersonPrepareForSim] handled person # 84110
2025-10-07T13:28:37,590  INFO MobsimListenerManager:50 calling addQueueSimulationListener
2025-10-07T13:28:37,590  INFO MobsimListenerManager:54   assigned class org.matsim.core.mobsim.framework.listeners.MobsimListener to interface org.matsim.core.mobsim.framework.listeners.MobsimInitializedListener
2025-10-07T13:28:37,590  INFO MobsimListenerManager:54   assigned class org.matsim.core.mobsim.framework.listeners.MobsimListener to interface org.matsim.core.mobsim.framework.listeners.MobsimListener
2025-10-07T13:28:37,590  INFO MobsimListenerManager:54   assigned class org.matsim.core.mobsim.framework.listeners.MobsimListener to interface org.matsim.core.mobsim.framework.listeners.MobsimAfterSimStepListener
2025-10-07T13:28:37,590  INFO MobsimListenerManager:54   assigned class org.matsim.core.mobsim.framework.listeners.MobsimListener to interface org.matsim.core.mobsim.framework.listeners.MobsimBeforeCleanupListener
2025-10-07T13:28:37,590  INFO MobsimListenerManager:54   assigned class org.matsim.core.mobsim.framework.listeners.MobsimListener to interface org.matsim.vis.snapshotwriters.SnapshotWriterManager
2025-10-07T13:28:37,597  INFO QSimProvider:131 Added MobsimEngine class org.matsim.core.mobsim.qsim.ActivityEngineDefaultImpl
2025-10-07T13:28:37,597  INFO QSimProvider:137 Added Activityhandler class org.matsim.core.mobsim.qsim.ActivityEngineDefaultImpl
2025-10-07T13:28:37,606  INFO QSimProvider:131 Added MobsimEngine class org.matsim.core.mobsim.qsim.qnetsimengine.QNetsimEngineWithThreadpool
2025-10-07T13:28:37,606  INFO QSimProvider:143 Added DepartureHandler class org.matsim.core.mobsim.qsim.qnetsimengine.NetworkModeDepartureHandlerDefaultImpl
2025-10-07T13:28:37,606  INFO QSimProvider:131 Added MobsimEngine class org.matsim.core.mobsim.qsim.DefaultTeleportationEngine
2025-10-07T13:28:37,606  INFO QSimProvider:143 Added DepartureHandler class org.matsim.core.mobsim.qsim.DefaultTeleportationEngine
2025-10-07T13:28:37,606  INFO QSimProvider:149 Added AgentSource class org.matsim.core.mobsim.qsim.agents.PopulationAgentSource
2025-10-07T13:28:37,606  INFO MobsimListenerManager:50 calling addQueueSimulationListener
2025-10-07T13:28:37,606  INFO MobsimListenerManager:54   assigned class org.matsim.core.mobsim.framework.listeners.MobsimListener to interface org.matsim.core.mobsim.framework.listeners.MobsimListener
2025-10-07T13:28:37,606  INFO MobsimListenerManager:54   assigned class org.matsim.core.mobsim.framework.listeners.MobsimListener to interface org.matsim.core.mobsim.qsim.messagequeueengine.MessageQueueEngine
2025-10-07T13:28:37,606  INFO MobsimListenerManager:54   assigned class org.matsim.core.mobsim.framework.listeners.MobsimListener to interface org.matsim.core.mobsim.framework.listeners.MobsimBeforeSimStepListener
2025-10-07T13:28:37,606  INFO QSimProvider:155 Added MobsimListener class org.matsim.core.mobsim.qsim.messagequeueengine.MessageQueueEngine
2025-10-07T13:28:37,606  INFO QSimProvider:131 Added MobsimEngine class org.matsim.core.mobsim.qsim.pt.TransitQSimEngine
2025-10-07T13:28:37,606  INFO QSimProvider:143 Added DepartureHandler class org.matsim.core.mobsim.qsim.pt.TransitQSimEngine
2025-10-07T13:28:37,606  INFO QSimProvider:149 Added AgentSource class org.matsim.core.mobsim.qsim.pt.TransitQSimEngine
2025-10-07T13:28:37,610  INFO PopulationUtils:1292 adding scenario element for allpersons container
2025-10-07T13:28:37,610  INFO PopulationImpl:111  person # 1
2025-10-07T13:28:37,610  INFO PopulationImpl:111  person # 4
2025-10-07T13:28:37,610  INFO PopulationImpl:111  person # 16
2025-10-07T13:28:37,610  INFO PopulationImpl:111  person # 64
2025-10-07T13:28:37,611  INFO PopulationImpl:111  person # 256
2025-10-07T13:28:37,613  INFO PopulationImpl:111  person # 1024
2025-10-07T13:28:37,616  INFO PopulationImpl:111  person # 4096
2025-10-07T13:28:37,630  INFO PopulationImpl:111  person # 16384
2025-10-07T13:28:37,687  INFO PopulationImpl:111  person # 65536
2025-10-07T13:28:37,702  INFO VehicleUtils:431 adding scenario element for allvehicles container
2025-10-07T13:28:37,702  INFO Counter:70 [VehiclesImpl] added vehicle # 1
2025-10-07T13:28:37,702  INFO Counter:70 [VehiclesImpl] added vehicle # 2
2025-10-07T13:28:37,703  INFO Counter:70 [VehiclesImpl] added vehicle # 4
2025-10-07T13:28:37,703  INFO Counter:70 [VehiclesImpl] added vehicle # 8
2025-10-07T13:28:37,703  INFO Counter:70 [VehiclesImpl] added vehicle # 16
2025-10-07T13:28:37,703  INFO Counter:70 [VehiclesImpl] added vehicle # 32
2025-10-07T13:28:37,703  INFO Counter:70 [VehiclesImpl] added vehicle # 64
2025-10-07T13:28:37,703  INFO Counter:70 [VehiclesImpl] added vehicle # 128
2025-10-07T13:28:37,704  INFO Counter:70 [VehiclesImpl] added vehicle # 256
2025-10-07T13:28:37,705  INFO Counter:70 [VehiclesImpl] added vehicle # 512
2025-10-07T13:28:37,706  INFO Counter:70 [VehiclesImpl] added vehicle # 1024
2025-10-07T13:28:37,707  INFO Counter:70 [VehiclesImpl] added vehicle # 2048
2025-10-07T13:28:37,709  INFO Counter:70 [VehiclesImpl] added vehicle # 4096
2025-10-07T13:28:37,714  INFO Counter:70 [VehiclesImpl] added vehicle # 8192
2025-10-07T13:28:37,723  INFO Counter:70 [VehiclesImpl] added vehicle # 16384
2025-10-07T13:28:37,743  INFO Counter:70 [VehiclesImpl] added vehicle # 32768
2025-10-07T13:28:37,790  INFO Counter:70 [VehiclesImpl] added vehicle # 65536
2025-10-07T13:28:37,792  INFO ReconstructingUmlaufBuilder:131 Generating UmlaufStuecke ...
2025-10-07T13:28:37,793  INFO ReconstructingUmlaufBuilder:144 ... done generating UmlaufStuecke
2025-10-07T13:28:37,819  INFO AbstractQNetsimEngine:421 Assigned 282 nodes and 334 links to QSimEngineRunner #0
2025-10-07T13:28:37,868  INFO EventsManagerImpl:116  event # 1
2025-10-07T13:28:37,869  INFO EventsManagerImpl:116  event # 4
2025-10-07T13:28:37,869  INFO EventsManagerImpl:116  event # 16
2025-10-07T13:28:37,870  INFO AbstractQNetsimEngine:359 SIMULATION (QNetsimEngine) AT 06:00:00 : #links=0 #nodes=10
2025-10-07T13:28:37,872  INFO QSim:552 SIMULATION (NEW QSim) AT 06:00:00 : #active agents=86150 lost=0 simT=0.0s realT=0s; (s/r): 0.0
2025-10-07T13:28:37,873  INFO EventsManagerImpl:116  event # 64
2025-10-07T13:28:37,884  INFO EventsManagerImpl:116  event # 256
2025-10-07T13:28:37,904  INFO EventsManagerImpl:116  event # 1024
2025-10-07T13:28:37,947  INFO EventsManagerImpl:116  event # 4096
2025-10-07T13:28:38,064  INFO EventsManagerImpl:116  event # 16384
2025-10-07T13:28:38,077  INFO AbstractQNetsimEngine:359 SIMULATION (QNetsimEngine) AT 07:00:00 : #links=136 #nodes=20
2025-10-07T13:28:38,077  INFO QSim:552 SIMULATION (NEW QSim) AT 07:00:00 : #active agents=86043 lost=0 simT=3600.0s realT=0s; (s/r): Infinity
2025-10-07T13:28:38,234  INFO EventsManagerImpl:116  event # 65536
2025-10-07T13:28:38,725  INFO EventsManagerImpl:116  event # 262144
2025-10-07T13:28:40,360  INFO AbstractQNetsimEngine:359 SIMULATION (QNetsimEngine) AT 08:00:00 : #links=231 #nodes=146
2025-10-07T13:28:40,360  INFO QSim:552 SIMULATION (NEW QSim) AT 08:00:00 : #active agents=85978 lost=0 simT=7200.0s realT=2s; (s/r): 3600.0
2025-10-07T13:28:40,555  INFO EventsManagerImpl:116  event # 1048576
2025-10-07T13:28:41,003  INFO AbstractQNetsimEngine:359 SIMULATION (QNetsimEngine) AT 09:00:00 : #links=176 #nodes=130
2025-10-07T13:28:41,003  INFO QSim:552 SIMULATION (NEW QSim) AT 09:00:00 : #active agents=85973 lost=0 simT=10800.0s realT=3s; (s/r): 3600.0
2025-10-07T13:28:41,337  INFO AbstractQNetsimEngine:359 SIMULATION (QNetsimEngine) AT 10:00:00 : #links=180 #nodes=134
2025-10-07T13:28:41,337  INFO QSim:552 SIMULATION (NEW QSim) AT 10:00:00 : #active agents=85918 lost=0 simT=14400.0s realT=3s; (s/r): 4800.0
2025-10-07T13:28:41,644  INFO AbstractQNetsimEngine:359 SIMULATION (QNetsimEngine) AT 11:00:00 : #links=181 #nodes=133
2025-10-07T13:28:41,644  INFO QSim:552 SIMULATION (NEW QSim) AT 11:00:00 : #active agents=85791 lost=0 simT=18000.0s realT=4s; (s/r): 4500.0
2025-10-07T13:28:42,003  INFO AbstractQNetsimEngine:359 SIMULATION (QNetsimEngine) AT 12:00:00 : #links=183 #nodes=135
2025-10-07T13:28:42,003  INFO QSim:552 SIMULATION (NEW QSim) AT 12:00:00 : #active agents=85688 lost=0 simT=21600.0s realT=4s; (s/r): 5400.0
2025-10-07T13:28:42,291  INFO AbstractQNetsimEngine:359 SIMULATION (QNetsimEngine) AT 13:00:00 : #links=180 #nodes=140
2025-10-07T13:28:42,292  INFO QSim:552 SIMULATION (NEW QSim) AT 13:00:00 : #active agents=85586 lost=0 simT=25200.0s realT=4s; (s/r): 6300.0
2025-10-07T13:28:42,599  INFO AbstractQNetsimEngine:359 SIMULATION (QNetsimEngine) AT 14:00:00 : #links=178 #nodes=141
2025-10-07T13:28:42,599  INFO QSim:552 SIMULATION (NEW QSim) AT 14:00:00 : #active agents=85496 lost=0 simT=28800.0s realT=5s; (s/r): 5760.0
2025-10-07T13:28:42,881  INFO AbstractQNetsimEngine:359 SIMULATION (QNetsimEngine) AT 15:00:00 : #links=186 #nodes=145
2025-10-07T13:28:42,882  INFO QSim:552 SIMULATION (NEW QSim) AT 15:00:00 : #active agents=85403 lost=0 simT=32400.0s realT=5s; (s/r): 6480.0
2025-10-07T13:28:43,162  INFO AbstractQNetsimEngine:359 SIMULATION (QNetsimEngine) AT 16:00:00 : #links=190 #nodes=145
2025-10-07T13:28:43,162  INFO QSim:552 SIMULATION (NEW QSim) AT 16:00:00 : #active agents=85323 lost=0 simT=36000.0s realT=5s; (s/r): 7200.0
2025-10-07T13:28:43,469  INFO AbstractQNetsimEngine:359 SIMULATION (QNetsimEngine) AT 17:00:00 : #links=192 #nodes=148
2025-10-07T13:28:43,469  INFO QSim:552 SIMULATION (NEW QSim) AT 17:00:00 : #active agents=85240 lost=0 simT=39600.0s realT=5s; (s/r): 7920.0
2025-10-07T13:28:44,242  INFO AbstractQNetsimEngine:359 SIMULATION (QNetsimEngine) AT 18:00:00 : #links=204 #nodes=164
2025-10-07T13:28:44,242  INFO QSim:552 SIMULATION (NEW QSim) AT 18:00:00 : #active agents=84435 lost=0 simT=43200.0s realT=6s; (s/r): 7200.0
2025-10-07T13:28:44,601  INFO AbstractQNetsimEngine:359 SIMULATION (QNetsimEngine) AT 19:00:00 : #links=207 #nodes=164
2025-10-07T13:28:44,601  INFO QSim:552 SIMULATION (NEW QSim) AT 19:00:00 : #active agents=83653 lost=0 simT=46800.0s realT=7s; (s/r): 6685.714285714285
2025-10-07T13:28:44,888  INFO AbstractQNetsimEngine:359 SIMULATION (QNetsimEngine) AT 20:00:00 : #links=207 #nodes=165
2025-10-07T13:28:44,888  INFO QSim:552 SIMULATION (NEW QSim) AT 20:00:00 : #active agents=83563 lost=0 simT=50400.0s realT=7s; (s/r): 7200.0
2025-10-07T13:28:45,128  INFO AbstractQNetsimEngine:359 SIMULATION (QNetsimEngine) AT 21:00:00 : #links=209 #nodes=168
2025-10-07T13:28:45,128  INFO QSim:552 SIMULATION (NEW QSim) AT 21:00:00 : #active agents=83480 lost=0 simT=54000.0s realT=7s; (s/r): 7714.285714285715
2025-10-07T13:28:45,353  INFO AbstractQNetsimEngine:359 SIMULATION (QNetsimEngine) AT 22:00:00 : #links=203 #nodes=168
2025-10-07T13:28:45,353  INFO QSim:552 SIMULATION (NEW QSim) AT 22:00:00 : #active agents=83435 lost=0 simT=57600.0s realT=7s; (s/r): 8228.57142857143
2025-10-07T13:28:45,594  INFO AbstractQNetsimEngine:359 SIMULATION (QNetsimEngine) AT 23:00:00 : #links=208 #nodes=165
2025-10-07T13:28:45,594  INFO QSim:552 SIMULATION (NEW QSim) AT 23:00:00 : #active agents=83433 lost=0 simT=61200.0s realT=8s; (s/r): 7650.0
2025-10-07T13:28:45,821  INFO AbstractQNetsimEngine:359 SIMULATION (QNetsimEngine) AT 24:00:00 : #links=210 #nodes=165
2025-10-07T13:28:45,821  INFO QSim:552 SIMULATION (NEW QSim) AT 24:00:00 : #active agents=83429 lost=0 simT=64800.0s realT=8s; (s/r): 8100.0
2025-10-07T13:28:46,057  INFO AbstractQNetsimEngine:359 SIMULATION (QNetsimEngine) AT 25:00:00 : #links=211 #nodes=166
2025-10-07T13:28:46,057  INFO QSim:552 SIMULATION (NEW QSim) AT 25:00:00 : #active agents=83399 lost=0 simT=68400.0s realT=8s; (s/r): 8550.0
2025-10-07T13:28:46,286  INFO AbstractQNetsimEngine:359 SIMULATION (QNetsimEngine) AT 26:00:00 : #links=208 #nodes=165
2025-10-07T13:28:46,286  INFO QSim:552 SIMULATION (NEW QSim) AT 26:00:00 : #active agents=83355 lost=0 simT=72000.0s realT=8s; (s/r): 9000.0
2025-10-07T13:28:46,510  INFO AbstractQNetsimEngine:359 SIMULATION (QNetsimEngine) AT 27:00:00 : #links=207 #nodes=165
2025-10-07T13:28:46,510  INFO QSim:552 SIMULATION (NEW QSim) AT 27:00:00 : #active agents=83350 lost=0 simT=75600.0s realT=8s; (s/r): 9450.0
2025-10-07T13:28:46,737  INFO AbstractQNetsimEngine:359 SIMULATION (QNetsimEngine) AT 28:00:00 : #links=205 #nodes=165
2025-10-07T13:28:46,737  INFO QSim:552 SIMULATION (NEW QSim) AT 28:00:00 : #active agents=83343 lost=0 simT=79200.0s realT=9s; (s/r): 8800.0
2025-10-07T13:28:46,959  INFO AbstractQNetsimEngine:359 SIMULATION (QNetsimEngine) AT 29:00:00 : #links=205 #nodes=165
2025-10-07T13:28:46,959  INFO QSim:552 SIMULATION (NEW QSim) AT 29:00:00 : #active agents=83340 lost=0 simT=82800.0s realT=9s; (s/r): 9200.0
2025-10-07T13:28:47,188  INFO AbstractQNetsimEngine:359 SIMULATION (QNetsimEngine) AT 30:00:00 : #links=206 #nodes=166
2025-10-07T13:28:47,189  INFO QSim:552 SIMULATION (NEW QSim) AT 30:00:00 : #active agents=83337 lost=0 simT=86400.0s realT=9s; (s/r): 9600.0
2025-10-07T13:28:47,360  INFO AbstractController$9:237 ### ITERATION 0 fires after mobsim event
2025-10-07T13:28:47,360  INFO Gbl:196 Thread performance: Thread=class org.matsim.core.events.SimStepParallelEventsManagerImpl$ProcessEventsRunnable0  cpu-time=4.465104sec
2025-10-07T13:28:47,361  INFO ControllerListenerManagerImpl:324 calling notifyAfterMobsim on org.matsim.analysis.LegTimesControllerListener with priority 0.0
2025-10-07T13:28:47,362  INFO LegTimesControllerListener:73 [0] average leg duration is: 862 seconds = 00:14:22
2025-10-07T13:28:47,362  INFO ControllerListenerManagerImpl:324 calling notifyAfterMobsim on org.matsim.core.events.MobsimScopeEventHandling with priority 0.0
2025-10-07T13:28:47,362  INFO ControllerListenerManagerImpl:324 calling notifyAfterMobsim on org.matsim.core.scoring.EventsToActivities$1 with priority 0.0
2025-10-07T13:28:47,368  INFO ControllerListenerManagerImpl:327 [it.0] all ControllerAfterMobsimListeners called.
2025-10-07T13:28:47,368  INFO AbstractController$4:162 ### ITERATION 0 fires scoring event
2025-10-07T13:28:47,368  INFO ControllerListenerManagerImpl:238 calling notifyScoring on org.matsim.core.scoring.PlansScoringImpl with priority 0.0
2025-10-07T13:28:47,408  INFO NewScoreAssignerImpl:60 it: 0 msaStart: null
2025-10-07T13:28:47,435  INFO ControllerListenerManagerImpl:250 [it.0] all ControllerScoringListeners called.
2025-10-07T13:28:47,436  INFO AbstractController$5:170 ### ITERATION 0 fires iteration end event
2025-10-07T13:28:47,436  INFO ControllerListenerManagerImpl:209 calling notifyIterationEnds on org.matsim.core.controler.corelisteners.EventsHandlingImpl with priority 0.0
2025-10-07T13:28:47,436  INFO EventsManagerImpl:164 removing Event-Handler: org.matsim.core.events.algorithms.EventWriterXML
2025-10-07T13:28:47,436  INFO EventsManagerImpl:164 removing Event-Handler: org.matsim.core.events.algorithms.EventWriterXML
2025-10-07T13:28:47,436  INFO ControllerListenerManagerImpl:209 calling notifyIterationEnds on org.matsim.core.scoring.PlansScoringImpl with priority 0.0
2025-10-07T13:28:47,460  INFO PopulationImpl:111  person # 1
2025-10-07T13:28:47,460  INFO PopulationImpl:111  person # 4
2025-10-07T13:28:47,460  INFO PopulationImpl:111  person # 16
2025-10-07T13:28:47,460  INFO PopulationImpl:111  person # 64
2025-10-07T13:28:47,460  INFO PopulationImpl:111  person # 256
2025-10-07T13:28:47,460  INFO PopulationImpl:111  person # 1024
2025-10-07T13:28:47,461  INFO PopulationImpl:111  person # 4096
2025-10-07T13:28:47,464  INFO PopulationImpl:111  person # 16384
2025-10-07T13:28:47,479  INFO PopulationImpl:111  person # 65536
2025-10-07T13:28:47,510  INFO Counter:70 [PopulationWriter] dumped person # 1
2025-10-07T13:28:47,510  INFO Counter:70 [PopulationWriter] dumped person # 2
2025-10-07T13:28:47,510  INFO Counter:70 [ParallelPopulationWriterV6] dumped person # 1
2025-10-07T13:28:47,510  INFO Counter:70 [PopulationWriter] dumped person # 4
2025-10-07T13:28:47,510  INFO Counter:70 [ParallelPopulationWriterV6] dumped person # 2
2025-10-07T13:28:47,510  INFO Counter:70 [PopulationWriter] dumped person # 8
2025-10-07T13:28:47,510  INFO Counter:70 [PopulationWriter] dumped person # 16
2025-10-07T13:28:47,510  INFO Counter:70 [PopulationWriter] dumped person # 32
2025-10-07T13:28:47,510  INFO Counter:70 [PopulationWriter] dumped person # 64
2025-10-07T13:28:47,510  INFO Counter:70 [PopulationWriter] dumped person # 128
2025-10-07T13:28:47,510  INFO Counter:70 [ParallelPopulationWriterV6] dumped person # 4
2025-10-07T13:28:47,510  INFO Counter:70 [PopulationWriter] dumped person # 256
2025-10-07T13:28:47,510  INFO Counter:70 [PopulationWriter] dumped person # 512
2025-10-07T13:28:47,511  WARN ObjectAttributesConverter:96 No AttributeConverter found for class org.matsim.api.core.v01.Id$IdImpl. Not all attribute values can be converted.
2025-10-07T13:28:47,511  WARN ObjectAttributesConverter:96 No AttributeConverter found for class org.matsim.api.core.v01.Id$IdImpl. Not all attribute values can be converted.
2025-10-07T13:28:47,511  INFO Counter:70 [ParallelPopulationWriterV6] dumped person # 8
2025-10-07T13:28:47,511  INFO Counter:70 [ParallelPopulationWriterV6] dumped person # 16
2025-10-07T13:28:47,511  INFO Counter:70 [PopulationWriter] dumped person # 1024
2025-10-07T13:28:47,511  INFO Counter:70 [ParallelPopulationWriterV6] dumped person # 32
2025-10-07T13:28:47,512  INFO Counter:70 [ParallelPopulationWriterV6] dumped person # 64
2025-10-07T13:28:47,512  INFO Counter:70 [ParallelPopulationWriterV6] dumped person # 128
2025-10-07T13:28:47,514  INFO Counter:70 [ParallelPopulationWriterV6] dumped person # 256
2025-10-07T13:28:47,517  INFO Counter:70 [ParallelPopulationWriterV6] dumped person # 512
2025-10-07T13:28:47,523  INFO Counter:70 [ParallelPopulationWriterV6] dumped person # 1024
2025-10-07T13:28:47,524  INFO Counter:70 [PopulationWriter] dumped person # 2048
2025-10-07T13:28:47,535  INFO Counter:70 [ParallelPopulationWriterV6] dumped person # 2048
2025-10-07T13:28:47,547  INFO Counter:70 [PopulationWriter] dumped person # 4096
2025-10-07T13:28:47,559  INFO Counter:70 [ParallelPopulationWriterV6] dumped person # 4096
2025-10-07T13:28:47,595  INFO Counter:70 [PopulationWriter] dumped person # 8192
2025-10-07T13:28:47,606  INFO Counter:70 [ParallelPopulationWriterV6] dumped person # 8192
2025-10-07T13:28:47,685  INFO Counter:70 [PopulationWriter] dumped person # 16384
2025-10-07T13:28:47,698  INFO Counter:70 [ParallelPopulationWriterV6] dumped person # 16384
2025-10-07T13:28:47,904  INFO Counter:70 [PopulationWriter] dumped person # 32768
2025-10-07T13:28:47,916  INFO Counter:70 [ParallelPopulationWriterV6] dumped person # 32768
2025-10-07T13:28:48,292  INFO Counter:70 [PopulationWriter] dumped person # 65536
2025-10-07T13:28:48,301  INFO Counter:70 [ParallelPopulationWriterV6] dumped person # 65536
2025-10-07T13:28:48,534  INFO Counter:75 [ParallelPopulationWriterV6] dumped person # 84110
2025-10-07T13:28:48,534  INFO PopulationWriter:150 Population written to: output2/ITERS/it.0/0.experienced_plans.xml.gz
2025-10-07T13:28:48,535  INFO Counter:75 [PopulationWriter] dumped person # 84110
2025-10-07T13:28:48,801  INFO ControllerListenerManagerImpl:217 calling notifyIterationEnds on org.matsim.counts.CountsControllerListener with priority 0.0
2025-10-07T13:28:48,801  INFO ControllerListenerManagerImpl:217 calling notifyIterationEnds on org.matsim.analysis.ModeChoiceCoverageControllerListener with priority 0.0
2025-10-07T13:28:48,948  INFO ModeChoiceCoverageControllerListener:144 -- mode choice coverage (1x) of mode car = 0.7818095351325645
2025-10-07T13:28:48,948  INFO ModeChoiceCoverageControllerListener:144 -- mode choice coverage (1x) of mode pt = 0.1888360480323386
2025-10-07T13:28:48,948  INFO ModeChoiceCoverageControllerListener:144 -- mode choice coverage (1x) of mode walk = 0.029354416835096896
2025-10-07T13:28:48,949  INFO ModeChoiceCoverageControllerListener:144 -- mode choice coverage (5x) of mode car = 0.0
2025-10-07T13:28:48,949  INFO ModeChoiceCoverageControllerListener:144 -- mode choice coverage (5x) of mode pt = 0.0
2025-10-07T13:28:48,949  INFO ModeChoiceCoverageControllerListener:144 -- mode choice coverage (5x) of mode walk = 0.0
2025-10-07T13:28:48,949  INFO ModeChoiceCoverageControllerListener:144 -- mode choice coverage (10x) of mode car = 0.0
2025-10-07T13:28:48,949  INFO ModeChoiceCoverageControllerListener:144 -- mode choice coverage (10x) of mode pt = 0.0
2025-10-07T13:28:48,949  INFO ModeChoiceCoverageControllerListener:144 -- mode choice coverage (10x) of mode walk = 0.0
2025-10-07T13:28:48,950  INFO ControllerListenerManagerImpl:217 calling notifyIterationEnds on org.matsim.analysis.ModeStatsControllerListener with priority 0.0
2025-10-07T13:28:49,018  INFO ModeStatsControllerListener:132 Mode shares over all 168220.0 trips found. MainModeIdentifier: class org.matsim.core.router.DefaultAnalysisMainModeIdentifier
2025-10-07T13:28:49,018  INFO ModeStatsControllerListener:139 -- mode share of mode car = 0.7818095351325645
2025-10-07T13:28:49,018  INFO ModeStatsControllerListener:139 -- mode share of mode pt = 0.1888360480323386
2025-10-07T13:28:49,018  INFO ModeStatsControllerListener:139 -- mode share of mode walk = 0.029354416835096896
2025-10-07T13:28:49,019  INFO ControllerListenerManagerImpl:217 calling notifyIterationEnds on org.matsim.analysis.ScoreStatsControlerListener with priority 0.0
2025-10-07T13:28:49,038  INFO ScoreStatsControlerListener:154 -- avg. score of the executed plan of each agent: -35.04579797066897
2025-10-07T13:28:49,038  INFO ScoreStatsControlerListener:155 -- avg. score of the worst plan of each agent: -35.04579797066897
2025-10-07T13:28:49,038  INFO ScoreStatsControlerListener:156 -- avg. of the avg. plan score per agent: -35.04579797066897
2025-10-07T13:28:49,038  INFO ScoreStatsControlerListener:157 -- avg. score of the best plan of each agent: -35.04579797066897
2025-10-07T13:28:49,041  INFO ControllerListenerManagerImpl:217 calling notifyIterationEnds on org.matsim.analysis.IterationTravelStatsControllerListener with priority 0.0
2025-10-07T13:28:49,089  INFO TravelDistanceStats:115 -- average leg distance per plan (executed plans only): 972.368441202572 meters
2025-10-07T13:28:49,089  INFO TravelDistanceStats:116 average leg distance per Person (executed plans only): 1632.8760921319233 meters (statistic on all 141244 legs which have a finite distance)
2025-10-07T13:28:49,089  INFO TravelDistanceStats:117 -- average trip distance per plan (executed plans only): 3740.75992925505 meters
2025-10-07T13:28:49,089  INFO TravelDistanceStats:118 average trip distance per Person (executed plans only): 1015.7557487130672 meters (statistic on all 22839 trips which have a finite distance)
2025-10-07T13:28:49,089  INFO TravelDistanceStats:119 (TravelDistanceStats takes an average over all legs where the simulation reports travelled (network) distances
2025-10-07T13:28:49,089  INFO TravelDistanceStats:120 (and teleported legs whose route contains a distance.)
2025-10-07T13:28:49,861  INFO ActivityWriter:39 Writing all Activities to activitiescsv
2025-10-07T13:28:50,421  INFO ActivityWriter:59 ...done
2025-10-07T13:28:50,421  INFO ControllerListenerManagerImpl:217 calling notifyIterationEnds on org.matsim.analysis.LegTimesControllerListener with priority 0.0
2025-10-07T13:28:50,421  INFO EventsManagerImpl:164 removing Event-Handler: org.matsim.analysis.CalcLegTimes
2025-10-07T13:28:50,421  INFO EventsManagerImpl:164 removing Event-Handler: org.matsim.analysis.CalcLegTimes
2025-10-07T13:28:50,421  INFO ControllerListenerManagerImpl:217 calling notifyIterationEnds on org.matsim.analysis.LegHistogramListener with priority 0.0
2025-10-07T13:28:50,425  INFO LegHistogramListener:79 number of legs:	222720	100%
2025-10-07T13:28:50,426  INFO LegHistogramListener:86 number of car legs:	80095	35.962194683908045%
2025-10-07T13:28:50,426  INFO LegHistogramListener:86 number of pt legs:	19841	8.908494971264368%
2025-10-07T13:28:50,426  INFO LegHistogramListener:86 number of walk legs:	122784	55.12931034482759%
2025-10-07T13:28:51,139  INFO EventsManagerImpl:164 removing Event-Handler: org.matsim.analysis.LegHistogram
2025-10-07T13:28:51,139  INFO EventsManagerImpl:164 removing Event-Handler: org.matsim.analysis.LegHistogram
2025-10-07T13:28:51,139  INFO ControllerListenerManagerImpl:217 calling notifyIterationEnds on org.matsim.analysis.LinkStatsControllerListener with priority 0.0
2025-10-07T13:28:51,139  INFO ControllerListenerManagerImpl:221 [it.0] all ControllerIterationEndsListeners called.
2025-10-07T13:28:51,171  INFO AbstractController:184 ### ITERATION 0 ENDS
2025-10-07T13:28:51,171  INFO AbstractController:185 ###################################################
2025-10-07T13:28:51,171  INFO AbstractController:136 ###################################################
2025-10-07T13:28:51,171  INFO AbstractController:137 ### ITERATION 1 BEGINS
2025-10-07T13:28:51,171  INFO ControllerListenerManagerImpl:188 calling notifyIterationStarts on org.matsim.analysis.LegTimesControllerListener with priority 0.0
2025-10-07T13:28:51,171  INFO EventsManagerImpl:139 === Logging of event-handlers skipped ===
2025-10-07T13:28:51,171  INFO EventsManagerImpl:140 To enable debug output, set an environment variable i.e. export LOG_LEVEL='debug', or set log.setLogLevel(Level.DEBUG) in your run class.
2025-10-07T13:28:51,171  INFO EventsManagerImpl:210     > org.matsim.api.core.v01.events.PersonDepartureEvent
2025-10-07T13:28:51,171  INFO EventsManagerImpl:210     > org.matsim.api.core.v01.events.PersonArrivalEvent
2025-10-07T13:28:51,171  INFO EventsManagerImpl:210     > org.matsim.api.core.v01.events.ActivityEndEvent
2025-10-07T13:28:51,171  INFO EventsManagerImpl:210     > org.matsim.api.core.v01.events.ActivityStartEvent
2025-10-07T13:28:51,171  INFO EventsManagerImpl:139 === Logging of event-handlers skipped ===
2025-10-07T13:28:51,172  INFO EventsManagerImpl:140 To enable debug output, set an environment variable i.e. export LOG_LEVEL='debug', or set log.setLogLevel(Level.DEBUG) in your run class.
2025-10-07T13:28:51,172  INFO EventsManagerImpl:210     > org.matsim.api.core.v01.events.PersonDepartureEvent
2025-10-07T13:28:51,172  INFO EventsManagerImpl:210     > org.matsim.api.core.v01.events.PersonArrivalEvent
2025-10-07T13:28:51,172  INFO EventsManagerImpl:210     > org.matsim.api.core.v01.events.ActivityEndEvent
2025-10-07T13:28:51,172  INFO EventsManagerImpl:210     > org.matsim.api.core.v01.events.ActivityStartEvent
2025-10-07T13:28:51,172  INFO ControllerListenerManagerImpl:188 calling notifyIterationStarts on org.matsim.analysis.LegHistogramListener with priority 0.0
2025-10-07T13:28:51,172  INFO EventsManagerImpl:139 === Logging of event-handlers skipped ===
2025-10-07T13:28:51,172  INFO EventsManagerImpl:140 To enable debug output, set an environment variable i.e. export LOG_LEVEL='debug', or set log.setLogLevel(Level.DEBUG) in your run class.
2025-10-07T13:28:51,172  INFO EventsManagerImpl:210     > org.matsim.api.core.v01.events.PersonDepartureEvent
2025-10-07T13:28:51,172  INFO EventsManagerImpl:210     > org.matsim.api.core.v01.events.PersonArrivalEvent
2025-10-07T13:28:51,172  INFO EventsManagerImpl:210     > org.matsim.api.core.v01.events.PersonStuckEvent
2025-10-07T13:28:51,172  INFO EventsManagerImpl:139 === Logging of event-handlers skipped ===
2025-10-07T13:28:51,172  INFO EventsManagerImpl:140 To enable debug output, set an environment variable i.e. export LOG_LEVEL='debug', or set log.setLogLevel(Level.DEBUG) in your run class.
2025-10-07T13:28:51,172  INFO EventsManagerImpl:210     > org.matsim.api.core.v01.events.PersonDepartureEvent
2025-10-07T13:28:51,172  INFO EventsManagerImpl:210     > org.matsim.api.core.v01.events.PersonArrivalEvent
2025-10-07T13:28:51,172  INFO EventsManagerImpl:210     > org.matsim.api.core.v01.events.PersonStuckEvent
2025-10-07T13:28:51,172  INFO ControllerListenerManagerImpl:188 calling notifyIterationStarts on org.matsim.analysis.LinkStatsControllerListener with priority 0.0
2025-10-07T13:28:51,172  INFO ControllerListenerManagerImpl:188 calling notifyIterationStarts on org.matsim.core.replanning.ReplanningContextImpl with priority 0.0
2025-10-07T13:28:51,172  INFO ControllerListenerManagerImpl:188 calling notifyIterationStarts on org.matsim.core.scoring.ScoringFunctionsForPopulation$$Lambda/0x000000030138f3e8 with priority 0.0
2025-10-07T13:28:51,197  INFO ControllerListenerManagerImpl:188 calling notifyIterationStarts on org.matsim.core.scoring.ExperiencedPlansServiceImpl$1 with priority 0.0
2025-10-07T13:28:51,208  INFO ControllerListenerManagerImpl:191 [it.1] all ControllerIterationStartsListeners called.
2025-10-07T13:28:51,209  INFO ControllerListenerManagerImpl:267 calling notifyReplanning on org.matsim.core.controler.corelisteners.PlansReplanningImpl with priority 0.0
2025-10-07T13:28:51,209  INFO RandomizingTimeDistanceTravelDisutilityFactory:86  sigma: 3.0; resulting normalization: 0.011108996538242306
2025-10-07T13:28:51,210  INFO RandomizingTimeDistanceTravelDisutilityFactory:86  sigma: 3.0; resulting normalization: 0.011108996538242306
2025-10-07T13:28:51,212  INFO ChooseRandomLegModeForSubtour:137 Chain based modes: [car]
2025-10-07T13:28:51,212  INFO ChooseRandomLegModeForSubtour:137 Chain based modes: [car]
2025-10-07T13:28:51,213  WARN ExpBetaPlanChanger:102 Would make sense to revise this once more.  See comments in code.  kai, nov08
2025-10-07T13:28:51,295  INFO GenericPlanStrategyImpl:135 Plan-Strategy finished, 80673 plans handled. Strategy: ExpBetaPlanChanger
2025-10-07T13:28:51,295  INFO AbstractMultithreadedModule:142 [PlanRouter] starting 2 threads, handling 1129 plans
2025-10-07T13:28:51,296  INFO Counter:70 [PlanRouter] handled plan # 1
2025-10-07T13:28:51,296  INFO Counter:70 [PlanRouter] handled plan # 2
2025-10-07T13:28:51,296  INFO Counter:70 [PlanRouter] handled plan # 4
2025-10-07T13:28:51,296  INFO Counter:70 [PlanRouter] handled plan # 8
2025-10-07T13:28:51,296  INFO Counter:70 [PlanRouter] handled plan # 16
2025-10-07T13:28:51,297  INFO Counter:70 [PlanRouter] handled plan # 32
2025-10-07T13:28:51,297  INFO Counter:70 [PlanRouter] handled plan # 64
2025-10-07T13:28:51,298  INFO Counter:70 [PlanRouter] handled plan # 128
2025-10-07T13:28:51,300  INFO Counter:70 [PlanRouter] handled plan # 256
2025-10-07T13:28:51,304  INFO Counter:70 [PlanRouter] handled plan # 512
2025-10-07T13:28:51,311  INFO Counter:70 [PlanRouter] handled plan # 1024
2025-10-07T13:28:51,313  INFO AbstractMultithreadedModule:157 [PlanRouter] all 2 threads finished.
2025-10-07T13:28:51,313  INFO GenericPlanStrategyImpl:135 Plan-Strategy finished, 1129 plans handled. Strategy: RandomPlanSelector_ReRoute
2025-10-07T13:28:51,313  INFO AbstractMultithreadedModule:142 [ChooseRandomLegModeForSubtour] starting 2 threads, handling 1147 plans
2025-10-07T13:28:51,314  INFO Counter:70 [ChooseRandomLegModeForSubtour] handled plan # 1
2025-10-07T13:28:51,314  INFO Counter:70 [ChooseRandomLegModeForSubtour] handled plan # 2
2025-10-07T13:28:51,314  INFO Counter:70 [ChooseRandomLegModeForSubtour] handled plan # 4
2025-10-07T13:28:51,314  INFO Counter:70 [ChooseRandomLegModeForSubtour] handled plan # 8
2025-10-07T13:28:51,315  INFO Counter:70 [ChooseRandomLegModeForSubtour] handled plan # 16
2025-10-07T13:28:51,315  INFO Counter:70 [ChooseRandomLegModeForSubtour] handled plan # 32
2025-10-07T13:28:51,315  INFO Counter:70 [ChooseRandomLegModeForSubtour] handled plan # 64
2025-10-07T13:28:51,316  INFO Counter:70 [ChooseRandomLegModeForSubtour] handled plan # 128
2025-10-07T13:28:51,318  INFO Counter:70 [ChooseRandomLegModeForSubtour] handled plan # 256
2025-10-07T13:28:51,321  INFO Counter:70 [ChooseRandomLegModeForSubtour] handled plan # 512
2025-10-07T13:28:51,324  INFO Counter:70 [ChooseRandomLegModeForSubtour] handled plan # 1024
2025-10-07T13:28:51,325  INFO AbstractMultithreadedModule:157 [ChooseRandomLegModeForSubtour] all 2 threads finished.
2025-10-07T13:28:51,325  INFO RandomizingTimeDistanceTravelDisutilityFactory:86  sigma: 3.0; resulting normalization: 0.011108996538242306
2025-10-07T13:28:51,326  INFO RandomizingTimeDistanceTravelDisutilityFactory:86  sigma: 3.0; resulting normalization: 0.011108996538242306
2025-10-07T13:28:51,326  INFO AbstractMultithreadedModule:142 [PlanRouter] starting 2 threads, handling 1147 plans
2025-10-07T13:28:51,326  INFO Counter:70 [PlanRouter] handled plan # 1
2025-10-07T13:28:51,326  INFO Counter:70 [PlanRouter] handled plan # 2
2025-10-07T13:28:51,326  INFO Counter:70 [PlanRouter] handled plan # 4
2025-10-07T13:28:51,326  INFO Counter:70 [PlanRouter] handled plan # 8
2025-10-07T13:28:51,326  INFO Counter:70 [PlanRouter] handled plan # 16
2025-10-07T13:28:51,327  INFO Counter:70 [PlanRouter] handled plan # 32
2025-10-07T13:28:51,327  INFO Counter:70 [PlanRouter] handled plan # 64
2025-10-07T13:28:51,327  INFO Counter:70 [PlanRouter] handled plan # 128
2025-10-07T13:28:51,328  INFO Counter:70 [PlanRouter] handled plan # 256
2025-10-07T13:28:51,330  INFO Counter:70 [PlanRouter] handled plan # 512
2025-10-07T13:28:51,333  INFO Counter:70 [PlanRouter] handled plan # 1024
2025-10-07T13:28:51,334  INFO AbstractMultithreadedModule:157 [PlanRouter] all 2 threads finished.
2025-10-07T13:28:51,334  INFO GenericPlanStrategyImpl:135 Plan-Strategy finished, 1147 plans handled. Strategy: RandomPlanSelector_SubtourModeChoice_ReRoute
2025-10-07T13:28:51,334  INFO AbstractMultithreadedModule:142 [MutateActivityTimeAllocation] starting 2 threads, handling 1161 plans
2025-10-07T13:28:51,335  INFO Counter:70 [MutateActivityTimeAllocation] handled plan # 2
2025-10-07T13:28:51,335  INFO Counter:70 [MutateActivityTimeAllocation] handled plan # 1
2025-10-07T13:28:51,335  INFO Counter:70 [MutateActivityTimeAllocation] handled plan # 4
2025-10-07T13:28:51,335  INFO Counter:70 [MutateActivityTimeAllocation] handled plan # 8
2025-10-07T13:28:51,335  INFO Counter:70 [MutateActivityTimeAllocation] handled plan # 16
2025-10-07T13:28:51,335  INFO Counter:70 [MutateActivityTimeAllocation] handled plan # 32
2025-10-07T13:28:51,335  INFO Counter:70 [MutateActivityTimeAllocation] handled plan # 64
2025-10-07T13:28:51,335  INFO Counter:70 [MutateActivityTimeAllocation] handled plan # 128
2025-10-07T13:28:51,336  INFO Counter:70 [MutateActivityTimeAllocation] handled plan # 256
2025-10-07T13:28:51,336  INFO Counter:70 [MutateActivityTimeAllocation] handled plan # 512
2025-10-07T13:28:51,337  INFO Counter:70 [MutateActivityTimeAllocation] handled plan # 1024
2025-10-07T13:28:51,338  INFO AbstractMultithreadedModule:157 [MutateActivityTimeAllocation] all 2 threads finished.
2025-10-07T13:28:51,338  INFO GenericPlanStrategyImpl:135 Plan-Strategy finished, 1161 plans handled. Strategy: RandomPlanSelector_TimeAllocationMutatorModule
2025-10-07T13:28:51,338  INFO ControllerListenerManagerImpl:276 [it.1] all ControllerReplanningListeners called.
2025-10-07T13:28:51,338  INFO ControllerListenerManagerImpl:293 calling notifyBeforeMobsim on org.matsim.core.controler.corelisteners.EventsHandlingImpl with priority 0.0
2025-10-07T13:28:51,338  INFO EventsManagerImpl:173 resetting Event-Handlers
2025-10-07T13:28:51,338  INFO EventsManagerImpl:180   org.matsim.core.trafficmonitoring.TravelTimeCalculator
2025-10-07T13:28:51,339  INFO EventsManagerImpl:180   org.matsim.analysis.VolumesAnalyzer
2025-10-07T13:28:51,339  INFO EventsManagerImpl:180   org.matsim.core.scoring.ScoringFunctionsForPopulation
2025-10-07T13:28:51,339  INFO EventsManagerImpl:180   ch.sbb.matsim.routing.pt.raptor.SwissRailRaptorFactory$$Lambda/0x00000003013d6528
2025-10-07T13:28:51,339  INFO EventsManagerImpl:180   org.matsim.analysis.CalcLegTimes
2025-10-07T13:28:51,339  INFO EventsManagerImpl:180   org.matsim.analysis.LegHistogram
2025-10-07T13:28:51,340  INFO EventsManagerImpl:139 === Logging of event-handlers skipped ===
2025-10-07T13:28:51,340  INFO EventsManagerImpl:140 To enable debug output, set an environment variable i.e. export LOG_LEVEL='debug', or set log.setLogLevel(Level.DEBUG) in your run class.
2025-10-07T13:28:51,340  INFO EventsManagerImpl:210     > org.matsim.api.core.v01.events.Event
2025-10-07T13:28:51,340  INFO EventsManagerImpl:139 === Logging of event-handlers skipped ===
2025-10-07T13:28:51,340  INFO EventsManagerImpl:140 To enable debug output, set an environment variable i.e. export LOG_LEVEL='debug', or set log.setLogLevel(Level.DEBUG) in your run class.
2025-10-07T13:28:51,340  INFO EventsManagerImpl:210     > org.matsim.api.core.v01.events.Event
2025-10-07T13:28:51,340  INFO ControllerListenerManagerImpl:293 calling notifyBeforeMobsim on org.matsim.core.controler.corelisteners.PlansDumpingImpl with priority 0.0
2025-10-07T13:28:51,340  INFO PlansDumpingImpl:78 dumping plans...
2025-10-07T13:28:51,373  INFO Counter:70 [PopulationWriter] dumped person # 1
2025-10-07T13:28:51,373  INFO Counter:70 [PopulationWriter] dumped person # 2
2025-10-07T13:28:51,373  INFO Counter:70 [PopulationWriter] dumped person # 4
2025-10-07T13:28:51,373  INFO Counter:70 [PopulationWriter] dumped person # 8
2025-10-07T13:28:51,373  INFO Counter:70 [PopulationWriter] dumped person # 16
2025-10-07T13:28:51,373  INFO Counter:70 [PopulationWriter] dumped person # 32
2025-10-07T13:28:51,373  INFO Counter:70 [PopulationWriter] dumped person # 64
2025-10-07T13:28:51,373  INFO Counter:70 [ParallelPopulationWriterV6] dumped person # 1
2025-10-07T13:28:51,373  INFO Counter:70 [PopulationWriter] dumped person # 128
2025-10-07T13:28:51,373  INFO Counter:70 [ParallelPopulationWriterV6] dumped person # 2
2025-10-07T13:28:51,373  INFO Counter:70 [PopulationWriter] dumped person # 256
2025-10-07T13:28:51,373  INFO Counter:70 [ParallelPopulationWriterV6] dumped person # 4
2025-10-07T13:28:51,373  INFO Counter:70 [PopulationWriter] dumped person # 512
2025-10-07T13:28:51,373  INFO Counter:70 [ParallelPopulationWriterV6] dumped person # 8
2025-10-07T13:28:51,374  INFO Counter:70 [ParallelPopulationWriterV6] dumped person # 16
2025-10-07T13:28:51,374  INFO Counter:70 [PopulationWriter] dumped person # 1024
2025-10-07T13:28:51,374  INFO Counter:70 [ParallelPopulationWriterV6] dumped person # 32
2025-10-07T13:28:51,375  INFO Counter:70 [ParallelPopulationWriterV6] dumped person # 64
2025-10-07T13:28:51,377  INFO Counter:70 [ParallelPopulationWriterV6] dumped person # 128
2025-10-07T13:28:51,382  INFO Counter:70 [ParallelPopulationWriterV6] dumped person # 256
2025-10-07T13:28:51,391  INFO Counter:70 [ParallelPopulationWriterV6] dumped person # 512
2025-10-07T13:28:51,408  INFO Counter:70 [ParallelPopulationWriterV6] dumped person # 1024
2025-10-07T13:28:51,409  INFO Counter:70 [PopulationWriter] dumped person # 2048
2025-10-07T13:28:51,441  INFO Counter:70 [ParallelPopulationWriterV6] dumped person # 2048
2025-10-07T13:28:51,475  INFO Counter:70 [PopulationWriter] dumped person # 4096
2025-10-07T13:28:51,508  INFO Counter:70 [ParallelPopulationWriterV6] dumped person # 4096
2025-10-07T13:28:51,613  INFO Counter:70 [PopulationWriter] dumped person # 8192
2025-10-07T13:28:51,645  INFO Counter:70 [ParallelPopulationWriterV6] dumped person # 8192
2025-10-07T13:28:51,889  INFO Counter:70 [PopulationWriter] dumped person # 16384
2025-10-07T13:28:51,949  INFO Counter:70 [ParallelPopulationWriterV6] dumped person # 16384
2025-10-07T13:28:52,518  INFO Counter:70 [PopulationWriter] dumped person # 32768
2025-10-07T13:28:52,553  INFO Counter:70 [ParallelPopulationWriterV6] dumped person # 32768
2025-10-07T13:28:53,680  INFO Counter:70 [PopulationWriter] dumped person # 65536
2025-10-07T13:28:53,714  INFO Counter:70 [ParallelPopulationWriterV6] dumped person # 65536
2025-10-07T13:28:54,329  INFO Counter:75 [ParallelPopulationWriterV6] dumped person # 84110
2025-10-07T13:28:54,329  INFO PopulationWriter:150 Population written to: output2/ITERS/it.1/1.plans.xml.gz
2025-10-07T13:28:54,330  INFO Counter:75 [PopulationWriter] dumped person # 84110
2025-10-07T13:28:54,330  INFO PlansDumpingImpl:95 finished plans dump.
2025-10-07T13:28:54,330  INFO ControllerListenerManagerImpl:299 calling notifyBeforeMobsim on org.matsim.core.population.VspPlansCleaner with priority 0.0
2025-10-07T13:28:54,355  INFO ControllerListenerManagerImpl:302 [it.1] all ControlerBeforeMobsimListeners called.
2025-10-07T13:28:54,355  INFO PrepareForMobsimImpl:86 Network seems to be multimodal. Create car-only network which is handed over to PersonPrepareForSim.
2025-10-07T13:28:54,355  INFO NetworkImpl:165  node # 1
2025-10-07T13:28:54,355  INFO NetworkImpl:165  node # 4
2025-10-07T13:28:54,355  INFO NetworkImpl:165  node # 16
2025-10-07T13:28:54,355  INFO NetworkImpl:165  node # 64
2025-10-07T13:28:54,355  INFO NetworkImpl:165  node # 256
2025-10-07T13:28:54,355  INFO NetworkImpl:161  link # 1
2025-10-07T13:28:54,355  INFO NetworkImpl:161  link # 4
2025-10-07T13:28:54,355  INFO NetworkImpl:161  link # 16
2025-10-07T13:28:54,355  INFO NetworkImpl:161  link # 64
2025-10-07T13:28:54,356  INFO NetworkImpl:161  link # 256
2025-10-07T13:28:54,357  INFO RandomizingTimeDistanceTravelDisutilityFactory:86  sigma: 3.0; resulting normalization: 0.011108996538242306
2025-10-07T13:28:54,357  INFO RandomizingTimeDistanceTravelDisutilityFactory:86  sigma: 3.0; resulting normalization: 0.011108996538242306
2025-10-07T13:28:54,367  INFO Counter:70 [PersonPrepareForSim] handled person # 2
2025-10-07T13:28:54,367  INFO Counter:70 [PersonPrepareForSim] handled person # 1
2025-10-07T13:28:54,367  INFO Counter:70 [PersonPrepareForSim] handled person # 4
2025-10-07T13:28:54,367  INFO Counter:70 [PersonPrepareForSim] handled person # 8
2025-10-07T13:28:54,367  INFO Counter:70 [PersonPrepareForSim] handled person # 16
2025-10-07T13:28:54,367  INFO Counter:70 [PersonPrepareForSim] handled person # 32
2025-10-07T13:28:54,367  INFO Counter:70 [PersonPrepareForSim] handled person # 64
2025-10-07T13:28:54,368  INFO Counter:70 [PersonPrepareForSim] handled person # 128
2025-10-07T13:28:54,369  INFO Counter:70 [PersonPrepareForSim] handled person # 256
2025-10-07T13:28:54,370  INFO Counter:70 [PersonPrepareForSim] handled person # 512
2025-10-07T13:28:54,372  INFO Counter:70 [PersonPrepareForSim] handled person # 1024
2025-10-07T13:28:54,378  INFO Counter:70 [PersonPrepareForSim] handled person # 2048
2025-10-07T13:28:54,386  INFO Counter:70 [PersonPrepareForSim] handled person # 4096
2025-10-07T13:28:54,404  INFO Counter:70 [PersonPrepareForSim] handled person # 8192
2025-10-07T13:28:54,433  INFO Counter:70 [PersonPrepareForSim] handled person # 16384
2025-10-07T13:28:54,444  INFO Counter:70 [PersonPrepareForSim] handled person # 32768
2025-10-07T13:28:54,467  INFO Counter:70 [PersonPrepareForSim] handled person # 65536
2025-10-07T13:28:54,479  INFO Counter:75 [PersonPrepareForSim] handled person # 84110
2025-10-07T13:28:54,487  INFO MobsimListenerManager:50 calling addQueueSimulationListener
2025-10-07T13:28:54,487  INFO MobsimListenerManager:54   assigned class org.matsim.core.mobsim.framework.listeners.MobsimListener to interface org.matsim.core.mobsim.framework.listeners.MobsimInitializedListener
2025-10-07T13:28:54,487  INFO MobsimListenerManager:54   assigned class org.matsim.core.mobsim.framework.listeners.MobsimListener to interface org.matsim.core.mobsim.framework.listeners.MobsimListener
2025-10-07T13:28:54,487  INFO MobsimListenerManager:54   assigned class org.matsim.core.mobsim.framework.listeners.MobsimListener to interface org.matsim.core.mobsim.framework.listeners.MobsimAfterSimStepListener
2025-10-07T13:28:54,487  INFO MobsimListenerManager:54   assigned class org.matsim.core.mobsim.framework.listeners.MobsimListener to interface org.matsim.core.mobsim.framework.listeners.MobsimBeforeCleanupListener
2025-10-07T13:28:54,487  INFO MobsimListenerManager:54   assigned class org.matsim.core.mobsim.framework.listeners.MobsimListener to interface org.matsim.vis.snapshotwriters.SnapshotWriterManager
2025-10-07T13:28:54,488  INFO QSimProvider:131 Added MobsimEngine class org.matsim.core.mobsim.qsim.ActivityEngineDefaultImpl
2025-10-07T13:28:54,488  INFO QSimProvider:137 Added Activityhandler class org.matsim.core.mobsim.qsim.ActivityEngineDefaultImpl
2025-10-07T13:28:54,489  INFO QSimProvider:131 Added MobsimEngine class org.matsim.core.mobsim.qsim.qnetsimengine.QNetsimEngineWithThreadpool
2025-10-07T13:28:54,489  INFO QSimProvider:143 Added DepartureHandler class org.matsim.core.mobsim.qsim.qnetsimengine.NetworkModeDepartureHandlerDefaultImpl
2025-10-07T13:28:54,489  INFO QSimProvider:131 Added MobsimEngine class org.matsim.core.mobsim.qsim.DefaultTeleportationEngine
2025-10-07T13:28:54,489  INFO QSimProvider:143 Added DepartureHandler class org.matsim.core.mobsim.qsim.DefaultTeleportationEngine
2025-10-07T13:28:54,489  INFO QSimProvider:149 Added AgentSource class org.matsim.core.mobsim.qsim.agents.PopulationAgentSource
2025-10-07T13:28:54,489  INFO MobsimListenerManager:50 calling addQueueSimulationListener
2025-10-07T13:28:54,489  INFO MobsimListenerManager:54   assigned class org.matsim.core.mobsim.framework.listeners.MobsimListener to interface org.matsim.core.mobsim.framework.listeners.MobsimListener
2025-10-07T13:28:54,489  INFO MobsimListenerManager:54   assigned class org.matsim.core.mobsim.framework.listeners.MobsimListener to interface org.matsim.core.mobsim.qsim.messagequeueengine.MessageQueueEngine
2025-10-07T13:28:54,489  INFO MobsimListenerManager:54   assigned class org.matsim.core.mobsim.framework.listeners.MobsimListener to interface org.matsim.core.mobsim.framework.listeners.MobsimBeforeSimStepListener
2025-10-07T13:28:54,489  INFO QSimProvider:155 Added MobsimListener class org.matsim.core.mobsim.qsim.messagequeueengine.MessageQueueEngine
2025-10-07T13:28:54,489  INFO QSimProvider:131 Added MobsimEngine class org.matsim.core.mobsim.qsim.pt.TransitQSimEngine
2025-10-07T13:28:54,489  INFO QSimProvider:143 Added DepartureHandler class org.matsim.core.mobsim.qsim.pt.TransitQSimEngine
2025-10-07T13:28:54,489  INFO QSimProvider:149 Added AgentSource class org.matsim.core.mobsim.qsim.pt.TransitQSimEngine
2025-10-07T13:28:54,605  INFO ReconstructingUmlaufBuilder:131 Generating UmlaufStuecke ...
2025-10-07T13:28:54,606  INFO ReconstructingUmlaufBuilder:144 ... done generating UmlaufStuecke
2025-10-07T13:28:54,621  INFO AbstractQNetsimEngine:421 Assigned 282 nodes and 334 links to QSimEngineRunner #0
2025-10-07T13:28:54,658  INFO AbstractQNetsimEngine:359 SIMULATION (QNetsimEngine) AT 06:00:00 : #links=0 #nodes=10
2025-10-07T13:28:54,659  INFO QSim:552 SIMULATION (NEW QSim) AT 06:00:00 : #active agents=86150 lost=0 simT=0.0s realT=0s; (s/r): 0.0
2025-10-07T13:28:54,794  INFO AbstractQNetsimEngine:359 SIMULATION (QNetsimEngine) AT 07:00:00 : #links=144 #nodes=21
2025-10-07T13:28:54,794  INFO QSim:552 SIMULATION (NEW QSim) AT 07:00:00 : #active agents=86043 lost=0 simT=3600.0s realT=0s; (s/r): Infinity
2025-10-07T13:28:56,982  INFO AbstractQNetsimEngine:359 SIMULATION (QNetsimEngine) AT 08:00:00 : #links=239 #nodes=136
2025-10-07T13:28:56,983  INFO QSim:552 SIMULATION (NEW QSim) AT 08:00:00 : #active agents=85977 lost=0 simT=7200.0s realT=2s; (s/r): 3600.0
2025-10-07T13:28:57,652  INFO AbstractQNetsimEngine:359 SIMULATION (QNetsimEngine) AT 09:00:00 : #links=173 #nodes=127
2025-10-07T13:28:57,652  INFO QSim:552 SIMULATION (NEW QSim) AT 09:00:00 : #active agents=85971 lost=0 simT=10800.0s realT=3s; (s/r): 3600.0
2025-10-07T13:28:57,959  INFO AbstractQNetsimEngine:359 SIMULATION (QNetsimEngine) AT 10:00:00 : #links=174 #nodes=128
2025-10-07T13:28:57,959  INFO QSim:552 SIMULATION (NEW QSim) AT 10:00:00 : #active agents=85913 lost=0 simT=14400.0s realT=3s; (s/r): 4800.0
2025-10-07T13:28:58,253  INFO AbstractQNetsimEngine:359 SIMULATION (QNetsimEngine) AT 11:00:00 : #links=174 #nodes=128
2025-10-07T13:28:58,253  INFO QSim:552 SIMULATION (NEW QSim) AT 11:00:00 : #active agents=85786 lost=0 simT=18000.0s realT=3s; (s/r): 6000.0
2025-10-07T13:28:58,535  INFO AbstractQNetsimEngine:359 SIMULATION (QNetsimEngine) AT 12:00:00 : #links=181 #nodes=131
2025-10-07T13:28:58,535  INFO QSim:552 SIMULATION (NEW QSim) AT 12:00:00 : #active agents=85671 lost=0 simT=21600.0s realT=4s; (s/r): 5400.0
2025-10-07T13:28:58,828  INFO AbstractQNetsimEngine:359 SIMULATION (QNetsimEngine) AT 13:00:00 : #links=178 #nodes=134
2025-10-07T13:28:58,828  INFO QSim:552 SIMULATION (NEW QSim) AT 13:00:00 : #active agents=85550 lost=0 simT=25200.0s realT=4s; (s/r): 6300.0
2025-10-07T13:28:59,150  INFO AbstractQNetsimEngine:359 SIMULATION (QNetsimEngine) AT 14:00:00 : #links=174 #nodes=137
2025-10-07T13:28:59,150  INFO QSim:552 SIMULATION (NEW QSim) AT 14:00:00 : #active agents=85419 lost=0 simT=28800.0s realT=4s; (s/r): 7200.0
2025-10-07T13:28:59,431  INFO AbstractQNetsimEngine:359 SIMULATION (QNetsimEngine) AT 15:00:00 : #links=181 #nodes=141
2025-10-07T13:28:59,431  INFO QSim:552 SIMULATION (NEW QSim) AT 15:00:00 : #active agents=85302 lost=0 simT=32400.0s realT=4s; (s/r): 8100.0
2025-10-07T13:28:59,735  INFO AbstractQNetsimEngine:359 SIMULATION (QNetsimEngine) AT 16:00:00 : #links=186 #nodes=145
2025-10-07T13:28:59,735  INFO QSim:552 SIMULATION (NEW QSim) AT 16:00:00 : #active agents=85203 lost=0 simT=36000.0s realT=5s; (s/r): 7200.0
2025-10-07T13:29:00,048  INFO AbstractQNetsimEngine:359 SIMULATION (QNetsimEngine) AT 17:00:00 : #links=192 #nodes=147
2025-10-07T13:29:00,049  INFO QSim:552 SIMULATION (NEW QSim) AT 17:00:00 : #active agents=85099 lost=0 simT=39600.0s realT=5s; (s/r): 7920.0
2025-10-07T13:29:00,725  INFO AbstractQNetsimEngine:359 SIMULATION (QNetsimEngine) AT 18:00:00 : #links=209 #nodes=162
2025-10-07T13:29:00,725  INFO QSim:552 SIMULATION (NEW QSim) AT 18:00:00 : #active agents=84186 lost=0 simT=43200.0s realT=6s; (s/r): 7200.0
2025-10-07T13:29:01,158  INFO AbstractQNetsimEngine:359 SIMULATION (QNetsimEngine) AT 19:00:00 : #links=204 #nodes=163
2025-10-07T13:29:01,158  INFO QSim:552 SIMULATION (NEW QSim) AT 19:00:00 : #active agents=83042 lost=0 simT=46800.0s realT=6s; (s/r): 7800.0
2025-10-07T13:29:01,469  INFO AbstractQNetsimEngine:359 SIMULATION (QNetsimEngine) AT 20:00:00 : #links=203 #nodes=164
2025-10-07T13:29:01,469  INFO QSim:552 SIMULATION (NEW QSim) AT 20:00:00 : #active agents=82881 lost=0 simT=50400.0s realT=6s; (s/r): 8400.0
2025-10-07T13:29:01,709  INFO AbstractQNetsimEngine:359 SIMULATION (QNetsimEngine) AT 21:00:00 : #links=202 #nodes=165
2025-10-07T13:29:01,709  INFO QSim:552 SIMULATION (NEW QSim) AT 21:00:00 : #active agents=82769 lost=0 simT=54000.0s realT=7s; (s/r): 7714.285714285715
2025-10-07T13:29:01,941  INFO AbstractQNetsimEngine:359 SIMULATION (QNetsimEngine) AT 22:00:00 : #links=200 #nodes=165
2025-10-07T13:29:01,941  INFO QSim:552 SIMULATION (NEW QSim) AT 22:00:00 : #active agents=82708 lost=0 simT=57600.0s realT=7s; (s/r): 8228.57142857143
2025-10-07T13:29:02,178  INFO AbstractQNetsimEngine:359 SIMULATION (QNetsimEngine) AT 23:00:00 : #links=202 #nodes=162
2025-10-07T13:29:02,178  INFO QSim:552 SIMULATION (NEW QSim) AT 23:00:00 : #active agents=82686 lost=0 simT=61200.0s realT=7s; (s/r): 8742.857142857143
2025-10-07T13:29:02,415  INFO AbstractQNetsimEngine:359 SIMULATION (QNetsimEngine) AT 24:00:00 : #links=202 #nodes=162
2025-10-07T13:29:02,415  INFO QSim:552 SIMULATION (NEW QSim) AT 24:00:00 : #active agents=82656 lost=0 simT=64800.0s realT=7s; (s/r): 9257.142857142857
2025-10-07T13:29:02,641  INFO AbstractQNetsimEngine:359 SIMULATION (QNetsimEngine) AT 25:00:00 : #links=201 #nodes=162
2025-10-07T13:29:02,641  INFO QSim:552 SIMULATION (NEW QSim) AT 25:00:00 : #active agents=82624 lost=0 simT=68400.0s realT=8s; (s/r): 8550.0
2025-10-07T13:29:02,856  INFO AbstractQNetsimEngine:359 SIMULATION (QNetsimEngine) AT 26:00:00 : #links=200 #nodes=162
2025-10-07T13:29:02,856  INFO QSim:552 SIMULATION (NEW QSim) AT 26:00:00 : #active agents=82614 lost=0 simT=72000.0s realT=8s; (s/r): 9000.0
2025-10-07T13:29:03,086  INFO AbstractQNetsimEngine:359 SIMULATION (QNetsimEngine) AT 27:00:00 : #links=201 #nodes=162
2025-10-07T13:29:03,086  INFO QSim:552 SIMULATION (NEW QSim) AT 27:00:00 : #active agents=82611 lost=0 simT=75600.0s realT=8s; (s/r): 9450.0
2025-10-07T13:29:03,309  INFO AbstractQNetsimEngine:359 SIMULATION (QNetsimEngine) AT 28:00:00 : #links=202 #nodes=162
2025-10-07T13:29:03,309  INFO QSim:552 SIMULATION (NEW QSim) AT 28:00:00 : #active agents=82607 lost=0 simT=79200.0s realT=8s; (s/r): 9900.0
2025-10-07T13:29:03,525  INFO AbstractQNetsimEngine:359 SIMULATION (QNetsimEngine) AT 29:00:00 : #links=203 #nodes=163
2025-10-07T13:29:03,525  INFO QSim:552 SIMULATION (NEW QSim) AT 29:00:00 : #active agents=82605 lost=0 simT=82800.0s realT=9s; (s/r): 9200.0
2025-10-07T13:29:03,754  INFO AbstractQNetsimEngine:359 SIMULATION (QNetsimEngine) AT 30:00:00 : #links=203 #nodes=163
2025-10-07T13:29:03,754  INFO QSim:552 SIMULATION (NEW QSim) AT 30:00:00 : #active agents=82600 lost=0 simT=86400.0s realT=9s; (s/r): 9600.0
2025-10-07T13:29:03,913  INFO AbstractController$9:237 ### ITERATION 1 fires after mobsim event
2025-10-07T13:29:03,913  INFO Gbl:196 Thread performance: Thread=class org.matsim.core.events.SimStepParallelEventsManagerImpl$ProcessEventsRunnable0  cpu-time=4.396574sec
2025-10-07T13:29:03,913  INFO ControllerListenerManagerImpl:324 calling notifyAfterMobsim on org.matsim.analysis.LegTimesControllerListener with priority 0.0
2025-10-07T13:29:03,914  INFO LegTimesControllerListener:73 [1] average leg duration is: 954 seconds = 00:15:54
2025-10-07T13:29:03,914  INFO ControllerListenerManagerImpl:324 calling notifyAfterMobsim on org.matsim.core.events.MobsimScopeEventHandling with priority 0.0
2025-10-07T13:29:03,914  INFO ControllerListenerManagerImpl:324 calling notifyAfterMobsim on org.matsim.core.scoring.EventsToActivities$1 with priority 0.0
2025-10-07T13:29:03,918  INFO ControllerListenerManagerImpl:327 [it.1] all ControllerAfterMobsimListeners called.
2025-10-07T13:29:03,918  INFO AbstractController$4:162 ### ITERATION 1 fires scoring event
2025-10-07T13:29:03,918  INFO ControllerListenerManagerImpl:238 calling notifyScoring on org.matsim.core.scoring.PlansScoringImpl with priority 0.0
2025-10-07T13:29:03,951  INFO NewScoreAssignerImpl:60 it: 1 msaStart: null
2025-10-07T13:29:03,971  INFO ControllerListenerManagerImpl:250 [it.1] all ControllerScoringListeners called.
2025-10-07T13:29:03,972  INFO AbstractController$5:170 ### ITERATION 1 fires iteration end event
2025-10-07T13:29:03,972  INFO ControllerListenerManagerImpl:209 calling notifyIterationEnds on org.matsim.core.controler.corelisteners.EventsHandlingImpl with priority 0.0
2025-10-07T13:29:03,972  INFO EventsManagerImpl:164 removing Event-Handler: org.matsim.core.events.algorithms.EventWriterXML
2025-10-07T13:29:03,972  INFO EventsManagerImpl:164 removing Event-Handler: org.matsim.core.events.algorithms.EventWriterXML
2025-10-07T13:29:03,972  INFO ControllerListenerManagerImpl:209 calling notifyIterationEnds on org.matsim.core.scoring.PlansScoringImpl with priority 0.0
2025-10-07T13:29:03,990  INFO PopulationImpl:111  person # 1
2025-10-07T13:29:03,990  INFO PopulationImpl:111  person # 4
2025-10-07T13:29:03,990  INFO PopulationImpl:111  person # 16
2025-10-07T13:29:03,990  INFO PopulationImpl:111  person # 64
2025-10-07T13:29:03,990  INFO PopulationImpl:111  person # 256
2025-10-07T13:29:03,991  INFO PopulationImpl:111  person # 1024
2025-10-07T13:29:03,991  INFO PopulationImpl:111  person # 4096
2025-10-07T13:29:03,993  INFO PopulationImpl:111  person # 16384
2025-10-07T13:29:04,019  INFO PopulationImpl:111  person # 65536
2025-10-07T13:29:04,055  INFO Counter:70 [PopulationWriter] dumped person # 1
2025-10-07T13:29:04,055  INFO Counter:70 [ParallelPopulationWriterV6] dumped person # 1
2025-10-07T13:29:04,055  INFO Counter:70 [PopulationWriter] dumped person # 2
2025-10-07T13:29:04,055  INFO Counter:70 [PopulationWriter] dumped person # 4
2025-10-07T13:29:04,055  INFO Counter:70 [PopulationWriter] dumped person # 8
2025-10-07T13:29:04,055  INFO Counter:70 [ParallelPopulationWriterV6] dumped person # 2
2025-10-07T13:29:04,055  INFO Counter:70 [PopulationWriter] dumped person # 16
2025-10-07T13:29:04,055  INFO Counter:70 [ParallelPopulationWriterV6] dumped person # 4
2025-10-07T13:29:04,055  INFO Counter:70 [PopulationWriter] dumped person # 32
2025-10-07T13:29:04,055  INFO Counter:70 [PopulationWriter] dumped person # 64
2025-10-07T13:29:04,055  INFO Counter:70 [PopulationWriter] dumped person # 128
2025-10-07T13:29:04,055  INFO Counter:70 [PopulationWriter] dumped person # 256
2025-10-07T13:29:04,055  INFO Counter:70 [PopulationWriter] dumped person # 512
2025-10-07T13:29:04,055  WARN ObjectAttributesConverter:96 No AttributeConverter found for class org.matsim.api.core.v01.Id$IdImpl. Not all attribute values can be converted.
2025-10-07T13:29:04,055  WARN ObjectAttributesConverter:96 No AttributeConverter found for class org.matsim.api.core.v01.Id$IdImpl. Not all attribute values can be converted.
2025-10-07T13:29:04,055  INFO Counter:70 [ParallelPopulationWriterV6] dumped person # 8
2025-10-07T13:29:04,055  INFO Counter:70 [ParallelPopulationWriterV6] dumped person # 16
2025-10-07T13:29:04,056  INFO Counter:70 [PopulationWriter] dumped person # 1024
2025-10-07T13:29:04,056  INFO Counter:70 [ParallelPopulationWriterV6] dumped person # 32
2025-10-07T13:29:04,056  INFO Counter:70 [ParallelPopulationWriterV6] dumped person # 64
2025-10-07T13:29:04,057  INFO Counter:70 [ParallelPopulationWriterV6] dumped person # 128
2025-10-07T13:29:04,058  INFO Counter:70 [ParallelPopulationWriterV6] dumped person # 256
2025-10-07T13:29:04,061  INFO Counter:70 [ParallelPopulationWriterV6] dumped person # 512
2025-10-07T13:29:04,068  INFO Counter:70 [ParallelPopulationWriterV6] dumped person # 1024
2025-10-07T13:29:04,068  INFO Counter:70 [PopulationWriter] dumped person # 2048
2025-10-07T13:29:04,080  INFO Counter:70 [ParallelPopulationWriterV6] dumped person # 2048
2025-10-07T13:29:04,093  INFO Counter:70 [PopulationWriter] dumped person # 4096
2025-10-07T13:29:04,105  INFO Counter:70 [ParallelPopulationWriterV6] dumped person # 4096
2025-10-07T13:29:04,141  INFO Counter:70 [PopulationWriter] dumped person # 8192
2025-10-07T13:29:04,151  INFO Counter:70 [ParallelPopulationWriterV6] dumped person # 8192
2025-10-07T13:29:04,236  INFO Counter:70 [PopulationWriter] dumped person # 16384
2025-10-07T13:29:04,251  INFO Counter:70 [ParallelPopulationWriterV6] dumped person # 16384
2025-10-07T13:29:04,469  INFO Counter:70 [PopulationWriter] dumped person # 32768
2025-10-07T13:29:04,481  INFO Counter:70 [ParallelPopulationWriterV6] dumped person # 32768
2025-10-07T13:29:04,929  INFO Counter:70 [PopulationWriter] dumped person # 65536
2025-10-07T13:29:04,939  INFO Counter:70 [ParallelPopulationWriterV6] dumped person # 65536
2025-10-07T13:29:05,184  INFO Counter:75 [ParallelPopulationWriterV6] dumped person # 84110
2025-10-07T13:29:05,184  INFO PopulationWriter:150 Population written to: output2/ITERS/it.1/1.experienced_plans.xml.gz
2025-10-07T13:29:05,185  INFO Counter:75 [PopulationWriter] dumped person # 84110
2025-10-07T13:29:05,461  INFO ControllerListenerManagerImpl:217 calling notifyIterationEnds on org.matsim.counts.CountsControllerListener with priority 0.0
2025-10-07T13:29:05,461  INFO ControllerListenerManagerImpl:217 calling notifyIterationEnds on org.matsim.analysis.ModeChoiceCoverageControllerListener with priority 0.0
2025-10-07T13:29:05,545  INFO ModeChoiceCoverageControllerListener:144 -- mode choice coverage (1x) of mode car = 0.7818095351325645
2025-10-07T13:29:05,545  INFO ModeChoiceCoverageControllerListener:144 -- mode choice coverage (1x) of mode pt = 0.1936511710854833
2025-10-07T13:29:05,545  INFO ModeChoiceCoverageControllerListener:144 -- mode choice coverage (1x) of mode walk = 0.03786113422898585
2025-10-07T13:29:05,545  INFO ModeChoiceCoverageControllerListener:144 -- mode choice coverage (5x) of mode car = 0.0
2025-10-07T13:29:05,545  INFO ModeChoiceCoverageControllerListener:144 -- mode choice coverage (5x) of mode pt = 0.0
2025-10-07T13:29:05,545  INFO ModeChoiceCoverageControllerListener:144 -- mode choice coverage (5x) of mode walk = 0.0
2025-10-07T13:29:05,545  INFO ModeChoiceCoverageControllerListener:144 -- mode choice coverage (10x) of mode car = 0.0
2025-10-07T13:29:05,545  INFO ModeChoiceCoverageControllerListener:144 -- mode choice coverage (10x) of mode pt = 0.0
2025-10-07T13:29:05,546  INFO ModeChoiceCoverageControllerListener:144 -- mode choice coverage (10x) of mode walk = 0.0
2025-10-07T13:29:05,650  INFO ControllerListenerManagerImpl:217 calling notifyIterationEnds on org.matsim.analysis.ModeStatsControllerListener with priority 0.0
2025-10-07T13:29:05,719  INFO ModeStatsControllerListener:132 Mode shares over all 168220.0 trips found. MainModeIdentifier: class org.matsim.core.router.DefaultAnalysisMainModeIdentifier
2025-10-07T13:29:05,719  INFO ModeStatsControllerListener:139 -- mode share of mode car = 0.7708714778266555
2025-10-07T13:29:05,719  INFO ModeStatsControllerListener:139 -- mode share of mode pt = 0.19126738794435857
2025-10-07T13:29:05,719  INFO ModeStatsControllerListener:139 -- mode share of mode walk = 0.03786113422898585
2025-10-07T13:29:05,764  INFO ControllerListenerManagerImpl:217 calling notifyIterationEnds on org.matsim.analysis.ScoreStatsControlerListener with priority 0.0
2025-10-07T13:29:05,783  INFO ScoreStatsControlerListener:154 -- avg. score of the executed plan of each agent: -34.35546002196192
2025-10-07T13:29:05,783  INFO ScoreStatsControlerListener:155 -- avg. score of the worst plan of each agent: -34.93901628955937
2025-10-07T13:29:05,783  INFO ScoreStatsControlerListener:156 -- avg. of the avg. plan score per agent: -34.63049920519121
2025-10-07T13:29:05,783  INFO ScoreStatsControlerListener:157 -- avg. score of the best plan of each agent: -34.32198212082294
2025-10-07T13:29:05,806  INFO ControllerListenerManagerImpl:217 calling notifyIterationEnds on org.matsim.analysis.IterationTravelStatsControllerListener with priority 0.0
2025-10-07T13:29:05,816  INFO TravelDistanceStats:115 -- average leg distance per plan (executed plans only): 1006.3747466644367 meters
2025-10-07T13:29:05,816  INFO TravelDistanceStats:116 average leg distance per Person (executed plans only): 1762.6095521355942 meters (statistic on all 147314 legs which have a finite distance)
2025-10-07T13:29:05,816  INFO TravelDistanceStats:117 -- average trip distance per plan (executed plans only): 3735.3175497557454 meters
2025-10-07T13:29:05,816  INFO TravelDistanceStats:118 average trip distance per Person (executed plans only): 1155.2349949090026 meters (statistic on all 26013 trips which have a finite distance)
2025-10-07T13:29:05,816  INFO TravelDistanceStats:119 (TravelDistanceStats takes an average over all legs where the simulation reports travelled (network) distances
2025-10-07T13:29:05,816  INFO TravelDistanceStats:120 (and teleported legs whose route contains a distance.)
2025-10-07T13:29:06,557  INFO ActivityWriter:39 Writing all Activities to activitiescsv
2025-10-07T13:29:07,074  INFO ActivityWriter:59 ...done
2025-10-07T13:29:07,074  INFO ControllerListenerManagerImpl:217 calling notifyIterationEnds on org.matsim.analysis.LegTimesControllerListener with priority 0.0
2025-10-07T13:29:07,074  INFO EventsManagerImpl:164 removing Event-Handler: org.matsim.analysis.CalcLegTimes
2025-10-07T13:29:07,074  INFO EventsManagerImpl:164 removing Event-Handler: org.matsim.analysis.CalcLegTimes
2025-10-07T13:29:07,074  INFO ControllerListenerManagerImpl:217 calling notifyIterationEnds on org.matsim.analysis.LegHistogramListener with priority 0.0
2025-10-07T13:29:07,076  INFO LegHistogramListener:79 number of legs:	228054	100%
2025-10-07T13:29:07,076  INFO LegHistogramListener:86 number of car legs:	80597	35.341191121401074%
2025-10-07T13:29:07,076  INFO LegHistogramListener:86 number of pt legs:	20422	8.954896647285292%
2025-10-07T13:29:07,076  INFO LegHistogramListener:86 number of walk legs:	127035	55.70391223131364%
2025-10-07T13:29:07,199  INFO EventsManagerImpl:164 removing Event-Handler: org.matsim.analysis.LegHistogram
2025-10-07T13:29:07,199  INFO EventsManagerImpl:164 removing Event-Handler: org.matsim.analysis.LegHistogram
2025-10-07T13:29:07,199  INFO ControllerListenerManagerImpl:217 calling notifyIterationEnds on org.matsim.analysis.LinkStatsControllerListener with priority 0.0
2025-10-07T13:29:07,200  INFO ControllerListenerManagerImpl:221 [it.1] all ControllerIterationEndsListeners called.
2025-10-07T13:29:07,228  INFO AbstractController:184 ### ITERATION 1 ENDS
2025-10-07T13:29:07,228  INFO AbstractController:185 ###################################################
2025-10-07T13:29:07,228  INFO MatsimRuntimeModifications:81 S H U T D O W N   ---   start shutdown.
2025-10-07T13:29:07,229  INFO ControllerListenerManagerImpl:155 calling notifyShutdown on org.matsim.core.controler.corelisteners.EventsHandlingImpl with priority 0.0
2025-10-07T13:29:07,229  INFO ControllerListenerManagerImpl:155 calling notifyShutdown on org.matsim.core.controler.corelisteners.DumpDataAtEndImpl with priority 0.0
2025-10-07T13:29:07,262  INFO Counter:70 [PopulationWriter] dumped person # 1
2025-10-07T13:29:07,262  INFO Counter:70 [PopulationWriter] dumped person # 2
2025-10-07T13:29:07,262  INFO Counter:70 [ParallelPopulationWriterV6] dumped person # 1
2025-10-07T13:29:07,262  INFO Counter:70 [PopulationWriter] dumped person # 4
2025-10-07T13:29:07,262  INFO Counter:70 [ParallelPopulationWriterV6] dumped person # 2
2025-10-07T13:29:07,262  INFO Counter:70 [PopulationWriter] dumped person # 8
2025-10-07T13:29:07,262  INFO Counter:70 [PopulationWriter] dumped person # 16
2025-10-07T13:29:07,262  INFO Counter:70 [ParallelPopulationWriterV6] dumped person # 4
2025-10-07T13:29:07,262  INFO Counter:70 [PopulationWriter] dumped person # 32
2025-10-07T13:29:07,262  INFO Counter:70 [ParallelPopulationWriterV6] dumped person # 8
2025-10-07T13:29:07,262  INFO Counter:70 [PopulationWriter] dumped person # 64
2025-10-07T13:29:07,262  INFO Counter:70 [PopulationWriter] dumped person # 128
2025-10-07T13:29:07,262  INFO Counter:70 [PopulationWriter] dumped person # 256
2025-10-07T13:29:07,262  INFO Counter:70 [PopulationWriter] dumped person # 512
2025-10-07T13:29:07,262  INFO Counter:70 [ParallelPopulationWriterV6] dumped person # 16
2025-10-07T13:29:07,263  INFO Counter:70 [PopulationWriter] dumped person # 1024
2025-10-07T13:29:07,263  INFO Counter:70 [ParallelPopulationWriterV6] dumped person # 32
2025-10-07T13:29:07,264  INFO Counter:70 [ParallelPopulationWriterV6] dumped person # 64
2025-10-07T13:29:07,266  INFO Counter:70 [ParallelPopulationWriterV6] dumped person # 128
2025-10-07T13:29:07,271  INFO Counter:70 [ParallelPopulationWriterV6] dumped person # 256
2025-10-07T13:29:07,279  INFO Counter:70 [ParallelPopulationWriterV6] dumped person # 512
2025-10-07T13:29:07,295  INFO Counter:70 [ParallelPopulationWriterV6] dumped person # 1024
2025-10-07T13:29:07,296  INFO Counter:70 [PopulationWriter] dumped person # 2048
2025-10-07T13:29:07,339  INFO Counter:70 [ParallelPopulationWriterV6] dumped person # 2048
2025-10-07T13:29:07,376  INFO Counter:70 [PopulationWriter] dumped person # 4096
2025-10-07T13:29:07,412  INFO Counter:70 [ParallelPopulationWriterV6] dumped person # 4096
2025-10-07T13:29:07,513  INFO Counter:70 [PopulationWriter] dumped person # 8192
2025-10-07T13:29:07,546  INFO Counter:70 [ParallelPopulationWriterV6] dumped person # 8192
2025-10-07T13:29:07,792  INFO Counter:70 [PopulationWriter] dumped person # 16384
2025-10-07T13:29:07,823  INFO Counter:70 [ParallelPopulationWriterV6] dumped person # 16384
2025-10-07T13:29:08,374  INFO Counter:70 [PopulationWriter] dumped person # 32768
2025-10-07T13:29:08,410  INFO Counter:70 [ParallelPopulationWriterV6] dumped person # 32768
2025-10-07T13:29:09,538  INFO Counter:70 [PopulationWriter] dumped person # 65536
2025-10-07T13:29:09,573  INFO Counter:70 [ParallelPopulationWriterV6] dumped person # 65536
2025-10-07T13:29:10,201  INFO Counter:75 [ParallelPopulationWriterV6] dumped person # 84110
2025-10-07T13:29:10,202  INFO PopulationWriter:150 Population written to: output2/output_plans.xml.gz
2025-10-07T13:29:10,202  INFO Counter:75 [PopulationWriter] dumped person # 84110
2025-10-07T13:29:10,203  INFO NetworkWriter:70 Writing network to file: output2/output_network.xml.gz...
2025-10-07T13:29:10,207  INFO NetworkWriter:73 done.
2025-10-07T13:29:10,209  INFO Config:461 setting context to [file:/Users/Matteo/Library/CloudStorage/OneDrive-ETHZurich/0_Master_REIS/3_Semester/ABMT/U%CC%88bung/abmt25_own/]
2025-10-07T13:29:10,210  INFO Config:461 setting context to [file:/Users/Matteo/Library/CloudStorage/OneDrive-ETHZurich/0_Master_REIS/3_Semester/ABMT/U%CC%88bung/abmt25_own/]
2025-10-07T13:29:10,211  INFO Config:461 setting context to [file:/Users/Matteo/Library/CloudStorage/OneDrive-ETHZurich/0_Master_REIS/3_Semester/ABMT/U%CC%88bung/abmt25_own/]
2025-10-07T13:29:10,213  INFO Config:461 setting context to [file:/Users/Matteo/Library/CloudStorage/OneDrive-ETHZurich/0_Master_REIS/3_Semester/ABMT/U%CC%88bung/abmt25_own/]
2025-10-07T13:29:10,214  INFO Config:461 setting context to [file:/Users/Matteo/Library/CloudStorage/OneDrive-ETHZurich/0_Master_REIS/3_Semester/ABMT/U%CC%88bung/abmt25_own/]
2025-10-07T13:29:10,215  INFO Config:461 setting context to [file:/Users/Matteo/Library/CloudStorage/OneDrive-ETHZurich/0_Master_REIS/3_Semester/ABMT/U%CC%88bung/abmt25_own/]
2025-10-07T13:29:10,216  INFO Config:461 setting context to [file:/Users/Matteo/Library/CloudStorage/OneDrive-ETHZurich/0_Master_REIS/3_Semester/ABMT/U%CC%88bung/abmt25_own/]
2025-10-07T13:29:10,216  INFO Config:461 setting context to [file:/Users/Matteo/Library/CloudStorage/OneDrive-ETHZurich/0_Master_REIS/3_Semester/ABMT/U%CC%88bung/abmt25_own/]
2025-10-07T13:29:10,217  INFO Config:461 setting context to [file:/Users/Matteo/Library/CloudStorage/OneDrive-ETHZurich/0_Master_REIS/3_Semester/ABMT/U%CC%88bung/abmt25_own/]
2025-10-07T13:29:10,217  INFO Config:461 setting context to [file:/Users/Matteo/Library/CloudStorage/OneDrive-ETHZurich/0_Master_REIS/3_Semester/ABMT/U%CC%88bung/abmt25_own/]
2025-10-07T13:29:10,218  INFO Config:461 setting context to [file:/Users/Matteo/Library/CloudStorage/OneDrive-ETHZurich/0_Master_REIS/3_Semester/ABMT/U%CC%88bung/abmt25_own/]
2025-10-07T13:29:10,218  INFO Config:461 setting context to [file:/Users/Matteo/Library/CloudStorage/OneDrive-ETHZurich/0_Master_REIS/3_Semester/ABMT/U%CC%88bung/abmt25_own/]
2025-10-07T13:29:10,219  INFO Config:461 setting context to [file:/Users/Matteo/Library/CloudStorage/OneDrive-ETHZurich/0_Master_REIS/3_Semester/ABMT/U%CC%88bung/abmt25_own/]
2025-10-07T13:29:10,220  INFO Config:461 setting context to [file:/Users/Matteo/Library/CloudStorage/OneDrive-ETHZurich/0_Master_REIS/3_Semester/ABMT/U%CC%88bung/abmt25_own/]
2025-10-07T13:29:10,221  INFO Config:461 setting context to [file:/Users/Matteo/Library/CloudStorage/OneDrive-ETHZurich/0_Master_REIS/3_Semester/ABMT/U%CC%88bung/abmt25_own/]
2025-10-07T13:29:10,221  INFO Config:461 setting context to [file:/Users/Matteo/Library/CloudStorage/OneDrive-ETHZurich/0_Master_REIS/3_Semester/ABMT/U%CC%88bung/abmt25_own/]
2025-10-07T13:29:10,222  INFO Config:461 setting context to [file:/Users/Matteo/Library/CloudStorage/OneDrive-ETHZurich/0_Master_REIS/3_Semester/ABMT/U%CC%88bung/abmt25_own/]
2025-10-07T13:29:10,222  INFO Config:461 setting context to [file:/Users/Matteo/Library/CloudStorage/OneDrive-ETHZurich/0_Master_REIS/3_Semester/ABMT/U%CC%88bung/abmt25_own/]
2025-10-07T13:29:10,223  INFO Config:461 setting context to [file:/Users/Matteo/Library/CloudStorage/OneDrive-ETHZurich/0_Master_REIS/3_Semester/ABMT/U%CC%88bung/abmt25_own/]
2025-10-07T13:29:10,224  INFO Config:461 setting context to [file:/Users/Matteo/Library/CloudStorage/OneDrive-ETHZurich/0_Master_REIS/3_Semester/ABMT/U%CC%88bung/abmt25_own/]
2025-10-07T13:29:10,224  INFO Config:461 setting context to [file:/Users/Matteo/Library/CloudStorage/OneDrive-ETHZurich/0_Master_REIS/3_Semester/ABMT/U%CC%88bung/abmt25_own/]
2025-10-07T13:29:10,225  INFO Config:461 setting context to [file:/Users/Matteo/Library/CloudStorage/OneDrive-ETHZurich/0_Master_REIS/3_Semester/ABMT/U%CC%88bung/abmt25_own/]
2025-10-07T13:29:10,225  INFO Config:461 setting context to [file:/Users/Matteo/Library/CloudStorage/OneDrive-ETHZurich/0_Master_REIS/3_Semester/ABMT/U%CC%88bung/abmt25_own/]
2025-10-07T13:29:10,226  INFO Config:461 setting context to [file:/Users/Matteo/Library/CloudStorage/OneDrive-ETHZurich/0_Master_REIS/3_Semester/ABMT/U%CC%88bung/abmt25_own/]
2025-10-07T13:29:10,226  INFO Config:461 setting context to [file:/Users/Matteo/Library/CloudStorage/OneDrive-ETHZurich/0_Master_REIS/3_Semester/ABMT/U%CC%88bung/abmt25_own/]
2025-10-07T13:29:10,226  INFO Config:461 setting context to [file:/Users/Matteo/Library/CloudStorage/OneDrive-ETHZurich/0_Master_REIS/3_Semester/ABMT/U%CC%88bung/abmt25_own/]
2025-10-07T13:29:10,326  INFO TransitScheduleWriter:89 about to write transit schedule to: output2/output_transitSchedule.xml.gz
2025-10-07T13:29:10,333  INFO MatsimVehicleWriter:49 about to write vehicles to: output2/output_transitVehicles.xml.gz
2025-10-07T13:29:10,333  INFO VehicleWriterV2:64 about to write vehicles to: output2/output_transitVehicles.xml.gz
2025-10-07T13:29:10,337  INFO MatsimVehicleWriter:49 about to write vehicles to: output2/output_vehicles.xml.gz
2025-10-07T13:29:10,337  INFO VehicleWriterV2:64 about to write vehicles to: output2/output_vehicles.xml.gz
2025-10-07T13:29:10,496  INFO MatsimVehicleWriter:49 about to write vehicles to: output2/output_allVehicles.xml.gz
2025-10-07T13:29:10,496  INFO VehicleWriterV2:64 about to write vehicles to: output2/output_allVehicles.xml.gz
2025-10-07T13:29:10,584  INFO HouseholdsWriterV10:66 about to write  households to: output2/output_households.xml.gz
2025-10-07T13:29:10,585  INFO Counter:75 [HouseholdsWriter] wrote household # 0
2025-10-07T13:29:10,585  INFO CountsWriterV2:45 Write Counts to output2/output_counts.xml.gz
2025-10-07T13:29:10,590  INFO ControllerListenerManagerImpl:162 calling notifyShutdown on org.matsim.analysis.ModeChoiceCoverageControllerListener with priority 0.0
2025-10-07T13:29:10,590  INFO ControllerListenerManagerImpl:162 calling notifyShutdown on org.matsim.analysis.ScoreStatsControlerListener with priority 0.0
2025-10-07T13:29:10,590  INFO ControllerListenerManagerImpl:162 calling notifyShutdown on org.matsim.analysis.IterationTravelStatsControllerListener with priority 0.0
2025-10-07T13:29:10,591  INFO PersonWriter:36 Writing all Persons to personscsv
2025-10-07T13:29:11,016  INFO PersonWriter:54 ...done
2025-10-07T13:29:11,016  INFO ControllerListenerManagerImpl:162 calling notifyShutdown on org.matsim.analysis.LinkStatsControllerListener with priority 0.0
2025-10-07T13:29:11,023  INFO ControllerListenerManagerImpl:165 all ControlerShutdownListeners called.
2025-10-07T13:29:11,023  INFO MatsimRuntimeModifications:104 S H U T D O W N   ---   shutdown completed.
2025-10-07T13:29:11,023  INFO OutputDirectoryLogging:173 closing the logfile, i.e. messages sent to the logger after this message are not written to the logfile.
