2025-10-07T13:35:36,301  INFO Gbl:64 JVM: 21.0.8; Eclipse Adoptium; mixed mode, sharing; 64-bit
2025-10-07T13:35:36,302  INFO Gbl:68 OS: Mac OS X; 15.0.1; aarch64
2025-10-07T13:35:36,302  INFO Gbl:71 CPU cores: 10
2025-10-07T13:35:36,303  INFO Gbl:72 max. Memory: 8192.0MB (8589934592B)
2025-10-07T13:35:36,303  INFO Gbl:114 MATSim-Build: r78b6d00933a32e25dab366e962d767fde0a71fa0 ({2025-09-15 02:16:02})
2025-10-07T13:35:36,303  INFO Gbl:76 Command: org.eth.lectures.week3.RunMatsimUtils
2025-10-07T13:35:36,305  INFO ControllerListenerManagerImpl:121 calling notifyStartup on org.matsim.core.controler.ControlerDefaultsModule$1 with priority 0.0
2025-10-07T13:35:36,305  INFO MemoryObserver:43 used RAM: 195 MB  free: 260 MB  total: 456 MB  max: 8192 MB
2025-10-07T13:35:36,358  INFO ControllerListenerManagerImpl:121 calling notifyStartup on org.matsim.guice.DependencyGraphControllerListener with priority 0.0
2025-10-07T13:35:36,407  INFO ControllerListenerManagerImpl:121 calling notifyStartup on org.matsim.counts.CountsControllerListener with priority 0.0
2025-10-07T13:35:36,407  INFO ControllerListenerManagerImpl:121 calling notifyStartup on org.matsim.analysis.ModeChoiceCoverageControllerListener with priority 0.0
2025-10-07T13:35:36,407  INFO ControllerListenerManagerImpl:121 calling notifyStartup on org.matsim.analysis.ModeStatsControllerListener with priority 0.0
2025-10-07T13:35:36,407  INFO ControllerListenerManagerImpl:121 calling notifyStartup on org.matsim.analysis.ScoreStatsControlerListener with priority 0.0
2025-10-07T13:35:36,408  INFO ControllerListenerManagerImpl:124 all ControllerStartupListeners called.
2025-10-07T13:35:36,408  INFO ControllerUtils:99 config dump before iterations start
2025-10-07T13:35:36,418  INFO ControllerUtils:105 === logging config.xml skipped ===
2025-10-07T13:35:36,419  INFO ControllerUtils:106 To enable debug output, set an environment variable i.e. export LOG_LEVEL='debug', or set log.setLogLevel(Level.DEBUG) in your run class.
2025-10-07T13:35:36,419  INFO ControllerUtils:110 Complete config dump done.
2025-10-07T13:35:36,419  INFO ControllerUtils:111 Checking consistency of config...
2025-10-07T13:35:36,419  INFO VspConfigConsistencyCheckerImpl:62 NOT running vsp config consistency check because vsp defaults checking level is set to IGNORE
2025-10-07T13:35:36,424  INFO ControllerUtils:113 Checking consistency of config done.
2025-10-07T13:35:36,425  INFO PrepareForSimImpl:126 Network seems to be multimodal. Create car-only network which is handed over to PersonPrepareForSim.
2025-10-07T13:35:36,426  INFO NetworkImpl:165  node # 1
2025-10-07T13:35:36,426  INFO NetworkImpl:165  node # 4
2025-10-07T13:35:36,426  INFO NetworkImpl:165  node # 16
2025-10-07T13:35:36,426  INFO NetworkImpl:165  node # 64
2025-10-07T13:35:36,427  INFO NetworkImpl:165  node # 256
2025-10-07T13:35:36,427  INFO NetworkImpl:161  link # 1
2025-10-07T13:35:36,427  INFO NetworkImpl:161  link # 4
2025-10-07T13:35:36,427  INFO NetworkImpl:161  link # 16
2025-10-07T13:35:36,428  INFO NetworkImpl:161  link # 64
2025-10-07T13:35:36,429  INFO NetworkImpl:161  link # 256
2025-10-07T13:35:36,430  WARN XY2LinksForFacilities:51 There is no link for at least a facility. Assigning links for such facilities from coords.
2025-10-07T13:35:36,430  WARN XY2LinksForFacilities:52  This message given only once.
2025-10-07T13:35:36,431  INFO NetworkImpl:419 building QuadTree for nodes: xrange(679321.0322181903,686286.9268926464); yrange(4820338.810996656,4831237.176461053)
2025-10-07T13:35:36,433  INFO NetworkImpl:428 Building QuadTree took 0.003 seconds.
2025-10-07T13:35:36,484  WARN PrepareForSimImpl:266 'usePersonIdForMissingVehicleId' is deprecated. It will be removed soon. Use
2025-10-07T13:35:36,484  WARN PrepareForSimImpl:267 		config.qsim().setUsePersonIdForMissingVehicleId( false );
2025-10-07T13:35:36,484  WARN PrepareForSimImpl:268 in code, and 
2025-10-07T13:35:36,485  WARN PrepareForSimImpl:269 	<module name="qsim" >
2025-10-07T13:35:36,485  WARN PrepareForSimImpl:270 		<param name="usePersonIdForMissingVehicleId" value="true" />
2025-10-07T13:35:36,485  WARN PrepareForSimImpl:271 in the config xml.
2025-10-07T13:35:36,485  INFO Counter:70 [VehiclesImpl] added vehicle # 1
2025-10-07T13:35:36,485  INFO Counter:70 [VehiclesImpl] added vehicle # 2
2025-10-07T13:35:36,485  INFO Counter:70 [VehiclesImpl] added vehicle # 4
2025-10-07T13:35:36,485  INFO Counter:70 [VehiclesImpl] added vehicle # 8
2025-10-07T13:35:36,486  INFO Counter:70 [VehiclesImpl] added vehicle # 16
2025-10-07T13:35:36,486  INFO Counter:70 [VehiclesImpl] added vehicle # 32
2025-10-07T13:35:36,486  INFO Counter:70 [VehiclesImpl] added vehicle # 64
2025-10-07T13:35:36,486  INFO Counter:70 [VehiclesImpl] added vehicle # 128
2025-10-07T13:35:36,486  INFO Counter:70 [VehiclesImpl] added vehicle # 256
2025-10-07T13:35:36,487  INFO Counter:70 [VehiclesImpl] added vehicle # 512
2025-10-07T13:35:36,487  INFO Counter:70 [VehiclesImpl] added vehicle # 1024
2025-10-07T13:35:36,489  INFO Counter:70 [VehiclesImpl] added vehicle # 2048
2025-10-07T13:35:36,491  INFO Counter:70 [VehiclesImpl] added vehicle # 4096
2025-10-07T13:35:36,496  INFO Counter:70 [VehiclesImpl] added vehicle # 8192
2025-10-07T13:35:36,505  INFO Counter:70 [VehiclesImpl] added vehicle # 16384
2025-10-07T13:35:36,533  INFO Counter:70 [VehiclesImpl] added vehicle # 32768
2025-10-07T13:35:36,556  INFO Counter:70 [VehiclesImpl] added vehicle # 65536
2025-10-07T13:35:36,659  INFO EventsManagerImpl:139 === Logging of event-handlers skipped ===
2025-10-07T13:35:36,660  INFO EventsManagerImpl:140 To enable debug output, set an environment variable i.e. export LOG_LEVEL='debug', or set log.setLogLevel(Level.DEBUG) in your run class.
2025-10-07T13:35:36,660  INFO EventsManagerImpl:210     > org.matsim.pt.router.TransitScheduleChangedEvent
2025-10-07T13:35:36,660  INFO EventsManagerImpl:139 === Logging of event-handlers skipped ===
2025-10-07T13:35:36,660  INFO EventsManagerImpl:140 To enable debug output, set an environment variable i.e. export LOG_LEVEL='debug', or set log.setLogLevel(Level.DEBUG) in your run class.
2025-10-07T13:35:36,660  INFO EventsManagerImpl:210     > org.matsim.pt.router.TransitScheduleChangedEvent
2025-10-07T13:35:36,661  INFO SwissRailRaptorData:106 Preparing data for SwissRailRaptor...
2025-10-07T13:35:36,674  INFO SwissRailRaptorData:313 SwissRailRaptor data preparation done. Took 0 seconds.
2025-10-07T13:35:36,674  INFO SwissRailRaptorData:314 SwissRailRaptor statistics:  #routes = 10
2025-10-07T13:35:36,674  INFO SwissRailRaptorData:315 SwissRailRaptor statistics:  #departures = 2040
2025-10-07T13:35:36,674  INFO SwissRailRaptorData:316 SwissRailRaptor statistics:  #routeStops = 141
2025-10-07T13:35:36,674  INFO SwissRailRaptorData:317 SwissRailRaptor statistics:  #stopFacilities = 133
2025-10-07T13:35:36,674  INFO SwissRailRaptorData:318 SwissRailRaptor statistics:  #transfers (between routeStops) = 37
2025-10-07T13:35:36,674  INFO SwissRailRaptorData:319 SwissRailRaptor statistics:  #chainedDepartures = 0
2025-10-07T13:35:36,676  INFO NetworkImpl:165  node # 1
2025-10-07T13:35:36,676  INFO NetworkImpl:165  node # 4
2025-10-07T13:35:36,676  INFO NetworkImpl:165  node # 16
2025-10-07T13:35:36,676  INFO NetworkImpl:165  node # 64
2025-10-07T13:35:36,677  INFO NetworkImpl:165  node # 256
2025-10-07T13:35:36,677  INFO NetworkImpl:161  link # 1
2025-10-07T13:35:36,677  INFO NetworkImpl:161  link # 4
2025-10-07T13:35:36,677  INFO NetworkImpl:161  link # 16
2025-10-07T13:35:36,677  INFO NetworkImpl:161  link # 64
2025-10-07T13:35:36,678  INFO NetworkImpl:161  link # 256
2025-10-07T13:35:36,678  INFO NetworkRoutingProvider:155 Checking network for mode 'car' for consistency...
2025-10-07T13:35:36,680  INFO MultimodalNetworkCleaner:104 running org.matsim.core.network.algorithms.MultimodalNetworkCleaner algorithm for modes [car] with connectivity modes []...
2025-10-07T13:35:36,681  INFO MultimodalNetworkCleaner:108   checking 282 nodes and 334 links for dead-ends...
2025-10-07T13:35:36,683  INFO MultimodalNetworkCleaner:126     The biggest cluster consists of 334 links.
2025-10-07T13:35:36,683  INFO MultimodalNetworkCleaner:127   done.
2025-10-07T13:35:36,683  INFO MultimodalNetworkCleaner:151   resulting network contains 282 nodes and 334 links.
2025-10-07T13:35:36,683  INFO MultimodalNetworkCleaner:153 done.
2025-10-07T13:35:36,686  INFO RandomizingTimeDistanceTravelDisutilityFactory:86  sigma: 3.0; resulting normalization: 0.011108996538242306
2025-10-07T13:35:36,688  INFO SpeedyALTData:51 find dead ends...
2025-10-07T13:35:36,688  INFO SpeedyALTData:132 calculate landmarks...
2025-10-07T13:35:36,699  INFO SpeedyALTData:173 calculate min travelcost...
2025-10-07T13:35:36,701  INFO SpeedyALTData:51 find dead ends...
2025-10-07T13:35:36,702  INFO SpeedyALTData:132 calculate landmarks...
2025-10-07T13:35:36,704  INFO SpeedyALTData:173 calculate min travelcost...
2025-10-07T13:35:36,705  INFO RandomizingTimeDistanceTravelDisutilityFactory:86  sigma: 3.0; resulting normalization: 0.011108996538242306
2025-10-07T13:35:36,731  INFO Counter:70 [PersonPrepareForSim] handled person # 1
2025-10-07T13:35:36,731  INFO Counter:70 [PersonPrepareForSim] handled person # 2
2025-10-07T13:35:36,732  INFO Counter:70 [PersonPrepareForSim] handled person # 4
2025-10-07T13:35:36,733  INFO Counter:70 [PersonPrepareForSim] handled person # 8
2025-10-07T13:35:36,737  INFO Counter:70 [PersonPrepareForSim] handled person # 16
2025-10-07T13:35:36,738  INFO Counter:70 [PersonPrepareForSim] handled person # 32
2025-10-07T13:35:36,740  INFO Counter:70 [PersonPrepareForSim] handled person # 64
2025-10-07T13:35:36,745  INFO Counter:70 [PersonPrepareForSim] handled person # 128
2025-10-07T13:35:36,751  INFO Counter:70 [PersonPrepareForSim] handled person # 256
2025-10-07T13:35:36,762  INFO Counter:70 [PersonPrepareForSim] handled person # 512
2025-10-07T13:35:36,776  INFO Counter:70 [PersonPrepareForSim] handled person # 1024
2025-10-07T13:35:36,796  INFO Counter:70 [PersonPrepareForSim] handled person # 2048
2025-10-07T13:35:36,829  INFO Counter:70 [PersonPrepareForSim] handled person # 4096
2025-10-07T13:35:36,891  INFO Counter:70 [PersonPrepareForSim] handled person # 8192
2025-10-07T13:35:36,990  INFO Counter:70 [PersonPrepareForSim] handled person # 16384
2025-10-07T13:35:37,153  INFO Counter:70 [PersonPrepareForSim] handled person # 32768
2025-10-07T13:35:37,407  INFO Counter:70 [PersonPrepareForSim] handled person # 65536
2025-10-07T13:35:37,555  INFO Counter:75 [PersonPrepareForSim] handled person # 84111
2025-10-07T13:35:37,569  INFO AbstractController:136 ###################################################
2025-10-07T13:35:37,569  INFO AbstractController:137 ### ITERATION 0 BEGINS
2025-10-07T13:35:37,570  INFO ControllerListenerManagerImpl:188 calling notifyIterationStarts on org.matsim.analysis.LegTimesControllerListener with priority 0.0
2025-10-07T13:35:37,570  INFO EventsManagerImpl:139 === Logging of event-handlers skipped ===
2025-10-07T13:35:37,570  INFO EventsManagerImpl:140 To enable debug output, set an environment variable i.e. export LOG_LEVEL='debug', or set log.setLogLevel(Level.DEBUG) in your run class.
2025-10-07T13:35:37,570  INFO EventsManagerImpl:210     > org.matsim.api.core.v01.events.PersonDepartureEvent
2025-10-07T13:35:37,571  INFO EventsManagerImpl:210     > org.matsim.api.core.v01.events.PersonArrivalEvent
2025-10-07T13:35:37,571  INFO EventsManagerImpl:210     > org.matsim.api.core.v01.events.ActivityEndEvent
2025-10-07T13:35:37,571  INFO EventsManagerImpl:210     > org.matsim.api.core.v01.events.ActivityStartEvent
2025-10-07T13:35:37,571  INFO EventsManagerImpl:139 === Logging of event-handlers skipped ===
2025-10-07T13:35:37,571  INFO EventsManagerImpl:140 To enable debug output, set an environment variable i.e. export LOG_LEVEL='debug', or set log.setLogLevel(Level.DEBUG) in your run class.
2025-10-07T13:35:37,571  INFO EventsManagerImpl:210     > org.matsim.api.core.v01.events.PersonDepartureEvent
2025-10-07T13:35:37,571  INFO EventsManagerImpl:210     > org.matsim.api.core.v01.events.PersonArrivalEvent
2025-10-07T13:35:37,571  INFO EventsManagerImpl:210     > org.matsim.api.core.v01.events.ActivityEndEvent
2025-10-07T13:35:37,571  INFO EventsManagerImpl:210     > org.matsim.api.core.v01.events.ActivityStartEvent
2025-10-07T13:35:37,571  INFO ControllerListenerManagerImpl:188 calling notifyIterationStarts on org.matsim.analysis.LegHistogramListener with priority 0.0
2025-10-07T13:35:37,571  INFO EventsManagerImpl:139 === Logging of event-handlers skipped ===
2025-10-07T13:35:37,571  INFO EventsManagerImpl:140 To enable debug output, set an environment variable i.e. export LOG_LEVEL='debug', or set log.setLogLevel(Level.DEBUG) in your run class.
2025-10-07T13:35:37,571  INFO EventsManagerImpl:210     > org.matsim.api.core.v01.events.PersonDepartureEvent
2025-10-07T13:35:37,571  INFO EventsManagerImpl:210     > org.matsim.api.core.v01.events.PersonArrivalEvent
2025-10-07T13:35:37,571  INFO EventsManagerImpl:210     > org.matsim.api.core.v01.events.PersonStuckEvent
2025-10-07T13:35:37,571  INFO EventsManagerImpl:139 === Logging of event-handlers skipped ===
2025-10-07T13:35:37,571  INFO EventsManagerImpl:140 To enable debug output, set an environment variable i.e. export LOG_LEVEL='debug', or set log.setLogLevel(Level.DEBUG) in your run class.
2025-10-07T13:35:37,571  INFO EventsManagerImpl:210     > org.matsim.api.core.v01.events.PersonDepartureEvent
2025-10-07T13:35:37,572  INFO EventsManagerImpl:210     > org.matsim.api.core.v01.events.PersonArrivalEvent
2025-10-07T13:35:37,572  INFO EventsManagerImpl:210     > org.matsim.api.core.v01.events.PersonStuckEvent
2025-10-07T13:35:37,572  INFO ControllerListenerManagerImpl:188 calling notifyIterationStarts on org.matsim.analysis.LinkStatsControllerListener with priority 0.0
2025-10-07T13:35:37,572  INFO ControllerListenerManagerImpl:188 calling notifyIterationStarts on org.matsim.core.replanning.ReplanningContextImpl with priority 0.0
2025-10-07T13:35:37,572  INFO ControllerListenerManagerImpl:188 calling notifyIterationStarts on org.matsim.core.scoring.ScoringFunctionsForPopulation$$Lambda/0x000000700138f5e0 with priority 0.0
2025-10-07T13:35:37,623  INFO ControllerListenerManagerImpl:188 calling notifyIterationStarts on org.matsim.core.scoring.ExperiencedPlansServiceImpl$1 with priority 0.0
2025-10-07T13:35:37,637  INFO ControllerListenerManagerImpl:191 [it.0] all ControllerIterationStartsListeners called.
2025-10-07T13:35:37,637  INFO ControllerListenerManagerImpl:293 calling notifyBeforeMobsim on org.matsim.core.controler.corelisteners.EventsHandlingImpl with priority 0.0
2025-10-07T13:35:37,637  INFO EventsManagerImpl:173 resetting Event-Handlers
2025-10-07T13:35:37,637  INFO EventsManagerImpl:180   org.matsim.core.trafficmonitoring.TravelTimeCalculator
2025-10-07T13:35:37,638  INFO EventsManagerImpl:180   org.matsim.analysis.VolumesAnalyzer
2025-10-07T13:35:37,638  INFO EventsManagerImpl:180   org.matsim.core.scoring.ScoringFunctionsForPopulation
2025-10-07T13:35:37,638  INFO EventsManagerImpl:180   ch.sbb.matsim.routing.pt.raptor.SwissRailRaptorFactory$$Lambda/0x00000070013d6958
2025-10-07T13:35:37,638  INFO EventsManagerImpl:180   org.matsim.analysis.CalcLegTimes
2025-10-07T13:35:37,638  INFO EventsManagerImpl:180   org.matsim.analysis.LegHistogram
2025-10-07T13:35:37,641  INFO EventsManagerImpl:139 === Logging of event-handlers skipped ===
2025-10-07T13:35:37,641  INFO EventsManagerImpl:140 To enable debug output, set an environment variable i.e. export LOG_LEVEL='debug', or set log.setLogLevel(Level.DEBUG) in your run class.
2025-10-07T13:35:37,641  INFO EventsManagerImpl:210     > org.matsim.api.core.v01.events.Event
2025-10-07T13:35:37,641  INFO EventsManagerImpl:139 === Logging of event-handlers skipped ===
2025-10-07T13:35:37,641  INFO EventsManagerImpl:140 To enable debug output, set an environment variable i.e. export LOG_LEVEL='debug', or set log.setLogLevel(Level.DEBUG) in your run class.
2025-10-07T13:35:37,641  INFO EventsManagerImpl:210     > org.matsim.api.core.v01.events.Event
2025-10-07T13:35:37,641  INFO ControllerListenerManagerImpl:293 calling notifyBeforeMobsim on org.matsim.core.controler.corelisteners.PlansDumpingImpl with priority 0.0
2025-10-07T13:35:37,641  INFO PlansDumpingImpl:78 dumping plans...
2025-10-07T13:35:37,689  INFO Counter:70 [PopulationWriter] dumped person # 1
2025-10-07T13:35:37,689  INFO Counter:70 [PopulationWriter] dumped person # 2
2025-10-07T13:35:37,689  INFO Counter:70 [PopulationWriter] dumped person # 4
2025-10-07T13:35:37,689  INFO Counter:70 [PopulationWriter] dumped person # 8
2025-10-07T13:35:37,689  INFO Counter:70 [PopulationWriter] dumped person # 16
2025-10-07T13:35:37,689  INFO Counter:70 [PopulationWriter] dumped person # 32
2025-10-07T13:35:37,689  INFO Counter:70 [PopulationWriter] dumped person # 64
2025-10-07T13:35:37,690  INFO Counter:70 [PopulationWriter] dumped person # 128
2025-10-07T13:35:37,690  INFO Counter:70 [PopulationWriter] dumped person # 256
2025-10-07T13:35:37,690  INFO Counter:70 [PopulationWriter] dumped person # 512
2025-10-07T13:35:37,694  INFO Counter:70 [ParallelPopulationWriterV6] dumped person # 1
2025-10-07T13:35:37,694  INFO Counter:70 [ParallelPopulationWriterV6] dumped person # 2
2025-10-07T13:35:37,694  INFO Counter:70 [ParallelPopulationWriterV6] dumped person # 4
2025-10-07T13:35:37,695  INFO Counter:70 [ParallelPopulationWriterV6] dumped person # 8
2025-10-07T13:35:37,711  INFO Counter:70 [ParallelPopulationWriterV6] dumped person # 16
2025-10-07T13:35:37,712  INFO Counter:70 [PopulationWriter] dumped person # 1024
2025-10-07T13:35:37,713  INFO Counter:70 [ParallelPopulationWriterV6] dumped person # 32
2025-10-07T13:35:37,715  INFO Counter:70 [ParallelPopulationWriterV6] dumped person # 64
2025-10-07T13:35:37,718  INFO Counter:70 [ParallelPopulationWriterV6] dumped person # 128
2025-10-07T13:35:37,724  INFO Counter:70 [ParallelPopulationWriterV6] dumped person # 256
2025-10-07T13:35:37,734  INFO Counter:70 [ParallelPopulationWriterV6] dumped person # 512
2025-10-07T13:35:37,752  INFO Counter:70 [ParallelPopulationWriterV6] dumped person # 1024
2025-10-07T13:35:37,753  INFO Counter:70 [PopulationWriter] dumped person # 2048
2025-10-07T13:35:37,787  INFO Counter:70 [ParallelPopulationWriterV6] dumped person # 2048
2025-10-07T13:35:37,823  INFO Counter:70 [PopulationWriter] dumped person # 4096
2025-10-07T13:35:37,857  INFO Counter:70 [ParallelPopulationWriterV6] dumped person # 4096
2025-10-07T13:35:37,967  INFO Counter:70 [PopulationWriter] dumped person # 8192
2025-10-07T13:35:38,001  INFO Counter:70 [ParallelPopulationWriterV6] dumped person # 8192
2025-10-07T13:35:38,273  INFO Counter:70 [PopulationWriter] dumped person # 16384
2025-10-07T13:35:38,303  INFO Counter:70 [ParallelPopulationWriterV6] dumped person # 16384
2025-10-07T13:35:38,848  INFO Counter:70 [PopulationWriter] dumped person # 32768
2025-10-07T13:35:38,882  INFO Counter:70 [ParallelPopulationWriterV6] dumped person # 32768
2025-10-07T13:35:39,935  INFO Counter:70 [PopulationWriter] dumped person # 65536
2025-10-07T13:35:39,969  INFO Counter:70 [ParallelPopulationWriterV6] dumped person # 65536
2025-10-07T13:35:40,553  INFO Counter:75 [ParallelPopulationWriterV6] dumped person # 84111
2025-10-07T13:35:40,553  INFO PopulationWriter:150 Population written to: output3/ITERS/it.0/0.plans.xml.gz
2025-10-07T13:35:40,554  INFO Counter:75 [PopulationWriter] dumped person # 84111
2025-10-07T13:35:40,555  INFO PlansDumpingImpl:95 finished plans dump.
2025-10-07T13:35:40,555  INFO ControllerListenerManagerImpl:299 calling notifyBeforeMobsim on org.matsim.core.population.VspPlansCleaner with priority 0.0
2025-10-07T13:35:40,582  INFO ControllerListenerManagerImpl:302 [it.0] all ControlerBeforeMobsimListeners called.
2025-10-07T13:35:40,583  INFO PrepareForMobsimImpl:86 Network seems to be multimodal. Create car-only network which is handed over to PersonPrepareForSim.
2025-10-07T13:35:40,583  INFO NetworkImpl:165  node # 1
2025-10-07T13:35:40,583  INFO NetworkImpl:165  node # 4
2025-10-07T13:35:40,583  INFO NetworkImpl:165  node # 16
2025-10-07T13:35:40,583  INFO NetworkImpl:165  node # 64
2025-10-07T13:35:40,583  INFO NetworkImpl:165  node # 256
2025-10-07T13:35:40,583  INFO NetworkImpl:161  link # 1
2025-10-07T13:35:40,583  INFO NetworkImpl:161  link # 4
2025-10-07T13:35:40,583  INFO NetworkImpl:161  link # 16
2025-10-07T13:35:40,584  INFO NetworkImpl:161  link # 64
2025-10-07T13:35:40,584  INFO NetworkImpl:161  link # 256
2025-10-07T13:35:40,586  INFO RandomizingTimeDistanceTravelDisutilityFactory:86  sigma: 3.0; resulting normalization: 0.011108996538242306
2025-10-07T13:35:40,586  INFO RandomizingTimeDistanceTravelDisutilityFactory:86  sigma: 3.0; resulting normalization: 0.011108996538242306
2025-10-07T13:35:40,595  INFO Counter:70 [PersonPrepareForSim] handled person # 2
2025-10-07T13:35:40,595  INFO Counter:70 [PersonPrepareForSim] handled person # 1
2025-10-07T13:35:40,595  INFO Counter:70 [PersonPrepareForSim] handled person # 4
2025-10-07T13:35:40,595  INFO Counter:70 [PersonPrepareForSim] handled person # 8
2025-10-07T13:35:40,595  INFO Counter:70 [PersonPrepareForSim] handled person # 16
2025-10-07T13:35:40,595  INFO Counter:70 [PersonPrepareForSim] handled person # 32
2025-10-07T13:35:40,596  INFO Counter:70 [PersonPrepareForSim] handled person # 64
2025-10-07T13:35:40,596  INFO Counter:70 [PersonPrepareForSim] handled person # 128
2025-10-07T13:35:40,597  INFO Counter:70 [PersonPrepareForSim] handled person # 256
2025-10-07T13:35:40,600  INFO Counter:70 [PersonPrepareForSim] handled person # 512
2025-10-07T13:35:40,603  INFO Counter:70 [PersonPrepareForSim] handled person # 1024
2025-10-07T13:35:40,610  INFO Counter:70 [PersonPrepareForSim] handled person # 2048
2025-10-07T13:35:40,622  INFO Counter:70 [PersonPrepareForSim] handled person # 4096
2025-10-07T13:35:40,646  INFO Counter:70 [PersonPrepareForSim] handled person # 8192
2025-10-07T13:35:40,686  INFO Counter:70 [PersonPrepareForSim] handled person # 16384
2025-10-07T13:35:40,729  INFO Counter:70 [PersonPrepareForSim] handled person # 32768
2025-10-07T13:35:40,753  INFO Counter:70 [PersonPrepareForSim] handled person # 65536
2025-10-07T13:35:40,767  INFO Counter:75 [PersonPrepareForSim] handled person # 84111
2025-10-07T13:35:40,791  INFO MobsimListenerManager:50 calling addQueueSimulationListener
2025-10-07T13:35:40,791  INFO MobsimListenerManager:54   assigned class org.matsim.core.mobsim.framework.listeners.MobsimListener to interface org.matsim.core.mobsim.framework.listeners.MobsimInitializedListener
2025-10-07T13:35:40,791  INFO MobsimListenerManager:54   assigned class org.matsim.core.mobsim.framework.listeners.MobsimListener to interface org.matsim.vis.snapshotwriters.SnapshotWriterManager
2025-10-07T13:35:40,792  INFO MobsimListenerManager:54   assigned class org.matsim.core.mobsim.framework.listeners.MobsimListener to interface org.matsim.core.mobsim.framework.listeners.MobsimBeforeCleanupListener
2025-10-07T13:35:40,792  INFO MobsimListenerManager:54   assigned class org.matsim.core.mobsim.framework.listeners.MobsimListener to interface org.matsim.core.mobsim.framework.listeners.MobsimListener
2025-10-07T13:35:40,792  INFO MobsimListenerManager:54   assigned class org.matsim.core.mobsim.framework.listeners.MobsimListener to interface org.matsim.core.mobsim.framework.listeners.MobsimAfterSimStepListener
2025-10-07T13:35:40,797  INFO QSimProvider:131 Added MobsimEngine class org.matsim.core.mobsim.qsim.ActivityEngineDefaultImpl
2025-10-07T13:35:40,797  INFO QSimProvider:137 Added Activityhandler class org.matsim.core.mobsim.qsim.ActivityEngineDefaultImpl
2025-10-07T13:35:40,805  INFO QSimProvider:131 Added MobsimEngine class org.matsim.core.mobsim.qsim.qnetsimengine.QNetsimEngineWithThreadpool
2025-10-07T13:35:40,805  INFO QSimProvider:143 Added DepartureHandler class org.matsim.core.mobsim.qsim.qnetsimengine.NetworkModeDepartureHandlerDefaultImpl
2025-10-07T13:35:40,805  INFO QSimProvider:131 Added MobsimEngine class org.matsim.core.mobsim.qsim.DefaultTeleportationEngine
2025-10-07T13:35:40,805  INFO QSimProvider:143 Added DepartureHandler class org.matsim.core.mobsim.qsim.DefaultTeleportationEngine
2025-10-07T13:35:40,805  INFO QSimProvider:149 Added AgentSource class org.matsim.core.mobsim.qsim.agents.PopulationAgentSource
2025-10-07T13:35:40,805  INFO MobsimListenerManager:50 calling addQueueSimulationListener
2025-10-07T13:35:40,805  INFO MobsimListenerManager:54   assigned class org.matsim.core.mobsim.framework.listeners.MobsimListener to interface org.matsim.core.mobsim.qsim.messagequeueengine.MessageQueueEngine
2025-10-07T13:35:40,805  INFO MobsimListenerManager:54   assigned class org.matsim.core.mobsim.framework.listeners.MobsimListener to interface org.matsim.core.mobsim.framework.listeners.MobsimBeforeSimStepListener
2025-10-07T13:35:40,805  INFO MobsimListenerManager:54   assigned class org.matsim.core.mobsim.framework.listeners.MobsimListener to interface org.matsim.core.mobsim.framework.listeners.MobsimListener
2025-10-07T13:35:40,805  INFO QSimProvider:155 Added MobsimListener class org.matsim.core.mobsim.qsim.messagequeueengine.MessageQueueEngine
2025-10-07T13:35:40,806  INFO QSimProvider:131 Added MobsimEngine class org.matsim.core.mobsim.qsim.pt.TransitQSimEngine
2025-10-07T13:35:40,806  INFO QSimProvider:143 Added DepartureHandler class org.matsim.core.mobsim.qsim.pt.TransitQSimEngine
2025-10-07T13:35:40,806  INFO QSimProvider:149 Added AgentSource class org.matsim.core.mobsim.qsim.pt.TransitQSimEngine
2025-10-07T13:35:40,809  INFO PopulationUtils:1292 adding scenario element for allpersons container
2025-10-07T13:35:40,809  INFO PopulationImpl:111  person # 1
2025-10-07T13:35:40,809  INFO PopulationImpl:111  person # 4
2025-10-07T13:35:40,810  INFO PopulationImpl:111  person # 16
2025-10-07T13:35:40,810  INFO PopulationImpl:111  person # 64
2025-10-07T13:35:40,811  INFO PopulationImpl:111  person # 256
2025-10-07T13:35:40,813  INFO PopulationImpl:111  person # 1024
2025-10-07T13:35:40,817  INFO PopulationImpl:111  person # 4096
2025-10-07T13:35:40,831  INFO PopulationImpl:111  person # 16384
2025-10-07T13:35:40,887  INFO PopulationImpl:111  person # 65536
2025-10-07T13:35:40,899  INFO VehicleUtils:431 adding scenario element for allvehicles container
2025-10-07T13:35:40,899  INFO Counter:70 [VehiclesImpl] added vehicle # 1
2025-10-07T13:35:40,899  INFO Counter:70 [VehiclesImpl] added vehicle # 2
2025-10-07T13:35:40,899  INFO Counter:70 [VehiclesImpl] added vehicle # 4
2025-10-07T13:35:40,899  INFO Counter:70 [VehiclesImpl] added vehicle # 8
2025-10-07T13:35:40,899  INFO Counter:70 [VehiclesImpl] added vehicle # 16
2025-10-07T13:35:40,899  INFO Counter:70 [VehiclesImpl] added vehicle # 32
2025-10-07T13:35:40,899  INFO Counter:70 [VehiclesImpl] added vehicle # 64
2025-10-07T13:35:40,900  INFO Counter:70 [VehiclesImpl] added vehicle # 128
2025-10-07T13:35:40,900  INFO Counter:70 [VehiclesImpl] added vehicle # 256
2025-10-07T13:35:40,901  INFO Counter:70 [VehiclesImpl] added vehicle # 512
2025-10-07T13:35:40,902  INFO Counter:70 [VehiclesImpl] added vehicle # 1024
2025-10-07T13:35:40,903  INFO Counter:70 [VehiclesImpl] added vehicle # 2048
2025-10-07T13:35:40,906  INFO Counter:70 [VehiclesImpl] added vehicle # 4096
2025-10-07T13:35:40,910  INFO Counter:70 [VehiclesImpl] added vehicle # 8192
2025-10-07T13:35:40,919  INFO Counter:70 [VehiclesImpl] added vehicle # 16384
2025-10-07T13:35:40,939  INFO Counter:70 [VehiclesImpl] added vehicle # 32768
2025-10-07T13:35:40,984  INFO Counter:70 [VehiclesImpl] added vehicle # 65536
2025-10-07T13:35:40,987  INFO ReconstructingUmlaufBuilder:131 Generating UmlaufStuecke ...
2025-10-07T13:35:40,987  INFO ReconstructingUmlaufBuilder:144 ... done generating UmlaufStuecke
2025-10-07T13:35:41,014  INFO AbstractQNetsimEngine:421 Assigned 282 nodes and 334 links to QSimEngineRunner #0
2025-10-07T13:35:41,060  INFO EventsManagerImpl:116  event # 1
2025-10-07T13:35:41,060  INFO EventsManagerImpl:116  event # 4
2025-10-07T13:35:41,061  INFO EventsManagerImpl:116  event # 16
2025-10-07T13:35:41,063  INFO AbstractQNetsimEngine:359 SIMULATION (QNetsimEngine) AT 06:00:00 : #links=0 #nodes=10
2025-10-07T13:35:41,065  INFO QSim:552 SIMULATION (NEW QSim) AT 06:00:00 : #active agents=86151 lost=0 simT=0.0s realT=0s; (s/r): 0.0
2025-10-07T13:35:41,065  INFO EventsManagerImpl:116  event # 64
2025-10-07T13:35:41,075  INFO EventsManagerImpl:116  event # 256
2025-10-07T13:35:41,093  INFO EventsManagerImpl:116  event # 1024
2025-10-07T13:35:41,142  INFO EventsManagerImpl:116  event # 4096
2025-10-07T13:35:41,268  INFO EventsManagerImpl:116  event # 16384
2025-10-07T13:35:41,281  INFO AbstractQNetsimEngine:359 SIMULATION (QNetsimEngine) AT 07:00:00 : #links=136 #nodes=19
2025-10-07T13:35:41,282  INFO QSim:552 SIMULATION (NEW QSim) AT 07:00:00 : #active agents=86044 lost=0 simT=3600.0s realT=0s; (s/r): Infinity
2025-10-07T13:35:41,440  INFO EventsManagerImpl:116  event # 65536
2025-10-07T13:35:41,921  INFO EventsManagerImpl:116  event # 262144
2025-10-07T13:35:43,719  INFO EventsManagerImpl:116  event # 1048576
2025-10-07T13:35:43,774  INFO AbstractQNetsimEngine:359 SIMULATION (QNetsimEngine) AT 08:00:00 : #links=234 #nodes=143
2025-10-07T13:35:43,774  INFO QSim:552 SIMULATION (NEW QSim) AT 08:00:00 : #active agents=85972 lost=0 simT=7200.0s realT=2s; (s/r): 3600.0
2025-10-07T13:35:44,436  INFO AbstractQNetsimEngine:359 SIMULATION (QNetsimEngine) AT 09:00:00 : #links=166 #nodes=124
2025-10-07T13:35:44,436  INFO QSim:552 SIMULATION (NEW QSim) AT 09:00:00 : #active agents=85969 lost=0 simT=10800.0s realT=3s; (s/r): 3600.0
2025-10-07T13:35:44,733  INFO AbstractQNetsimEngine:359 SIMULATION (QNetsimEngine) AT 10:00:00 : #links=179 #nodes=128
2025-10-07T13:35:44,733  INFO QSim:552 SIMULATION (NEW QSim) AT 10:00:00 : #active agents=85913 lost=0 simT=14400.0s realT=3s; (s/r): 4800.0
2025-10-07T13:35:45,021  INFO AbstractQNetsimEngine:359 SIMULATION (QNetsimEngine) AT 11:00:00 : #links=174 #nodes=126
2025-10-07T13:35:45,021  INFO QSim:552 SIMULATION (NEW QSim) AT 11:00:00 : #active agents=85797 lost=0 simT=18000.0s realT=4s; (s/r): 4500.0
2025-10-07T13:35:45,291  INFO AbstractQNetsimEngine:359 SIMULATION (QNetsimEngine) AT 12:00:00 : #links=179 #nodes=128
2025-10-07T13:35:45,291  INFO QSim:552 SIMULATION (NEW QSim) AT 12:00:00 : #active agents=85695 lost=0 simT=21600.0s realT=4s; (s/r): 5400.0
2025-10-07T13:35:45,585  INFO AbstractQNetsimEngine:359 SIMULATION (QNetsimEngine) AT 13:00:00 : #links=178 #nodes=132
2025-10-07T13:35:45,585  INFO QSim:552 SIMULATION (NEW QSim) AT 13:00:00 : #active agents=85593 lost=0 simT=25200.0s realT=4s; (s/r): 6300.0
2025-10-07T13:35:45,850  INFO AbstractQNetsimEngine:359 SIMULATION (QNetsimEngine) AT 14:00:00 : #links=171 #nodes=133
2025-10-07T13:35:45,851  INFO QSim:552 SIMULATION (NEW QSim) AT 14:00:00 : #active agents=85484 lost=0 simT=28800.0s realT=5s; (s/r): 5760.0
2025-10-07T13:35:46,122  INFO AbstractQNetsimEngine:359 SIMULATION (QNetsimEngine) AT 15:00:00 : #links=177 #nodes=139
2025-10-07T13:35:46,122  INFO QSim:552 SIMULATION (NEW QSim) AT 15:00:00 : #active agents=85371 lost=0 simT=32400.0s realT=5s; (s/r): 6480.0
2025-10-07T13:35:46,408  INFO AbstractQNetsimEngine:359 SIMULATION (QNetsimEngine) AT 16:00:00 : #links=188 #nodes=139
2025-10-07T13:35:46,408  INFO QSim:552 SIMULATION (NEW QSim) AT 16:00:00 : #active agents=85287 lost=0 simT=36000.0s realT=5s; (s/r): 7200.0
2025-10-07T13:35:46,701  INFO AbstractQNetsimEngine:359 SIMULATION (QNetsimEngine) AT 17:00:00 : #links=190 #nodes=145
2025-10-07T13:35:46,701  INFO QSim:552 SIMULATION (NEW QSim) AT 17:00:00 : #active agents=85202 lost=0 simT=39600.0s realT=5s; (s/r): 7920.0
2025-10-07T13:35:47,483  INFO AbstractQNetsimEngine:359 SIMULATION (QNetsimEngine) AT 18:00:00 : #links=205 #nodes=162
2025-10-07T13:35:47,484  INFO QSim:552 SIMULATION (NEW QSim) AT 18:00:00 : #active agents=84368 lost=0 simT=43200.0s realT=6s; (s/r): 7200.0
2025-10-07T13:35:47,849  INFO AbstractQNetsimEngine:359 SIMULATION (QNetsimEngine) AT 19:00:00 : #links=210 #nodes=165
2025-10-07T13:35:47,850  INFO QSim:552 SIMULATION (NEW QSim) AT 19:00:00 : #active agents=83571 lost=0 simT=46800.0s realT=7s; (s/r): 6685.714285714285
2025-10-07T13:35:48,151  INFO AbstractQNetsimEngine:359 SIMULATION (QNetsimEngine) AT 20:00:00 : #links=208 #nodes=166
2025-10-07T13:35:48,152  INFO QSim:552 SIMULATION (NEW QSim) AT 20:00:00 : #active agents=83480 lost=0 simT=50400.0s realT=7s; (s/r): 7200.0
2025-10-07T13:35:48,391  INFO AbstractQNetsimEngine:359 SIMULATION (QNetsimEngine) AT 21:00:00 : #links=208 #nodes=167
2025-10-07T13:35:48,392  INFO QSim:552 SIMULATION (NEW QSim) AT 21:00:00 : #active agents=83394 lost=0 simT=54000.0s realT=7s; (s/r): 7714.285714285715
2025-10-07T13:35:48,606  INFO AbstractQNetsimEngine:359 SIMULATION (QNetsimEngine) AT 22:00:00 : #links=209 #nodes=170
2025-10-07T13:35:48,606  INFO QSim:552 SIMULATION (NEW QSim) AT 22:00:00 : #active agents=83351 lost=0 simT=57600.0s realT=7s; (s/r): 8228.57142857143
2025-10-07T13:35:48,847  INFO AbstractQNetsimEngine:359 SIMULATION (QNetsimEngine) AT 23:00:00 : #links=209 #nodes=166
2025-10-07T13:35:48,848  INFO QSim:552 SIMULATION (NEW QSim) AT 23:00:00 : #active agents=83307 lost=0 simT=61200.0s realT=8s; (s/r): 7650.0
2025-10-07T13:35:49,059  INFO AbstractQNetsimEngine:359 SIMULATION (QNetsimEngine) AT 24:00:00 : #links=206 #nodes=165
2025-10-07T13:35:49,059  INFO QSim:552 SIMULATION (NEW QSim) AT 24:00:00 : #active agents=83271 lost=0 simT=64800.0s realT=8s; (s/r): 8100.0
2025-10-07T13:35:49,266  INFO AbstractQNetsimEngine:359 SIMULATION (QNetsimEngine) AT 25:00:00 : #links=207 #nodes=167
2025-10-07T13:35:49,266  INFO QSim:552 SIMULATION (NEW QSim) AT 25:00:00 : #active agents=83267 lost=0 simT=68400.0s realT=8s; (s/r): 8550.0
2025-10-07T13:35:49,487  INFO AbstractQNetsimEngine:359 SIMULATION (QNetsimEngine) AT 26:00:00 : #links=206 #nodes=167
2025-10-07T13:35:49,487  INFO QSim:552 SIMULATION (NEW QSim) AT 26:00:00 : #active agents=83262 lost=0 simT=72000.0s realT=8s; (s/r): 9000.0
2025-10-07T13:35:49,689  INFO AbstractQNetsimEngine:359 SIMULATION (QNetsimEngine) AT 27:00:00 : #links=205 #nodes=167
2025-10-07T13:35:49,689  INFO QSim:552 SIMULATION (NEW QSim) AT 27:00:00 : #active agents=83257 lost=0 simT=75600.0s realT=8s; (s/r): 9450.0
2025-10-07T13:35:49,893  INFO AbstractQNetsimEngine:359 SIMULATION (QNetsimEngine) AT 28:00:00 : #links=205 #nodes=167
2025-10-07T13:35:49,893  INFO QSim:552 SIMULATION (NEW QSim) AT 28:00:00 : #active agents=83254 lost=0 simT=79200.0s realT=9s; (s/r): 8800.0
2025-10-07T13:35:50,098  INFO AbstractQNetsimEngine:359 SIMULATION (QNetsimEngine) AT 29:00:00 : #links=204 #nodes=167
2025-10-07T13:35:50,098  INFO QSim:552 SIMULATION (NEW QSim) AT 29:00:00 : #active agents=83252 lost=0 simT=82800.0s realT=9s; (s/r): 9200.0
2025-10-07T13:35:50,305  INFO AbstractQNetsimEngine:359 SIMULATION (QNetsimEngine) AT 30:00:00 : #links=204 #nodes=168
2025-10-07T13:35:50,305  INFO QSim:552 SIMULATION (NEW QSim) AT 30:00:00 : #active agents=83217 lost=0 simT=86400.0s realT=9s; (s/r): 9600.0
2025-10-07T13:35:50,490  INFO AbstractController$9:237 ### ITERATION 0 fires after mobsim event
2025-10-07T13:35:50,490  INFO Gbl:196 Thread performance: Thread=class org.matsim.core.events.SimStepParallelEventsManagerImpl$ProcessEventsRunnable0  cpu-time=4.622481sec
2025-10-07T13:35:50,491  INFO ControllerListenerManagerImpl:324 calling notifyAfterMobsim on org.matsim.analysis.LegTimesControllerListener with priority 0.0
2025-10-07T13:35:50,492  INFO LegTimesControllerListener:73 [0] average leg duration is: 832 seconds = 00:13:52
2025-10-07T13:35:50,492  INFO ControllerListenerManagerImpl:324 calling notifyAfterMobsim on org.matsim.core.events.MobsimScopeEventHandling with priority 0.0
2025-10-07T13:35:50,492  INFO ControllerListenerManagerImpl:324 calling notifyAfterMobsim on org.matsim.core.scoring.EventsToActivities$1 with priority 0.0
2025-10-07T13:35:50,497  INFO ControllerListenerManagerImpl:327 [it.0] all ControllerAfterMobsimListeners called.
2025-10-07T13:35:50,497  INFO AbstractController$4:162 ### ITERATION 0 fires scoring event
2025-10-07T13:35:50,497  INFO ControllerListenerManagerImpl:238 calling notifyScoring on org.matsim.core.scoring.PlansScoringImpl with priority 0.0
2025-10-07T13:35:50,533  INFO NewScoreAssignerImpl:60 it: 0 msaStart: null
2025-10-07T13:35:50,559  INFO ControllerListenerManagerImpl:250 [it.0] all ControllerScoringListeners called.
2025-10-07T13:35:50,560  INFO AbstractController$5:170 ### ITERATION 0 fires iteration end event
2025-10-07T13:35:50,560  INFO ControllerListenerManagerImpl:209 calling notifyIterationEnds on org.matsim.core.controler.corelisteners.EventsHandlingImpl with priority 0.0
2025-10-07T13:35:50,561  INFO EventsManagerImpl:164 removing Event-Handler: org.matsim.core.events.algorithms.EventWriterXML
2025-10-07T13:35:50,561  INFO EventsManagerImpl:164 removing Event-Handler: org.matsim.core.events.algorithms.EventWriterXML
2025-10-07T13:35:50,561  INFO ControllerListenerManagerImpl:209 calling notifyIterationEnds on org.matsim.core.scoring.PlansScoringImpl with priority 0.0
2025-10-07T13:35:50,579  INFO PopulationImpl:111  person # 1
2025-10-07T13:35:50,580  INFO PopulationImpl:111  person # 4
2025-10-07T13:35:50,580  INFO PopulationImpl:111  person # 16
2025-10-07T13:35:50,580  INFO PopulationImpl:111  person # 64
2025-10-07T13:35:50,580  INFO PopulationImpl:111  person # 256
2025-10-07T13:35:50,580  INFO PopulationImpl:111  person # 1024
2025-10-07T13:35:50,580  INFO PopulationImpl:111  person # 4096
2025-10-07T13:35:50,583  INFO PopulationImpl:111  person # 16384
2025-10-07T13:35:50,593  INFO PopulationImpl:111  person # 65536
2025-10-07T13:35:50,620  INFO Counter:70 [PopulationWriter] dumped person # 1
2025-10-07T13:35:50,620  INFO Counter:70 [PopulationWriter] dumped person # 2
2025-10-07T13:35:50,620  INFO Counter:70 [PopulationWriter] dumped person # 4
2025-10-07T13:35:50,620  INFO Counter:70 [ParallelPopulationWriterV6] dumped person # 1
2025-10-07T13:35:50,620  INFO Counter:70 [PopulationWriter] dumped person # 8
2025-10-07T13:35:50,620  INFO Counter:70 [PopulationWriter] dumped person # 16
2025-10-07T13:35:50,621  INFO Counter:70 [PopulationWriter] dumped person # 32
2025-10-07T13:35:50,621  INFO Counter:70 [PopulationWriter] dumped person # 64
2025-10-07T13:35:50,621  INFO Counter:70 [PopulationWriter] dumped person # 128
2025-10-07T13:35:50,621  INFO Counter:70 [PopulationWriter] dumped person # 256
2025-10-07T13:35:50,621  INFO Counter:70 [PopulationWriter] dumped person # 512
2025-10-07T13:35:50,621  WARN ObjectAttributesConverter:96 No AttributeConverter found for class org.matsim.api.core.v01.Id$IdImpl. Not all attribute values can be converted.
2025-10-07T13:35:50,621  WARN ObjectAttributesConverter:96 No AttributeConverter found for class org.matsim.api.core.v01.Id$IdImpl. Not all attribute values can be converted.
2025-10-07T13:35:50,621  INFO Counter:70 [ParallelPopulationWriterV6] dumped person # 2
2025-10-07T13:35:50,621  INFO Counter:70 [ParallelPopulationWriterV6] dumped person # 4
2025-10-07T13:35:50,621  INFO Counter:70 [ParallelPopulationWriterV6] dumped person # 8
2025-10-07T13:35:50,621  INFO Counter:70 [ParallelPopulationWriterV6] dumped person # 16
2025-10-07T13:35:50,621  INFO Counter:70 [PopulationWriter] dumped person # 1024
2025-10-07T13:35:50,622  INFO Counter:70 [ParallelPopulationWriterV6] dumped person # 32
2025-10-07T13:35:50,622  INFO Counter:70 [ParallelPopulationWriterV6] dumped person # 64
2025-10-07T13:35:50,622  INFO Counter:70 [ParallelPopulationWriterV6] dumped person # 128
2025-10-07T13:35:50,624  INFO Counter:70 [ParallelPopulationWriterV6] dumped person # 256
2025-10-07T13:35:50,627  INFO Counter:70 [ParallelPopulationWriterV6] dumped person # 512
2025-10-07T13:35:50,634  INFO Counter:70 [ParallelPopulationWriterV6] dumped person # 1024
2025-10-07T13:35:50,634  INFO Counter:70 [PopulationWriter] dumped person # 2048
2025-10-07T13:35:50,646  INFO Counter:70 [ParallelPopulationWriterV6] dumped person # 2048
2025-10-07T13:35:50,658  INFO Counter:70 [PopulationWriter] dumped person # 4096
2025-10-07T13:35:50,672  INFO Counter:70 [ParallelPopulationWriterV6] dumped person # 4096
2025-10-07T13:35:50,712  INFO Counter:70 [PopulationWriter] dumped person # 8192
2025-10-07T13:35:50,724  INFO Counter:70 [ParallelPopulationWriterV6] dumped person # 8192
2025-10-07T13:35:50,826  INFO Counter:70 [PopulationWriter] dumped person # 16384
2025-10-07T13:35:50,840  INFO Counter:70 [ParallelPopulationWriterV6] dumped person # 16384
2025-10-07T13:35:51,066  INFO Counter:70 [PopulationWriter] dumped person # 32768
2025-10-07T13:35:51,078  INFO Counter:70 [ParallelPopulationWriterV6] dumped person # 32768
2025-10-07T13:35:51,492  INFO Counter:70 [PopulationWriter] dumped person # 65536
2025-10-07T13:35:51,501  INFO Counter:70 [ParallelPopulationWriterV6] dumped person # 65536
2025-10-07T13:35:51,738  INFO Counter:75 [ParallelPopulationWriterV6] dumped person # 84111
2025-10-07T13:35:51,739  INFO PopulationWriter:150 Population written to: output3/ITERS/it.0/0.experienced_plans.xml.gz
2025-10-07T13:35:51,739  INFO Counter:75 [PopulationWriter] dumped person # 84111
2025-10-07T13:35:52,014  INFO ControllerListenerManagerImpl:217 calling notifyIterationEnds on org.matsim.counts.CountsControllerListener with priority 0.0
2025-10-07T13:35:52,014  INFO ControllerListenerManagerImpl:217 calling notifyIterationEnds on org.matsim.analysis.ModeChoiceCoverageControllerListener with priority 0.0
2025-10-07T13:35:52,160  INFO ModeChoiceCoverageControllerListener:144 -- mode choice coverage (1x) of mode car = 0.7818121292102104
2025-10-07T13:35:52,160  INFO ModeChoiceCoverageControllerListener:144 -- mode choice coverage (1x) of mode pt = 0.18883380295086255
2025-10-07T13:35:52,160  INFO ModeChoiceCoverageControllerListener:144 -- mode choice coverage (1x) of mode walk = 0.029354067838927134
2025-10-07T13:35:52,160  INFO ModeChoiceCoverageControllerListener:144 -- mode choice coverage (5x) of mode car = 0.0
2025-10-07T13:35:52,160  INFO ModeChoiceCoverageControllerListener:144 -- mode choice coverage (5x) of mode pt = 0.0
2025-10-07T13:35:52,160  INFO ModeChoiceCoverageControllerListener:144 -- mode choice coverage (5x) of mode walk = 0.0
2025-10-07T13:35:52,160  INFO ModeChoiceCoverageControllerListener:144 -- mode choice coverage (10x) of mode car = 0.0
2025-10-07T13:35:52,160  INFO ModeChoiceCoverageControllerListener:144 -- mode choice coverage (10x) of mode pt = 0.0
2025-10-07T13:35:52,160  INFO ModeChoiceCoverageControllerListener:144 -- mode choice coverage (10x) of mode walk = 0.0
2025-10-07T13:35:52,161  INFO ControllerListenerManagerImpl:217 calling notifyIterationEnds on org.matsim.analysis.ModeStatsControllerListener with priority 0.0
2025-10-07T13:35:52,226  INFO ModeStatsControllerListener:132 Mode shares over all 168222.0 trips found. MainModeIdentifier: class org.matsim.core.router.DefaultAnalysisMainModeIdentifier
2025-10-07T13:35:52,226  INFO ModeStatsControllerListener:139 -- mode share of mode car = 0.7818121292102104
2025-10-07T13:35:52,226  INFO ModeStatsControllerListener:139 -- mode share of mode pt = 0.18883380295086255
2025-10-07T13:35:52,226  INFO ModeStatsControllerListener:139 -- mode share of mode walk = 0.029354067838927134
2025-10-07T13:35:52,227  INFO ControllerListenerManagerImpl:217 calling notifyIterationEnds on org.matsim.analysis.ScoreStatsControlerListener with priority 0.0
2025-10-07T13:35:52,245  INFO ScoreStatsControlerListener:154 -- avg. score of the executed plan of each agent: -34.288488853064884
2025-10-07T13:35:52,246  INFO ScoreStatsControlerListener:155 -- avg. score of the worst plan of each agent: -34.288488853064884
2025-10-07T13:35:52,246  INFO ScoreStatsControlerListener:156 -- avg. of the avg. plan score per agent: -34.288488853064884
2025-10-07T13:35:52,246  INFO ScoreStatsControlerListener:157 -- avg. score of the best plan of each agent: -34.288488853064884
2025-10-07T13:35:52,248  INFO ControllerListenerManagerImpl:217 calling notifyIterationEnds on org.matsim.analysis.IterationTravelStatsControllerListener with priority 0.0
2025-10-07T13:35:52,296  INFO TravelDistanceStats:115 -- average leg distance per plan (executed plans only): 1036.3460037066318 meters
2025-10-07T13:35:52,296  INFO TravelDistanceStats:116 average leg distance per Person (executed plans only): 1880.9006615286894 meters (statistic on all 152656 legs which have a finite distance)
2025-10-07T13:35:52,296  INFO TravelDistanceStats:117 -- average trip distance per plan (executed plans only): 3991.7789345068522 meters
2025-10-07T13:35:52,296  INFO TravelDistanceStats:118 average trip distance per Person (executed plans only): 1266.8088014503621 meters (statistic on all 26693 trips which have a finite distance)
2025-10-07T13:35:52,296  INFO TravelDistanceStats:119 (TravelDistanceStats takes an average over all legs where the simulation reports travelled (network) distances
2025-10-07T13:35:52,296  INFO TravelDistanceStats:120 (and teleported legs whose route contains a distance.)
2025-10-07T13:35:53,183  INFO ActivityWriter:39 Writing all Activities to activitiescsv
2025-10-07T13:35:53,743  INFO ActivityWriter:59 ...done
2025-10-07T13:35:53,743  INFO ControllerListenerManagerImpl:217 calling notifyIterationEnds on org.matsim.analysis.LegTimesControllerListener with priority 0.0
2025-10-07T13:35:53,743  INFO EventsManagerImpl:164 removing Event-Handler: org.matsim.analysis.CalcLegTimes
2025-10-07T13:35:53,743  INFO EventsManagerImpl:164 removing Event-Handler: org.matsim.analysis.CalcLegTimes
2025-10-07T13:35:53,743  INFO ControllerListenerManagerImpl:217 calling notifyIterationEnds on org.matsim.analysis.LegHistogramListener with priority 0.0
2025-10-07T13:35:53,747  INFO LegHistogramListener:79 number of legs:	234015	100%
2025-10-07T13:35:53,747  INFO LegHistogramListener:86 number of car legs:	83779	35.8006965365468%
2025-10-07T13:35:53,747  INFO LegHistogramListener:86 number of pt legs:	19878	8.494327286712391%
2025-10-07T13:35:53,747  INFO LegHistogramListener:86 number of walk legs:	130358	55.70497617674081%
2025-10-07T13:35:54,136  INFO EventsManagerImpl:164 removing Event-Handler: org.matsim.analysis.LegHistogram
2025-10-07T13:35:54,136  INFO EventsManagerImpl:164 removing Event-Handler: org.matsim.analysis.LegHistogram
2025-10-07T13:35:54,136  INFO ControllerListenerManagerImpl:217 calling notifyIterationEnds on org.matsim.analysis.LinkStatsControllerListener with priority 0.0
2025-10-07T13:35:54,136  INFO ControllerListenerManagerImpl:221 [it.0] all ControllerIterationEndsListeners called.
2025-10-07T13:35:54,169  INFO AbstractController:184 ### ITERATION 0 ENDS
2025-10-07T13:35:54,169  INFO AbstractController:185 ###################################################
2025-10-07T13:35:54,169  INFO AbstractController:136 ###################################################
2025-10-07T13:35:54,169  INFO AbstractController:137 ### ITERATION 1 BEGINS
2025-10-07T13:35:54,169  INFO ControllerListenerManagerImpl:188 calling notifyIterationStarts on org.matsim.analysis.LegTimesControllerListener with priority 0.0
2025-10-07T13:35:54,169  INFO EventsManagerImpl:139 === Logging of event-handlers skipped ===
2025-10-07T13:35:54,169  INFO EventsManagerImpl:140 To enable debug output, set an environment variable i.e. export LOG_LEVEL='debug', or set log.setLogLevel(Level.DEBUG) in your run class.
2025-10-07T13:35:54,169  INFO EventsManagerImpl:210     > org.matsim.api.core.v01.events.PersonDepartureEvent
2025-10-07T13:35:54,169  INFO EventsManagerImpl:210     > org.matsim.api.core.v01.events.PersonArrivalEvent
2025-10-07T13:35:54,169  INFO EventsManagerImpl:210     > org.matsim.api.core.v01.events.ActivityEndEvent
2025-10-07T13:35:54,169  INFO EventsManagerImpl:210     > org.matsim.api.core.v01.events.ActivityStartEvent
2025-10-07T13:35:54,169  INFO EventsManagerImpl:139 === Logging of event-handlers skipped ===
2025-10-07T13:35:54,169  INFO EventsManagerImpl:140 To enable debug output, set an environment variable i.e. export LOG_LEVEL='debug', or set log.setLogLevel(Level.DEBUG) in your run class.
2025-10-07T13:35:54,169  INFO EventsManagerImpl:210     > org.matsim.api.core.v01.events.PersonDepartureEvent
2025-10-07T13:35:54,169  INFO EventsManagerImpl:210     > org.matsim.api.core.v01.events.PersonArrivalEvent
2025-10-07T13:35:54,169  INFO EventsManagerImpl:210     > org.matsim.api.core.v01.events.ActivityEndEvent
2025-10-07T13:35:54,169  INFO EventsManagerImpl:210     > org.matsim.api.core.v01.events.ActivityStartEvent
2025-10-07T13:35:54,169  INFO ControllerListenerManagerImpl:188 calling notifyIterationStarts on org.matsim.analysis.LegHistogramListener with priority 0.0
2025-10-07T13:35:54,169  INFO EventsManagerImpl:139 === Logging of event-handlers skipped ===
2025-10-07T13:35:54,169  INFO EventsManagerImpl:140 To enable debug output, set an environment variable i.e. export LOG_LEVEL='debug', or set log.setLogLevel(Level.DEBUG) in your run class.
2025-10-07T13:35:54,169  INFO EventsManagerImpl:210     > org.matsim.api.core.v01.events.PersonDepartureEvent
2025-10-07T13:35:54,169  INFO EventsManagerImpl:210     > org.matsim.api.core.v01.events.PersonArrivalEvent
2025-10-07T13:35:54,169  INFO EventsManagerImpl:210     > org.matsim.api.core.v01.events.PersonStuckEvent
2025-10-07T13:35:54,170  INFO EventsManagerImpl:139 === Logging of event-handlers skipped ===
2025-10-07T13:35:54,170  INFO EventsManagerImpl:140 To enable debug output, set an environment variable i.e. export LOG_LEVEL='debug', or set log.setLogLevel(Level.DEBUG) in your run class.
2025-10-07T13:35:54,170  INFO EventsManagerImpl:210     > org.matsim.api.core.v01.events.PersonDepartureEvent
2025-10-07T13:35:54,170  INFO EventsManagerImpl:210     > org.matsim.api.core.v01.events.PersonArrivalEvent
2025-10-07T13:35:54,170  INFO EventsManagerImpl:210     > org.matsim.api.core.v01.events.PersonStuckEvent
2025-10-07T13:35:54,170  INFO ControllerListenerManagerImpl:188 calling notifyIterationStarts on org.matsim.analysis.LinkStatsControllerListener with priority 0.0
2025-10-07T13:35:54,170  INFO ControllerListenerManagerImpl:188 calling notifyIterationStarts on org.matsim.core.replanning.ReplanningContextImpl with priority 0.0
2025-10-07T13:35:54,170  INFO ControllerListenerManagerImpl:188 calling notifyIterationStarts on org.matsim.core.scoring.ScoringFunctionsForPopulation$$Lambda/0x000000700138f5e0 with priority 0.0
2025-10-07T13:35:54,196  INFO ControllerListenerManagerImpl:188 calling notifyIterationStarts on org.matsim.core.scoring.ExperiencedPlansServiceImpl$1 with priority 0.0
2025-10-07T13:35:54,203  INFO ControllerListenerManagerImpl:191 [it.1] all ControllerIterationStartsListeners called.
2025-10-07T13:35:54,204  INFO ControllerListenerManagerImpl:267 calling notifyReplanning on org.matsim.core.controler.corelisteners.PlansReplanningImpl with priority 0.0
2025-10-07T13:35:54,205  INFO RandomizingTimeDistanceTravelDisutilityFactory:86  sigma: 3.0; resulting normalization: 0.011108996538242306
2025-10-07T13:35:54,206  INFO RandomizingTimeDistanceTravelDisutilityFactory:86  sigma: 3.0; resulting normalization: 0.011108996538242306
2025-10-07T13:35:54,208  INFO ChooseRandomLegModeForSubtour:137 Chain based modes: [car]
2025-10-07T13:35:54,208  INFO ChooseRandomLegModeForSubtour:137 Chain based modes: [car]
2025-10-07T13:35:54,209  WARN ExpBetaPlanChanger:102 Would make sense to revise this once more.  See comments in code.  kai, nov08
2025-10-07T13:35:54,271  INFO GenericPlanStrategyImpl:135 Plan-Strategy finished, 80674 plans handled. Strategy: ExpBetaPlanChanger
2025-10-07T13:35:54,271  INFO AbstractMultithreadedModule:142 [PlanRouter] starting 2 threads, handling 1129 plans
2025-10-07T13:35:54,272  INFO Counter:70 [PlanRouter] handled plan # 1
2025-10-07T13:35:54,272  INFO Counter:70 [PlanRouter] handled plan # 2
2025-10-07T13:35:54,272  INFO Counter:70 [PlanRouter] handled plan # 4
2025-10-07T13:35:54,272  INFO Counter:70 [PlanRouter] handled plan # 8
2025-10-07T13:35:54,273  INFO Counter:70 [PlanRouter] handled plan # 16
2025-10-07T13:35:54,273  INFO Counter:70 [PlanRouter] handled plan # 32
2025-10-07T13:35:54,274  INFO Counter:70 [PlanRouter] handled plan # 64
2025-10-07T13:35:54,275  INFO Counter:70 [PlanRouter] handled plan # 128
2025-10-07T13:35:54,278  INFO Counter:70 [PlanRouter] handled plan # 256
2025-10-07T13:35:54,283  INFO Counter:70 [PlanRouter] handled plan # 512
2025-10-07T13:35:54,293  INFO Counter:70 [PlanRouter] handled plan # 1024
2025-10-07T13:35:54,296  INFO AbstractMultithreadedModule:157 [PlanRouter] all 2 threads finished.
2025-10-07T13:35:54,296  INFO GenericPlanStrategyImpl:135 Plan-Strategy finished, 1129 plans handled. Strategy: RandomPlanSelector_ReRoute
2025-10-07T13:35:54,296  INFO AbstractMultithreadedModule:142 [ChooseRandomLegModeForSubtour] starting 2 threads, handling 1147 plans
2025-10-07T13:35:54,297  INFO Counter:70 [ChooseRandomLegModeForSubtour] handled plan # 1
2025-10-07T13:35:54,297  INFO Counter:70 [ChooseRandomLegModeForSubtour] handled plan # 2
2025-10-07T13:35:54,297  INFO Counter:70 [ChooseRandomLegModeForSubtour] handled plan # 4
2025-10-07T13:35:54,297  INFO Counter:70 [ChooseRandomLegModeForSubtour] handled plan # 8
2025-10-07T13:35:54,297  INFO Counter:70 [ChooseRandomLegModeForSubtour] handled plan # 16
2025-10-07T13:35:54,298  INFO Counter:70 [ChooseRandomLegModeForSubtour] handled plan # 32
2025-10-07T13:35:54,298  INFO Counter:70 [ChooseRandomLegModeForSubtour] handled plan # 64
2025-10-07T13:35:54,299  INFO Counter:70 [ChooseRandomLegModeForSubtour] handled plan # 128
2025-10-07T13:35:54,301  INFO Counter:70 [ChooseRandomLegModeForSubtour] handled plan # 256
2025-10-07T13:35:54,303  INFO Counter:70 [ChooseRandomLegModeForSubtour] handled plan # 512
2025-10-07T13:35:54,307  INFO Counter:70 [ChooseRandomLegModeForSubtour] handled plan # 1024
2025-10-07T13:35:54,308  INFO AbstractMultithreadedModule:157 [ChooseRandomLegModeForSubtour] all 2 threads finished.
2025-10-07T13:35:54,308  INFO RandomizingTimeDistanceTravelDisutilityFactory:86  sigma: 3.0; resulting normalization: 0.011108996538242306
2025-10-07T13:35:54,308  INFO RandomizingTimeDistanceTravelDisutilityFactory:86  sigma: 3.0; resulting normalization: 0.011108996538242306
2025-10-07T13:35:54,309  INFO AbstractMultithreadedModule:142 [PlanRouter] starting 2 threads, handling 1147 plans
2025-10-07T13:35:54,309  INFO Counter:70 [PlanRouter] handled plan # 2
2025-10-07T13:35:54,309  INFO Counter:70 [PlanRouter] handled plan # 1
2025-10-07T13:35:54,309  INFO Counter:70 [PlanRouter] handled plan # 4
2025-10-07T13:35:54,309  INFO Counter:70 [PlanRouter] handled plan # 8
2025-10-07T13:35:54,309  INFO Counter:70 [PlanRouter] handled plan # 16
2025-10-07T13:35:54,310  INFO Counter:70 [PlanRouter] handled plan # 32
2025-10-07T13:35:54,310  INFO Counter:70 [PlanRouter] handled plan # 64
2025-10-07T13:35:54,310  INFO Counter:70 [PlanRouter] handled plan # 128
2025-10-07T13:35:54,312  INFO Counter:70 [PlanRouter] handled plan # 256
2025-10-07T13:35:54,314  INFO Counter:70 [PlanRouter] handled plan # 512
2025-10-07T13:35:54,318  INFO Counter:70 [PlanRouter] handled plan # 1024
2025-10-07T13:35:54,319  INFO AbstractMultithreadedModule:157 [PlanRouter] all 2 threads finished.
2025-10-07T13:35:54,319  INFO GenericPlanStrategyImpl:135 Plan-Strategy finished, 1147 plans handled. Strategy: RandomPlanSelector_SubtourModeChoice_ReRoute
2025-10-07T13:35:54,319  INFO AbstractMultithreadedModule:142 [MutateActivityTimeAllocation] starting 2 threads, handling 1161 plans
2025-10-07T13:35:54,319  INFO Counter:70 [MutateActivityTimeAllocation] handled plan # 1
2025-10-07T13:35:54,319  INFO Counter:70 [MutateActivityTimeAllocation] handled plan # 2
2025-10-07T13:35:54,319  INFO Counter:70 [MutateActivityTimeAllocation] handled plan # 4
2025-10-07T13:35:54,319  INFO Counter:70 [MutateActivityTimeAllocation] handled plan # 8
2025-10-07T13:35:54,319  INFO Counter:70 [MutateActivityTimeAllocation] handled plan # 16
2025-10-07T13:35:54,320  INFO Counter:70 [MutateActivityTimeAllocation] handled plan # 32
2025-10-07T13:35:54,320  INFO Counter:70 [MutateActivityTimeAllocation] handled plan # 64
2025-10-07T13:35:54,320  INFO Counter:70 [MutateActivityTimeAllocation] handled plan # 128
2025-10-07T13:35:54,320  INFO Counter:70 [MutateActivityTimeAllocation] handled plan # 256
2025-10-07T13:35:54,321  INFO Counter:70 [MutateActivityTimeAllocation] handled plan # 512
2025-10-07T13:35:54,321  INFO Counter:70 [MutateActivityTimeAllocation] handled plan # 1024
2025-10-07T13:35:54,322  INFO AbstractMultithreadedModule:157 [MutateActivityTimeAllocation] all 2 threads finished.
2025-10-07T13:35:54,322  INFO GenericPlanStrategyImpl:135 Plan-Strategy finished, 1161 plans handled. Strategy: RandomPlanSelector_TimeAllocationMutatorModule
2025-10-07T13:35:54,322  INFO ControllerListenerManagerImpl:276 [it.1] all ControllerReplanningListeners called.
2025-10-07T13:35:54,322  INFO ControllerListenerManagerImpl:293 calling notifyBeforeMobsim on org.matsim.core.controler.corelisteners.EventsHandlingImpl with priority 0.0
2025-10-07T13:35:54,322  INFO EventsManagerImpl:173 resetting Event-Handlers
2025-10-07T13:35:54,322  INFO EventsManagerImpl:180   org.matsim.core.trafficmonitoring.TravelTimeCalculator
2025-10-07T13:35:54,322  INFO EventsManagerImpl:180   org.matsim.analysis.VolumesAnalyzer
2025-10-07T13:35:54,322  INFO EventsManagerImpl:180   org.matsim.core.scoring.ScoringFunctionsForPopulation
2025-10-07T13:35:54,323  INFO EventsManagerImpl:180   ch.sbb.matsim.routing.pt.raptor.SwissRailRaptorFactory$$Lambda/0x00000070013d6958
2025-10-07T13:35:54,323  INFO EventsManagerImpl:180   org.matsim.analysis.CalcLegTimes
2025-10-07T13:35:54,323  INFO EventsManagerImpl:180   org.matsim.analysis.LegHistogram
2025-10-07T13:35:54,324  INFO EventsManagerImpl:139 === Logging of event-handlers skipped ===
2025-10-07T13:35:54,324  INFO EventsManagerImpl:140 To enable debug output, set an environment variable i.e. export LOG_LEVEL='debug', or set log.setLogLevel(Level.DEBUG) in your run class.
2025-10-07T13:35:54,324  INFO EventsManagerImpl:210     > org.matsim.api.core.v01.events.Event
2025-10-07T13:35:54,324  INFO EventsManagerImpl:139 === Logging of event-handlers skipped ===
2025-10-07T13:35:54,324  INFO EventsManagerImpl:140 To enable debug output, set an environment variable i.e. export LOG_LEVEL='debug', or set log.setLogLevel(Level.DEBUG) in your run class.
2025-10-07T13:35:54,324  INFO EventsManagerImpl:210     > org.matsim.api.core.v01.events.Event
2025-10-07T13:35:54,324  INFO ControllerListenerManagerImpl:293 calling notifyBeforeMobsim on org.matsim.core.controler.corelisteners.PlansDumpingImpl with priority 0.0
2025-10-07T13:35:54,324  INFO PlansDumpingImpl:78 dumping plans...
2025-10-07T13:35:54,354  INFO Counter:70 [PopulationWriter] dumped person # 1
2025-10-07T13:35:54,354  INFO Counter:70 [PopulationWriter] dumped person # 2
2025-10-07T13:35:54,354  INFO Counter:70 [PopulationWriter] dumped person # 4
2025-10-07T13:35:54,354  INFO Counter:70 [PopulationWriter] dumped person # 8
2025-10-07T13:35:54,354  INFO Counter:70 [PopulationWriter] dumped person # 16
2025-10-07T13:35:54,354  INFO Counter:70 [PopulationWriter] dumped person # 32
2025-10-07T13:35:54,354  INFO Counter:70 [ParallelPopulationWriterV6] dumped person # 1
2025-10-07T13:35:54,354  INFO Counter:70 [PopulationWriter] dumped person # 64
2025-10-07T13:35:54,354  INFO Counter:70 [ParallelPopulationWriterV6] dumped person # 2
2025-10-07T13:35:54,354  INFO Counter:70 [PopulationWriter] dumped person # 128
2025-10-07T13:35:54,354  INFO Counter:70 [ParallelPopulationWriterV6] dumped person # 4
2025-10-07T13:35:54,354  INFO Counter:70 [PopulationWriter] dumped person # 256
2025-10-07T13:35:54,354  INFO Counter:70 [PopulationWriter] dumped person # 512
2025-10-07T13:35:54,354  INFO Counter:70 [ParallelPopulationWriterV6] dumped person # 8
2025-10-07T13:35:54,355  INFO Counter:70 [ParallelPopulationWriterV6] dumped person # 16
2025-10-07T13:35:54,355  INFO Counter:70 [PopulationWriter] dumped person # 1024
2025-10-07T13:35:54,356  INFO Counter:70 [ParallelPopulationWriterV6] dumped person # 32
2025-10-07T13:35:54,357  INFO Counter:70 [ParallelPopulationWriterV6] dumped person # 64
2025-10-07T13:35:54,359  INFO Counter:70 [ParallelPopulationWriterV6] dumped person # 128
2025-10-07T13:35:54,363  INFO Counter:70 [ParallelPopulationWriterV6] dumped person # 256
2025-10-07T13:35:54,372  INFO Counter:70 [ParallelPopulationWriterV6] dumped person # 512
2025-10-07T13:35:54,389  INFO Counter:70 [ParallelPopulationWriterV6] dumped person # 1024
2025-10-07T13:35:54,390  INFO Counter:70 [PopulationWriter] dumped person # 2048
2025-10-07T13:35:54,424  INFO Counter:70 [ParallelPopulationWriterV6] dumped person # 2048
2025-10-07T13:35:54,460  INFO Counter:70 [PopulationWriter] dumped person # 4096
2025-10-07T13:35:54,495  INFO Counter:70 [ParallelPopulationWriterV6] dumped person # 4096
2025-10-07T13:35:54,615  INFO Counter:70 [PopulationWriter] dumped person # 8192
2025-10-07T13:35:54,648  INFO Counter:70 [ParallelPopulationWriterV6] dumped person # 8192
2025-10-07T13:35:54,912  INFO Counter:70 [PopulationWriter] dumped person # 16384
2025-10-07T13:35:54,945  INFO Counter:70 [ParallelPopulationWriterV6] dumped person # 16384
2025-10-07T13:35:55,503  INFO Counter:70 [PopulationWriter] dumped person # 32768
2025-10-07T13:35:55,538  INFO Counter:70 [ParallelPopulationWriterV6] dumped person # 32768
2025-10-07T13:35:56,652  INFO Counter:70 [PopulationWriter] dumped person # 65536
2025-10-07T13:35:56,691  INFO Counter:70 [ParallelPopulationWriterV6] dumped person # 65536
2025-10-07T13:35:57,332  INFO Counter:75 [ParallelPopulationWriterV6] dumped person # 84111
2025-10-07T13:35:57,332  INFO PopulationWriter:150 Population written to: output3/ITERS/it.1/1.plans.xml.gz
2025-10-07T13:35:57,333  INFO Counter:75 [PopulationWriter] dumped person # 84111
2025-10-07T13:35:57,333  INFO PlansDumpingImpl:95 finished plans dump.
2025-10-07T13:35:57,333  INFO ControllerListenerManagerImpl:299 calling notifyBeforeMobsim on org.matsim.core.population.VspPlansCleaner with priority 0.0
2025-10-07T13:35:57,357  INFO ControllerListenerManagerImpl:302 [it.1] all ControlerBeforeMobsimListeners called.
2025-10-07T13:35:57,357  INFO PrepareForMobsimImpl:86 Network seems to be multimodal. Create car-only network which is handed over to PersonPrepareForSim.
2025-10-07T13:35:57,357  INFO NetworkImpl:165  node # 1
2025-10-07T13:35:57,357  INFO NetworkImpl:165  node # 4
2025-10-07T13:35:57,358  INFO NetworkImpl:165  node # 16
2025-10-07T13:35:57,358  INFO NetworkImpl:165  node # 64
2025-10-07T13:35:57,358  INFO NetworkImpl:165  node # 256
2025-10-07T13:35:57,358  INFO NetworkImpl:161  link # 1
2025-10-07T13:35:57,358  INFO NetworkImpl:161  link # 4
2025-10-07T13:35:57,358  INFO NetworkImpl:161  link # 16
2025-10-07T13:35:57,358  INFO NetworkImpl:161  link # 64
2025-10-07T13:35:57,358  INFO NetworkImpl:161  link # 256
2025-10-07T13:35:57,359  INFO RandomizingTimeDistanceTravelDisutilityFactory:86  sigma: 3.0; resulting normalization: 0.011108996538242306
2025-10-07T13:35:57,359  INFO RandomizingTimeDistanceTravelDisutilityFactory:86  sigma: 3.0; resulting normalization: 0.011108996538242306
2025-10-07T13:35:57,365  INFO Counter:70 [PersonPrepareForSim] handled person # 2
2025-10-07T13:35:57,365  INFO Counter:70 [PersonPrepareForSim] handled person # 1
2025-10-07T13:35:57,365  INFO Counter:70 [PersonPrepareForSim] handled person # 4
2025-10-07T13:35:57,365  INFO Counter:70 [PersonPrepareForSim] handled person # 8
2025-10-07T13:35:57,365  INFO Counter:70 [PersonPrepareForSim] handled person # 16
2025-10-07T13:35:57,365  INFO Counter:70 [PersonPrepareForSim] handled person # 32
2025-10-07T13:35:57,365  INFO Counter:70 [PersonPrepareForSim] handled person # 64
2025-10-07T13:35:57,366  INFO Counter:70 [PersonPrepareForSim] handled person # 128
2025-10-07T13:35:57,366  INFO Counter:70 [PersonPrepareForSim] handled person # 256
2025-10-07T13:35:57,367  INFO Counter:70 [PersonPrepareForSim] handled person # 512
2025-10-07T13:35:57,368  INFO Counter:70 [PersonPrepareForSim] handled person # 1024
2025-10-07T13:35:57,373  INFO Counter:70 [PersonPrepareForSim] handled person # 2048
2025-10-07T13:35:57,382  INFO Counter:70 [PersonPrepareForSim] handled person # 4096
2025-10-07T13:35:57,395  INFO Counter:70 [PersonPrepareForSim] handled person # 8192
2025-10-07T13:35:57,433  INFO Counter:70 [PersonPrepareForSim] handled person # 16384
2025-10-07T13:35:57,449  INFO Counter:70 [PersonPrepareForSim] handled person # 32768
2025-10-07T13:35:57,471  INFO Counter:70 [PersonPrepareForSim] handled person # 65536
2025-10-07T13:35:57,500  INFO Counter:75 [PersonPrepareForSim] handled person # 84111
2025-10-07T13:35:57,510  INFO MobsimListenerManager:50 calling addQueueSimulationListener
2025-10-07T13:35:57,510  INFO MobsimListenerManager:54   assigned class org.matsim.core.mobsim.framework.listeners.MobsimListener to interface org.matsim.core.mobsim.framework.listeners.MobsimInitializedListener
2025-10-07T13:35:57,510  INFO MobsimListenerManager:54   assigned class org.matsim.core.mobsim.framework.listeners.MobsimListener to interface org.matsim.vis.snapshotwriters.SnapshotWriterManager
2025-10-07T13:35:57,510  INFO MobsimListenerManager:54   assigned class org.matsim.core.mobsim.framework.listeners.MobsimListener to interface org.matsim.core.mobsim.framework.listeners.MobsimBeforeCleanupListener
2025-10-07T13:35:57,510  INFO MobsimListenerManager:54   assigned class org.matsim.core.mobsim.framework.listeners.MobsimListener to interface org.matsim.core.mobsim.framework.listeners.MobsimListener
2025-10-07T13:35:57,510  INFO MobsimListenerManager:54   assigned class org.matsim.core.mobsim.framework.listeners.MobsimListener to interface org.matsim.core.mobsim.framework.listeners.MobsimAfterSimStepListener
2025-10-07T13:35:57,510  INFO QSimProvider:131 Added MobsimEngine class org.matsim.core.mobsim.qsim.ActivityEngineDefaultImpl
2025-10-07T13:35:57,510  INFO QSimProvider:137 Added Activityhandler class org.matsim.core.mobsim.qsim.ActivityEngineDefaultImpl
2025-10-07T13:35:57,512  INFO QSimProvider:131 Added MobsimEngine class org.matsim.core.mobsim.qsim.qnetsimengine.QNetsimEngineWithThreadpool
2025-10-07T13:35:57,512  INFO QSimProvider:143 Added DepartureHandler class org.matsim.core.mobsim.qsim.qnetsimengine.NetworkModeDepartureHandlerDefaultImpl
2025-10-07T13:35:57,512  INFO QSimProvider:131 Added MobsimEngine class org.matsim.core.mobsim.qsim.DefaultTeleportationEngine
2025-10-07T13:35:57,512  INFO QSimProvider:143 Added DepartureHandler class org.matsim.core.mobsim.qsim.DefaultTeleportationEngine
2025-10-07T13:35:57,512  INFO QSimProvider:149 Added AgentSource class org.matsim.core.mobsim.qsim.agents.PopulationAgentSource
2025-10-07T13:35:57,512  INFO MobsimListenerManager:50 calling addQueueSimulationListener
2025-10-07T13:35:57,512  INFO MobsimListenerManager:54   assigned class org.matsim.core.mobsim.framework.listeners.MobsimListener to interface org.matsim.core.mobsim.qsim.messagequeueengine.MessageQueueEngine
2025-10-07T13:35:57,512  INFO MobsimListenerManager:54   assigned class org.matsim.core.mobsim.framework.listeners.MobsimListener to interface org.matsim.core.mobsim.framework.listeners.MobsimBeforeSimStepListener
2025-10-07T13:35:57,512  INFO MobsimListenerManager:54   assigned class org.matsim.core.mobsim.framework.listeners.MobsimListener to interface org.matsim.core.mobsim.framework.listeners.MobsimListener
2025-10-07T13:35:57,512  INFO QSimProvider:155 Added MobsimListener class org.matsim.core.mobsim.qsim.messagequeueengine.MessageQueueEngine
2025-10-07T13:35:57,512  INFO QSimProvider:131 Added MobsimEngine class org.matsim.core.mobsim.qsim.pt.TransitQSimEngine
2025-10-07T13:35:57,512  INFO QSimProvider:143 Added DepartureHandler class org.matsim.core.mobsim.qsim.pt.TransitQSimEngine
2025-10-07T13:35:57,512  INFO QSimProvider:149 Added AgentSource class org.matsim.core.mobsim.qsim.pt.TransitQSimEngine
2025-10-07T13:35:57,639  INFO ReconstructingUmlaufBuilder:131 Generating UmlaufStuecke ...
2025-10-07T13:35:57,639  INFO ReconstructingUmlaufBuilder:144 ... done generating UmlaufStuecke
2025-10-07T13:35:57,655  INFO AbstractQNetsimEngine:421 Assigned 282 nodes and 334 links to QSimEngineRunner #0
2025-10-07T13:35:57,690  INFO AbstractQNetsimEngine:359 SIMULATION (QNetsimEngine) AT 06:00:00 : #links=0 #nodes=10
2025-10-07T13:35:57,690  INFO QSim:552 SIMULATION (NEW QSim) AT 06:00:00 : #active agents=86151 lost=0 simT=0.0s realT=0s; (s/r): 0.0
2025-10-07T13:35:57,806  INFO AbstractQNetsimEngine:359 SIMULATION (QNetsimEngine) AT 07:00:00 : #links=144 #nodes=20
2025-10-07T13:35:57,807  INFO QSim:552 SIMULATION (NEW QSim) AT 07:00:00 : #active agents=86044 lost=0 simT=3600.0s realT=0s; (s/r): Infinity
2025-10-07T13:36:00,118  INFO AbstractQNetsimEngine:359 SIMULATION (QNetsimEngine) AT 08:00:00 : #links=242 #nodes=146
2025-10-07T13:36:00,119  INFO QSim:552 SIMULATION (NEW QSim) AT 08:00:00 : #active agents=85971 lost=0 simT=7200.0s realT=2s; (s/r): 3600.0
2025-10-07T13:36:01,021  INFO AbstractQNetsimEngine:359 SIMULATION (QNetsimEngine) AT 09:00:00 : #links=221 #nodes=120
2025-10-07T13:36:01,021  INFO QSim:552 SIMULATION (NEW QSim) AT 09:00:00 : #active agents=85958 lost=0 simT=10800.0s realT=3s; (s/r): 3600.0
2025-10-07T13:36:01,934  INFO AbstractQNetsimEngine:359 SIMULATION (QNetsimEngine) AT 10:00:00 : #links=204 #nodes=87
2025-10-07T13:36:01,935  INFO QSim:552 SIMULATION (NEW QSim) AT 10:00:00 : #active agents=85593 lost=0 simT=14400.0s realT=4s; (s/r): 3600.0
2025-10-07T13:36:02,587  INFO AbstractQNetsimEngine:359 SIMULATION (QNetsimEngine) AT 11:00:00 : #links=183 #nodes=75
2025-10-07T13:36:02,587  INFO QSim:552 SIMULATION (NEW QSim) AT 11:00:00 : #active agents=84429 lost=0 simT=18000.0s realT=5s; (s/r): 3600.0
2025-10-07T13:36:02,960  INFO EventsManagerImpl:116  event # 4194304
2025-10-07T13:36:03,096  INFO AbstractQNetsimEngine:359 SIMULATION (QNetsimEngine) AT 12:00:00 : #links=163 #nodes=55
2025-10-07T13:36:03,096  INFO QSim:552 SIMULATION (NEW QSim) AT 12:00:00 : #active agents=82736 lost=0 simT=21600.0s realT=5s; (s/r): 4320.0
2025-10-07T13:36:03,496  INFO AbstractQNetsimEngine:359 SIMULATION (QNetsimEngine) AT 13:00:00 : #links=150 #nodes=54
2025-10-07T13:36:03,497  INFO QSim:552 SIMULATION (NEW QSim) AT 13:00:00 : #active agents=81423 lost=0 simT=25200.0s realT=5s; (s/r): 5040.0
2025-10-07T13:36:03,828  INFO AbstractQNetsimEngine:359 SIMULATION (QNetsimEngine) AT 14:00:00 : #links=146 #nodes=57
2025-10-07T13:36:03,828  INFO QSim:552 SIMULATION (NEW QSim) AT 14:00:00 : #active agents=80280 lost=0 simT=28800.0s realT=6s; (s/r): 4800.0
2025-10-07T13:36:04,143  INFO AbstractQNetsimEngine:359 SIMULATION (QNetsimEngine) AT 15:00:00 : #links=158 #nodes=63
2025-10-07T13:36:04,143  INFO QSim:552 SIMULATION (NEW QSim) AT 15:00:00 : #active agents=79202 lost=0 simT=32400.0s realT=6s; (s/r): 5400.0
2025-10-07T13:36:04,497  INFO AbstractQNetsimEngine:359 SIMULATION (QNetsimEngine) AT 16:00:00 : #links=145 #nodes=62
2025-10-07T13:36:04,497  INFO QSim:552 SIMULATION (NEW QSim) AT 16:00:00 : #active agents=78231 lost=0 simT=36000.0s realT=6s; (s/r): 6000.0
2025-10-07T13:36:04,888  INFO AbstractQNetsimEngine:359 SIMULATION (QNetsimEngine) AT 17:00:00 : #links=200 #nodes=72
2025-10-07T13:36:04,888  INFO QSim:552 SIMULATION (NEW QSim) AT 17:00:00 : #active agents=77078 lost=0 simT=39600.0s realT=7s; (s/r): 5657.142857142857
2025-10-07T13:36:06,550  INFO AbstractQNetsimEngine:359 SIMULATION (QNetsimEngine) AT 18:00:00 : #links=231 #nodes=128
2025-10-07T13:36:06,551  INFO QSim:552 SIMULATION (NEW QSim) AT 18:00:00 : #active agents=69566 lost=0 simT=43200.0s realT=9s; (s/r): 4800.0
2025-10-07T13:36:07,226  INFO AbstractQNetsimEngine:359 SIMULATION (QNetsimEngine) AT 19:00:00 : #links=212 #nodes=112
2025-10-07T13:36:07,226  INFO QSim:552 SIMULATION (NEW QSim) AT 19:00:00 : #active agents=62241 lost=0 simT=46800.0s realT=9s; (s/r): 5200.0
2025-10-07T13:36:07,669  INFO AbstractQNetsimEngine:359 SIMULATION (QNetsimEngine) AT 20:00:00 : #links=163 #nodes=103
2025-10-07T13:36:07,669  INFO QSim:552 SIMULATION (NEW QSim) AT 20:00:00 : #active agents=59501 lost=0 simT=50400.0s realT=10s; (s/r): 5040.0
2025-10-07T13:36:07,984  INFO AbstractQNetsimEngine:359 SIMULATION (QNetsimEngine) AT 21:00:00 : #links=153 #nodes=111
2025-10-07T13:36:07,984  INFO QSim:552 SIMULATION (NEW QSim) AT 21:00:00 : #active agents=58697 lost=0 simT=54000.0s realT=10s; (s/r): 5400.0
2025-10-07T13:36:08,195  INFO AbstractQNetsimEngine:359 SIMULATION (QNetsimEngine) AT 22:00:00 : #links=126 #nodes=106
2025-10-07T13:36:08,195  INFO QSim:552 SIMULATION (NEW QSim) AT 22:00:00 : #active agents=57877 lost=0 simT=57600.0s realT=10s; (s/r): 5760.0
2025-10-07T13:36:08,365  INFO AbstractQNetsimEngine:359 SIMULATION (QNetsimEngine) AT 23:00:00 : #links=126 #nodes=97
2025-10-07T13:36:08,365  INFO QSim:552 SIMULATION (NEW QSim) AT 23:00:00 : #active agents=57778 lost=0 simT=61200.0s realT=10s; (s/r): 6120.0
2025-10-07T13:36:08,523  INFO AbstractQNetsimEngine:359 SIMULATION (QNetsimEngine) AT 24:00:00 : #links=123 #nodes=97
2025-10-07T13:36:08,523  INFO QSim:552 SIMULATION (NEW QSim) AT 24:00:00 : #active agents=57665 lost=0 simT=64800.0s realT=11s; (s/r): 5890.909090909091
2025-10-07T13:36:08,677  INFO AbstractQNetsimEngine:359 SIMULATION (QNetsimEngine) AT 25:00:00 : #links=121 #nodes=97
2025-10-07T13:36:08,677  INFO QSim:552 SIMULATION (NEW QSim) AT 25:00:00 : #active agents=57602 lost=0 simT=68400.0s realT=11s; (s/r): 6218.181818181818
2025-10-07T13:36:08,833  INFO AbstractQNetsimEngine:359 SIMULATION (QNetsimEngine) AT 26:00:00 : #links=121 #nodes=97
2025-10-07T13:36:08,833  INFO QSim:552 SIMULATION (NEW QSim) AT 26:00:00 : #active agents=57577 lost=0 simT=72000.0s realT=11s; (s/r): 6545.454545454545
2025-10-07T13:36:08,997  INFO AbstractQNetsimEngine:359 SIMULATION (QNetsimEngine) AT 27:00:00 : #links=121 #nodes=97
2025-10-07T13:36:08,998  INFO QSim:552 SIMULATION (NEW QSim) AT 27:00:00 : #active agents=57557 lost=0 simT=75600.0s realT=11s; (s/r): 6872.727272727273
2025-10-07T13:36:09,150  INFO AbstractQNetsimEngine:359 SIMULATION (QNetsimEngine) AT 28:00:00 : #links=122 #nodes=97
2025-10-07T13:36:09,150  INFO QSim:552 SIMULATION (NEW QSim) AT 28:00:00 : #active agents=57540 lost=0 simT=79200.0s realT=11s; (s/r): 7200.0
2025-10-07T13:36:09,305  INFO AbstractQNetsimEngine:359 SIMULATION (QNetsimEngine) AT 29:00:00 : #links=122 #nodes=97
2025-10-07T13:36:09,305  INFO QSim:552 SIMULATION (NEW QSim) AT 29:00:00 : #active agents=57519 lost=0 simT=82800.0s realT=11s; (s/r): 7527.272727272727
2025-10-07T13:36:09,458  INFO AbstractQNetsimEngine:359 SIMULATION (QNetsimEngine) AT 30:00:00 : #links=120 #nodes=96
2025-10-07T13:36:09,458  INFO QSim:552 SIMULATION (NEW QSim) AT 30:00:00 : #active agents=57488 lost=0 simT=86400.0s realT=11s; (s/r): 7854.545454545455
2025-10-07T13:36:09,568  INFO AbstractController$9:237 ### ITERATION 1 fires after mobsim event
2025-10-07T13:36:09,568  INFO Gbl:196 Thread performance: Thread=class org.matsim.core.events.SimStepParallelEventsManagerImpl$ProcessEventsRunnable0  cpu-time=8.535784sec
2025-10-07T13:36:09,568  INFO ControllerListenerManagerImpl:324 calling notifyAfterMobsim on org.matsim.analysis.LegTimesControllerListener with priority 0.0
2025-10-07T13:36:09,569  INFO LegTimesControllerListener:73 [1] average leg duration is: 1287 seconds = 00:21:27
2025-10-07T13:36:09,569  INFO ControllerListenerManagerImpl:324 calling notifyAfterMobsim on org.matsim.core.events.MobsimScopeEventHandling with priority 0.0
2025-10-07T13:36:09,569  INFO ControllerListenerManagerImpl:324 calling notifyAfterMobsim on org.matsim.core.scoring.EventsToActivities$1 with priority 0.0
2025-10-07T13:36:09,584  INFO ControllerListenerManagerImpl:327 [it.1] all ControllerAfterMobsimListeners called.
2025-10-07T13:36:09,584  INFO AbstractController$4:162 ### ITERATION 1 fires scoring event
2025-10-07T13:36:09,584  INFO ControllerListenerManagerImpl:238 calling notifyScoring on org.matsim.core.scoring.PlansScoringImpl with priority 0.0
2025-10-07T13:36:09,612  INFO NewScoreAssignerImpl:60 it: 1 msaStart: null
2025-10-07T13:36:09,632  INFO ControllerListenerManagerImpl:250 [it.1] all ControllerScoringListeners called.
2025-10-07T13:36:09,632  INFO AbstractController$5:170 ### ITERATION 1 fires iteration end event
2025-10-07T13:36:09,632  INFO ControllerListenerManagerImpl:209 calling notifyIterationEnds on org.matsim.core.controler.corelisteners.EventsHandlingImpl with priority 0.0
2025-10-07T13:36:09,632  INFO EventsManagerImpl:164 removing Event-Handler: org.matsim.core.events.algorithms.EventWriterXML
2025-10-07T13:36:09,633  INFO EventsManagerImpl:164 removing Event-Handler: org.matsim.core.events.algorithms.EventWriterXML
2025-10-07T13:36:09,633  INFO ControllerListenerManagerImpl:209 calling notifyIterationEnds on org.matsim.core.scoring.PlansScoringImpl with priority 0.0
2025-10-07T13:36:09,647  INFO PopulationImpl:111  person # 1
2025-10-07T13:36:09,648  INFO PopulationImpl:111  person # 4
2025-10-07T13:36:09,648  INFO PopulationImpl:111  person # 16
2025-10-07T13:36:09,648  INFO PopulationImpl:111  person # 64
2025-10-07T13:36:09,648  INFO PopulationImpl:111  person # 256
2025-10-07T13:36:09,648  INFO PopulationImpl:111  person # 1024
2025-10-07T13:36:09,648  INFO PopulationImpl:111  person # 4096
2025-10-07T13:36:09,651  INFO PopulationImpl:111  person # 16384
2025-10-07T13:36:09,656  INFO PopulationImpl:111  person # 65536
2025-10-07T13:36:09,682  INFO Counter:70 [PopulationWriter] dumped person # 1
2025-10-07T13:36:09,683  INFO Counter:70 [PopulationWriter] dumped person # 2
2025-10-07T13:36:09,683  INFO Counter:70 [PopulationWriter] dumped person # 4
2025-10-07T13:36:09,683  INFO Counter:70 [PopulationWriter] dumped person # 8
2025-10-07T13:36:09,683  INFO Counter:70 [PopulationWriter] dumped person # 16
2025-10-07T13:36:09,683  INFO Counter:70 [PopulationWriter] dumped person # 32
2025-10-07T13:36:09,683  INFO Counter:70 [PopulationWriter] dumped person # 64
2025-10-07T13:36:09,683  INFO Counter:70 [PopulationWriter] dumped person # 128
2025-10-07T13:36:09,683  INFO Counter:70 [PopulationWriter] dumped person # 256
2025-10-07T13:36:09,683  INFO Counter:70 [PopulationWriter] dumped person # 512
2025-10-07T13:36:09,683  WARN ObjectAttributesConverter:96 No AttributeConverter found for class org.matsim.api.core.v01.Id$IdImpl. Not all attribute values can be converted.
2025-10-07T13:36:09,683  WARN ObjectAttributesConverter:96 No AttributeConverter found for class org.matsim.api.core.v01.Id$IdImpl. Not all attribute values can be converted.
2025-10-07T13:36:09,683  INFO Counter:70 [ParallelPopulationWriterV6] dumped person # 1
2025-10-07T13:36:09,683  INFO Counter:70 [ParallelPopulationWriterV6] dumped person # 2
2025-10-07T13:36:09,683  INFO Counter:70 [ParallelPopulationWriterV6] dumped person # 4
2025-10-07T13:36:09,684  INFO Counter:70 [ParallelPopulationWriterV6] dumped person # 8
2025-10-07T13:36:09,684  INFO Counter:70 [ParallelPopulationWriterV6] dumped person # 16
2025-10-07T13:36:09,684  INFO Counter:70 [PopulationWriter] dumped person # 1024
2025-10-07T13:36:09,684  INFO Counter:70 [ParallelPopulationWriterV6] dumped person # 32
2025-10-07T13:36:09,685  INFO Counter:70 [ParallelPopulationWriterV6] dumped person # 64
2025-10-07T13:36:09,687  INFO Counter:70 [ParallelPopulationWriterV6] dumped person # 128
2025-10-07T13:36:09,691  INFO Counter:70 [ParallelPopulationWriterV6] dumped person # 256
2025-10-07T13:36:09,699  INFO Counter:70 [ParallelPopulationWriterV6] dumped person # 512
2025-10-07T13:36:09,715  INFO Counter:70 [ParallelPopulationWriterV6] dumped person # 1024
2025-10-07T13:36:09,716  INFO Counter:70 [PopulationWriter] dumped person # 2048
2025-10-07T13:36:09,747  INFO Counter:70 [ParallelPopulationWriterV6] dumped person # 2048
2025-10-07T13:36:09,778  INFO Counter:70 [PopulationWriter] dumped person # 4096
2025-10-07T13:36:09,795  INFO Counter:70 [ParallelPopulationWriterV6] dumped person # 4096
2025-10-07T13:36:09,843  INFO Counter:70 [PopulationWriter] dumped person # 8192
2025-10-07T13:36:09,856  INFO Counter:70 [ParallelPopulationWriterV6] dumped person # 8192
2025-10-07T13:36:10,023  INFO Counter:70 [PopulationWriter] dumped person # 16384
2025-10-07T13:36:10,041  INFO Counter:70 [ParallelPopulationWriterV6] dumped person # 16384
2025-10-07T13:36:10,533  INFO Counter:70 [PopulationWriter] dumped person # 32768
2025-10-07T13:36:10,564  INFO Counter:70 [ParallelPopulationWriterV6] dumped person # 32768
2025-10-07T13:36:11,301  INFO Counter:70 [PopulationWriter] dumped person # 65536
2025-10-07T13:36:11,329  INFO Counter:70 [ParallelPopulationWriterV6] dumped person # 65536
2025-10-07T13:36:11,885  INFO Counter:75 [ParallelPopulationWriterV6] dumped person # 84111
2025-10-07T13:36:11,885  INFO PopulationWriter:150 Population written to: output3/ITERS/it.1/1.experienced_plans.xml.gz
2025-10-07T13:36:11,886  INFO Counter:75 [PopulationWriter] dumped person # 84111
2025-10-07T13:36:12,396  INFO ControllerListenerManagerImpl:217 calling notifyIterationEnds on org.matsim.counts.CountsControllerListener with priority 0.0
2025-10-07T13:36:12,396  INFO ControllerListenerManagerImpl:217 calling notifyIterationEnds on org.matsim.analysis.ModeChoiceCoverageControllerListener with priority 0.0
2025-10-07T13:36:12,482  INFO ModeChoiceCoverageControllerListener:144 -- mode choice coverage (1x) of mode car = 0.7818121292102104
2025-10-07T13:36:12,482  INFO ModeChoiceCoverageControllerListener:144 -- mode choice coverage (1x) of mode pt = 0.1936488687567619
2025-10-07T13:36:12,482  INFO ModeChoiceCoverageControllerListener:144 -- mode choice coverage (1x) of mode walk = 0.03786068409601598
2025-10-07T13:36:12,482  INFO ModeChoiceCoverageControllerListener:144 -- mode choice coverage (5x) of mode car = 0.0
2025-10-07T13:36:12,482  INFO ModeChoiceCoverageControllerListener:144 -- mode choice coverage (5x) of mode pt = 0.0
2025-10-07T13:36:12,482  INFO ModeChoiceCoverageControllerListener:144 -- mode choice coverage (5x) of mode walk = 0.0
2025-10-07T13:36:12,482  INFO ModeChoiceCoverageControllerListener:144 -- mode choice coverage (10x) of mode car = 0.0
2025-10-07T13:36:12,482  INFO ModeChoiceCoverageControllerListener:144 -- mode choice coverage (10x) of mode pt = 0.0
2025-10-07T13:36:12,482  INFO ModeChoiceCoverageControllerListener:144 -- mode choice coverage (10x) of mode walk = 0.0
2025-10-07T13:36:12,546  INFO ControllerListenerManagerImpl:217 calling notifyIterationEnds on org.matsim.analysis.ModeStatsControllerListener with priority 0.0
2025-10-07T13:36:12,604  INFO ModeStatsControllerListener:132 Mode shares over all 168222.0 trips found. MainModeIdentifier: class org.matsim.core.router.DefaultAnalysisMainModeIdentifier
2025-10-07T13:36:12,604  INFO ModeStatsControllerListener:139 -- mode share of mode car = 0.7708742019474266
2025-10-07T13:36:12,604  INFO ModeStatsControllerListener:139 -- mode share of mode pt = 0.1912651139565574
2025-10-07T13:36:12,604  INFO ModeStatsControllerListener:139 -- mode share of mode walk = 0.03786068409601598
2025-10-07T13:36:12,643  INFO ControllerListenerManagerImpl:217 calling notifyIterationEnds on org.matsim.analysis.ScoreStatsControlerListener with priority 0.0
2025-10-07T13:36:12,657  INFO ScoreStatsControlerListener:154 -- avg. score of the executed plan of each agent: -16.802421508493875
2025-10-07T13:36:12,657  INFO ScoreStatsControlerListener:155 -- avg. score of the worst plan of each agent: -17.86110802993493
2025-10-07T13:36:12,657  INFO ScoreStatsControlerListener:156 -- avg. of the avg. plan score per agent: -17.315651982812753
2025-10-07T13:36:12,657  INFO ScoreStatsControlerListener:157 -- avg. score of the best plan of each agent: -16.770195935690648
2025-10-07T13:36:12,679  INFO ControllerListenerManagerImpl:217 calling notifyIterationEnds on org.matsim.analysis.IterationTravelStatsControllerListener with priority 0.0
2025-10-07T13:36:12,717  INFO TravelDistanceStats:115 -- average leg distance per plan (executed plans only): 1439.5990382219181 meters
2025-10-07T13:36:12,717  INFO TravelDistanceStats:116 average leg distance per Person (executed plans only): 5681.273858940056 meters (statistic on all 331938 legs which have a finite distance)
2025-10-07T13:36:12,717  INFO TravelDistanceStats:117 -- average trip distance per plan (executed plans only): 4856.059994463928 meters
2025-10-07T13:36:12,717  INFO TravelDistanceStats:118 average trip distance per Person (executed plans only): 5305.172366174345 meters (statistic on all 91890 trips which have a finite distance)
2025-10-07T13:36:12,717  INFO TravelDistanceStats:119 (TravelDistanceStats takes an average over all legs where the simulation reports travelled (network) distances
2025-10-07T13:36:12,717  INFO TravelDistanceStats:120 (and teleported legs whose route contains a distance.)
2025-10-07T13:36:15,261  INFO ActivityWriter:39 Writing all Activities to activitiescsv
2025-10-07T13:36:16,120  INFO ActivityWriter:59 ...done
2025-10-07T13:36:16,120  INFO ControllerListenerManagerImpl:217 calling notifyIterationEnds on org.matsim.analysis.LegTimesControllerListener with priority 0.0
2025-10-07T13:36:16,120  INFO EventsManagerImpl:164 removing Event-Handler: org.matsim.analysis.CalcLegTimes
2025-10-07T13:36:16,120  INFO EventsManagerImpl:164 removing Event-Handler: org.matsim.analysis.CalcLegTimes
2025-10-07T13:36:16,120  INFO ControllerListenerManagerImpl:217 calling notifyIterationEnds on org.matsim.analysis.LegHistogramListener with priority 0.0
2025-10-07T13:36:16,122  INFO LegHistogramListener:79 number of legs:	388429	100%
2025-10-07T13:36:16,122  INFO LegHistogramListener:86 number of car legs:	113802	29.298018428078233%
2025-10-07T13:36:16,122  INFO LegHistogramListener:86 number of pt legs:	34465	8.872921434805331%
2025-10-07T13:36:16,122  INFO LegHistogramListener:86 number of walk legs:	240162	61.829060137116436%
2025-10-07T13:36:16,246  INFO EventsManagerImpl:164 removing Event-Handler: org.matsim.analysis.LegHistogram
2025-10-07T13:36:16,246  INFO EventsManagerImpl:164 removing Event-Handler: org.matsim.analysis.LegHistogram
2025-10-07T13:36:16,246  INFO ControllerListenerManagerImpl:217 calling notifyIterationEnds on org.matsim.analysis.LinkStatsControllerListener with priority 0.0
2025-10-07T13:36:16,246  INFO ControllerListenerManagerImpl:221 [it.1] all ControllerIterationEndsListeners called.
2025-10-07T13:36:16,274  INFO AbstractController:184 ### ITERATION 1 ENDS
2025-10-07T13:36:16,274  INFO AbstractController:185 ###################################################
2025-10-07T13:36:16,274  INFO MatsimRuntimeModifications:81 S H U T D O W N   ---   start shutdown.
2025-10-07T13:36:16,275  INFO ControllerListenerManagerImpl:155 calling notifyShutdown on org.matsim.core.controler.corelisteners.EventsHandlingImpl with priority 0.0
2025-10-07T13:36:16,275  INFO ControllerListenerManagerImpl:155 calling notifyShutdown on org.matsim.core.controler.corelisteners.DumpDataAtEndImpl with priority 0.0
2025-10-07T13:36:16,304  INFO Counter:70 [PopulationWriter] dumped person # 1
2025-10-07T13:36:16,304  INFO Counter:70 [PopulationWriter] dumped person # 2
2025-10-07T13:36:16,304  INFO Counter:70 [PopulationWriter] dumped person # 4
2025-10-07T13:36:16,304  INFO Counter:70 [PopulationWriter] dumped person # 8
2025-10-07T13:36:16,304  INFO Counter:70 [PopulationWriter] dumped person # 16
2025-10-07T13:36:16,304  INFO Counter:70 [ParallelPopulationWriterV6] dumped person # 1
2025-10-07T13:36:16,304  INFO Counter:70 [PopulationWriter] dumped person # 32
2025-10-07T13:36:16,304  INFO Counter:70 [ParallelPopulationWriterV6] dumped person # 2
2025-10-07T13:36:16,304  INFO Counter:70 [PopulationWriter] dumped person # 64
2025-10-07T13:36:16,304  INFO Counter:70 [ParallelPopulationWriterV6] dumped person # 4
2025-10-07T13:36:16,304  INFO Counter:70 [PopulationWriter] dumped person # 128
2025-10-07T13:36:16,304  INFO Counter:70 [PopulationWriter] dumped person # 256
2025-10-07T13:36:16,304  INFO Counter:70 [PopulationWriter] dumped person # 512
2025-10-07T13:36:16,304  INFO Counter:70 [ParallelPopulationWriterV6] dumped person # 8
2025-10-07T13:36:16,305  INFO Counter:70 [ParallelPopulationWriterV6] dumped person # 16
2025-10-07T13:36:16,305  INFO Counter:70 [PopulationWriter] dumped person # 1024
2025-10-07T13:36:16,305  INFO Counter:70 [ParallelPopulationWriterV6] dumped person # 32
2025-10-07T13:36:16,306  INFO Counter:70 [ParallelPopulationWriterV6] dumped person # 64
2025-10-07T13:36:16,309  INFO Counter:70 [ParallelPopulationWriterV6] dumped person # 128
2025-10-07T13:36:16,313  INFO Counter:70 [ParallelPopulationWriterV6] dumped person # 256
2025-10-07T13:36:16,321  INFO Counter:70 [ParallelPopulationWriterV6] dumped person # 512
2025-10-07T13:36:16,338  INFO Counter:70 [ParallelPopulationWriterV6] dumped person # 1024
2025-10-07T13:36:16,338  INFO Counter:70 [PopulationWriter] dumped person # 2048
2025-10-07T13:36:16,371  INFO Counter:70 [ParallelPopulationWriterV6] dumped person # 2048
2025-10-07T13:36:16,405  INFO Counter:70 [PopulationWriter] dumped person # 4096
2025-10-07T13:36:16,437  INFO Counter:70 [ParallelPopulationWriterV6] dumped person # 4096
2025-10-07T13:36:16,546  INFO Counter:70 [PopulationWriter] dumped person # 8192
2025-10-07T13:36:16,580  INFO Counter:70 [ParallelPopulationWriterV6] dumped person # 8192
2025-10-07T13:36:16,842  INFO Counter:70 [PopulationWriter] dumped person # 16384
2025-10-07T13:36:16,875  INFO Counter:70 [ParallelPopulationWriterV6] dumped person # 16384
2025-10-07T13:36:17,431  INFO Counter:70 [PopulationWriter] dumped person # 32768
2025-10-07T13:36:17,466  INFO Counter:70 [ParallelPopulationWriterV6] dumped person # 32768
2025-10-07T13:36:18,574  INFO Counter:70 [PopulationWriter] dumped person # 65536
2025-10-07T13:36:18,609  INFO Counter:70 [ParallelPopulationWriterV6] dumped person # 65536
2025-10-07T13:36:19,239  INFO Counter:75 [ParallelPopulationWriterV6] dumped person # 84111
2025-10-07T13:36:19,239  INFO PopulationWriter:150 Population written to: output3/output_plans.xml.gz
2025-10-07T13:36:19,240  INFO Counter:75 [PopulationWriter] dumped person # 84111
2025-10-07T13:36:19,241  INFO NetworkWriter:70 Writing network to file: output3/output_network.xml.gz...
2025-10-07T13:36:19,245  INFO NetworkWriter:73 done.
2025-10-07T13:36:19,247  INFO Config:461 setting context to [file:/Users/Matteo/Library/CloudStorage/OneDrive-ETHZurich/0_Master_REIS/3_Semester/ABMT/U%CC%88bung/abmt25_own/]
2025-10-07T13:36:19,248  INFO Config:461 setting context to [file:/Users/Matteo/Library/CloudStorage/OneDrive-ETHZurich/0_Master_REIS/3_Semester/ABMT/U%CC%88bung/abmt25_own/]
2025-10-07T13:36:19,249  INFO Config:461 setting context to [file:/Users/Matteo/Library/CloudStorage/OneDrive-ETHZurich/0_Master_REIS/3_Semester/ABMT/U%CC%88bung/abmt25_own/]
2025-10-07T13:36:19,250  INFO Config:461 setting context to [file:/Users/Matteo/Library/CloudStorage/OneDrive-ETHZurich/0_Master_REIS/3_Semester/ABMT/U%CC%88bung/abmt25_own/]
2025-10-07T13:36:19,251  INFO Config:461 setting context to [file:/Users/Matteo/Library/CloudStorage/OneDrive-ETHZurich/0_Master_REIS/3_Semester/ABMT/U%CC%88bung/abmt25_own/]
2025-10-07T13:36:19,252  INFO Config:461 setting context to [file:/Users/Matteo/Library/CloudStorage/OneDrive-ETHZurich/0_Master_REIS/3_Semester/ABMT/U%CC%88bung/abmt25_own/]
2025-10-07T13:36:19,253  INFO Config:461 setting context to [file:/Users/Matteo/Library/CloudStorage/OneDrive-ETHZurich/0_Master_REIS/3_Semester/ABMT/U%CC%88bung/abmt25_own/]
2025-10-07T13:36:19,255  INFO Config:461 setting context to [file:/Users/Matteo/Library/CloudStorage/OneDrive-ETHZurich/0_Master_REIS/3_Semester/ABMT/U%CC%88bung/abmt25_own/]
2025-10-07T13:36:19,256  INFO Config:461 setting context to [file:/Users/Matteo/Library/CloudStorage/OneDrive-ETHZurich/0_Master_REIS/3_Semester/ABMT/U%CC%88bung/abmt25_own/]
2025-10-07T13:36:19,257  INFO Config:461 setting context to [file:/Users/Matteo/Library/CloudStorage/OneDrive-ETHZurich/0_Master_REIS/3_Semester/ABMT/U%CC%88bung/abmt25_own/]
2025-10-07T13:36:19,257  INFO Config:461 setting context to [file:/Users/Matteo/Library/CloudStorage/OneDrive-ETHZurich/0_Master_REIS/3_Semester/ABMT/U%CC%88bung/abmt25_own/]
2025-10-07T13:36:19,258  INFO Config:461 setting context to [file:/Users/Matteo/Library/CloudStorage/OneDrive-ETHZurich/0_Master_REIS/3_Semester/ABMT/U%CC%88bung/abmt25_own/]
2025-10-07T13:36:19,258  INFO Config:461 setting context to [file:/Users/Matteo/Library/CloudStorage/OneDrive-ETHZurich/0_Master_REIS/3_Semester/ABMT/U%CC%88bung/abmt25_own/]
2025-10-07T13:36:19,260  INFO Config:461 setting context to [file:/Users/Matteo/Library/CloudStorage/OneDrive-ETHZurich/0_Master_REIS/3_Semester/ABMT/U%CC%88bung/abmt25_own/]
2025-10-07T13:36:19,260  INFO Config:461 setting context to [file:/Users/Matteo/Library/CloudStorage/OneDrive-ETHZurich/0_Master_REIS/3_Semester/ABMT/U%CC%88bung/abmt25_own/]
2025-10-07T13:36:19,261  INFO Config:461 setting context to [file:/Users/Matteo/Library/CloudStorage/OneDrive-ETHZurich/0_Master_REIS/3_Semester/ABMT/U%CC%88bung/abmt25_own/]
2025-10-07T13:36:19,262  INFO Config:461 setting context to [file:/Users/Matteo/Library/CloudStorage/OneDrive-ETHZurich/0_Master_REIS/3_Semester/ABMT/U%CC%88bung/abmt25_own/]
2025-10-07T13:36:19,262  INFO Config:461 setting context to [file:/Users/Matteo/Library/CloudStorage/OneDrive-ETHZurich/0_Master_REIS/3_Semester/ABMT/U%CC%88bung/abmt25_own/]
2025-10-07T13:36:19,263  INFO Config:461 setting context to [file:/Users/Matteo/Library/CloudStorage/OneDrive-ETHZurich/0_Master_REIS/3_Semester/ABMT/U%CC%88bung/abmt25_own/]
2025-10-07T13:36:19,264  INFO Config:461 setting context to [file:/Users/Matteo/Library/CloudStorage/OneDrive-ETHZurich/0_Master_REIS/3_Semester/ABMT/U%CC%88bung/abmt25_own/]
2025-10-07T13:36:19,265  INFO Config:461 setting context to [file:/Users/Matteo/Library/CloudStorage/OneDrive-ETHZurich/0_Master_REIS/3_Semester/ABMT/U%CC%88bung/abmt25_own/]
2025-10-07T13:36:19,266  INFO Config:461 setting context to [file:/Users/Matteo/Library/CloudStorage/OneDrive-ETHZurich/0_Master_REIS/3_Semester/ABMT/U%CC%88bung/abmt25_own/]
2025-10-07T13:36:19,266  INFO Config:461 setting context to [file:/Users/Matteo/Library/CloudStorage/OneDrive-ETHZurich/0_Master_REIS/3_Semester/ABMT/U%CC%88bung/abmt25_own/]
2025-10-07T13:36:19,267  INFO Config:461 setting context to [file:/Users/Matteo/Library/CloudStorage/OneDrive-ETHZurich/0_Master_REIS/3_Semester/ABMT/U%CC%88bung/abmt25_own/]
2025-10-07T13:36:19,267  INFO Config:461 setting context to [file:/Users/Matteo/Library/CloudStorage/OneDrive-ETHZurich/0_Master_REIS/3_Semester/ABMT/U%CC%88bung/abmt25_own/]
2025-10-07T13:36:19,268  INFO Config:461 setting context to [file:/Users/Matteo/Library/CloudStorage/OneDrive-ETHZurich/0_Master_REIS/3_Semester/ABMT/U%CC%88bung/abmt25_own/]
2025-10-07T13:36:19,371  INFO TransitScheduleWriter:89 about to write transit schedule to: output3/output_transitSchedule.xml.gz
2025-10-07T13:36:19,378  INFO MatsimVehicleWriter:49 about to write vehicles to: output3/output_transitVehicles.xml.gz
2025-10-07T13:36:19,378  INFO VehicleWriterV2:64 about to write vehicles to: output3/output_transitVehicles.xml.gz
2025-10-07T13:36:19,382  INFO MatsimVehicleWriter:49 about to write vehicles to: output3/output_vehicles.xml.gz
2025-10-07T13:36:19,382  INFO VehicleWriterV2:64 about to write vehicles to: output3/output_vehicles.xml.gz
2025-10-07T13:36:19,532  INFO MatsimVehicleWriter:49 about to write vehicles to: output3/output_allVehicles.xml.gz
2025-10-07T13:36:19,532  INFO VehicleWriterV2:64 about to write vehicles to: output3/output_allVehicles.xml.gz
2025-10-07T13:36:19,624  INFO HouseholdsWriterV10:66 about to write  households to: output3/output_households.xml.gz
2025-10-07T13:36:19,625  INFO Counter:75 [HouseholdsWriter] wrote household # 0
2025-10-07T13:36:19,625  INFO CountsWriterV2:45 Write Counts to output3/output_counts.xml.gz
2025-10-07T13:36:19,632  INFO ControllerListenerManagerImpl:162 calling notifyShutdown on org.matsim.analysis.ModeChoiceCoverageControllerListener with priority 0.0
2025-10-07T13:36:19,632  INFO ControllerListenerManagerImpl:162 calling notifyShutdown on org.matsim.analysis.ScoreStatsControlerListener with priority 0.0
2025-10-07T13:36:19,632  INFO ControllerListenerManagerImpl:162 calling notifyShutdown on org.matsim.analysis.IterationTravelStatsControllerListener with priority 0.0
2025-10-07T13:36:19,632  INFO PersonWriter:36 Writing all Persons to personscsv
2025-10-07T13:36:20,025  INFO PersonWriter:54 ...done
2025-10-07T13:36:20,025  INFO ControllerListenerManagerImpl:162 calling notifyShutdown on org.matsim.analysis.LinkStatsControllerListener with priority 0.0
2025-10-07T13:36:20,030  INFO ControllerListenerManagerImpl:165 all ControlerShutdownListeners called.
2025-10-07T13:36:20,030  INFO MatsimRuntimeModifications:104 S H U T D O W N   ---   shutdown completed.
2025-10-07T13:36:20,030  INFO OutputDirectoryLogging:173 closing the logfile, i.e. messages sent to the logger after this message are not written to the logfile.
