2025-09-26T14:41:57,451  INFO Gbl:64 JVM: 25; Homebrew; mixed mode, sharing; 64-bit
2025-09-26T14:41:57,452  INFO Gbl:68 OS: Mac OS X; 15.0.1; aarch64
2025-09-26T14:41:57,452  INFO Gbl:71 CPU cores: 10
2025-09-26T14:41:57,453  INFO Gbl:72 max. Memory: 8192.0MB (8589934592B)
2025-09-26T14:41:57,453  INFO Gbl:114 MATSim-Build: r78b6d00933a32e25dab366e962d767fde0a71fa0 ({2025-09-15 02:16:02})
2025-09-26T14:41:57,454  INFO Gbl:76 Command: org.codehaus.plexus.classworlds.launcher.Launcher -q exec:java -Dexec.mainClass=week2.lectures.MinimalRun -Dexec.args=../abmt25/scenarios/SiouxFalls/config_default.xml 0 runs/sioux_quick
2025-09-26T14:41:57,455  INFO MemoryObserver:43 used RAM: 201 MB  free: 34 MB  total: 236 MB  max: 8192 MB
2025-09-26T14:41:57,456  INFO ControllerListenerManagerImpl:121 calling notifyStartup on org.matsim.core.controler.ControlerDefaultsModule$1 with priority 0.0
2025-09-26T14:41:57,495  INFO ControllerListenerManagerImpl:121 calling notifyStartup on org.matsim.guice.DependencyGraphControllerListener with priority 0.0
2025-09-26T14:41:57,540  INFO ControllerListenerManagerImpl:121 calling notifyStartup on org.matsim.counts.CountsControllerListener with priority 0.0
2025-09-26T14:41:57,540  INFO ControllerListenerManagerImpl:121 calling notifyStartup on org.matsim.analysis.ModeChoiceCoverageControllerListener with priority 0.0
2025-09-26T14:41:57,540  INFO ControllerListenerManagerImpl:121 calling notifyStartup on org.matsim.analysis.ModeStatsControllerListener with priority 0.0
2025-09-26T14:41:57,540  INFO ControllerListenerManagerImpl:121 calling notifyStartup on org.matsim.analysis.ScoreStatsControlerListener with priority 0.0
2025-09-26T14:41:57,540  INFO ControllerListenerManagerImpl:124 all ControllerStartupListeners called.
2025-09-26T14:41:57,541  INFO ControllerUtils:99 config dump before iterations start
2025-09-26T14:41:57,549  INFO ControllerUtils:105 === logging config.xml skipped ===
2025-09-26T14:41:57,549  INFO ControllerUtils:106 To enable debug output, set an environment variable i.e. export LOG_LEVEL='debug', or set log.setLogLevel(Level.DEBUG) in your run class.
2025-09-26T14:41:57,549  INFO ControllerUtils:110 Complete config dump done.
2025-09-26T14:41:57,549  INFO ControllerUtils:111 Checking consistency of config...
2025-09-26T14:41:57,549  INFO VspConfigConsistencyCheckerImpl:62 NOT running vsp config consistency check because vsp defaults checking level is set to IGNORE
2025-09-26T14:41:57,554  INFO ControllerUtils:113 Checking consistency of config done.
2025-09-26T14:41:57,554  INFO PrepareForSimImpl:126 Network seems to be multimodal. Create car-only network which is handed over to PersonPrepareForSim.
2025-09-26T14:41:57,555  INFO NetworkImpl:165  node # 1
2025-09-26T14:41:57,555  INFO NetworkImpl:165  node # 4
2025-09-26T14:41:57,555  INFO NetworkImpl:165  node # 16
2025-09-26T14:41:57,556  INFO NetworkImpl:165  node # 64
2025-09-26T14:41:57,556  INFO NetworkImpl:165  node # 256
2025-09-26T14:41:57,557  INFO NetworkImpl:161  link # 1
2025-09-26T14:41:57,557  INFO NetworkImpl:161  link # 4
2025-09-26T14:41:57,557  INFO NetworkImpl:161  link # 16
2025-09-26T14:41:57,557  INFO NetworkImpl:161  link # 64
2025-09-26T14:41:57,558  INFO NetworkImpl:161  link # 256
2025-09-26T14:41:57,559  WARN XY2LinksForFacilities:51 There is no link for at least a facility. Assigning links for such facilities from coords.
2025-09-26T14:41:57,559  WARN XY2LinksForFacilities:52  This message given only once.
2025-09-26T14:41:57,561  INFO NetworkImpl:419 building QuadTree for nodes: xrange(679321.0322181903,686286.9268926464); yrange(4820338.810996656,4831237.176461053)
2025-09-26T14:41:57,563  INFO NetworkImpl:428 Building QuadTree took 0.004 seconds.
2025-09-26T14:41:57,614  WARN PrepareForSimImpl:266 'usePersonIdForMissingVehicleId' is deprecated. It will be removed soon. Use
2025-09-26T14:41:57,615  WARN PrepareForSimImpl:267 		config.qsim().setUsePersonIdForMissingVehicleId( false );
2025-09-26T14:41:57,615  WARN PrepareForSimImpl:268 in code, and 
2025-09-26T14:41:57,615  WARN PrepareForSimImpl:269 	<module name="qsim" >
2025-09-26T14:41:57,615  WARN PrepareForSimImpl:270 		<param name="usePersonIdForMissingVehicleId" value="true" />
2025-09-26T14:41:57,615  WARN PrepareForSimImpl:271 in the config xml.
2025-09-26T14:41:57,615  INFO Counter:70 [VehiclesImpl] added vehicle # 1
2025-09-26T14:41:57,616  INFO Counter:70 [VehiclesImpl] added vehicle # 2
2025-09-26T14:41:57,616  INFO Counter:70 [VehiclesImpl] added vehicle # 4
2025-09-26T14:41:57,616  INFO Counter:70 [VehiclesImpl] added vehicle # 8
2025-09-26T14:41:57,616  INFO Counter:70 [VehiclesImpl] added vehicle # 16
2025-09-26T14:41:57,616  INFO Counter:70 [VehiclesImpl] added vehicle # 32
2025-09-26T14:41:57,616  INFO Counter:70 [VehiclesImpl] added vehicle # 64
2025-09-26T14:41:57,616  INFO Counter:70 [VehiclesImpl] added vehicle # 128
2025-09-26T14:41:57,617  INFO Counter:70 [VehiclesImpl] added vehicle # 256
2025-09-26T14:41:57,617  INFO Counter:70 [VehiclesImpl] added vehicle # 512
2025-09-26T14:41:57,618  INFO Counter:70 [VehiclesImpl] added vehicle # 1024
2025-09-26T14:41:57,620  INFO Counter:70 [VehiclesImpl] added vehicle # 2048
2025-09-26T14:41:57,623  INFO Counter:70 [VehiclesImpl] added vehicle # 4096
2025-09-26T14:41:57,628  INFO Counter:70 [VehiclesImpl] added vehicle # 8192
2025-09-26T14:41:57,639  INFO Counter:70 [VehiclesImpl] added vehicle # 16384
2025-09-26T14:41:57,661  INFO Counter:70 [VehiclesImpl] added vehicle # 32768
2025-09-26T14:41:57,691  INFO Counter:70 [VehiclesImpl] added vehicle # 65536
2025-09-26T14:41:57,855  INFO EventsManagerImpl:139 === Logging of event-handlers skipped ===
2025-09-26T14:41:57,855  INFO EventsManagerImpl:140 To enable debug output, set an environment variable i.e. export LOG_LEVEL='debug', or set log.setLogLevel(Level.DEBUG) in your run class.
2025-09-26T14:41:57,855  INFO EventsManagerImpl:210     > org.matsim.pt.router.TransitScheduleChangedEvent
2025-09-26T14:41:57,855  INFO EventsManagerImpl:139 === Logging of event-handlers skipped ===
2025-09-26T14:41:57,855  INFO EventsManagerImpl:140 To enable debug output, set an environment variable i.e. export LOG_LEVEL='debug', or set log.setLogLevel(Level.DEBUG) in your run class.
2025-09-26T14:41:57,855  INFO EventsManagerImpl:210     > org.matsim.pt.router.TransitScheduleChangedEvent
2025-09-26T14:41:57,857  INFO SwissRailRaptorData:106 Preparing data for SwissRailRaptor...
2025-09-26T14:41:57,872  INFO SwissRailRaptorData:313 SwissRailRaptor data preparation done. Took 0 seconds.
2025-09-26T14:41:57,872  INFO SwissRailRaptorData:314 SwissRailRaptor statistics:  #routes = 10
2025-09-26T14:41:57,872  INFO SwissRailRaptorData:315 SwissRailRaptor statistics:  #departures = 2040
2025-09-26T14:41:57,873  INFO SwissRailRaptorData:316 SwissRailRaptor statistics:  #routeStops = 141
2025-09-26T14:41:57,873  INFO SwissRailRaptorData:317 SwissRailRaptor statistics:  #stopFacilities = 133
2025-09-26T14:41:57,873  INFO SwissRailRaptorData:318 SwissRailRaptor statistics:  #transfers (between routeStops) = 37
2025-09-26T14:41:57,873  INFO SwissRailRaptorData:319 SwissRailRaptor statistics:  #chainedDepartures = 0
2025-09-26T14:41:57,875  INFO NetworkImpl:165  node # 1
2025-09-26T14:41:57,875  INFO NetworkImpl:165  node # 4
2025-09-26T14:41:57,876  INFO NetworkImpl:165  node # 16
2025-09-26T14:41:57,876  INFO NetworkImpl:165  node # 64
2025-09-26T14:41:57,876  INFO NetworkImpl:165  node # 256
2025-09-26T14:41:57,876  INFO NetworkImpl:161  link # 1
2025-09-26T14:41:57,876  INFO NetworkImpl:161  link # 4
2025-09-26T14:41:57,876  INFO NetworkImpl:161  link # 16
2025-09-26T14:41:57,876  INFO NetworkImpl:161  link # 64
2025-09-26T14:41:57,877  INFO NetworkImpl:161  link # 256
2025-09-26T14:41:57,877  INFO NetworkRoutingProvider:155 Checking network for mode 'car' for consistency...
2025-09-26T14:41:57,879  INFO MultimodalNetworkCleaner:104 running org.matsim.core.network.algorithms.MultimodalNetworkCleaner algorithm for modes [car] with connectivity modes []...
2025-09-26T14:41:57,880  INFO MultimodalNetworkCleaner:108   checking 282 nodes and 334 links for dead-ends...
2025-09-26T14:41:57,882  INFO MultimodalNetworkCleaner:126     The biggest cluster consists of 334 links.
2025-09-26T14:41:57,882  INFO MultimodalNetworkCleaner:127   done.
2025-09-26T14:41:57,882  INFO MultimodalNetworkCleaner:151   resulting network contains 282 nodes and 334 links.
2025-09-26T14:41:57,882  INFO MultimodalNetworkCleaner:153 done.
2025-09-26T14:41:57,884  INFO RandomizingTimeDistanceTravelDisutilityFactory:86  sigma: 3.0; resulting normalization: 0.011108996538242306
2025-09-26T14:41:57,886  INFO SpeedyALTData:51 find dead ends...
2025-09-26T14:41:57,887  INFO SpeedyALTData:132 calculate landmarks...
2025-09-26T14:41:57,893  INFO SpeedyALTData:173 calculate min travelcost...
2025-09-26T14:41:57,894  INFO SpeedyALTData:51 find dead ends...
2025-09-26T14:41:57,895  INFO SpeedyALTData:132 calculate landmarks...
2025-09-26T14:41:57,899  INFO SpeedyALTData:173 calculate min travelcost...
2025-09-26T14:41:57,901  INFO RandomizingTimeDistanceTravelDisutilityFactory:86  sigma: 3.0; resulting normalization: 0.011108996538242306
2025-09-26T14:41:57,926  INFO Counter:70 [PersonPrepareForSim] handled person # 2
2025-09-26T14:41:57,926  INFO Counter:70 [PersonPrepareForSim] handled person # 1
2025-09-26T14:41:57,928  INFO Counter:70 [PersonPrepareForSim] handled person # 4
2025-09-26T14:41:57,929  INFO Counter:70 [PersonPrepareForSim] handled person # 8
2025-09-26T14:41:57,932  INFO Counter:70 [PersonPrepareForSim] handled person # 16
2025-09-26T14:41:57,934  INFO Counter:70 [PersonPrepareForSim] handled person # 32
2025-09-26T14:41:57,936  INFO Counter:70 [PersonPrepareForSim] handled person # 64
2025-09-26T14:41:57,941  INFO Counter:70 [PersonPrepareForSim] handled person # 128
2025-09-26T14:41:57,949  INFO Counter:70 [PersonPrepareForSim] handled person # 256
2025-09-26T14:41:57,962  INFO Counter:70 [PersonPrepareForSim] handled person # 512
2025-09-26T14:41:57,978  INFO Counter:70 [PersonPrepareForSim] handled person # 1024
2025-09-26T14:41:58,005  INFO Counter:70 [PersonPrepareForSim] handled person # 2048
2025-09-26T14:41:58,040  INFO Counter:70 [PersonPrepareForSim] handled person # 4096
2025-09-26T14:41:58,103  INFO Counter:70 [PersonPrepareForSim] handled person # 8192
2025-09-26T14:41:58,216  INFO Counter:70 [PersonPrepareForSim] handled person # 16384
2025-09-26T14:41:58,425  INFO Counter:70 [PersonPrepareForSim] handled person # 32768
2025-09-26T14:41:58,818  INFO Counter:70 [PersonPrepareForSim] handled person # 65536
2025-09-26T14:41:59,054  INFO Counter:75 [PersonPrepareForSim] handled person # 84110
2025-09-26T14:41:59,071  INFO AbstractController:136 ###################################################
2025-09-26T14:41:59,071  INFO AbstractController:137 ### ITERATION 0 BEGINS
2025-09-26T14:41:59,072  INFO ControllerListenerManagerImpl:188 calling notifyIterationStarts on org.matsim.analysis.LegTimesControllerListener with priority 0.0
2025-09-26T14:41:59,072  INFO EventsManagerImpl:139 === Logging of event-handlers skipped ===
2025-09-26T14:41:59,072  INFO EventsManagerImpl:140 To enable debug output, set an environment variable i.e. export LOG_LEVEL='debug', or set log.setLogLevel(Level.DEBUG) in your run class.
2025-09-26T14:41:59,072  INFO EventsManagerImpl:210     > org.matsim.api.core.v01.events.PersonDepartureEvent
2025-09-26T14:41:59,072  INFO EventsManagerImpl:210     > org.matsim.api.core.v01.events.PersonArrivalEvent
2025-09-26T14:41:59,072  INFO EventsManagerImpl:210     > org.matsim.api.core.v01.events.ActivityEndEvent
2025-09-26T14:41:59,073  INFO EventsManagerImpl:210     > org.matsim.api.core.v01.events.ActivityStartEvent
2025-09-26T14:41:59,073  INFO EventsManagerImpl:139 === Logging of event-handlers skipped ===
2025-09-26T14:41:59,073  INFO EventsManagerImpl:140 To enable debug output, set an environment variable i.e. export LOG_LEVEL='debug', or set log.setLogLevel(Level.DEBUG) in your run class.
2025-09-26T14:41:59,073  INFO EventsManagerImpl:210     > org.matsim.api.core.v01.events.PersonDepartureEvent
2025-09-26T14:41:59,073  INFO EventsManagerImpl:210     > org.matsim.api.core.v01.events.PersonArrivalEvent
2025-09-26T14:41:59,073  INFO EventsManagerImpl:210     > org.matsim.api.core.v01.events.ActivityEndEvent
2025-09-26T14:41:59,073  INFO EventsManagerImpl:210     > org.matsim.api.core.v01.events.ActivityStartEvent
2025-09-26T14:41:59,073  INFO ControllerListenerManagerImpl:188 calling notifyIterationStarts on org.matsim.analysis.LegHistogramListener with priority 0.0
2025-09-26T14:41:59,073  INFO EventsManagerImpl:139 === Logging of event-handlers skipped ===
2025-09-26T14:41:59,073  INFO EventsManagerImpl:140 To enable debug output, set an environment variable i.e. export LOG_LEVEL='debug', or set log.setLogLevel(Level.DEBUG) in your run class.
2025-09-26T14:41:59,073  INFO EventsManagerImpl:210     > org.matsim.api.core.v01.events.PersonDepartureEvent
2025-09-26T14:41:59,073  INFO EventsManagerImpl:210     > org.matsim.api.core.v01.events.PersonArrivalEvent
2025-09-26T14:41:59,073  INFO EventsManagerImpl:210     > org.matsim.api.core.v01.events.PersonStuckEvent
2025-09-26T14:41:59,073  INFO EventsManagerImpl:139 === Logging of event-handlers skipped ===
2025-09-26T14:41:59,074  INFO EventsManagerImpl:140 To enable debug output, set an environment variable i.e. export LOG_LEVEL='debug', or set log.setLogLevel(Level.DEBUG) in your run class.
2025-09-26T14:41:59,074  INFO EventsManagerImpl:210     > org.matsim.api.core.v01.events.PersonDepartureEvent
2025-09-26T14:41:59,074  INFO EventsManagerImpl:210     > org.matsim.api.core.v01.events.PersonArrivalEvent
2025-09-26T14:41:59,074  INFO EventsManagerImpl:210     > org.matsim.api.core.v01.events.PersonStuckEvent
2025-09-26T14:41:59,074  INFO ControllerListenerManagerImpl:188 calling notifyIterationStarts on org.matsim.analysis.LinkStatsControllerListener with priority 0.0
2025-09-26T14:41:59,074  INFO ControllerListenerManagerImpl:188 calling notifyIterationStarts on org.matsim.core.replanning.ReplanningContextImpl with priority 0.0
2025-09-26T14:41:59,074  INFO ControllerListenerManagerImpl:188 calling notifyIterationStarts on org.matsim.core.scoring.ScoringFunctionsForPopulation$$Lambda/0x00003c00014dce60 with priority 0.0
2025-09-26T14:41:59,153  INFO ControllerListenerManagerImpl:188 calling notifyIterationStarts on org.matsim.core.scoring.ExperiencedPlansServiceImpl$1 with priority 0.0
2025-09-26T14:41:59,170  INFO ControllerListenerManagerImpl:191 [it.0] all ControllerIterationStartsListeners called.
2025-09-26T14:41:59,170  INFO ControllerListenerManagerImpl:293 calling notifyBeforeMobsim on org.matsim.core.controler.corelisteners.EventsHandlingImpl with priority 0.0
2025-09-26T14:41:59,171  INFO EventsManagerImpl:173 resetting Event-Handlers
2025-09-26T14:41:59,171  INFO EventsManagerImpl:180   org.matsim.core.trafficmonitoring.TravelTimeCalculator
2025-09-26T14:41:59,171  INFO EventsManagerImpl:180   org.matsim.analysis.VolumesAnalyzer
2025-09-26T14:41:59,171  INFO EventsManagerImpl:180   org.matsim.core.scoring.ScoringFunctionsForPopulation
2025-09-26T14:41:59,172  INFO EventsManagerImpl:180   ch.sbb.matsim.routing.pt.raptor.SwissRailRaptorFactory$$Lambda/0x00003c0001510000
2025-09-26T14:41:59,172  INFO EventsManagerImpl:180   org.matsim.analysis.CalcLegTimes
2025-09-26T14:41:59,172  INFO EventsManagerImpl:180   org.matsim.analysis.LegHistogram
2025-09-26T14:41:59,174  INFO EventsManagerImpl:139 === Logging of event-handlers skipped ===
2025-09-26T14:41:59,174  INFO EventsManagerImpl:140 To enable debug output, set an environment variable i.e. export LOG_LEVEL='debug', or set log.setLogLevel(Level.DEBUG) in your run class.
2025-09-26T14:41:59,174  INFO EventsManagerImpl:210     > org.matsim.api.core.v01.events.Event
2025-09-26T14:41:59,175  INFO EventsManagerImpl:139 === Logging of event-handlers skipped ===
2025-09-26T14:41:59,175  INFO EventsManagerImpl:140 To enable debug output, set an environment variable i.e. export LOG_LEVEL='debug', or set log.setLogLevel(Level.DEBUG) in your run class.
2025-09-26T14:41:59,175  INFO EventsManagerImpl:210     > org.matsim.api.core.v01.events.Event
2025-09-26T14:41:59,175  INFO ControllerListenerManagerImpl:293 calling notifyBeforeMobsim on org.matsim.core.controler.corelisteners.PlansDumpingImpl with priority 0.0
2025-09-26T14:41:59,175  INFO PlansDumpingImpl:78 dumping plans...
2025-09-26T14:41:59,229  INFO Counter:70 [PopulationWriter] dumped person # 1
2025-09-26T14:41:59,229  INFO Counter:70 [PopulationWriter] dumped person # 2
2025-09-26T14:41:59,229  INFO Counter:70 [PopulationWriter] dumped person # 4
2025-09-26T14:41:59,229  INFO Counter:70 [PopulationWriter] dumped person # 8
2025-09-26T14:41:59,229  INFO Counter:70 [PopulationWriter] dumped person # 16
2025-09-26T14:41:59,229  INFO Counter:70 [PopulationWriter] dumped person # 32
2025-09-26T14:41:59,229  INFO Counter:70 [PopulationWriter] dumped person # 64
2025-09-26T14:41:59,229  INFO Counter:70 [PopulationWriter] dumped person # 128
2025-09-26T14:41:59,229  INFO Counter:70 [PopulationWriter] dumped person # 256
2025-09-26T14:41:59,230  INFO Counter:70 [PopulationWriter] dumped person # 512
2025-09-26T14:41:59,234  INFO Counter:70 [ParallelPopulationWriterV6] dumped person # 1
2025-09-26T14:41:59,234  INFO Counter:70 [ParallelPopulationWriterV6] dumped person # 2
2025-09-26T14:41:59,235  INFO Counter:70 [ParallelPopulationWriterV6] dumped person # 4
2025-09-26T14:41:59,236  INFO Counter:70 [ParallelPopulationWriterV6] dumped person # 8
2025-09-26T14:41:59,255  INFO Counter:70 [ParallelPopulationWriterV6] dumped person # 16
2025-09-26T14:41:59,255  INFO Counter:70 [PopulationWriter] dumped person # 1024
2025-09-26T14:41:59,256  INFO Counter:70 [ParallelPopulationWriterV6] dumped person # 32
2025-09-26T14:41:59,258  INFO Counter:70 [ParallelPopulationWriterV6] dumped person # 64
2025-09-26T14:41:59,262  INFO Counter:70 [ParallelPopulationWriterV6] dumped person # 128
2025-09-26T14:41:59,270  INFO Counter:70 [ParallelPopulationWriterV6] dumped person # 256
2025-09-26T14:41:59,283  INFO Counter:70 [ParallelPopulationWriterV6] dumped person # 512
2025-09-26T14:41:59,309  INFO Counter:70 [ParallelPopulationWriterV6] dumped person # 1024
2025-09-26T14:41:59,311  INFO Counter:70 [PopulationWriter] dumped person # 2048
2025-09-26T14:41:59,361  INFO Counter:70 [ParallelPopulationWriterV6] dumped person # 2048
2025-09-26T14:41:59,413  INFO Counter:70 [PopulationWriter] dumped person # 4096
2025-09-26T14:41:59,463  INFO Counter:70 [ParallelPopulationWriterV6] dumped person # 4096
2025-09-26T14:41:59,649  INFO Counter:70 [PopulationWriter] dumped person # 8192
2025-09-26T14:41:59,700  INFO Counter:70 [ParallelPopulationWriterV6] dumped person # 8192
2025-09-26T14:42:00,015  INFO Counter:70 [PopulationWriter] dumped person # 16384
2025-09-26T14:42:00,102  INFO Counter:70 [ParallelPopulationWriterV6] dumped person # 16384
2025-09-26T14:42:00,836  INFO Counter:70 [PopulationWriter] dumped person # 32768
2025-09-26T14:42:00,879  INFO Counter:70 [ParallelPopulationWriterV6] dumped person # 32768
2025-09-26T14:42:02,199  INFO Counter:70 [PopulationWriter] dumped person # 65536
2025-09-26T14:42:02,237  INFO Counter:70 [ParallelPopulationWriterV6] dumped person # 65536
2025-09-26T14:42:02,920  INFO Counter:75 [ParallelPopulationWriterV6] dumped person # 84110
2025-09-26T14:42:02,921  INFO PopulationWriter:150 Population written to: runs/sioux_quick/ITERS/it.0/0.plans.xml.gz
2025-09-26T14:42:02,922  INFO Counter:75 [PopulationWriter] dumped person # 84110
2025-09-26T14:42:02,922  INFO PlansDumpingImpl:95 finished plans dump.
2025-09-26T14:42:02,923  INFO ControllerListenerManagerImpl:299 calling notifyBeforeMobsim on org.matsim.core.population.VspPlansCleaner with priority 0.0
2025-09-26T14:42:02,955  INFO ControllerListenerManagerImpl:302 [it.0] all ControlerBeforeMobsimListeners called.
2025-09-26T14:42:02,956  INFO PrepareForMobsimImpl:86 Network seems to be multimodal. Create car-only network which is handed over to PersonPrepareForSim.
2025-09-26T14:42:02,956  INFO NetworkImpl:165  node # 1
2025-09-26T14:42:02,956  INFO NetworkImpl:165  node # 4
2025-09-26T14:42:02,956  INFO NetworkImpl:165  node # 16
2025-09-26T14:42:02,956  INFO NetworkImpl:165  node # 64
2025-09-26T14:42:02,956  INFO NetworkImpl:165  node # 256
2025-09-26T14:42:02,957  INFO NetworkImpl:161  link # 1
2025-09-26T14:42:02,957  INFO NetworkImpl:161  link # 4
2025-09-26T14:42:02,957  INFO NetworkImpl:161  link # 16
2025-09-26T14:42:02,957  INFO NetworkImpl:161  link # 64
2025-09-26T14:42:02,957  INFO NetworkImpl:161  link # 256
2025-09-26T14:42:02,960  INFO RandomizingTimeDistanceTravelDisutilityFactory:86  sigma: 3.0; resulting normalization: 0.011108996538242306
2025-09-26T14:42:02,960  INFO RandomizingTimeDistanceTravelDisutilityFactory:86  sigma: 3.0; resulting normalization: 0.011108996538242306
2025-09-26T14:42:02,972  INFO Counter:70 [PersonPrepareForSim] handled person # 1
2025-09-26T14:42:02,972  INFO Counter:70 [PersonPrepareForSim] handled person # 2
2025-09-26T14:42:02,972  INFO Counter:70 [PersonPrepareForSim] handled person # 4
2025-09-26T14:42:02,972  INFO Counter:70 [PersonPrepareForSim] handled person # 8
2025-09-26T14:42:02,972  INFO Counter:70 [PersonPrepareForSim] handled person # 16
2025-09-26T14:42:02,972  INFO Counter:70 [PersonPrepareForSim] handled person # 32
2025-09-26T14:42:02,973  INFO Counter:70 [PersonPrepareForSim] handled person # 64
2025-09-26T14:42:02,973  INFO Counter:70 [PersonPrepareForSim] handled person # 128
2025-09-26T14:42:02,974  INFO Counter:70 [PersonPrepareForSim] handled person # 256
2025-09-26T14:42:02,976  INFO Counter:70 [PersonPrepareForSim] handled person # 512
2025-09-26T14:42:02,979  INFO Counter:70 [PersonPrepareForSim] handled person # 1024
2025-09-26T14:42:02,984  INFO Counter:70 [PersonPrepareForSim] handled person # 2048
2025-09-26T14:42:02,994  INFO Counter:70 [PersonPrepareForSim] handled person # 4096
2025-09-26T14:42:03,015  INFO Counter:70 [PersonPrepareForSim] handled person # 8192
2025-09-26T14:42:03,060  INFO Counter:70 [PersonPrepareForSim] handled person # 16384
2025-09-26T14:42:03,147  INFO Counter:70 [PersonPrepareForSim] handled person # 32768
2025-09-26T14:42:03,273  INFO Counter:70 [PersonPrepareForSim] handled person # 65536
2025-09-26T14:42:03,288  INFO Counter:75 [PersonPrepareForSim] handled person # 84110
2025-09-26T14:42:03,317  INFO MobsimListenerManager:50 calling addQueueSimulationListener
2025-09-26T14:42:03,318  INFO MobsimListenerManager:54   assigned class org.matsim.core.mobsim.framework.listeners.MobsimListener to interface org.matsim.core.mobsim.framework.listeners.MobsimBeforeCleanupListener
2025-09-26T14:42:03,318  INFO MobsimListenerManager:54   assigned class org.matsim.core.mobsim.framework.listeners.MobsimListener to interface org.matsim.core.mobsim.framework.listeners.MobsimListener
2025-09-26T14:42:03,318  INFO MobsimListenerManager:54   assigned class org.matsim.core.mobsim.framework.listeners.MobsimListener to interface org.matsim.core.mobsim.framework.listeners.MobsimInitializedListener
2025-09-26T14:42:03,318  INFO MobsimListenerManager:54   assigned class org.matsim.core.mobsim.framework.listeners.MobsimListener to interface org.matsim.core.mobsim.framework.listeners.MobsimAfterSimStepListener
2025-09-26T14:42:03,318  INFO MobsimListenerManager:54   assigned class org.matsim.core.mobsim.framework.listeners.MobsimListener to interface org.matsim.vis.snapshotwriters.SnapshotWriterManager
2025-09-26T14:42:03,325  INFO QSimProvider:131 Added MobsimEngine class org.matsim.core.mobsim.qsim.ActivityEngineDefaultImpl
2025-09-26T14:42:03,325  INFO QSimProvider:137 Added Activityhandler class org.matsim.core.mobsim.qsim.ActivityEngineDefaultImpl
2025-09-26T14:42:03,333  INFO QSimProvider:131 Added MobsimEngine class org.matsim.core.mobsim.qsim.qnetsimengine.QNetsimEngineWithThreadpool
2025-09-26T14:42:03,333  INFO QSimProvider:143 Added DepartureHandler class org.matsim.core.mobsim.qsim.qnetsimengine.NetworkModeDepartureHandlerDefaultImpl
2025-09-26T14:42:03,334  INFO QSimProvider:131 Added MobsimEngine class org.matsim.core.mobsim.qsim.DefaultTeleportationEngine
2025-09-26T14:42:03,334  INFO QSimProvider:143 Added DepartureHandler class org.matsim.core.mobsim.qsim.DefaultTeleportationEngine
2025-09-26T14:42:03,334  INFO QSimProvider:149 Added AgentSource class org.matsim.core.mobsim.qsim.agents.PopulationAgentSource
2025-09-26T14:42:03,334  INFO MobsimListenerManager:50 calling addQueueSimulationListener
2025-09-26T14:42:03,334  INFO MobsimListenerManager:54   assigned class org.matsim.core.mobsim.framework.listeners.MobsimListener to interface org.matsim.core.mobsim.qsim.messagequeueengine.MessageQueueEngine
2025-09-26T14:42:03,334  INFO MobsimListenerManager:54   assigned class org.matsim.core.mobsim.framework.listeners.MobsimListener to interface org.matsim.core.mobsim.framework.listeners.MobsimListener
2025-09-26T14:42:03,334  INFO MobsimListenerManager:54   assigned class org.matsim.core.mobsim.framework.listeners.MobsimListener to interface org.matsim.core.mobsim.framework.listeners.MobsimBeforeSimStepListener
2025-09-26T14:42:03,334  INFO QSimProvider:155 Added MobsimListener class org.matsim.core.mobsim.qsim.messagequeueengine.MessageQueueEngine
2025-09-26T14:42:03,334  INFO QSimProvider:131 Added MobsimEngine class org.matsim.core.mobsim.qsim.pt.TransitQSimEngine
2025-09-26T14:42:03,334  INFO QSimProvider:143 Added DepartureHandler class org.matsim.core.mobsim.qsim.pt.TransitQSimEngine
2025-09-26T14:42:03,334  INFO QSimProvider:149 Added AgentSource class org.matsim.core.mobsim.qsim.pt.TransitQSimEngine
2025-09-26T14:42:03,338  INFO PopulationUtils:1292 adding scenario element for allpersons container
2025-09-26T14:42:03,338  INFO PopulationImpl:111  person # 1
2025-09-26T14:42:03,338  INFO PopulationImpl:111  person # 4
2025-09-26T14:42:03,338  INFO PopulationImpl:111  person # 16
2025-09-26T14:42:03,338  INFO PopulationImpl:111  person # 64
2025-09-26T14:42:03,339  INFO PopulationImpl:111  person # 256
2025-09-26T14:42:03,341  INFO PopulationImpl:111  person # 1024
2025-09-26T14:42:03,345  INFO PopulationImpl:111  person # 4096
2025-09-26T14:42:03,359  INFO PopulationImpl:111  person # 16384
2025-09-26T14:42:03,408  INFO PopulationImpl:111  person # 65536
2025-09-26T14:42:03,422  INFO VehicleUtils:431 adding scenario element for allvehicles container
2025-09-26T14:42:03,422  INFO Counter:70 [VehiclesImpl] added vehicle # 1
2025-09-26T14:42:03,422  INFO Counter:70 [VehiclesImpl] added vehicle # 2
2025-09-26T14:42:03,422  INFO Counter:70 [VehiclesImpl] added vehicle # 4
2025-09-26T14:42:03,422  INFO Counter:70 [VehiclesImpl] added vehicle # 8
2025-09-26T14:42:03,422  INFO Counter:70 [VehiclesImpl] added vehicle # 16
2025-09-26T14:42:03,423  INFO Counter:70 [VehiclesImpl] added vehicle # 32
2025-09-26T14:42:03,423  INFO Counter:70 [VehiclesImpl] added vehicle # 64
2025-09-26T14:42:03,423  INFO Counter:70 [VehiclesImpl] added vehicle # 128
2025-09-26T14:42:03,424  INFO Counter:70 [VehiclesImpl] added vehicle # 256
2025-09-26T14:42:03,425  INFO Counter:70 [VehiclesImpl] added vehicle # 512
2025-09-26T14:42:03,426  INFO Counter:70 [VehiclesImpl] added vehicle # 1024
2025-09-26T14:42:03,428  INFO Counter:70 [VehiclesImpl] added vehicle # 2048
2025-09-26T14:42:03,431  INFO Counter:70 [VehiclesImpl] added vehicle # 4096
2025-09-26T14:42:03,436  INFO Counter:70 [VehiclesImpl] added vehicle # 8192
2025-09-26T14:42:03,447  INFO Counter:70 [VehiclesImpl] added vehicle # 16384
2025-09-26T14:42:03,471  INFO Counter:70 [VehiclesImpl] added vehicle # 32768
2025-09-26T14:42:03,525  INFO Counter:70 [VehiclesImpl] added vehicle # 65536
2025-09-26T14:42:03,528  INFO ReconstructingUmlaufBuilder:131 Generating UmlaufStuecke ...
2025-09-26T14:42:03,528  INFO ReconstructingUmlaufBuilder:144 ... done generating UmlaufStuecke
2025-09-26T14:42:03,558  INFO AbstractQNetsimEngine:421 Assigned 282 nodes and 334 links to QSimEngineRunner #0
2025-09-26T14:42:03,615  INFO EventsManagerImpl:116  event # 1
2025-09-26T14:42:03,616  INFO EventsManagerImpl:116  event # 4
2025-09-26T14:42:03,616  INFO EventsManagerImpl:116  event # 16
2025-09-26T14:42:03,617  INFO AbstractQNetsimEngine:359 SIMULATION (QNetsimEngine) AT 06:00:00 : #links=0 #nodes=10
2025-09-26T14:42:03,618  INFO QSim:552 SIMULATION (NEW QSim) AT 06:00:00 : #active agents=86150 lost=0 simT=0.0s realT=0s; (s/r): 0.0
2025-09-26T14:42:03,619  INFO EventsManagerImpl:116  event # 64
2025-09-26T14:42:03,629  INFO EventsManagerImpl:116  event # 256
2025-09-26T14:42:03,651  INFO EventsManagerImpl:116  event # 1024
2025-09-26T14:42:03,702  INFO EventsManagerImpl:116  event # 4096
2025-09-26T14:42:03,831  INFO EventsManagerImpl:116  event # 16384
2025-09-26T14:42:03,845  INFO AbstractQNetsimEngine:359 SIMULATION (QNetsimEngine) AT 07:00:00 : #links=136 #nodes=19
2025-09-26T14:42:03,846  INFO QSim:552 SIMULATION (NEW QSim) AT 07:00:00 : #active agents=86043 lost=0 simT=3600.0s realT=0s; (s/r): Infinity
2025-09-26T14:42:04,029  INFO EventsManagerImpl:116  event # 65536
2025-09-26T14:42:04,594  INFO EventsManagerImpl:116  event # 262144
2025-09-26T14:42:06,578  INFO EventsManagerImpl:116  event # 1048576
2025-09-26T14:42:06,635  INFO AbstractQNetsimEngine:359 SIMULATION (QNetsimEngine) AT 08:00:00 : #links=234 #nodes=137
2025-09-26T14:42:06,635  INFO QSim:552 SIMULATION (NEW QSim) AT 08:00:00 : #active agents=85972 lost=0 simT=7200.0s realT=3s; (s/r): 2400.0
2025-09-26T14:42:07,471  INFO AbstractQNetsimEngine:359 SIMULATION (QNetsimEngine) AT 09:00:00 : #links=164 #nodes=124
2025-09-26T14:42:07,471  INFO QSim:552 SIMULATION (NEW QSim) AT 09:00:00 : #active agents=85969 lost=0 simT=10800.0s realT=4s; (s/r): 2700.0
2025-09-26T14:42:07,825  INFO AbstractQNetsimEngine:359 SIMULATION (QNetsimEngine) AT 10:00:00 : #links=174 #nodes=128
2025-09-26T14:42:07,825  INFO QSim:552 SIMULATION (NEW QSim) AT 10:00:00 : #active agents=85913 lost=0 simT=14400.0s realT=4s; (s/r): 3600.0
2025-09-26T14:42:08,154  INFO AbstractQNetsimEngine:359 SIMULATION (QNetsimEngine) AT 11:00:00 : #links=174 #nodes=127
2025-09-26T14:42:08,154  INFO QSim:552 SIMULATION (NEW QSim) AT 11:00:00 : #active agents=85797 lost=0 simT=18000.0s realT=4s; (s/r): 4500.0
2025-09-26T14:42:08,504  INFO AbstractQNetsimEngine:359 SIMULATION (QNetsimEngine) AT 12:00:00 : #links=178 #nodes=131
2025-09-26T14:42:08,504  INFO QSim:552 SIMULATION (NEW QSim) AT 12:00:00 : #active agents=85695 lost=0 simT=21600.0s realT=5s; (s/r): 4320.0
2025-09-26T14:42:08,834  INFO AbstractQNetsimEngine:359 SIMULATION (QNetsimEngine) AT 13:00:00 : #links=178 #nodes=135
2025-09-26T14:42:08,834  INFO QSim:552 SIMULATION (NEW QSim) AT 13:00:00 : #active agents=85593 lost=0 simT=25200.0s realT=5s; (s/r): 5040.0
2025-09-26T14:42:09,177  INFO AbstractQNetsimEngine:359 SIMULATION (QNetsimEngine) AT 14:00:00 : #links=172 #nodes=136
2025-09-26T14:42:09,177  INFO QSim:552 SIMULATION (NEW QSim) AT 14:00:00 : #active agents=85483 lost=0 simT=28800.0s realT=5s; (s/r): 5760.0
2025-09-26T14:42:09,509  INFO AbstractQNetsimEngine:359 SIMULATION (QNetsimEngine) AT 15:00:00 : #links=180 #nodes=141
2025-09-26T14:42:09,509  INFO QSim:552 SIMULATION (NEW QSim) AT 15:00:00 : #active agents=85370 lost=0 simT=32400.0s realT=6s; (s/r): 5400.0
2025-09-26T14:42:09,855  INFO AbstractQNetsimEngine:359 SIMULATION (QNetsimEngine) AT 16:00:00 : #links=185 #nodes=139
2025-09-26T14:42:09,855  INFO QSim:552 SIMULATION (NEW QSim) AT 16:00:00 : #active agents=85286 lost=0 simT=36000.0s realT=6s; (s/r): 6000.0
2025-09-26T14:42:10,212  INFO AbstractQNetsimEngine:359 SIMULATION (QNetsimEngine) AT 17:00:00 : #links=187 #nodes=142
2025-09-26T14:42:10,212  INFO QSim:552 SIMULATION (NEW QSim) AT 17:00:00 : #active agents=85201 lost=0 simT=39600.0s realT=6s; (s/r): 6600.0
2025-09-26T14:42:11,035  INFO AbstractQNetsimEngine:359 SIMULATION (QNetsimEngine) AT 18:00:00 : #links=204 #nodes=162
2025-09-26T14:42:11,035  INFO QSim:552 SIMULATION (NEW QSim) AT 18:00:00 : #active agents=84355 lost=0 simT=43200.0s realT=7s; (s/r): 6171.428571428572
2025-09-26T14:42:11,512  INFO AbstractQNetsimEngine:359 SIMULATION (QNetsimEngine) AT 19:00:00 : #links=208 #nodes=164
2025-09-26T14:42:11,512  INFO QSim:552 SIMULATION (NEW QSim) AT 19:00:00 : #active agents=83564 lost=0 simT=46800.0s realT=8s; (s/r): 5850.0
2025-09-26T14:42:11,896  INFO AbstractQNetsimEngine:359 SIMULATION (QNetsimEngine) AT 20:00:00 : #links=205 #nodes=165
2025-09-26T14:42:11,896  INFO QSim:552 SIMULATION (NEW QSim) AT 20:00:00 : #active agents=83466 lost=0 simT=50400.0s realT=8s; (s/r): 6300.0
2025-09-26T14:42:12,178  INFO AbstractQNetsimEngine:359 SIMULATION (QNetsimEngine) AT 21:00:00 : #links=207 #nodes=168
2025-09-26T14:42:12,178  INFO QSim:552 SIMULATION (NEW QSim) AT 21:00:00 : #active agents=83378 lost=0 simT=54000.0s realT=8s; (s/r): 6750.0
2025-09-26T14:42:12,473  INFO AbstractQNetsimEngine:359 SIMULATION (QNetsimEngine) AT 22:00:00 : #links=208 #nodes=170
2025-09-26T14:42:12,473  INFO QSim:552 SIMULATION (NEW QSim) AT 22:00:00 : #active agents=83333 lost=0 simT=57600.0s realT=9s; (s/r): 6400.0
2025-09-26T14:42:12,760  INFO AbstractQNetsimEngine:359 SIMULATION (QNetsimEngine) AT 23:00:00 : #links=207 #nodes=166
2025-09-26T14:42:12,760  INFO QSim:552 SIMULATION (NEW QSim) AT 23:00:00 : #active agents=83301 lost=0 simT=61200.0s realT=9s; (s/r): 6800.0
2025-09-26T14:42:13,041  INFO AbstractQNetsimEngine:359 SIMULATION (QNetsimEngine) AT 24:00:00 : #links=205 #nodes=164
2025-09-26T14:42:13,041  INFO QSim:552 SIMULATION (NEW QSim) AT 24:00:00 : #active agents=83249 lost=0 simT=64800.0s realT=9s; (s/r): 7200.0
2025-09-26T14:42:13,311  INFO AbstractQNetsimEngine:359 SIMULATION (QNetsimEngine) AT 25:00:00 : #links=205 #nodes=164
2025-09-26T14:42:13,311  INFO QSim:552 SIMULATION (NEW QSim) AT 25:00:00 : #active agents=83246 lost=0 simT=68400.0s realT=9s; (s/r): 7600.0
2025-09-26T14:42:13,586  INFO AbstractQNetsimEngine:359 SIMULATION (QNetsimEngine) AT 26:00:00 : #links=206 #nodes=165
2025-09-26T14:42:13,586  INFO QSim:552 SIMULATION (NEW QSim) AT 26:00:00 : #active agents=83244 lost=0 simT=72000.0s realT=10s; (s/r): 7200.0
2025-09-26T14:42:13,870  INFO AbstractQNetsimEngine:359 SIMULATION (QNetsimEngine) AT 27:00:00 : #links=205 #nodes=165
2025-09-26T14:42:13,870  INFO QSim:552 SIMULATION (NEW QSim) AT 27:00:00 : #active agents=83242 lost=0 simT=75600.0s realT=10s; (s/r): 7560.0
2025-09-26T14:42:14,140  INFO AbstractQNetsimEngine:359 SIMULATION (QNetsimEngine) AT 28:00:00 : #links=207 #nodes=166
2025-09-26T14:42:14,140  INFO QSim:552 SIMULATION (NEW QSim) AT 28:00:00 : #active agents=83236 lost=0 simT=79200.0s realT=10s; (s/r): 7920.0
2025-09-26T14:42:14,415  INFO AbstractQNetsimEngine:359 SIMULATION (QNetsimEngine) AT 29:00:00 : #links=206 #nodes=166
2025-09-26T14:42:14,415  INFO QSim:552 SIMULATION (NEW QSim) AT 29:00:00 : #active agents=83230 lost=0 simT=82800.0s realT=11s; (s/r): 7527.272727272727
2025-09-26T14:42:14,697  INFO AbstractQNetsimEngine:359 SIMULATION (QNetsimEngine) AT 30:00:00 : #links=205 #nodes=165
2025-09-26T14:42:14,697  INFO QSim:552 SIMULATION (NEW QSim) AT 30:00:00 : #active agents=83205 lost=0 simT=86400.0s realT=11s; (s/r): 7854.545454545455
2025-09-26T14:42:14,898  INFO AbstractController$9:237 ### ITERATION 0 fires after mobsim event
2025-09-26T14:42:14,898  INFO Gbl:196 Thread performance: Thread=class org.matsim.core.events.SimStepParallelEventsManagerImpl$ProcessEventsRunnable0  cpu-time=5.467706sec
2025-09-26T14:42:14,898  INFO ControllerListenerManagerImpl:324 calling notifyAfterMobsim on org.matsim.analysis.LegTimesControllerListener with priority 0.0
2025-09-26T14:42:14,900  INFO LegTimesControllerListener:73 [0] average leg duration is: 900 seconds = 00:15:00
2025-09-26T14:42:14,900  INFO ControllerListenerManagerImpl:324 calling notifyAfterMobsim on org.matsim.core.events.MobsimScopeEventHandling with priority 0.0
2025-09-26T14:42:14,900  INFO ControllerListenerManagerImpl:324 calling notifyAfterMobsim on org.matsim.core.scoring.EventsToActivities$1 with priority 0.0
2025-09-26T14:42:14,906  INFO ControllerListenerManagerImpl:327 [it.0] all ControllerAfterMobsimListeners called.
2025-09-26T14:42:14,906  INFO AbstractController$4:162 ### ITERATION 0 fires scoring event
2025-09-26T14:42:14,906  INFO ControllerListenerManagerImpl:238 calling notifyScoring on org.matsim.core.scoring.PlansScoringImpl with priority 0.0
2025-09-26T14:42:14,960  INFO NewScoreAssignerImpl:60 it: 0 msaStart: null
2025-09-26T14:42:14,996  INFO ControllerListenerManagerImpl:250 [it.0] all ControllerScoringListeners called.
2025-09-26T14:42:14,996  INFO AbstractController$5:170 ### ITERATION 0 fires iteration end event
2025-09-26T14:42:14,997  INFO ControllerListenerManagerImpl:209 calling notifyIterationEnds on org.matsim.core.controler.corelisteners.EventsHandlingImpl with priority 0.0
2025-09-26T14:42:14,999  INFO EventsManagerImpl:164 removing Event-Handler: org.matsim.core.events.algorithms.EventWriterXML
2025-09-26T14:42:14,999  INFO EventsManagerImpl:164 removing Event-Handler: org.matsim.core.events.algorithms.EventWriterXML
2025-09-26T14:42:14,999  INFO ControllerListenerManagerImpl:209 calling notifyIterationEnds on org.matsim.core.scoring.PlansScoringImpl with priority 0.0
2025-09-26T14:42:15,027  INFO PopulationImpl:111  person # 1
2025-09-26T14:42:15,027  INFO PopulationImpl:111  person # 4
2025-09-26T14:42:15,027  INFO PopulationImpl:111  person # 16
2025-09-26T14:42:15,027  INFO PopulationImpl:111  person # 64
2025-09-26T14:42:15,027  INFO PopulationImpl:111  person # 256
2025-09-26T14:42:15,027  INFO PopulationImpl:111  person # 1024
2025-09-26T14:42:15,028  INFO PopulationImpl:111  person # 4096
2025-09-26T14:42:15,032  INFO PopulationImpl:111  person # 16384
2025-09-26T14:42:15,049  INFO PopulationImpl:111  person # 65536
2025-09-26T14:42:15,106  INFO Counter:70 [PopulationWriter] dumped person # 1
2025-09-26T14:42:15,106  INFO Counter:70 [ParallelPopulationWriterV6] dumped person # 1
2025-09-26T14:42:15,106  INFO Counter:70 [PopulationWriter] dumped person # 2
2025-09-26T14:42:15,106  INFO Counter:70 [PopulationWriter] dumped person # 4
2025-09-26T14:42:15,106  INFO Counter:70 [PopulationWriter] dumped person # 8
2025-09-26T14:42:15,106  INFO Counter:70 [PopulationWriter] dumped person # 16
2025-09-26T14:42:15,106  INFO Counter:70 [PopulationWriter] dumped person # 32
2025-09-26T14:42:15,106  INFO Counter:70 [PopulationWriter] dumped person # 64
2025-09-26T14:42:15,106  INFO Counter:70 [PopulationWriter] dumped person # 128
2025-09-26T14:42:15,106  INFO Counter:70 [PopulationWriter] dumped person # 256
2025-09-26T14:42:15,107  INFO Counter:70 [PopulationWriter] dumped person # 512
2025-09-26T14:42:15,106  WARN ObjectAttributesConverter:96 No AttributeConverter found for class org.matsim.api.core.v01.Id$IdImpl. Not all attribute values can be converted.
2025-09-26T14:42:15,106  WARN ObjectAttributesConverter:96 No AttributeConverter found for class org.matsim.api.core.v01.Id$IdImpl. Not all attribute values can be converted.
2025-09-26T14:42:15,108  INFO Counter:70 [ParallelPopulationWriterV6] dumped person # 2
2025-09-26T14:42:15,108  INFO Counter:70 [ParallelPopulationWriterV6] dumped person # 4
2025-09-26T14:42:15,108  INFO Counter:70 [ParallelPopulationWriterV6] dumped person # 8
2025-09-26T14:42:15,108  INFO Counter:70 [ParallelPopulationWriterV6] dumped person # 16
2025-09-26T14:42:15,108  INFO Counter:70 [PopulationWriter] dumped person # 1024
2025-09-26T14:42:15,108  INFO Counter:70 [ParallelPopulationWriterV6] dumped person # 32
2025-09-26T14:42:15,109  INFO Counter:70 [ParallelPopulationWriterV6] dumped person # 64
2025-09-26T14:42:15,110  INFO Counter:70 [ParallelPopulationWriterV6] dumped person # 128
2025-09-26T14:42:15,112  INFO Counter:70 [ParallelPopulationWriterV6] dumped person # 256
2025-09-26T14:42:15,115  INFO Counter:70 [ParallelPopulationWriterV6] dumped person # 512
2025-09-26T14:42:15,123  INFO Counter:70 [ParallelPopulationWriterV6] dumped person # 1024
2025-09-26T14:42:15,124  INFO Counter:70 [PopulationWriter] dumped person # 2048
2025-09-26T14:42:15,138  INFO Counter:70 [ParallelPopulationWriterV6] dumped person # 2048
2025-09-26T14:42:15,154  INFO Counter:70 [PopulationWriter] dumped person # 4096
2025-09-26T14:42:15,170  INFO Counter:70 [ParallelPopulationWriterV6] dumped person # 4096
2025-09-26T14:42:15,217  INFO Counter:70 [PopulationWriter] dumped person # 8192
2025-09-26T14:42:15,232  INFO Counter:70 [ParallelPopulationWriterV6] dumped person # 8192
2025-09-26T14:42:15,336  INFO Counter:70 [PopulationWriter] dumped person # 16384
2025-09-26T14:42:15,352  INFO Counter:70 [ParallelPopulationWriterV6] dumped person # 16384
2025-09-26T14:42:15,612  INFO Counter:70 [PopulationWriter] dumped person # 32768
2025-09-26T14:42:15,626  INFO Counter:70 [ParallelPopulationWriterV6] dumped person # 32768
2025-09-26T14:42:16,123  INFO Counter:70 [PopulationWriter] dumped person # 65536
2025-09-26T14:42:16,134  INFO Counter:70 [ParallelPopulationWriterV6] dumped person # 65536
2025-09-26T14:42:16,414  INFO Counter:75 [ParallelPopulationWriterV6] dumped person # 84110
2025-09-26T14:42:16,415  INFO PopulationWriter:150 Population written to: runs/sioux_quick/ITERS/it.0/0.experienced_plans.xml.gz
2025-09-26T14:42:16,416  INFO Counter:75 [PopulationWriter] dumped person # 84110
2025-09-26T14:42:16,779  INFO ControllerListenerManagerImpl:217 calling notifyIterationEnds on org.matsim.counts.CountsControllerListener with priority 0.0
2025-09-26T14:42:16,779  INFO ControllerListenerManagerImpl:217 calling notifyIterationEnds on org.matsim.analysis.ModeChoiceCoverageControllerListener with priority 0.0
2025-09-26T14:42:16,936  INFO ModeChoiceCoverageControllerListener:144 -- mode choice coverage (1x) of mode car = 0.7818095351325645
2025-09-26T14:42:16,936  INFO ModeChoiceCoverageControllerListener:144 -- mode choice coverage (1x) of mode pt = 0.1888360480323386
2025-09-26T14:42:16,936  INFO ModeChoiceCoverageControllerListener:144 -- mode choice coverage (1x) of mode walk = 0.029354416835096896
2025-09-26T14:42:16,936  INFO ModeChoiceCoverageControllerListener:144 -- mode choice coverage (5x) of mode car = 0.0
2025-09-26T14:42:16,936  INFO ModeChoiceCoverageControllerListener:144 -- mode choice coverage (5x) of mode pt = 0.0
2025-09-26T14:42:16,936  INFO ModeChoiceCoverageControllerListener:144 -- mode choice coverage (5x) of mode walk = 0.0
2025-09-26T14:42:16,936  INFO ModeChoiceCoverageControllerListener:144 -- mode choice coverage (10x) of mode car = 0.0
2025-09-26T14:42:16,936  INFO ModeChoiceCoverageControllerListener:144 -- mode choice coverage (10x) of mode pt = 0.0
2025-09-26T14:42:16,936  INFO ModeChoiceCoverageControllerListener:144 -- mode choice coverage (10x) of mode walk = 0.0
2025-09-26T14:42:16,937  INFO ControllerListenerManagerImpl:217 calling notifyIterationEnds on org.matsim.analysis.ModeStatsControllerListener with priority 0.0
2025-09-26T14:42:17,004  INFO ModeStatsControllerListener:132 Mode shares over all 168220.0 trips found. MainModeIdentifier: class org.matsim.core.router.DefaultAnalysisMainModeIdentifier
2025-09-26T14:42:17,005  INFO ModeStatsControllerListener:139 -- mode share of mode car = 0.7818095351325645
2025-09-26T14:42:17,005  INFO ModeStatsControllerListener:139 -- mode share of mode pt = 0.1888360480323386
2025-09-26T14:42:17,005  INFO ModeStatsControllerListener:139 -- mode share of mode walk = 0.029354416835096896
2025-09-26T14:42:17,005  INFO ControllerListenerManagerImpl:217 calling notifyIterationEnds on org.matsim.analysis.ScoreStatsControlerListener with priority 0.0
2025-09-26T14:42:17,026  INFO ScoreStatsControlerListener:154 -- avg. score of the executed plan of each agent: -34.160744518204815
2025-09-26T14:42:17,026  INFO ScoreStatsControlerListener:155 -- avg. score of the worst plan of each agent: -34.160744518204815
2025-09-26T14:42:17,027  INFO ScoreStatsControlerListener:156 -- avg. of the avg. plan score per agent: -34.160744518204815
2025-09-26T14:42:17,027  INFO ScoreStatsControlerListener:157 -- avg. score of the best plan of each agent: -34.160744518204815
2025-09-26T14:42:17,028  INFO ControllerListenerManagerImpl:217 calling notifyIterationEnds on org.matsim.analysis.IterationTravelStatsControllerListener with priority 0.0
2025-09-26T14:42:17,077  INFO TravelDistanceStats:115 -- average leg distance per plan (executed plans only): 1036.2043828316134 meters
2025-09-26T14:42:17,077  INFO TravelDistanceStats:116 average leg distance per Person (executed plans only): 1887.0229191188193 meters (statistic on all 153172 legs which have a finite distance)
2025-09-26T14:42:17,077  INFO TravelDistanceStats:117 -- average trip distance per plan (executed plans only): 3986.773808423629 meters
2025-09-26T14:42:17,077  INFO TravelDistanceStats:118 average trip distance per Person (executed plans only): 1273.3407631612456 meters (statistic on all 26864 trips which have a finite distance)
2025-09-26T14:42:17,077  INFO TravelDistanceStats:119 (TravelDistanceStats takes an average over all legs where the simulation reports travelled (network) distances
2025-09-26T14:42:17,077  INFO TravelDistanceStats:120 (and teleported legs whose route contains a distance.)
2025-09-26T14:42:18,151  INFO ActivityWriter:39 Writing all Activities to activitiescsv
2025-09-26T14:42:18,883  INFO ActivityWriter:59 ...done
2025-09-26T14:42:18,883  INFO ControllerListenerManagerImpl:217 calling notifyIterationEnds on org.matsim.analysis.LegTimesControllerListener with priority 0.0
2025-09-26T14:42:18,883  INFO EventsManagerImpl:164 removing Event-Handler: org.matsim.analysis.CalcLegTimes
2025-09-26T14:42:18,883  INFO EventsManagerImpl:164 removing Event-Handler: org.matsim.analysis.CalcLegTimes
2025-09-26T14:42:18,883  INFO ControllerListenerManagerImpl:217 calling notifyIterationEnds on org.matsim.analysis.LegHistogramListener with priority 0.0
2025-09-26T14:42:18,887  INFO LegHistogramListener:79 number of legs:	234519	100%
2025-09-26T14:42:18,888  INFO LegHistogramListener:86 number of car legs:	83845	35.75190069887728%
2025-09-26T14:42:18,888  INFO LegHistogramListener:86 number of pt legs:	19967	8.51402231802114%
2025-09-26T14:42:18,888  INFO LegHistogramListener:86 number of walk legs:	130707	55.73407698310158%
2025-09-26T14:42:19,586  INFO EventsManagerImpl:164 removing Event-Handler: org.matsim.analysis.LegHistogram
2025-09-26T14:42:19,586  INFO EventsManagerImpl:164 removing Event-Handler: org.matsim.analysis.LegHistogram
2025-09-26T14:42:19,586  INFO ControllerListenerManagerImpl:217 calling notifyIterationEnds on org.matsim.analysis.LinkStatsControllerListener with priority 0.0
2025-09-26T14:42:19,586  INFO ControllerListenerManagerImpl:221 [it.0] all ControllerIterationEndsListeners called.
2025-09-26T14:42:19,621  INFO AbstractController:184 ### ITERATION 0 ENDS
2025-09-26T14:42:19,621  INFO AbstractController:185 ###################################################
2025-09-26T14:42:19,622  INFO MatsimRuntimeModifications:81 S H U T D O W N   ---   start shutdown.
2025-09-26T14:42:19,622  INFO ControllerListenerManagerImpl:155 calling notifyShutdown on org.matsim.core.controler.corelisteners.EventsHandlingImpl with priority 0.0
2025-09-26T14:42:19,622  INFO ControllerListenerManagerImpl:155 calling notifyShutdown on org.matsim.core.controler.corelisteners.DumpDataAtEndImpl with priority 0.0
2025-09-26T14:42:19,661  INFO Counter:70 [PopulationWriter] dumped person # 1
2025-09-26T14:42:19,661  INFO Counter:70 [PopulationWriter] dumped person # 2
2025-09-26T14:42:19,661  INFO Counter:70 [PopulationWriter] dumped person # 4
2025-09-26T14:42:19,661  INFO Counter:70 [PopulationWriter] dumped person # 8
2025-09-26T14:42:19,661  INFO Counter:70 [PopulationWriter] dumped person # 16
2025-09-26T14:42:19,661  INFO Counter:70 [PopulationWriter] dumped person # 32
2025-09-26T14:42:19,661  INFO Counter:70 [PopulationWriter] dumped person # 64
2025-09-26T14:42:19,661  INFO Counter:70 [PopulationWriter] dumped person # 128
2025-09-26T14:42:19,661  INFO Counter:70 [ParallelPopulationWriterV6] dumped person # 1
2025-09-26T14:42:19,661  INFO Counter:70 [PopulationWriter] dumped person # 256
2025-09-26T14:42:19,662  INFO Counter:70 [ParallelPopulationWriterV6] dumped person # 2
2025-09-26T14:42:19,662  INFO Counter:70 [PopulationWriter] dumped person # 512
2025-09-26T14:42:19,662  INFO Counter:70 [ParallelPopulationWriterV6] dumped person # 4
2025-09-26T14:42:19,662  INFO Counter:70 [ParallelPopulationWriterV6] dumped person # 8
2025-09-26T14:42:19,662  INFO Counter:70 [ParallelPopulationWriterV6] dumped person # 16
2025-09-26T14:42:19,662  INFO Counter:70 [PopulationWriter] dumped person # 1024
2025-09-26T14:42:19,663  INFO Counter:70 [ParallelPopulationWriterV6] dumped person # 32
2025-09-26T14:42:19,664  INFO Counter:70 [ParallelPopulationWriterV6] dumped person # 64
2025-09-26T14:42:19,666  INFO Counter:70 [ParallelPopulationWriterV6] dumped person # 128
2025-09-26T14:42:19,671  INFO Counter:70 [ParallelPopulationWriterV6] dumped person # 256
2025-09-26T14:42:19,681  INFO Counter:70 [ParallelPopulationWriterV6] dumped person # 512
2025-09-26T14:42:19,700  INFO Counter:70 [ParallelPopulationWriterV6] dumped person # 1024
2025-09-26T14:42:19,701  INFO Counter:70 [PopulationWriter] dumped person # 2048
2025-09-26T14:42:19,739  INFO Counter:70 [ParallelPopulationWriterV6] dumped person # 2048
2025-09-26T14:42:19,781  INFO Counter:70 [PopulationWriter] dumped person # 4096
2025-09-26T14:42:19,819  INFO Counter:70 [ParallelPopulationWriterV6] dumped person # 4096
2025-09-26T14:42:19,945  INFO Counter:70 [PopulationWriter] dumped person # 8192
2025-09-26T14:42:19,984  INFO Counter:70 [ParallelPopulationWriterV6] dumped person # 8192
2025-09-26T14:42:20,270  INFO Counter:70 [PopulationWriter] dumped person # 16384
2025-09-26T14:42:20,307  INFO Counter:70 [ParallelPopulationWriterV6] dumped person # 16384
2025-09-26T14:42:20,956  INFO Counter:70 [PopulationWriter] dumped person # 32768
2025-09-26T14:42:20,997  INFO Counter:70 [ParallelPopulationWriterV6] dumped person # 32768
2025-09-26T14:42:22,255  INFO Counter:70 [PopulationWriter] dumped person # 65536
2025-09-26T14:42:22,294  INFO Counter:70 [ParallelPopulationWriterV6] dumped person # 65536
2025-09-26T14:42:23,005  INFO Counter:75 [ParallelPopulationWriterV6] dumped person # 84110
2025-09-26T14:42:23,005  INFO PopulationWriter:150 Population written to: runs/sioux_quick/output_plans.xml.gz
2025-09-26T14:42:23,006  INFO Counter:75 [PopulationWriter] dumped person # 84110
2025-09-26T14:42:23,007  INFO NetworkWriter:70 Writing network to file: runs/sioux_quick/output_network.xml.gz...
2025-09-26T14:42:23,011  INFO NetworkWriter:73 done.
2025-09-26T14:42:23,013  INFO Config:461 setting context to [file:/Users/Matteo/Library/CloudStorage/OneDrive-ETHZurich/0_Master_REIS/3_Semester/ABMT/U%CC%88bung/abmt25_own/]
2025-09-26T14:42:23,014  INFO Config:461 setting context to [file:/Users/Matteo/Library/CloudStorage/OneDrive-ETHZurich/0_Master_REIS/3_Semester/ABMT/U%CC%88bung/abmt25_own/]
2025-09-26T14:42:23,015  INFO Config:461 setting context to [file:/Users/Matteo/Library/CloudStorage/OneDrive-ETHZurich/0_Master_REIS/3_Semester/ABMT/U%CC%88bung/abmt25_own/]
2025-09-26T14:42:23,016  INFO Config:461 setting context to [file:/Users/Matteo/Library/CloudStorage/OneDrive-ETHZurich/0_Master_REIS/3_Semester/ABMT/U%CC%88bung/abmt25_own/]
2025-09-26T14:42:23,018  INFO Config:461 setting context to [file:/Users/Matteo/Library/CloudStorage/OneDrive-ETHZurich/0_Master_REIS/3_Semester/ABMT/U%CC%88bung/abmt25_own/]
2025-09-26T14:42:23,019  INFO Config:461 setting context to [file:/Users/Matteo/Library/CloudStorage/OneDrive-ETHZurich/0_Master_REIS/3_Semester/ABMT/U%CC%88bung/abmt25_own/]
2025-09-26T14:42:23,020  INFO Config:461 setting context to [file:/Users/Matteo/Library/CloudStorage/OneDrive-ETHZurich/0_Master_REIS/3_Semester/ABMT/U%CC%88bung/abmt25_own/]
2025-09-26T14:42:23,021  INFO Config:461 setting context to [file:/Users/Matteo/Library/CloudStorage/OneDrive-ETHZurich/0_Master_REIS/3_Semester/ABMT/U%CC%88bung/abmt25_own/]
2025-09-26T14:42:23,022  INFO Config:461 setting context to [file:/Users/Matteo/Library/CloudStorage/OneDrive-ETHZurich/0_Master_REIS/3_Semester/ABMT/U%CC%88bung/abmt25_own/]
2025-09-26T14:42:23,022  INFO Config:461 setting context to [file:/Users/Matteo/Library/CloudStorage/OneDrive-ETHZurich/0_Master_REIS/3_Semester/ABMT/U%CC%88bung/abmt25_own/]
2025-09-26T14:42:23,023  INFO Config:461 setting context to [file:/Users/Matteo/Library/CloudStorage/OneDrive-ETHZurich/0_Master_REIS/3_Semester/ABMT/U%CC%88bung/abmt25_own/]
2025-09-26T14:42:23,024  INFO Config:461 setting context to [file:/Users/Matteo/Library/CloudStorage/OneDrive-ETHZurich/0_Master_REIS/3_Semester/ABMT/U%CC%88bung/abmt25_own/]
2025-09-26T14:42:23,024  INFO Config:461 setting context to [file:/Users/Matteo/Library/CloudStorage/OneDrive-ETHZurich/0_Master_REIS/3_Semester/ABMT/U%CC%88bung/abmt25_own/]
2025-09-26T14:42:23,026  INFO Config:461 setting context to [file:/Users/Matteo/Library/CloudStorage/OneDrive-ETHZurich/0_Master_REIS/3_Semester/ABMT/U%CC%88bung/abmt25_own/]
2025-09-26T14:42:23,026  INFO Config:461 setting context to [file:/Users/Matteo/Library/CloudStorage/OneDrive-ETHZurich/0_Master_REIS/3_Semester/ABMT/U%CC%88bung/abmt25_own/]
2025-09-26T14:42:23,027  INFO Config:461 setting context to [file:/Users/Matteo/Library/CloudStorage/OneDrive-ETHZurich/0_Master_REIS/3_Semester/ABMT/U%CC%88bung/abmt25_own/]
2025-09-26T14:42:23,027  INFO Config:461 setting context to [file:/Users/Matteo/Library/CloudStorage/OneDrive-ETHZurich/0_Master_REIS/3_Semester/ABMT/U%CC%88bung/abmt25_own/]
2025-09-26T14:42:23,028  INFO Config:461 setting context to [file:/Users/Matteo/Library/CloudStorage/OneDrive-ETHZurich/0_Master_REIS/3_Semester/ABMT/U%CC%88bung/abmt25_own/]
2025-09-26T14:42:23,029  INFO Config:461 setting context to [file:/Users/Matteo/Library/CloudStorage/OneDrive-ETHZurich/0_Master_REIS/3_Semester/ABMT/U%CC%88bung/abmt25_own/]
2025-09-26T14:42:23,030  INFO Config:461 setting context to [file:/Users/Matteo/Library/CloudStorage/OneDrive-ETHZurich/0_Master_REIS/3_Semester/ABMT/U%CC%88bung/abmt25_own/]
2025-09-26T14:42:23,030  INFO Config:461 setting context to [file:/Users/Matteo/Library/CloudStorage/OneDrive-ETHZurich/0_Master_REIS/3_Semester/ABMT/U%CC%88bung/abmt25_own/]
2025-09-26T14:42:23,031  INFO Config:461 setting context to [file:/Users/Matteo/Library/CloudStorage/OneDrive-ETHZurich/0_Master_REIS/3_Semester/ABMT/U%CC%88bung/abmt25_own/]
2025-09-26T14:42:23,031  INFO Config:461 setting context to [file:/Users/Matteo/Library/CloudStorage/OneDrive-ETHZurich/0_Master_REIS/3_Semester/ABMT/U%CC%88bung/abmt25_own/]
2025-09-26T14:42:23,032  INFO Config:461 setting context to [file:/Users/Matteo/Library/CloudStorage/OneDrive-ETHZurich/0_Master_REIS/3_Semester/ABMT/U%CC%88bung/abmt25_own/]
2025-09-26T14:42:23,032  INFO Config:461 setting context to [file:/Users/Matteo/Library/CloudStorage/OneDrive-ETHZurich/0_Master_REIS/3_Semester/ABMT/U%CC%88bung/abmt25_own/]
2025-09-26T14:42:23,033  INFO Config:461 setting context to [file:/Users/Matteo/Library/CloudStorage/OneDrive-ETHZurich/0_Master_REIS/3_Semester/ABMT/U%CC%88bung/abmt25_own/]
2025-09-26T14:42:23,145  INFO TransitScheduleWriter:89 about to write transit schedule to: runs/sioux_quick/output_transitSchedule.xml.gz
2025-09-26T14:42:23,154  INFO MatsimVehicleWriter:49 about to write vehicles to: runs/sioux_quick/output_transitVehicles.xml.gz
2025-09-26T14:42:23,154  INFO VehicleWriterV2:64 about to write vehicles to: runs/sioux_quick/output_transitVehicles.xml.gz
2025-09-26T14:42:23,157  INFO MatsimVehicleWriter:49 about to write vehicles to: runs/sioux_quick/output_vehicles.xml.gz
2025-09-26T14:42:23,157  INFO VehicleWriterV2:64 about to write vehicles to: runs/sioux_quick/output_vehicles.xml.gz
2025-09-26T14:42:23,330  INFO MatsimVehicleWriter:49 about to write vehicles to: runs/sioux_quick/output_allVehicles.xml.gz
2025-09-26T14:42:23,330  INFO VehicleWriterV2:64 about to write vehicles to: runs/sioux_quick/output_allVehicles.xml.gz
2025-09-26T14:42:23,443  INFO HouseholdsWriterV10:66 about to write  households to: runs/sioux_quick/output_households.xml.gz
2025-09-26T14:42:23,443  INFO Counter:75 [HouseholdsWriter] wrote household # 0
2025-09-26T14:42:23,444  INFO CountsWriterV2:45 Write Counts to runs/sioux_quick/output_counts.xml.gz
2025-09-26T14:42:23,448  INFO ControllerListenerManagerImpl:162 calling notifyShutdown on org.matsim.analysis.ModeChoiceCoverageControllerListener with priority 0.0
2025-09-26T14:42:23,448  INFO ControllerListenerManagerImpl:162 calling notifyShutdown on org.matsim.analysis.ScoreStatsControlerListener with priority 0.0
2025-09-26T14:42:23,448  INFO ControllerListenerManagerImpl:162 calling notifyShutdown on org.matsim.analysis.IterationTravelStatsControllerListener with priority 0.0
2025-09-26T14:42:23,448  INFO PersonWriter:36 Writing all Persons to personscsv
2025-09-26T14:42:23,932  INFO PersonWriter:54 ...done
2025-09-26T14:42:23,932  INFO ControllerListenerManagerImpl:162 calling notifyShutdown on org.matsim.analysis.LinkStatsControllerListener with priority 0.0
2025-09-26T14:42:23,939  INFO ControllerListenerManagerImpl:165 all ControlerShutdownListeners called.
2025-09-26T14:42:23,939  INFO MatsimRuntimeModifications:104 S H U T D O W N   ---   shutdown completed.
2025-09-26T14:42:23,939  INFO OutputDirectoryLogging:173 closing the logfile, i.e. messages sent to the logger after this message are not written to the logfile.
