2025-09-30T16:50:32,046  INFO Gbl:64 JVM: 21.0.8; Eclipse Adoptium; mixed mode, sharing; 64-bit
2025-09-30T16:50:32,047  INFO Gbl:68 OS: Mac OS X; 15.0.1; aarch64
2025-09-30T16:50:32,047  INFO Gbl:71 CPU cores: 10
2025-09-30T16:50:32,048  INFO Gbl:72 max. Memory: 8192.0MB (8589934592B)
2025-09-30T16:50:32,048  INFO Gbl:114 MATSim-Build: r78b6d00933a32e25dab366e962d767fde0a71fa0 ({2025-09-15 02:16:02})
2025-09-30T16:50:32,049  INFO Gbl:76 Command: org.eth.lectures.week2.RunMatsimUtils
2025-09-30T16:50:32,051  INFO ControllerListenerManagerImpl:121 calling notifyStartup on org.matsim.core.controler.ControlerDefaultsModule$1 with priority 0.0
2025-09-30T16:50:32,051  INFO MemoryObserver:43 used RAM: 196 MB  free: 243 MB  total: 440 MB  max: 8192 MB
2025-09-30T16:50:32,087  INFO ControllerListenerManagerImpl:121 calling notifyStartup on org.matsim.guice.DependencyGraphControllerListener with priority 0.0
2025-09-30T16:50:32,145  INFO ControllerListenerManagerImpl:121 calling notifyStartup on org.matsim.counts.CountsControllerListener with priority 0.0
2025-09-30T16:50:32,145  INFO ControllerListenerManagerImpl:121 calling notifyStartup on org.matsim.analysis.ModeChoiceCoverageControllerListener with priority 0.0
2025-09-30T16:50:32,145  INFO ControllerListenerManagerImpl:121 calling notifyStartup on org.matsim.analysis.ModeStatsControllerListener with priority 0.0
2025-09-30T16:50:32,145  INFO ControllerListenerManagerImpl:121 calling notifyStartup on org.matsim.analysis.ScoreStatsControlerListener with priority 0.0
2025-09-30T16:50:32,146  INFO ControllerListenerManagerImpl:124 all ControllerStartupListeners called.
2025-09-30T16:50:32,146  INFO ControllerUtils:99 config dump before iterations start
2025-09-30T16:50:32,159  INFO ControllerUtils:105 === logging config.xml skipped ===
2025-09-30T16:50:32,159  INFO ControllerUtils:106 To enable debug output, set an environment variable i.e. export LOG_LEVEL='debug', or set log.setLogLevel(Level.DEBUG) in your run class.
2025-09-30T16:50:32,159  INFO ControllerUtils:110 Complete config dump done.
2025-09-30T16:50:32,159  INFO ControllerUtils:111 Checking consistency of config...
2025-09-30T16:50:32,160  INFO VspConfigConsistencyCheckerImpl:62 NOT running vsp config consistency check because vsp defaults checking level is set to IGNORE
2025-09-30T16:50:32,166  INFO ControllerUtils:113 Checking consistency of config done.
2025-09-30T16:50:32,166  INFO PrepareForSimImpl:126 Network seems to be multimodal. Create car-only network which is handed over to PersonPrepareForSim.
2025-09-30T16:50:32,167  INFO NetworkImpl:165  node # 1
2025-09-30T16:50:32,167  INFO NetworkImpl:165  node # 4
2025-09-30T16:50:32,167  INFO NetworkImpl:165  node # 16
2025-09-30T16:50:32,167  INFO NetworkImpl:165  node # 64
2025-09-30T16:50:32,168  INFO NetworkImpl:165  node # 256
2025-09-30T16:50:32,168  INFO NetworkImpl:161  link # 1
2025-09-30T16:50:32,168  INFO NetworkImpl:161  link # 4
2025-09-30T16:50:32,168  INFO NetworkImpl:161  link # 16
2025-09-30T16:50:32,169  INFO NetworkImpl:161  link # 64
2025-09-30T16:50:32,170  INFO NetworkImpl:161  link # 256
2025-09-30T16:50:32,172  WARN XY2LinksForFacilities:51 There is no link for at least a facility. Assigning links for such facilities from coords.
2025-09-30T16:50:32,172  WARN XY2LinksForFacilities:52  This message given only once.
2025-09-30T16:50:32,173  INFO NetworkImpl:419 building QuadTree for nodes: xrange(679321.0322181903,686286.9268926464); yrange(4820338.810996656,4831237.176461053)
2025-09-30T16:50:32,175  INFO NetworkImpl:428 Building QuadTree took 0.003 seconds.
2025-09-30T16:50:32,229  WARN PrepareForSimImpl:266 'usePersonIdForMissingVehicleId' is deprecated. It will be removed soon. Use
2025-09-30T16:50:32,229  WARN PrepareForSimImpl:267 		config.qsim().setUsePersonIdForMissingVehicleId( false );
2025-09-30T16:50:32,229  WARN PrepareForSimImpl:268 in code, and 
2025-09-30T16:50:32,230  WARN PrepareForSimImpl:269 	<module name="qsim" >
2025-09-30T16:50:32,230  WARN PrepareForSimImpl:270 		<param name="usePersonIdForMissingVehicleId" value="true" />
2025-09-30T16:50:32,230  WARN PrepareForSimImpl:271 in the config xml.
2025-09-30T16:50:32,230  INFO Counter:70 [VehiclesImpl] added vehicle # 1
2025-09-30T16:50:32,231  INFO Counter:70 [VehiclesImpl] added vehicle # 2
2025-09-30T16:50:32,231  INFO Counter:70 [VehiclesImpl] added vehicle # 4
2025-09-30T16:50:32,231  INFO Counter:70 [VehiclesImpl] added vehicle # 8
2025-09-30T16:50:32,231  INFO Counter:70 [VehiclesImpl] added vehicle # 16
2025-09-30T16:50:32,231  INFO Counter:70 [VehiclesImpl] added vehicle # 32
2025-09-30T16:50:32,231  INFO Counter:70 [VehiclesImpl] added vehicle # 64
2025-09-30T16:50:32,231  INFO Counter:70 [VehiclesImpl] added vehicle # 128
2025-09-30T16:50:32,232  INFO Counter:70 [VehiclesImpl] added vehicle # 256
2025-09-30T16:50:32,232  INFO Counter:70 [VehiclesImpl] added vehicle # 512
2025-09-30T16:50:32,233  INFO Counter:70 [VehiclesImpl] added vehicle # 1024
2025-09-30T16:50:32,235  INFO Counter:70 [VehiclesImpl] added vehicle # 2048
2025-09-30T16:50:32,238  INFO Counter:70 [VehiclesImpl] added vehicle # 4096
2025-09-30T16:50:32,243  INFO Counter:70 [VehiclesImpl] added vehicle # 8192
2025-09-30T16:50:32,254  INFO Counter:70 [VehiclesImpl] added vehicle # 16384
2025-09-30T16:50:32,274  INFO Counter:70 [VehiclesImpl] added vehicle # 32768
2025-09-30T16:50:32,313  INFO Counter:70 [VehiclesImpl] added vehicle # 65536
2025-09-30T16:50:32,432  INFO EventsManagerImpl:139 === Logging of event-handlers skipped ===
2025-09-30T16:50:32,432  INFO EventsManagerImpl:140 To enable debug output, set an environment variable i.e. export LOG_LEVEL='debug', or set log.setLogLevel(Level.DEBUG) in your run class.
2025-09-30T16:50:32,432  INFO EventsManagerImpl:210     > org.matsim.pt.router.TransitScheduleChangedEvent
2025-09-30T16:50:32,432  INFO EventsManagerImpl:139 === Logging of event-handlers skipped ===
2025-09-30T16:50:32,432  INFO EventsManagerImpl:140 To enable debug output, set an environment variable i.e. export LOG_LEVEL='debug', or set log.setLogLevel(Level.DEBUG) in your run class.
2025-09-30T16:50:32,432  INFO EventsManagerImpl:210     > org.matsim.pt.router.TransitScheduleChangedEvent
2025-09-30T16:50:32,434  INFO SwissRailRaptorData:106 Preparing data for SwissRailRaptor...
2025-09-30T16:50:32,453  INFO SwissRailRaptorData:313 SwissRailRaptor data preparation done. Took 0 seconds.
2025-09-30T16:50:32,454  INFO SwissRailRaptorData:314 SwissRailRaptor statistics:  #routes = 10
2025-09-30T16:50:32,454  INFO SwissRailRaptorData:315 SwissRailRaptor statistics:  #departures = 2040
2025-09-30T16:50:32,454  INFO SwissRailRaptorData:316 SwissRailRaptor statistics:  #routeStops = 141
2025-09-30T16:50:32,455  INFO SwissRailRaptorData:317 SwissRailRaptor statistics:  #stopFacilities = 133
2025-09-30T16:50:32,455  INFO SwissRailRaptorData:318 SwissRailRaptor statistics:  #transfers (between routeStops) = 37
2025-09-30T16:50:32,455  INFO SwissRailRaptorData:319 SwissRailRaptor statistics:  #chainedDepartures = 0
2025-09-30T16:50:32,457  INFO NetworkImpl:165  node # 1
2025-09-30T16:50:32,458  INFO NetworkImpl:165  node # 4
2025-09-30T16:50:32,458  INFO NetworkImpl:165  node # 16
2025-09-30T16:50:32,458  INFO NetworkImpl:165  node # 64
2025-09-30T16:50:32,458  INFO NetworkImpl:165  node # 256
2025-09-30T16:50:32,458  INFO NetworkImpl:161  link # 1
2025-09-30T16:50:32,458  INFO NetworkImpl:161  link # 4
2025-09-30T16:50:32,459  INFO NetworkImpl:161  link # 16
2025-09-30T16:50:32,459  INFO NetworkImpl:161  link # 64
2025-09-30T16:50:32,460  INFO NetworkImpl:161  link # 256
2025-09-30T16:50:32,460  INFO NetworkRoutingProvider:155 Checking network for mode 'car' for consistency...
2025-09-30T16:50:32,464  INFO MultimodalNetworkCleaner:104 running org.matsim.core.network.algorithms.MultimodalNetworkCleaner algorithm for modes [car] with connectivity modes []...
2025-09-30T16:50:32,466  INFO MultimodalNetworkCleaner:108   checking 282 nodes and 334 links for dead-ends...
2025-09-30T16:50:32,469  INFO MultimodalNetworkCleaner:126     The biggest cluster consists of 334 links.
2025-09-30T16:50:32,469  INFO MultimodalNetworkCleaner:127   done.
2025-09-30T16:50:32,470  INFO MultimodalNetworkCleaner:151   resulting network contains 282 nodes and 334 links.
2025-09-30T16:50:32,470  INFO MultimodalNetworkCleaner:153 done.
2025-09-30T16:50:32,473  INFO RandomizingTimeDistanceTravelDisutilityFactory:86  sigma: 3.0; resulting normalization: 0.011108996538242306
2025-09-30T16:50:32,475  INFO SpeedyALTData:51 find dead ends...
2025-09-30T16:50:32,476  INFO SpeedyALTData:132 calculate landmarks...
2025-09-30T16:50:32,483  INFO SpeedyALTData:173 calculate min travelcost...
2025-09-30T16:50:32,486  INFO SpeedyALTData:51 find dead ends...
2025-09-30T16:50:32,486  INFO SpeedyALTData:132 calculate landmarks...
2025-09-30T16:50:32,489  INFO SpeedyALTData:173 calculate min travelcost...
2025-09-30T16:50:32,491  INFO RandomizingTimeDistanceTravelDisutilityFactory:86  sigma: 3.0; resulting normalization: 0.011108996538242306
2025-09-30T16:50:32,524  INFO Counter:70 [PersonPrepareForSim] handled person # 1
2025-09-30T16:50:32,524  INFO Counter:70 [PersonPrepareForSim] handled person # 2
2025-09-30T16:50:32,525  INFO Counter:70 [PersonPrepareForSim] handled person # 4
2025-09-30T16:50:32,526  INFO Counter:70 [PersonPrepareForSim] handled person # 8
2025-09-30T16:50:32,533  INFO Counter:70 [PersonPrepareForSim] handled person # 16
2025-09-30T16:50:32,535  INFO Counter:70 [PersonPrepareForSim] handled person # 32
2025-09-30T16:50:32,538  INFO Counter:70 [PersonPrepareForSim] handled person # 64
2025-09-30T16:50:32,544  INFO Counter:70 [PersonPrepareForSim] handled person # 128
2025-09-30T16:50:32,552  INFO Counter:70 [PersonPrepareForSim] handled person # 256
2025-09-30T16:50:32,564  INFO Counter:70 [PersonPrepareForSim] handled person # 512
2025-09-30T16:50:32,586  INFO Counter:70 [PersonPrepareForSim] handled person # 1024
2025-09-30T16:50:32,610  INFO Counter:70 [PersonPrepareForSim] handled person # 2048
2025-09-30T16:50:32,672  INFO Counter:70 [PersonPrepareForSim] handled person # 4096
2025-09-30T16:50:32,743  INFO Counter:70 [PersonPrepareForSim] handled person # 8192
2025-09-30T16:50:32,855  INFO Counter:70 [PersonPrepareForSim] handled person # 16384
2025-09-30T16:50:33,025  INFO Counter:70 [PersonPrepareForSim] handled person # 32768
2025-09-30T16:50:33,278  INFO Counter:70 [PersonPrepareForSim] handled person # 65536
2025-09-30T16:50:33,443  INFO Counter:75 [PersonPrepareForSim] handled person # 84111
2025-09-30T16:50:33,461  INFO AbstractController:136 ###################################################
2025-09-30T16:50:33,461  INFO AbstractController:137 ### ITERATION 0 BEGINS
2025-09-30T16:50:33,462  INFO ControllerListenerManagerImpl:188 calling notifyIterationStarts on org.matsim.analysis.LegTimesControllerListener with priority 0.0
2025-09-30T16:50:33,462  INFO EventsManagerImpl:139 === Logging of event-handlers skipped ===
2025-09-30T16:50:33,462  INFO EventsManagerImpl:140 To enable debug output, set an environment variable i.e. export LOG_LEVEL='debug', or set log.setLogLevel(Level.DEBUG) in your run class.
2025-09-30T16:50:33,462  INFO EventsManagerImpl:210     > org.matsim.api.core.v01.events.PersonDepartureEvent
2025-09-30T16:50:33,462  INFO EventsManagerImpl:210     > org.matsim.api.core.v01.events.PersonArrivalEvent
2025-09-30T16:50:33,462  INFO EventsManagerImpl:210     > org.matsim.api.core.v01.events.ActivityEndEvent
2025-09-30T16:50:33,462  INFO EventsManagerImpl:210     > org.matsim.api.core.v01.events.ActivityStartEvent
2025-09-30T16:50:33,462  INFO EventsManagerImpl:139 === Logging of event-handlers skipped ===
2025-09-30T16:50:33,462  INFO EventsManagerImpl:140 To enable debug output, set an environment variable i.e. export LOG_LEVEL='debug', or set log.setLogLevel(Level.DEBUG) in your run class.
2025-09-30T16:50:33,462  INFO EventsManagerImpl:210     > org.matsim.api.core.v01.events.PersonDepartureEvent
2025-09-30T16:50:33,463  INFO EventsManagerImpl:210     > org.matsim.api.core.v01.events.PersonArrivalEvent
2025-09-30T16:50:33,463  INFO EventsManagerImpl:210     > org.matsim.api.core.v01.events.ActivityEndEvent
2025-09-30T16:50:33,463  INFO EventsManagerImpl:210     > org.matsim.api.core.v01.events.ActivityStartEvent
2025-09-30T16:50:33,463  INFO ControllerListenerManagerImpl:188 calling notifyIterationStarts on org.matsim.analysis.LegHistogramListener with priority 0.0
2025-09-30T16:50:33,463  INFO EventsManagerImpl:139 === Logging of event-handlers skipped ===
2025-09-30T16:50:33,463  INFO EventsManagerImpl:140 To enable debug output, set an environment variable i.e. export LOG_LEVEL='debug', or set log.setLogLevel(Level.DEBUG) in your run class.
2025-09-30T16:50:33,463  INFO EventsManagerImpl:210     > org.matsim.api.core.v01.events.PersonDepartureEvent
2025-09-30T16:50:33,463  INFO EventsManagerImpl:210     > org.matsim.api.core.v01.events.PersonArrivalEvent
2025-09-30T16:50:33,463  INFO EventsManagerImpl:210     > org.matsim.api.core.v01.events.PersonStuckEvent
2025-09-30T16:50:33,463  INFO EventsManagerImpl:139 === Logging of event-handlers skipped ===
2025-09-30T16:50:33,463  INFO EventsManagerImpl:140 To enable debug output, set an environment variable i.e. export LOG_LEVEL='debug', or set log.setLogLevel(Level.DEBUG) in your run class.
2025-09-30T16:50:33,463  INFO EventsManagerImpl:210     > org.matsim.api.core.v01.events.PersonDepartureEvent
2025-09-30T16:50:33,463  INFO EventsManagerImpl:210     > org.matsim.api.core.v01.events.PersonArrivalEvent
2025-09-30T16:50:33,463  INFO EventsManagerImpl:210     > org.matsim.api.core.v01.events.PersonStuckEvent
2025-09-30T16:50:33,463  INFO ControllerListenerManagerImpl:188 calling notifyIterationStarts on org.matsim.analysis.LinkStatsControllerListener with priority 0.0
2025-09-30T16:50:33,463  INFO ControllerListenerManagerImpl:188 calling notifyIterationStarts on org.matsim.core.replanning.ReplanningContextImpl with priority 0.0
2025-09-30T16:50:33,464  INFO ControllerListenerManagerImpl:188 calling notifyIterationStarts on org.matsim.core.scoring.ScoringFunctionsForPopulation$$Lambda/0x000000880138f6b0 with priority 0.0
2025-09-30T16:50:33,527  INFO ControllerListenerManagerImpl:188 calling notifyIterationStarts on org.matsim.core.scoring.ExperiencedPlansServiceImpl$1 with priority 0.0
2025-09-30T16:50:33,544  INFO ControllerListenerManagerImpl:191 [it.0] all ControllerIterationStartsListeners called.
2025-09-30T16:50:33,545  INFO ControllerListenerManagerImpl:293 calling notifyBeforeMobsim on org.matsim.core.controler.corelisteners.EventsHandlingImpl with priority 0.0
2025-09-30T16:50:33,545  INFO EventsManagerImpl:173 resetting Event-Handlers
2025-09-30T16:50:33,546  INFO EventsManagerImpl:180   org.matsim.core.trafficmonitoring.TravelTimeCalculator
2025-09-30T16:50:33,546  INFO EventsManagerImpl:180   org.matsim.analysis.VolumesAnalyzer
2025-09-30T16:50:33,546  INFO EventsManagerImpl:180   org.matsim.core.scoring.ScoringFunctionsForPopulation
2025-09-30T16:50:33,546  INFO EventsManagerImpl:180   ch.sbb.matsim.routing.pt.raptor.SwissRailRaptorFactory$$Lambda/0x00000088013d6958
2025-09-30T16:50:33,547  INFO EventsManagerImpl:180   org.matsim.analysis.CalcLegTimes
2025-09-30T16:50:33,547  INFO EventsManagerImpl:180   org.matsim.analysis.LegHistogram
2025-09-30T16:50:33,549  INFO EventsManagerImpl:139 === Logging of event-handlers skipped ===
2025-09-30T16:50:33,549  INFO EventsManagerImpl:140 To enable debug output, set an environment variable i.e. export LOG_LEVEL='debug', or set log.setLogLevel(Level.DEBUG) in your run class.
2025-09-30T16:50:33,550  INFO EventsManagerImpl:210     > org.matsim.api.core.v01.events.Event
2025-09-30T16:50:33,550  INFO EventsManagerImpl:139 === Logging of event-handlers skipped ===
2025-09-30T16:50:33,550  INFO EventsManagerImpl:140 To enable debug output, set an environment variable i.e. export LOG_LEVEL='debug', or set log.setLogLevel(Level.DEBUG) in your run class.
2025-09-30T16:50:33,550  INFO EventsManagerImpl:210     > org.matsim.api.core.v01.events.Event
2025-09-30T16:50:33,550  INFO ControllerListenerManagerImpl:293 calling notifyBeforeMobsim on org.matsim.core.controler.corelisteners.PlansDumpingImpl with priority 0.0
2025-09-30T16:50:33,550  INFO PlansDumpingImpl:78 dumping plans...
2025-09-30T16:50:33,611  INFO Counter:70 [PopulationWriter] dumped person # 1
2025-09-30T16:50:33,612  INFO Counter:70 [PopulationWriter] dumped person # 2
2025-09-30T16:50:33,612  INFO Counter:70 [PopulationWriter] dumped person # 4
2025-09-30T16:50:33,612  INFO Counter:70 [PopulationWriter] dumped person # 8
2025-09-30T16:50:33,612  INFO Counter:70 [PopulationWriter] dumped person # 16
2025-09-30T16:50:33,612  INFO Counter:70 [PopulationWriter] dumped person # 32
2025-09-30T16:50:33,612  INFO Counter:70 [PopulationWriter] dumped person # 64
2025-09-30T16:50:33,612  INFO Counter:70 [PopulationWriter] dumped person # 128
2025-09-30T16:50:33,612  INFO Counter:70 [PopulationWriter] dumped person # 256
2025-09-30T16:50:33,613  INFO Counter:70 [PopulationWriter] dumped person # 512
2025-09-30T16:50:33,617  INFO Counter:70 [ParallelPopulationWriterV6] dumped person # 1
2025-09-30T16:50:33,618  INFO Counter:70 [ParallelPopulationWriterV6] dumped person # 2
2025-09-30T16:50:33,618  INFO Counter:70 [ParallelPopulationWriterV6] dumped person # 4
2025-09-30T16:50:33,619  INFO Counter:70 [ParallelPopulationWriterV6] dumped person # 8
2025-09-30T16:50:33,638  INFO Counter:70 [ParallelPopulationWriterV6] dumped person # 16
2025-09-30T16:50:33,639  INFO Counter:70 [PopulationWriter] dumped person # 1024
2025-09-30T16:50:33,640  INFO Counter:70 [ParallelPopulationWriterV6] dumped person # 32
2025-09-30T16:50:33,642  INFO Counter:70 [ParallelPopulationWriterV6] dumped person # 64
2025-09-30T16:50:33,647  INFO Counter:70 [ParallelPopulationWriterV6] dumped person # 128
2025-09-30T16:50:33,655  INFO Counter:70 [ParallelPopulationWriterV6] dumped person # 256
2025-09-30T16:50:33,666  INFO Counter:70 [ParallelPopulationWriterV6] dumped person # 512
2025-09-30T16:50:33,691  INFO Counter:70 [ParallelPopulationWriterV6] dumped person # 1024
2025-09-30T16:50:33,692  INFO Counter:70 [PopulationWriter] dumped person # 2048
2025-09-30T16:50:33,773  INFO Counter:70 [ParallelPopulationWriterV6] dumped person # 2048
2025-09-30T16:50:33,818  INFO Counter:70 [PopulationWriter] dumped person # 4096
2025-09-30T16:50:33,860  INFO Counter:70 [ParallelPopulationWriterV6] dumped person # 4096
2025-09-30T16:50:33,992  INFO Counter:70 [PopulationWriter] dumped person # 8192
2025-09-30T16:50:34,033  INFO Counter:70 [ParallelPopulationWriterV6] dumped person # 8192
2025-09-30T16:50:34,330  INFO Counter:70 [PopulationWriter] dumped person # 16384
2025-09-30T16:50:34,368  INFO Counter:70 [ParallelPopulationWriterV6] dumped person # 16384
2025-09-30T16:50:35,050  INFO Counter:70 [PopulationWriter] dumped person # 32768
2025-09-30T16:50:35,093  INFO Counter:70 [ParallelPopulationWriterV6] dumped person # 32768
2025-09-30T16:50:36,464  INFO Counter:70 [PopulationWriter] dumped person # 65536
2025-09-30T16:50:36,507  INFO Counter:70 [ParallelPopulationWriterV6] dumped person # 65536
2025-09-30T16:50:37,249  INFO Counter:75 [ParallelPopulationWriterV6] dumped person # 84111
2025-09-30T16:50:37,249  INFO PopulationWriter:150 Population written to: output1/ITERS/it.0/0.plans.xml.gz
2025-09-30T16:50:37,251  INFO Counter:75 [PopulationWriter] dumped person # 84111
2025-09-30T16:50:37,251  INFO PlansDumpingImpl:95 finished plans dump.
2025-09-30T16:50:37,251  INFO ControllerListenerManagerImpl:299 calling notifyBeforeMobsim on org.matsim.core.population.VspPlansCleaner with priority 0.0
2025-09-30T16:50:37,289  INFO ControllerListenerManagerImpl:302 [it.0] all ControlerBeforeMobsimListeners called.
2025-09-30T16:50:37,289  INFO PrepareForMobsimImpl:86 Network seems to be multimodal. Create car-only network which is handed over to PersonPrepareForSim.
2025-09-30T16:50:37,289  INFO NetworkImpl:165  node # 1
2025-09-30T16:50:37,289  INFO NetworkImpl:165  node # 4
2025-09-30T16:50:37,290  INFO NetworkImpl:165  node # 16
2025-09-30T16:50:37,290  INFO NetworkImpl:165  node # 64
2025-09-30T16:50:37,290  INFO NetworkImpl:165  node # 256
2025-09-30T16:50:37,290  INFO NetworkImpl:161  link # 1
2025-09-30T16:50:37,290  INFO NetworkImpl:161  link # 4
2025-09-30T16:50:37,290  INFO NetworkImpl:161  link # 16
2025-09-30T16:50:37,290  INFO NetworkImpl:161  link # 64
2025-09-30T16:50:37,291  INFO NetworkImpl:161  link # 256
2025-09-30T16:50:37,293  INFO RandomizingTimeDistanceTravelDisutilityFactory:86  sigma: 3.0; resulting normalization: 0.011108996538242306
2025-09-30T16:50:37,293  INFO RandomizingTimeDistanceTravelDisutilityFactory:86  sigma: 3.0; resulting normalization: 0.011108996538242306
2025-09-30T16:50:37,306  INFO Counter:70 [PersonPrepareForSim] handled person # 2
2025-09-30T16:50:37,306  INFO Counter:70 [PersonPrepareForSim] handled person # 1
2025-09-30T16:50:37,306  INFO Counter:70 [PersonPrepareForSim] handled person # 4
2025-09-30T16:50:37,306  INFO Counter:70 [PersonPrepareForSim] handled person # 8
2025-09-30T16:50:37,306  INFO Counter:70 [PersonPrepareForSim] handled person # 16
2025-09-30T16:50:37,306  INFO Counter:70 [PersonPrepareForSim] handled person # 32
2025-09-30T16:50:37,307  INFO Counter:70 [PersonPrepareForSim] handled person # 64
2025-09-30T16:50:37,307  INFO Counter:70 [PersonPrepareForSim] handled person # 128
2025-09-30T16:50:37,309  INFO Counter:70 [PersonPrepareForSim] handled person # 256
2025-09-30T16:50:37,311  INFO Counter:70 [PersonPrepareForSim] handled person # 512
2025-09-30T16:50:37,315  INFO Counter:70 [PersonPrepareForSim] handled person # 1024
2025-09-30T16:50:37,322  INFO Counter:70 [PersonPrepareForSim] handled person # 2048
2025-09-30T16:50:37,335  INFO Counter:70 [PersonPrepareForSim] handled person # 4096
2025-09-30T16:50:37,362  INFO Counter:70 [PersonPrepareForSim] handled person # 8192
2025-09-30T16:50:37,385  INFO Counter:70 [PersonPrepareForSim] handled person # 16384
2025-09-30T16:50:37,442  INFO Counter:70 [PersonPrepareForSim] handled person # 32768
2025-09-30T16:50:37,483  INFO Counter:70 [PersonPrepareForSim] handled person # 65536
2025-09-30T16:50:37,498  INFO Counter:75 [PersonPrepareForSim] handled person # 84111
2025-09-30T16:50:37,542  INFO MobsimListenerManager:50 calling addQueueSimulationListener
2025-09-30T16:50:37,543  INFO MobsimListenerManager:54   assigned class org.matsim.core.mobsim.framework.listeners.MobsimListener to interface org.matsim.core.mobsim.framework.listeners.MobsimListener
2025-09-30T16:50:37,543  INFO MobsimListenerManager:54   assigned class org.matsim.core.mobsim.framework.listeners.MobsimListener to interface org.matsim.core.mobsim.framework.listeners.MobsimBeforeCleanupListener
2025-09-30T16:50:37,543  INFO MobsimListenerManager:54   assigned class org.matsim.core.mobsim.framework.listeners.MobsimListener to interface org.matsim.core.mobsim.framework.listeners.MobsimInitializedListener
2025-09-30T16:50:37,543  INFO MobsimListenerManager:54   assigned class org.matsim.core.mobsim.framework.listeners.MobsimListener to interface org.matsim.vis.snapshotwriters.SnapshotWriterManager
2025-09-30T16:50:37,543  INFO MobsimListenerManager:54   assigned class org.matsim.core.mobsim.framework.listeners.MobsimListener to interface org.matsim.core.mobsim.framework.listeners.MobsimAfterSimStepListener
2025-09-30T16:50:37,558  INFO QSimProvider:131 Added MobsimEngine class org.matsim.core.mobsim.qsim.ActivityEngineDefaultImpl
2025-09-30T16:50:37,559  INFO QSimProvider:137 Added Activityhandler class org.matsim.core.mobsim.qsim.ActivityEngineDefaultImpl
2025-09-30T16:50:37,575  INFO QSimProvider:131 Added MobsimEngine class org.matsim.core.mobsim.qsim.qnetsimengine.QNetsimEngineWithThreadpool
2025-09-30T16:50:37,575  INFO QSimProvider:143 Added DepartureHandler class org.matsim.core.mobsim.qsim.qnetsimengine.NetworkModeDepartureHandlerDefaultImpl
2025-09-30T16:50:37,575  INFO QSimProvider:131 Added MobsimEngine class org.matsim.core.mobsim.qsim.DefaultTeleportationEngine
2025-09-30T16:50:37,575  INFO QSimProvider:143 Added DepartureHandler class org.matsim.core.mobsim.qsim.DefaultTeleportationEngine
2025-09-30T16:50:37,575  INFO QSimProvider:149 Added AgentSource class org.matsim.core.mobsim.qsim.agents.PopulationAgentSource
2025-09-30T16:50:37,575  INFO MobsimListenerManager:50 calling addQueueSimulationListener
2025-09-30T16:50:37,575  INFO MobsimListenerManager:54   assigned class org.matsim.core.mobsim.framework.listeners.MobsimListener to interface org.matsim.core.mobsim.framework.listeners.MobsimBeforeSimStepListener
2025-09-30T16:50:37,575  INFO MobsimListenerManager:54   assigned class org.matsim.core.mobsim.framework.listeners.MobsimListener to interface org.matsim.core.mobsim.framework.listeners.MobsimListener
2025-09-30T16:50:37,575  INFO MobsimListenerManager:54   assigned class org.matsim.core.mobsim.framework.listeners.MobsimListener to interface org.matsim.core.mobsim.qsim.messagequeueengine.MessageQueueEngine
2025-09-30T16:50:37,575  INFO QSimProvider:155 Added MobsimListener class org.matsim.core.mobsim.qsim.messagequeueengine.MessageQueueEngine
2025-09-30T16:50:37,576  INFO QSimProvider:131 Added MobsimEngine class org.matsim.core.mobsim.qsim.pt.TransitQSimEngine
2025-09-30T16:50:37,576  INFO QSimProvider:143 Added DepartureHandler class org.matsim.core.mobsim.qsim.pt.TransitQSimEngine
2025-09-30T16:50:37,576  INFO QSimProvider:149 Added AgentSource class org.matsim.core.mobsim.qsim.pt.TransitQSimEngine
2025-09-30T16:50:37,580  INFO PopulationUtils:1292 adding scenario element for allpersons container
2025-09-30T16:50:37,581  INFO PopulationImpl:111  person # 1
2025-09-30T16:50:37,581  INFO PopulationImpl:111  person # 4
2025-09-30T16:50:37,581  INFO PopulationImpl:111  person # 16
2025-09-30T16:50:37,581  INFO PopulationImpl:111  person # 64
2025-09-30T16:50:37,582  INFO PopulationImpl:111  person # 256
2025-09-30T16:50:37,586  INFO PopulationImpl:111  person # 1024
2025-09-30T16:50:37,590  INFO PopulationImpl:111  person # 4096
2025-09-30T16:50:37,608  INFO PopulationImpl:111  person # 16384
2025-09-30T16:50:37,677  INFO PopulationImpl:111  person # 65536
2025-09-30T16:50:37,691  INFO VehicleUtils:431 adding scenario element for allvehicles container
2025-09-30T16:50:37,692  INFO Counter:70 [VehiclesImpl] added vehicle # 1
2025-09-30T16:50:37,692  INFO Counter:70 [VehiclesImpl] added vehicle # 2
2025-09-30T16:50:37,692  INFO Counter:70 [VehiclesImpl] added vehicle # 4
2025-09-30T16:50:37,692  INFO Counter:70 [VehiclesImpl] added vehicle # 8
2025-09-30T16:50:37,692  INFO Counter:70 [VehiclesImpl] added vehicle # 16
2025-09-30T16:50:37,692  INFO Counter:70 [VehiclesImpl] added vehicle # 32
2025-09-30T16:50:37,692  INFO Counter:70 [VehiclesImpl] added vehicle # 64
2025-09-30T16:50:37,693  INFO Counter:70 [VehiclesImpl] added vehicle # 128
2025-09-30T16:50:37,693  INFO Counter:70 [VehiclesImpl] added vehicle # 256
2025-09-30T16:50:37,694  INFO Counter:70 [VehiclesImpl] added vehicle # 512
2025-09-30T16:50:37,696  INFO Counter:70 [VehiclesImpl] added vehicle # 1024
2025-09-30T16:50:37,698  INFO Counter:70 [VehiclesImpl] added vehicle # 2048
2025-09-30T16:50:37,701  INFO Counter:70 [VehiclesImpl] added vehicle # 4096
2025-09-30T16:50:37,707  INFO Counter:70 [VehiclesImpl] added vehicle # 8192
2025-09-30T16:50:37,719  INFO Counter:70 [VehiclesImpl] added vehicle # 16384
2025-09-30T16:50:37,743  INFO Counter:70 [VehiclesImpl] added vehicle # 32768
2025-09-30T16:50:37,791  INFO Counter:70 [VehiclesImpl] added vehicle # 65536
2025-09-30T16:50:37,793  INFO ReconstructingUmlaufBuilder:131 Generating UmlaufStuecke ...
2025-09-30T16:50:37,794  INFO ReconstructingUmlaufBuilder:144 ... done generating UmlaufStuecke
2025-09-30T16:50:37,825  INFO AbstractQNetsimEngine:421 Assigned 282 nodes and 334 links to QSimEngineRunner #0
2025-09-30T16:50:37,882  INFO EventsManagerImpl:116  event # 1
2025-09-30T16:50:37,884  INFO EventsManagerImpl:116  event # 4
2025-09-30T16:50:37,884  INFO EventsManagerImpl:116  event # 16
2025-09-30T16:50:37,887  INFO AbstractQNetsimEngine:359 SIMULATION (QNetsimEngine) AT 06:00:00 : #links=0 #nodes=10
2025-09-30T16:50:37,890  INFO QSim:552 SIMULATION (NEW QSim) AT 06:00:00 : #active agents=86151 lost=0 simT=0.0s realT=0s; (s/r): 0.0
2025-09-30T16:50:37,891  INFO EventsManagerImpl:116  event # 64
2025-09-30T16:50:37,907  INFO EventsManagerImpl:116  event # 256
2025-09-30T16:50:37,936  INFO EventsManagerImpl:116  event # 1024
2025-09-30T16:50:38,004  INFO EventsManagerImpl:116  event # 4096
2025-09-30T16:50:38,144  INFO EventsManagerImpl:116  event # 16384
2025-09-30T16:50:38,160  INFO AbstractQNetsimEngine:359 SIMULATION (QNetsimEngine) AT 07:00:00 : #links=136 #nodes=19
2025-09-30T16:50:38,160  INFO QSim:552 SIMULATION (NEW QSim) AT 07:00:00 : #active agents=86044 lost=0 simT=3600.0s realT=0s; (s/r): Infinity
2025-09-30T16:50:38,338  INFO EventsManagerImpl:116  event # 65536
2025-09-30T16:50:38,882  INFO EventsManagerImpl:116  event # 262144
2025-09-30T16:50:40,966  INFO EventsManagerImpl:116  event # 1048576
2025-09-30T16:50:41,030  INFO AbstractQNetsimEngine:359 SIMULATION (QNetsimEngine) AT 08:00:00 : #links=234 #nodes=138
2025-09-30T16:50:41,030  INFO QSim:552 SIMULATION (NEW QSim) AT 08:00:00 : #active agents=85973 lost=0 simT=7200.0s realT=3s; (s/r): 2400.0
2025-09-30T16:50:41,822  INFO AbstractQNetsimEngine:359 SIMULATION (QNetsimEngine) AT 09:00:00 : #links=164 #nodes=124
2025-09-30T16:50:41,823  INFO QSim:552 SIMULATION (NEW QSim) AT 09:00:00 : #active agents=85970 lost=0 simT=10800.0s realT=4s; (s/r): 2700.0
2025-09-30T16:50:42,215  INFO AbstractQNetsimEngine:359 SIMULATION (QNetsimEngine) AT 10:00:00 : #links=174 #nodes=127
2025-09-30T16:50:42,215  INFO QSim:552 SIMULATION (NEW QSim) AT 10:00:00 : #active agents=85914 lost=0 simT=14400.0s realT=4s; (s/r): 3600.0
2025-09-30T16:50:42,566  INFO AbstractQNetsimEngine:359 SIMULATION (QNetsimEngine) AT 11:00:00 : #links=174 #nodes=127
2025-09-30T16:50:42,566  INFO QSim:552 SIMULATION (NEW QSim) AT 11:00:00 : #active agents=85798 lost=0 simT=18000.0s realT=5s; (s/r): 3600.0
2025-09-30T16:50:42,904  INFO AbstractQNetsimEngine:359 SIMULATION (QNetsimEngine) AT 12:00:00 : #links=178 #nodes=130
2025-09-30T16:50:42,904  INFO QSim:552 SIMULATION (NEW QSim) AT 12:00:00 : #active agents=85696 lost=0 simT=21600.0s realT=5s; (s/r): 4320.0
2025-09-30T16:50:43,271  INFO AbstractQNetsimEngine:359 SIMULATION (QNetsimEngine) AT 13:00:00 : #links=179 #nodes=136
2025-09-30T16:50:43,271  INFO QSim:552 SIMULATION (NEW QSim) AT 13:00:00 : #active agents=85594 lost=0 simT=25200.0s realT=5s; (s/r): 5040.0
2025-09-30T16:50:43,652  INFO AbstractQNetsimEngine:359 SIMULATION (QNetsimEngine) AT 14:00:00 : #links=173 #nodes=137
2025-09-30T16:50:43,652  INFO QSim:552 SIMULATION (NEW QSim) AT 14:00:00 : #active agents=85484 lost=0 simT=28800.0s realT=6s; (s/r): 4800.0
2025-09-30T16:50:44,011  INFO AbstractQNetsimEngine:359 SIMULATION (QNetsimEngine) AT 15:00:00 : #links=179 #nodes=140
2025-09-30T16:50:44,012  INFO QSim:552 SIMULATION (NEW QSim) AT 15:00:00 : #active agents=85371 lost=0 simT=32400.0s realT=6s; (s/r): 5400.0
2025-09-30T16:50:44,380  INFO AbstractQNetsimEngine:359 SIMULATION (QNetsimEngine) AT 16:00:00 : #links=185 #nodes=139
2025-09-30T16:50:44,380  INFO QSim:552 SIMULATION (NEW QSim) AT 16:00:00 : #active agents=85287 lost=0 simT=36000.0s realT=6s; (s/r): 6000.0
2025-09-30T16:50:44,773  INFO AbstractQNetsimEngine:359 SIMULATION (QNetsimEngine) AT 17:00:00 : #links=188 #nodes=143
2025-09-30T16:50:44,773  INFO QSim:552 SIMULATION (NEW QSim) AT 17:00:00 : #active agents=85202 lost=0 simT=39600.0s realT=7s; (s/r): 5657.142857142857
2025-09-30T16:50:45,656  INFO AbstractQNetsimEngine:359 SIMULATION (QNetsimEngine) AT 18:00:00 : #links=206 #nodes=164
2025-09-30T16:50:45,657  INFO QSim:552 SIMULATION (NEW QSim) AT 18:00:00 : #active agents=84357 lost=0 simT=43200.0s realT=8s; (s/r): 5400.0
2025-09-30T16:50:46,122  INFO AbstractQNetsimEngine:359 SIMULATION (QNetsimEngine) AT 19:00:00 : #links=209 #nodes=165
2025-09-30T16:50:46,122  INFO QSim:552 SIMULATION (NEW QSim) AT 19:00:00 : #active agents=83564 lost=0 simT=46800.0s realT=8s; (s/r): 5850.0
2025-09-30T16:50:46,519  INFO AbstractQNetsimEngine:359 SIMULATION (QNetsimEngine) AT 20:00:00 : #links=206 #nodes=166
2025-09-30T16:50:46,520  INFO QSim:552 SIMULATION (NEW QSim) AT 20:00:00 : #active agents=83467 lost=0 simT=50400.0s realT=8s; (s/r): 6300.0
2025-09-30T16:50:46,813  INFO AbstractQNetsimEngine:359 SIMULATION (QNetsimEngine) AT 21:00:00 : #links=206 #nodes=167
2025-09-30T16:50:46,814  INFO QSim:552 SIMULATION (NEW QSim) AT 21:00:00 : #active agents=83380 lost=0 simT=54000.0s realT=9s; (s/r): 6000.0
2025-09-30T16:50:47,095  INFO AbstractQNetsimEngine:359 SIMULATION (QNetsimEngine) AT 22:00:00 : #links=209 #nodes=170
2025-09-30T16:50:47,095  INFO QSim:552 SIMULATION (NEW QSim) AT 22:00:00 : #active agents=83333 lost=0 simT=57600.0s realT=9s; (s/r): 6400.0
2025-09-30T16:50:47,383  INFO AbstractQNetsimEngine:359 SIMULATION (QNetsimEngine) AT 23:00:00 : #links=209 #nodes=166
2025-09-30T16:50:47,383  INFO QSim:552 SIMULATION (NEW QSim) AT 23:00:00 : #active agents=83299 lost=0 simT=61200.0s realT=9s; (s/r): 6800.0
2025-09-30T16:50:47,688  INFO AbstractQNetsimEngine:359 SIMULATION (QNetsimEngine) AT 24:00:00 : #links=205 #nodes=165
2025-09-30T16:50:47,688  INFO QSim:552 SIMULATION (NEW QSim) AT 24:00:00 : #active agents=83251 lost=0 simT=64800.0s realT=10s; (s/r): 6480.0
2025-09-30T16:50:47,988  INFO AbstractQNetsimEngine:359 SIMULATION (QNetsimEngine) AT 25:00:00 : #links=204 #nodes=164
2025-09-30T16:50:47,988  INFO QSim:552 SIMULATION (NEW QSim) AT 25:00:00 : #active agents=83246 lost=0 simT=68400.0s realT=10s; (s/r): 6840.0
2025-09-30T16:50:48,282  INFO AbstractQNetsimEngine:359 SIMULATION (QNetsimEngine) AT 26:00:00 : #links=205 #nodes=165
2025-09-30T16:50:48,282  INFO QSim:552 SIMULATION (NEW QSim) AT 26:00:00 : #active agents=83243 lost=0 simT=72000.0s realT=10s; (s/r): 7200.0
2025-09-30T16:50:48,565  INFO AbstractQNetsimEngine:359 SIMULATION (QNetsimEngine) AT 27:00:00 : #links=206 #nodes=166
2025-09-30T16:50:48,565  INFO QSim:552 SIMULATION (NEW QSim) AT 27:00:00 : #active agents=83238 lost=0 simT=75600.0s realT=11s; (s/r): 6872.727272727273
2025-09-30T16:50:48,848  INFO AbstractQNetsimEngine:359 SIMULATION (QNetsimEngine) AT 28:00:00 : #links=205 #nodes=166
2025-09-30T16:50:48,848  INFO QSim:552 SIMULATION (NEW QSim) AT 28:00:00 : #active agents=83236 lost=0 simT=79200.0s realT=11s; (s/r): 7200.0
2025-09-30T16:50:49,146  INFO AbstractQNetsimEngine:359 SIMULATION (QNetsimEngine) AT 29:00:00 : #links=205 #nodes=166
2025-09-30T16:50:49,146  INFO QSim:552 SIMULATION (NEW QSim) AT 29:00:00 : #active agents=83233 lost=0 simT=82800.0s realT=11s; (s/r): 7527.272727272727
2025-09-30T16:50:49,429  INFO AbstractQNetsimEngine:359 SIMULATION (QNetsimEngine) AT 30:00:00 : #links=205 #nodes=166
2025-09-30T16:50:49,429  INFO QSim:552 SIMULATION (NEW QSim) AT 30:00:00 : #active agents=83226 lost=0 simT=86400.0s realT=11s; (s/r): 7854.545454545455
2025-09-30T16:50:49,661  INFO AbstractController$9:237 ### ITERATION 0 fires after mobsim event
2025-09-30T16:50:49,661  INFO Gbl:196 Thread performance: Thread=class org.matsim.core.events.SimStepParallelEventsManagerImpl$ProcessEventsRunnable0  cpu-time=5.661974sec
2025-09-30T16:50:49,661  INFO ControllerListenerManagerImpl:324 calling notifyAfterMobsim on org.matsim.analysis.LegTimesControllerListener with priority 0.0
2025-09-30T16:50:49,663  INFO LegTimesControllerListener:73 [0] average leg duration is: 874 seconds = 00:14:34
2025-09-30T16:50:49,663  INFO ControllerListenerManagerImpl:324 calling notifyAfterMobsim on org.matsim.core.events.MobsimScopeEventHandling with priority 0.0
2025-09-30T16:50:49,663  INFO ControllerListenerManagerImpl:324 calling notifyAfterMobsim on org.matsim.core.scoring.EventsToActivities$1 with priority 0.0
2025-09-30T16:50:49,670  INFO ControllerListenerManagerImpl:327 [it.0] all ControllerAfterMobsimListeners called.
2025-09-30T16:50:49,670  INFO AbstractController$4:162 ### ITERATION 0 fires scoring event
2025-09-30T16:50:49,671  INFO ControllerListenerManagerImpl:238 calling notifyScoring on org.matsim.core.scoring.PlansScoringImpl with priority 0.0
2025-09-30T16:50:49,714  INFO NewScoreAssignerImpl:60 it: 0 msaStart: null
2025-09-30T16:50:49,747  INFO ControllerListenerManagerImpl:250 [it.0] all ControllerScoringListeners called.
2025-09-30T16:50:49,747  INFO AbstractController$5:170 ### ITERATION 0 fires iteration end event
2025-09-30T16:50:49,747  INFO ControllerListenerManagerImpl:209 calling notifyIterationEnds on org.matsim.core.controler.corelisteners.EventsHandlingImpl with priority 0.0
2025-09-30T16:50:49,748  INFO EventsManagerImpl:164 removing Event-Handler: org.matsim.core.events.algorithms.EventWriterXML
2025-09-30T16:50:49,748  INFO EventsManagerImpl:164 removing Event-Handler: org.matsim.core.events.algorithms.EventWriterXML
2025-09-30T16:50:49,748  INFO ControllerListenerManagerImpl:209 calling notifyIterationEnds on org.matsim.core.scoring.PlansScoringImpl with priority 0.0
2025-09-30T16:50:49,775  INFO PopulationImpl:111  person # 1
2025-09-30T16:50:49,775  INFO PopulationImpl:111  person # 4
2025-09-30T16:50:49,775  INFO PopulationImpl:111  person # 16
2025-09-30T16:50:49,775  INFO PopulationImpl:111  person # 64
2025-09-30T16:50:49,775  INFO PopulationImpl:111  person # 256
2025-09-30T16:50:49,776  INFO PopulationImpl:111  person # 1024
2025-09-30T16:50:49,776  INFO PopulationImpl:111  person # 4096
2025-09-30T16:50:49,780  INFO PopulationImpl:111  person # 16384
2025-09-30T16:50:49,798  INFO PopulationImpl:111  person # 65536
2025-09-30T16:50:49,839  INFO Counter:70 [PopulationWriter] dumped person # 1
2025-09-30T16:50:49,839  INFO Counter:70 [PopulationWriter] dumped person # 2
2025-09-30T16:50:49,839  INFO Counter:70 [PopulationWriter] dumped person # 4
2025-09-30T16:50:49,839  INFO Counter:70 [ParallelPopulationWriterV6] dumped person # 1
2025-09-30T16:50:49,839  INFO Counter:70 [PopulationWriter] dumped person # 8
2025-09-30T16:50:49,839  INFO Counter:70 [PopulationWriter] dumped person # 16
2025-09-30T16:50:49,839  INFO Counter:70 [PopulationWriter] dumped person # 32
2025-09-30T16:50:49,839  INFO Counter:70 [PopulationWriter] dumped person # 64
2025-09-30T16:50:49,839  INFO Counter:70 [PopulationWriter] dumped person # 128
2025-09-30T16:50:49,840  INFO Counter:70 [PopulationWriter] dumped person # 256
2025-09-30T16:50:49,840  WARN ObjectAttributesConverter:96 No AttributeConverter found for class org.matsim.api.core.v01.Id$IdImpl. Not all attribute values can be converted.
2025-09-30T16:50:49,840  INFO Counter:70 [PopulationWriter] dumped person # 512
2025-09-30T16:50:49,840  WARN ObjectAttributesConverter:96 No AttributeConverter found for class org.matsim.api.core.v01.Id$IdImpl. Not all attribute values can be converted.
2025-09-30T16:50:49,840  INFO Counter:70 [ParallelPopulationWriterV6] dumped person # 2
2025-09-30T16:50:49,840  INFO Counter:70 [ParallelPopulationWriterV6] dumped person # 4
2025-09-30T16:50:49,840  INFO Counter:70 [ParallelPopulationWriterV6] dumped person # 8
2025-09-30T16:50:49,840  INFO Counter:70 [ParallelPopulationWriterV6] dumped person # 16
2025-09-30T16:50:49,840  INFO Counter:70 [PopulationWriter] dumped person # 1024
2025-09-30T16:50:49,841  INFO Counter:70 [ParallelPopulationWriterV6] dumped person # 32
2025-09-30T16:50:49,841  INFO Counter:70 [ParallelPopulationWriterV6] dumped person # 64
2025-09-30T16:50:49,842  INFO Counter:70 [ParallelPopulationWriterV6] dumped person # 128
2025-09-30T16:50:49,844  INFO Counter:70 [ParallelPopulationWriterV6] dumped person # 256
2025-09-30T16:50:49,848  INFO Counter:70 [ParallelPopulationWriterV6] dumped person # 512
2025-09-30T16:50:49,856  INFO Counter:70 [ParallelPopulationWriterV6] dumped person # 1024
2025-09-30T16:50:49,857  INFO Counter:70 [PopulationWriter] dumped person # 2048
2025-09-30T16:50:49,872  INFO Counter:70 [ParallelPopulationWriterV6] dumped person # 2048
2025-09-30T16:50:49,889  INFO Counter:70 [PopulationWriter] dumped person # 4096
2025-09-30T16:50:49,907  INFO Counter:70 [ParallelPopulationWriterV6] dumped person # 4096
2025-09-30T16:50:49,957  INFO Counter:70 [PopulationWriter] dumped person # 8192
2025-09-30T16:50:49,972  INFO Counter:70 [ParallelPopulationWriterV6] dumped person # 8192
2025-09-30T16:50:50,081  INFO Counter:70 [PopulationWriter] dumped person # 16384
2025-09-30T16:50:50,098  INFO Counter:70 [ParallelPopulationWriterV6] dumped person # 16384
2025-09-30T16:50:50,366  INFO Counter:70 [PopulationWriter] dumped person # 32768
2025-09-30T16:50:50,381  INFO Counter:70 [ParallelPopulationWriterV6] dumped person # 32768
2025-09-30T16:50:50,890  INFO Counter:70 [PopulationWriter] dumped person # 65536
2025-09-30T16:50:50,901  INFO Counter:70 [ParallelPopulationWriterV6] dumped person # 65536
2025-09-30T16:50:51,204  INFO Counter:75 [ParallelPopulationWriterV6] dumped person # 84111
2025-09-30T16:50:51,205  INFO PopulationWriter:150 Population written to: output1/ITERS/it.0/0.experienced_plans.xml.gz
2025-09-30T16:50:51,206  INFO Counter:75 [PopulationWriter] dumped person # 84111
2025-09-30T16:50:51,615  INFO ControllerListenerManagerImpl:217 calling notifyIterationEnds on org.matsim.counts.CountsControllerListener with priority 0.0
2025-09-30T16:50:51,615  INFO ControllerListenerManagerImpl:217 calling notifyIterationEnds on org.matsim.analysis.ModeChoiceCoverageControllerListener with priority 0.0
2025-09-30T16:50:51,772  INFO ModeChoiceCoverageControllerListener:144 -- mode choice coverage (1x) of mode car = 0.7818108321790977
2025-09-30T16:50:51,772  INFO ModeChoiceCoverageControllerListener:144 -- mode choice coverage (1x) of mode pt = 0.18883492548492756
2025-09-30T16:50:51,772  INFO ModeChoiceCoverageControllerListener:144 -- mode choice coverage (1x) of mode walk = 0.0293542423359747
2025-09-30T16:50:51,772  INFO ModeChoiceCoverageControllerListener:144 -- mode choice coverage (5x) of mode car = 0.0
2025-09-30T16:50:51,772  INFO ModeChoiceCoverageControllerListener:144 -- mode choice coverage (5x) of mode pt = 0.0
2025-09-30T16:50:51,773  INFO ModeChoiceCoverageControllerListener:144 -- mode choice coverage (5x) of mode walk = 0.0
2025-09-30T16:50:51,773  INFO ModeChoiceCoverageControllerListener:144 -- mode choice coverage (10x) of mode car = 0.0
2025-09-30T16:50:51,773  INFO ModeChoiceCoverageControllerListener:144 -- mode choice coverage (10x) of mode pt = 0.0
2025-09-30T16:50:51,773  INFO ModeChoiceCoverageControllerListener:144 -- mode choice coverage (10x) of mode walk = 0.0
2025-09-30T16:50:51,774  INFO ControllerListenerManagerImpl:217 calling notifyIterationEnds on org.matsim.analysis.ModeStatsControllerListener with priority 0.0
2025-09-30T16:50:51,841  INFO ModeStatsControllerListener:132 Mode shares over all 168221.0 trips found. MainModeIdentifier: class org.matsim.core.router.DefaultAnalysisMainModeIdentifier
2025-09-30T16:50:51,841  INFO ModeStatsControllerListener:139 -- mode share of mode car = 0.7818108321790977
2025-09-30T16:50:51,841  INFO ModeStatsControllerListener:139 -- mode share of mode pt = 0.18883492548492756
2025-09-30T16:50:51,842  INFO ModeStatsControllerListener:139 -- mode share of mode walk = 0.0293542423359747
2025-09-30T16:50:51,842  INFO ControllerListenerManagerImpl:217 calling notifyIterationEnds on org.matsim.analysis.ScoreStatsControlerListener with priority 0.0
2025-09-30T16:50:51,862  INFO ScoreStatsControlerListener:154 -- avg. score of the executed plan of each agent: -34.36953689485048
2025-09-30T16:50:51,863  INFO ScoreStatsControlerListener:155 -- avg. score of the worst plan of each agent: -34.36953689485048
2025-09-30T16:50:51,863  INFO ScoreStatsControlerListener:156 -- avg. of the avg. plan score per agent: -34.36953689485048
2025-09-30T16:50:51,863  INFO ScoreStatsControlerListener:157 -- avg. score of the best plan of each agent: -34.36953689485048
2025-09-30T16:50:51,866  INFO ControllerListenerManagerImpl:217 calling notifyIterationEnds on org.matsim.analysis.IterationTravelStatsControllerListener with priority 0.0
2025-09-30T16:50:51,920  INFO TravelDistanceStats:115 -- average leg distance per plan (executed plans only): 1036.3857717776639 meters
2025-09-30T16:50:51,920  INFO TravelDistanceStats:116 average leg distance per Person (executed plans only): 1883.1784122129002 meters (statistic on all 152835 legs which have a finite distance)
2025-09-30T16:50:51,920  INFO TravelDistanceStats:117 -- average trip distance per plan (executed plans only): 3990.228651247081 meters
2025-09-30T16:50:51,920  INFO TravelDistanceStats:118 average trip distance per Person (executed plans only): 1268.8785739666116 meters (statistic on all 26747 trips which have a finite distance)
2025-09-30T16:50:51,920  INFO TravelDistanceStats:119 (TravelDistanceStats takes an average over all legs where the simulation reports travelled (network) distances
2025-09-30T16:50:51,920  INFO TravelDistanceStats:120 (and teleported legs whose route contains a distance.)
2025-09-30T16:50:52,952  INFO ActivityWriter:39 Writing all Activities to activitiescsv
2025-09-30T16:50:53,632  INFO ActivityWriter:59 ...done
2025-09-30T16:50:53,632  INFO ControllerListenerManagerImpl:217 calling notifyIterationEnds on org.matsim.analysis.LegTimesControllerListener with priority 0.0
2025-09-30T16:50:53,632  INFO EventsManagerImpl:164 removing Event-Handler: org.matsim.analysis.CalcLegTimes
2025-09-30T16:50:53,633  INFO EventsManagerImpl:164 removing Event-Handler: org.matsim.analysis.CalcLegTimes
2025-09-30T16:50:53,633  INFO ControllerListenerManagerImpl:217 calling notifyIterationEnds on org.matsim.analysis.LegHistogramListener with priority 0.0
2025-09-30T16:50:53,637  INFO LegHistogramListener:79 number of legs:	234203	100%
2025-09-30T16:50:53,638  INFO LegHistogramListener:86 number of car legs:	83752	35.76043005426916%
2025-09-30T16:50:53,638  INFO LegHistogramListener:86 number of pt legs:	19964	8.524228980841407%
2025-09-30T16:50:53,638  INFO LegHistogramListener:86 number of walk legs:	130487	55.715340964889435%
2025-09-30T16:50:54,120  INFO EventsManagerImpl:164 removing Event-Handler: org.matsim.analysis.LegHistogram
2025-09-30T16:50:54,120  INFO EventsManagerImpl:164 removing Event-Handler: org.matsim.analysis.LegHistogram
2025-09-30T16:50:54,120  INFO ControllerListenerManagerImpl:217 calling notifyIterationEnds on org.matsim.analysis.LinkStatsControllerListener with priority 0.0
2025-09-30T16:50:54,120  INFO ControllerListenerManagerImpl:221 [it.0] all ControllerIterationEndsListeners called.
2025-09-30T16:50:54,163  INFO AbstractController:184 ### ITERATION 0 ENDS
2025-09-30T16:50:54,163  INFO AbstractController:185 ###################################################
2025-09-30T16:50:54,163  INFO AbstractController:136 ###################################################
2025-09-30T16:50:54,163  INFO AbstractController:137 ### ITERATION 1 BEGINS
2025-09-30T16:50:54,164  INFO ControllerListenerManagerImpl:188 calling notifyIterationStarts on org.matsim.analysis.LegTimesControllerListener with priority 0.0
2025-09-30T16:50:54,164  INFO EventsManagerImpl:139 === Logging of event-handlers skipped ===
2025-09-30T16:50:54,164  INFO EventsManagerImpl:140 To enable debug output, set an environment variable i.e. export LOG_LEVEL='debug', or set log.setLogLevel(Level.DEBUG) in your run class.
2025-09-30T16:50:54,164  INFO EventsManagerImpl:210     > org.matsim.api.core.v01.events.PersonDepartureEvent
2025-09-30T16:50:54,164  INFO EventsManagerImpl:210     > org.matsim.api.core.v01.events.PersonArrivalEvent
2025-09-30T16:50:54,164  INFO EventsManagerImpl:210     > org.matsim.api.core.v01.events.ActivityEndEvent
2025-09-30T16:50:54,164  INFO EventsManagerImpl:210     > org.matsim.api.core.v01.events.ActivityStartEvent
2025-09-30T16:50:54,164  INFO EventsManagerImpl:139 === Logging of event-handlers skipped ===
2025-09-30T16:50:54,164  INFO EventsManagerImpl:140 To enable debug output, set an environment variable i.e. export LOG_LEVEL='debug', or set log.setLogLevel(Level.DEBUG) in your run class.
2025-09-30T16:50:54,164  INFO EventsManagerImpl:210     > org.matsim.api.core.v01.events.PersonDepartureEvent
2025-09-30T16:50:54,164  INFO EventsManagerImpl:210     > org.matsim.api.core.v01.events.PersonArrivalEvent
2025-09-30T16:50:54,164  INFO EventsManagerImpl:210     > org.matsim.api.core.v01.events.ActivityEndEvent
2025-09-30T16:50:54,164  INFO EventsManagerImpl:210     > org.matsim.api.core.v01.events.ActivityStartEvent
2025-09-30T16:50:54,164  INFO ControllerListenerManagerImpl:188 calling notifyIterationStarts on org.matsim.analysis.LegHistogramListener with priority 0.0
2025-09-30T16:50:54,164  INFO EventsManagerImpl:139 === Logging of event-handlers skipped ===
2025-09-30T16:50:54,164  INFO EventsManagerImpl:140 To enable debug output, set an environment variable i.e. export LOG_LEVEL='debug', or set log.setLogLevel(Level.DEBUG) in your run class.
2025-09-30T16:50:54,164  INFO EventsManagerImpl:210     > org.matsim.api.core.v01.events.PersonDepartureEvent
2025-09-30T16:50:54,164  INFO EventsManagerImpl:210     > org.matsim.api.core.v01.events.PersonArrivalEvent
2025-09-30T16:50:54,164  INFO EventsManagerImpl:210     > org.matsim.api.core.v01.events.PersonStuckEvent
2025-09-30T16:50:54,164  INFO EventsManagerImpl:139 === Logging of event-handlers skipped ===
2025-09-30T16:50:54,164  INFO EventsManagerImpl:140 To enable debug output, set an environment variable i.e. export LOG_LEVEL='debug', or set log.setLogLevel(Level.DEBUG) in your run class.
2025-09-30T16:50:54,164  INFO EventsManagerImpl:210     > org.matsim.api.core.v01.events.PersonDepartureEvent
2025-09-30T16:50:54,164  INFO EventsManagerImpl:210     > org.matsim.api.core.v01.events.PersonArrivalEvent
2025-09-30T16:50:54,164  INFO EventsManagerImpl:210     > org.matsim.api.core.v01.events.PersonStuckEvent
2025-09-30T16:50:54,164  INFO ControllerListenerManagerImpl:188 calling notifyIterationStarts on org.matsim.analysis.LinkStatsControllerListener with priority 0.0
2025-09-30T16:50:54,164  INFO ControllerListenerManagerImpl:188 calling notifyIterationStarts on org.matsim.core.replanning.ReplanningContextImpl with priority 0.0
2025-09-30T16:50:54,164  INFO ControllerListenerManagerImpl:188 calling notifyIterationStarts on org.matsim.core.scoring.ScoringFunctionsForPopulation$$Lambda/0x000000880138f6b0 with priority 0.0
2025-09-30T16:50:54,197  INFO ControllerListenerManagerImpl:188 calling notifyIterationStarts on org.matsim.core.scoring.ExperiencedPlansServiceImpl$1 with priority 0.0
2025-09-30T16:50:54,209  INFO ControllerListenerManagerImpl:191 [it.1] all ControllerIterationStartsListeners called.
2025-09-30T16:50:54,210  INFO ControllerListenerManagerImpl:267 calling notifyReplanning on org.matsim.core.controler.corelisteners.PlansReplanningImpl with priority 0.0
2025-09-30T16:50:54,211  INFO RandomizingTimeDistanceTravelDisutilityFactory:86  sigma: 3.0; resulting normalization: 0.011108996538242306
2025-09-30T16:50:54,212  INFO RandomizingTimeDistanceTravelDisutilityFactory:86  sigma: 3.0; resulting normalization: 0.011108996538242306
2025-09-30T16:50:54,214  INFO ChooseRandomLegModeForSubtour:137 Chain based modes: [car]
2025-09-30T16:50:54,214  INFO ChooseRandomLegModeForSubtour:137 Chain based modes: [car]
2025-09-30T16:50:54,215  WARN ExpBetaPlanChanger:102 Would make sense to revise this once more.  See comments in code.  kai, nov08
2025-09-30T16:50:54,281  INFO GenericPlanStrategyImpl:135 Plan-Strategy finished, 80674 plans handled. Strategy: ExpBetaPlanChanger
2025-09-30T16:50:54,282  INFO AbstractMultithreadedModule:142 [PlanRouter] starting 2 threads, handling 1129 plans
2025-09-30T16:50:54,282  INFO Counter:70 [PlanRouter] handled plan # 2
2025-09-30T16:50:54,282  INFO Counter:70 [PlanRouter] handled plan # 1
2025-09-30T16:50:54,283  INFO Counter:70 [PlanRouter] handled plan # 4
2025-09-30T16:50:54,283  INFO Counter:70 [PlanRouter] handled plan # 8
2025-09-30T16:50:54,283  INFO Counter:70 [PlanRouter] handled plan # 16
2025-09-30T16:50:54,283  INFO Counter:70 [PlanRouter] handled plan # 32
2025-09-30T16:50:54,284  INFO Counter:70 [PlanRouter] handled plan # 64
2025-09-30T16:50:54,286  INFO Counter:70 [PlanRouter] handled plan # 128
2025-09-30T16:50:54,330  INFO Counter:70 [PlanRouter] handled plan # 256
2025-09-30T16:50:54,335  INFO Counter:70 [PlanRouter] handled plan # 512
2025-09-30T16:50:54,345  INFO Counter:70 [PlanRouter] handled plan # 1024
2025-09-30T16:50:54,348  INFO AbstractMultithreadedModule:157 [PlanRouter] all 2 threads finished.
2025-09-30T16:50:54,348  INFO GenericPlanStrategyImpl:135 Plan-Strategy finished, 1129 plans handled. Strategy: RandomPlanSelector_ReRoute
2025-09-30T16:50:54,348  INFO AbstractMultithreadedModule:142 [ChooseRandomLegModeForSubtour] starting 2 threads, handling 1147 plans
2025-09-30T16:50:54,349  INFO Counter:70 [ChooseRandomLegModeForSubtour] handled plan # 1
2025-09-30T16:50:54,349  INFO Counter:70 [ChooseRandomLegModeForSubtour] handled plan # 2
2025-09-30T16:50:54,349  INFO Counter:70 [ChooseRandomLegModeForSubtour] handled plan # 4
2025-09-30T16:50:54,349  INFO Counter:70 [ChooseRandomLegModeForSubtour] handled plan # 8
2025-09-30T16:50:54,350  INFO Counter:70 [ChooseRandomLegModeForSubtour] handled plan # 16
2025-09-30T16:50:54,350  INFO Counter:70 [ChooseRandomLegModeForSubtour] handled plan # 32
2025-09-30T16:50:54,351  INFO Counter:70 [ChooseRandomLegModeForSubtour] handled plan # 64
2025-09-30T16:50:54,351  INFO Counter:70 [ChooseRandomLegModeForSubtour] handled plan # 128
2025-09-30T16:50:54,353  INFO Counter:70 [ChooseRandomLegModeForSubtour] handled plan # 256
2025-09-30T16:50:54,355  INFO Counter:70 [ChooseRandomLegModeForSubtour] handled plan # 512
2025-09-30T16:50:54,360  INFO Counter:70 [ChooseRandomLegModeForSubtour] handled plan # 1024
2025-09-30T16:50:54,361  INFO AbstractMultithreadedModule:157 [ChooseRandomLegModeForSubtour] all 2 threads finished.
2025-09-30T16:50:54,361  INFO RandomizingTimeDistanceTravelDisutilityFactory:86  sigma: 3.0; resulting normalization: 0.011108996538242306
2025-09-30T16:50:54,361  INFO RandomizingTimeDistanceTravelDisutilityFactory:86  sigma: 3.0; resulting normalization: 0.011108996538242306
2025-09-30T16:50:54,362  INFO AbstractMultithreadedModule:142 [PlanRouter] starting 2 threads, handling 1147 plans
2025-09-30T16:50:54,362  INFO Counter:70 [PlanRouter] handled plan # 1
2025-09-30T16:50:54,362  INFO Counter:70 [PlanRouter] handled plan # 2
2025-09-30T16:50:54,362  INFO Counter:70 [PlanRouter] handled plan # 4
2025-09-30T16:50:54,362  INFO Counter:70 [PlanRouter] handled plan # 8
2025-09-30T16:50:54,362  INFO Counter:70 [PlanRouter] handled plan # 16
2025-09-30T16:50:54,362  INFO Counter:70 [PlanRouter] handled plan # 32
2025-09-30T16:50:54,363  INFO Counter:70 [PlanRouter] handled plan # 64
2025-09-30T16:50:54,364  INFO Counter:70 [PlanRouter] handled plan # 128
2025-09-30T16:50:54,365  INFO Counter:70 [PlanRouter] handled plan # 256
2025-09-30T16:50:54,368  INFO Counter:70 [PlanRouter] handled plan # 512
2025-09-30T16:50:54,374  INFO Counter:70 [PlanRouter] handled plan # 1024
2025-09-30T16:50:54,375  INFO AbstractMultithreadedModule:157 [PlanRouter] all 2 threads finished.
2025-09-30T16:50:54,375  INFO GenericPlanStrategyImpl:135 Plan-Strategy finished, 1147 plans handled. Strategy: RandomPlanSelector_SubtourModeChoice_ReRoute
2025-09-30T16:50:54,375  INFO AbstractMultithreadedModule:142 [MutateActivityTimeAllocation] starting 2 threads, handling 1161 plans
2025-09-30T16:50:54,375  INFO Counter:70 [MutateActivityTimeAllocation] handled plan # 1
2025-09-30T16:50:54,375  INFO Counter:70 [MutateActivityTimeAllocation] handled plan # 2
2025-09-30T16:50:54,376  INFO Counter:70 [MutateActivityTimeAllocation] handled plan # 4
2025-09-30T16:50:54,376  INFO Counter:70 [MutateActivityTimeAllocation] handled plan # 8
2025-09-30T16:50:54,376  INFO Counter:70 [MutateActivityTimeAllocation] handled plan # 16
2025-09-30T16:50:54,376  INFO Counter:70 [MutateActivityTimeAllocation] handled plan # 32
2025-09-30T16:50:54,376  INFO Counter:70 [MutateActivityTimeAllocation] handled plan # 64
2025-09-30T16:50:54,376  INFO Counter:70 [MutateActivityTimeAllocation] handled plan # 128
2025-09-30T16:50:54,377  INFO Counter:70 [MutateActivityTimeAllocation] handled plan # 256
2025-09-30T16:50:54,378  INFO Counter:70 [MutateActivityTimeAllocation] handled plan # 512
2025-09-30T16:50:54,379  INFO Counter:70 [MutateActivityTimeAllocation] handled plan # 1024
2025-09-30T16:50:54,379  INFO AbstractMultithreadedModule:157 [MutateActivityTimeAllocation] all 2 threads finished.
2025-09-30T16:50:54,380  INFO GenericPlanStrategyImpl:135 Plan-Strategy finished, 1161 plans handled. Strategy: RandomPlanSelector_TimeAllocationMutatorModule
2025-09-30T16:50:54,380  INFO ControllerListenerManagerImpl:276 [it.1] all ControllerReplanningListeners called.
2025-09-30T16:50:54,380  INFO ControllerListenerManagerImpl:293 calling notifyBeforeMobsim on org.matsim.core.controler.corelisteners.EventsHandlingImpl with priority 0.0
2025-09-30T16:50:54,380  INFO EventsManagerImpl:173 resetting Event-Handlers
2025-09-30T16:50:54,380  INFO EventsManagerImpl:180   org.matsim.core.trafficmonitoring.TravelTimeCalculator
2025-09-30T16:50:54,381  INFO EventsManagerImpl:180   org.matsim.analysis.VolumesAnalyzer
2025-09-30T16:50:54,381  INFO EventsManagerImpl:180   org.matsim.core.scoring.ScoringFunctionsForPopulation
2025-09-30T16:50:54,381  INFO EventsManagerImpl:180   ch.sbb.matsim.routing.pt.raptor.SwissRailRaptorFactory$$Lambda/0x00000088013d6958
2025-09-30T16:50:54,381  INFO EventsManagerImpl:180   org.matsim.analysis.CalcLegTimes
2025-09-30T16:50:54,381  INFO EventsManagerImpl:180   org.matsim.analysis.LegHistogram
2025-09-30T16:50:54,382  INFO EventsManagerImpl:139 === Logging of event-handlers skipped ===
2025-09-30T16:50:54,382  INFO EventsManagerImpl:140 To enable debug output, set an environment variable i.e. export LOG_LEVEL='debug', or set log.setLogLevel(Level.DEBUG) in your run class.
2025-09-30T16:50:54,382  INFO EventsManagerImpl:210     > org.matsim.api.core.v01.events.Event
2025-09-30T16:50:54,382  INFO EventsManagerImpl:139 === Logging of event-handlers skipped ===
2025-09-30T16:50:54,382  INFO EventsManagerImpl:140 To enable debug output, set an environment variable i.e. export LOG_LEVEL='debug', or set log.setLogLevel(Level.DEBUG) in your run class.
2025-09-30T16:50:54,382  INFO EventsManagerImpl:210     > org.matsim.api.core.v01.events.Event
2025-09-30T16:50:54,382  INFO ControllerListenerManagerImpl:293 calling notifyBeforeMobsim on org.matsim.core.controler.corelisteners.PlansDumpingImpl with priority 0.0
2025-09-30T16:50:54,382  INFO PlansDumpingImpl:78 dumping plans...
2025-09-30T16:50:54,422  INFO Counter:70 [PopulationWriter] dumped person # 1
2025-09-30T16:50:54,422  INFO Counter:70 [PopulationWriter] dumped person # 2
2025-09-30T16:50:54,422  INFO Counter:70 [PopulationWriter] dumped person # 4
2025-09-30T16:50:54,422  INFO Counter:70 [PopulationWriter] dumped person # 8
2025-09-30T16:50:54,422  INFO Counter:70 [PopulationWriter] dumped person # 16
2025-09-30T16:50:54,422  INFO Counter:70 [PopulationWriter] dumped person # 32
2025-09-30T16:50:54,422  INFO Counter:70 [PopulationWriter] dumped person # 64
2025-09-30T16:50:54,422  INFO Counter:70 [PopulationWriter] dumped person # 128
2025-09-30T16:50:54,422  INFO Counter:70 [PopulationWriter] dumped person # 256
2025-09-30T16:50:54,422  INFO Counter:70 [ParallelPopulationWriterV6] dumped person # 1
2025-09-30T16:50:54,423  INFO Counter:70 [PopulationWriter] dumped person # 512
2025-09-30T16:50:54,423  INFO Counter:70 [ParallelPopulationWriterV6] dumped person # 2
2025-09-30T16:50:54,423  INFO Counter:70 [ParallelPopulationWriterV6] dumped person # 4
2025-09-30T16:50:54,423  INFO Counter:70 [ParallelPopulationWriterV6] dumped person # 8
2025-09-30T16:50:54,423  INFO Counter:70 [ParallelPopulationWriterV6] dumped person # 16
2025-09-30T16:50:54,424  INFO Counter:70 [PopulationWriter] dumped person # 1024
2025-09-30T16:50:54,424  INFO Counter:70 [ParallelPopulationWriterV6] dumped person # 32
2025-09-30T16:50:54,425  INFO Counter:70 [ParallelPopulationWriterV6] dumped person # 64
2025-09-30T16:50:54,428  INFO Counter:70 [ParallelPopulationWriterV6] dumped person # 128
2025-09-30T16:50:54,433  INFO Counter:70 [ParallelPopulationWriterV6] dumped person # 256
2025-09-30T16:50:54,445  INFO Counter:70 [ParallelPopulationWriterV6] dumped person # 512
2025-09-30T16:50:54,467  INFO Counter:70 [ParallelPopulationWriterV6] dumped person # 1024
2025-09-30T16:50:54,468  INFO Counter:70 [PopulationWriter] dumped person # 2048
2025-09-30T16:50:54,511  INFO Counter:70 [ParallelPopulationWriterV6] dumped person # 2048
2025-09-30T16:50:54,556  INFO Counter:70 [PopulationWriter] dumped person # 4096
2025-09-30T16:50:54,597  INFO Counter:70 [ParallelPopulationWriterV6] dumped person # 4096
2025-09-30T16:50:54,724  INFO Counter:70 [PopulationWriter] dumped person # 8192
2025-09-30T16:50:54,765  INFO Counter:70 [ParallelPopulationWriterV6] dumped person # 8192
2025-09-30T16:50:55,097  INFO Counter:70 [PopulationWriter] dumped person # 16384
2025-09-30T16:50:55,139  INFO Counter:70 [ParallelPopulationWriterV6] dumped person # 16384
2025-09-30T16:50:55,951  INFO Counter:70 [PopulationWriter] dumped person # 32768
2025-09-30T16:50:55,996  INFO Counter:70 [ParallelPopulationWriterV6] dumped person # 32768
2025-09-30T16:50:57,530  INFO Counter:70 [PopulationWriter] dumped person # 65536
2025-09-30T16:50:57,575  INFO Counter:70 [ParallelPopulationWriterV6] dumped person # 65536
2025-09-30T16:50:58,349  INFO Counter:75 [ParallelPopulationWriterV6] dumped person # 84111
2025-09-30T16:50:58,349  INFO PopulationWriter:150 Population written to: output1/ITERS/it.1/1.plans.xml.gz
2025-09-30T16:50:58,350  INFO Counter:75 [PopulationWriter] dumped person # 84111
2025-09-30T16:50:58,350  INFO PlansDumpingImpl:95 finished plans dump.
2025-09-30T16:50:58,350  INFO ControllerListenerManagerImpl:299 calling notifyBeforeMobsim on org.matsim.core.population.VspPlansCleaner with priority 0.0
2025-09-30T16:50:58,373  INFO ControllerListenerManagerImpl:302 [it.1] all ControlerBeforeMobsimListeners called.
2025-09-30T16:50:58,374  INFO PrepareForMobsimImpl:86 Network seems to be multimodal. Create car-only network which is handed over to PersonPrepareForSim.
2025-09-30T16:50:58,374  INFO NetworkImpl:165  node # 1
2025-09-30T16:50:58,374  INFO NetworkImpl:165  node # 4
2025-09-30T16:50:58,374  INFO NetworkImpl:165  node # 16
2025-09-30T16:50:58,374  INFO NetworkImpl:165  node # 64
2025-09-30T16:50:58,374  INFO NetworkImpl:165  node # 256
2025-09-30T16:50:58,374  INFO NetworkImpl:161  link # 1
2025-09-30T16:50:58,374  INFO NetworkImpl:161  link # 4
2025-09-30T16:50:58,374  INFO NetworkImpl:161  link # 16
2025-09-30T16:50:58,374  INFO NetworkImpl:161  link # 64
2025-09-30T16:50:58,374  INFO NetworkImpl:161  link # 256
2025-09-30T16:50:58,375  INFO RandomizingTimeDistanceTravelDisutilityFactory:86  sigma: 3.0; resulting normalization: 0.011108996538242306
2025-09-30T16:50:58,375  INFO RandomizingTimeDistanceTravelDisutilityFactory:86  sigma: 3.0; resulting normalization: 0.011108996538242306
2025-09-30T16:50:58,386  INFO Counter:70 [PersonPrepareForSim] handled person # 2
2025-09-30T16:50:58,386  INFO Counter:70 [PersonPrepareForSim] handled person # 1
2025-09-30T16:50:58,386  INFO Counter:70 [PersonPrepareForSim] handled person # 4
2025-09-30T16:50:58,386  INFO Counter:70 [PersonPrepareForSim] handled person # 8
2025-09-30T16:50:58,386  INFO Counter:70 [PersonPrepareForSim] handled person # 16
2025-09-30T16:50:58,386  INFO Counter:70 [PersonPrepareForSim] handled person # 32
2025-09-30T16:50:58,386  INFO Counter:70 [PersonPrepareForSim] handled person # 64
2025-09-30T16:50:58,387  INFO Counter:70 [PersonPrepareForSim] handled person # 128
2025-09-30T16:50:58,387  INFO Counter:70 [PersonPrepareForSim] handled person # 256
2025-09-30T16:50:58,389  INFO Counter:70 [PersonPrepareForSim] handled person # 512
2025-09-30T16:50:58,392  INFO Counter:70 [PersonPrepareForSim] handled person # 1024
2025-09-30T16:50:58,396  INFO Counter:70 [PersonPrepareForSim] handled person # 2048
2025-09-30T16:50:58,404  INFO Counter:70 [PersonPrepareForSim] handled person # 4096
2025-09-30T16:50:58,419  INFO Counter:70 [PersonPrepareForSim] handled person # 8192
2025-09-30T16:50:58,457  INFO Counter:70 [PersonPrepareForSim] handled person # 16384
2025-09-30T16:50:58,504  INFO Counter:70 [PersonPrepareForSim] handled person # 32768
2025-09-30T16:50:58,531  INFO Counter:70 [PersonPrepareForSim] handled person # 65536
2025-09-30T16:50:58,545  INFO Counter:75 [PersonPrepareForSim] handled person # 84111
2025-09-30T16:50:58,555  INFO MobsimListenerManager:50 calling addQueueSimulationListener
2025-09-30T16:50:58,555  INFO MobsimListenerManager:54   assigned class org.matsim.core.mobsim.framework.listeners.MobsimListener to interface org.matsim.core.mobsim.framework.listeners.MobsimListener
2025-09-30T16:50:58,555  INFO MobsimListenerManager:54   assigned class org.matsim.core.mobsim.framework.listeners.MobsimListener to interface org.matsim.core.mobsim.framework.listeners.MobsimBeforeCleanupListener
2025-09-30T16:50:58,555  INFO MobsimListenerManager:54   assigned class org.matsim.core.mobsim.framework.listeners.MobsimListener to interface org.matsim.core.mobsim.framework.listeners.MobsimInitializedListener
2025-09-30T16:50:58,555  INFO MobsimListenerManager:54   assigned class org.matsim.core.mobsim.framework.listeners.MobsimListener to interface org.matsim.vis.snapshotwriters.SnapshotWriterManager
2025-09-30T16:50:58,555  INFO MobsimListenerManager:54   assigned class org.matsim.core.mobsim.framework.listeners.MobsimListener to interface org.matsim.core.mobsim.framework.listeners.MobsimAfterSimStepListener
2025-09-30T16:50:58,556  INFO QSimProvider:131 Added MobsimEngine class org.matsim.core.mobsim.qsim.ActivityEngineDefaultImpl
2025-09-30T16:50:58,556  INFO QSimProvider:137 Added Activityhandler class org.matsim.core.mobsim.qsim.ActivityEngineDefaultImpl
2025-09-30T16:50:58,557  INFO QSimProvider:131 Added MobsimEngine class org.matsim.core.mobsim.qsim.qnetsimengine.QNetsimEngineWithThreadpool
2025-09-30T16:50:58,558  INFO QSimProvider:143 Added DepartureHandler class org.matsim.core.mobsim.qsim.qnetsimengine.NetworkModeDepartureHandlerDefaultImpl
2025-09-30T16:50:58,558  INFO QSimProvider:131 Added MobsimEngine class org.matsim.core.mobsim.qsim.DefaultTeleportationEngine
2025-09-30T16:50:58,558  INFO QSimProvider:143 Added DepartureHandler class org.matsim.core.mobsim.qsim.DefaultTeleportationEngine
2025-09-30T16:50:58,558  INFO QSimProvider:149 Added AgentSource class org.matsim.core.mobsim.qsim.agents.PopulationAgentSource
2025-09-30T16:50:58,558  INFO MobsimListenerManager:50 calling addQueueSimulationListener
2025-09-30T16:50:58,558  INFO MobsimListenerManager:54   assigned class org.matsim.core.mobsim.framework.listeners.MobsimListener to interface org.matsim.core.mobsim.framework.listeners.MobsimBeforeSimStepListener
2025-09-30T16:50:58,558  INFO MobsimListenerManager:54   assigned class org.matsim.core.mobsim.framework.listeners.MobsimListener to interface org.matsim.core.mobsim.framework.listeners.MobsimListener
2025-09-30T16:50:58,558  INFO MobsimListenerManager:54   assigned class org.matsim.core.mobsim.framework.listeners.MobsimListener to interface org.matsim.core.mobsim.qsim.messagequeueengine.MessageQueueEngine
2025-09-30T16:50:58,558  INFO QSimProvider:155 Added MobsimListener class org.matsim.core.mobsim.qsim.messagequeueengine.MessageQueueEngine
2025-09-30T16:50:58,558  INFO QSimProvider:131 Added MobsimEngine class org.matsim.core.mobsim.qsim.pt.TransitQSimEngine
2025-09-30T16:50:58,558  INFO QSimProvider:143 Added DepartureHandler class org.matsim.core.mobsim.qsim.pt.TransitQSimEngine
2025-09-30T16:50:58,558  INFO QSimProvider:149 Added AgentSource class org.matsim.core.mobsim.qsim.pt.TransitQSimEngine
2025-09-30T16:50:58,702  INFO ReconstructingUmlaufBuilder:131 Generating UmlaufStuecke ...
2025-09-30T16:50:58,702  INFO ReconstructingUmlaufBuilder:144 ... done generating UmlaufStuecke
2025-09-30T16:50:58,719  INFO AbstractQNetsimEngine:421 Assigned 282 nodes and 334 links to QSimEngineRunner #0
2025-09-30T16:50:58,762  INFO AbstractQNetsimEngine:359 SIMULATION (QNetsimEngine) AT 06:00:00 : #links=0 #nodes=10
2025-09-30T16:50:58,762  INFO QSim:552 SIMULATION (NEW QSim) AT 06:00:00 : #active agents=86151 lost=0 simT=0.0s realT=0s; (s/r): 0.0
2025-09-30T16:50:58,908  INFO AbstractQNetsimEngine:359 SIMULATION (QNetsimEngine) AT 07:00:00 : #links=144 #nodes=20
2025-09-30T16:50:58,908  INFO QSim:552 SIMULATION (NEW QSim) AT 07:00:00 : #active agents=86044 lost=0 simT=3600.0s realT=0s; (s/r): Infinity
2025-09-30T16:51:01,758  INFO AbstractQNetsimEngine:359 SIMULATION (QNetsimEngine) AT 08:00:00 : #links=240 #nodes=148
2025-09-30T16:51:01,759  INFO QSim:552 SIMULATION (NEW QSim) AT 08:00:00 : #active agents=85972 lost=0 simT=7200.0s realT=3s; (s/r): 2400.0
2025-09-30T16:51:02,906  INFO AbstractQNetsimEngine:359 SIMULATION (QNetsimEngine) AT 09:00:00 : #links=220 #nodes=119
2025-09-30T16:51:02,906  INFO QSim:552 SIMULATION (NEW QSim) AT 09:00:00 : #active agents=85958 lost=0 simT=10800.0s realT=4s; (s/r): 2700.0
2025-09-30T16:51:03,937  INFO AbstractQNetsimEngine:359 SIMULATION (QNetsimEngine) AT 10:00:00 : #links=200 #nodes=81
2025-09-30T16:51:03,937  INFO QSim:552 SIMULATION (NEW QSim) AT 10:00:00 : #active agents=85597 lost=0 simT=14400.0s realT=5s; (s/r): 2880.0
2025-09-30T16:51:04,738  INFO AbstractQNetsimEngine:359 SIMULATION (QNetsimEngine) AT 11:00:00 : #links=185 #nodes=72
2025-09-30T16:51:04,738  INFO QSim:552 SIMULATION (NEW QSim) AT 11:00:00 : #active agents=84460 lost=0 simT=18000.0s realT=6s; (s/r): 3000.0
2025-09-30T16:51:05,142  INFO EventsManagerImpl:116  event # 4194304
2025-09-30T16:51:05,309  INFO AbstractQNetsimEngine:359 SIMULATION (QNetsimEngine) AT 12:00:00 : #links=163 #nodes=53
2025-09-30T16:51:05,310  INFO QSim:552 SIMULATION (NEW QSim) AT 12:00:00 : #active agents=82759 lost=0 simT=21600.0s realT=6s; (s/r): 3600.0
2025-09-30T16:51:05,725  INFO AbstractQNetsimEngine:359 SIMULATION (QNetsimEngine) AT 13:00:00 : #links=150 #nodes=55
2025-09-30T16:51:05,725  INFO QSim:552 SIMULATION (NEW QSim) AT 13:00:00 : #active agents=81468 lost=0 simT=25200.0s realT=7s; (s/r): 3600.0
2025-09-30T16:51:06,151  INFO AbstractQNetsimEngine:359 SIMULATION (QNetsimEngine) AT 14:00:00 : #links=145 #nodes=58
2025-09-30T16:51:06,151  INFO QSim:552 SIMULATION (NEW QSim) AT 14:00:00 : #active agents=80378 lost=0 simT=28800.0s realT=7s; (s/r): 4114.285714285715
2025-09-30T16:51:06,595  INFO AbstractQNetsimEngine:359 SIMULATION (QNetsimEngine) AT 15:00:00 : #links=158 #nodes=62
2025-09-30T16:51:06,595  INFO QSim:552 SIMULATION (NEW QSim) AT 15:00:00 : #active agents=79354 lost=0 simT=32400.0s realT=8s; (s/r): 4050.0
2025-09-30T16:51:07,029  INFO AbstractQNetsimEngine:359 SIMULATION (QNetsimEngine) AT 16:00:00 : #links=142 #nodes=63
2025-09-30T16:51:07,029  INFO QSim:552 SIMULATION (NEW QSim) AT 16:00:00 : #active agents=78146 lost=0 simT=36000.0s realT=8s; (s/r): 4500.0
2025-09-30T16:51:07,473  INFO AbstractQNetsimEngine:359 SIMULATION (QNetsimEngine) AT 17:00:00 : #links=200 #nodes=74
2025-09-30T16:51:07,473  INFO QSim:552 SIMULATION (NEW QSim) AT 17:00:00 : #active agents=76970 lost=0 simT=39600.0s realT=8s; (s/r): 4950.0
2025-09-30T16:51:09,432  INFO AbstractQNetsimEngine:359 SIMULATION (QNetsimEngine) AT 18:00:00 : #links=231 #nodes=131
2025-09-30T16:51:09,432  INFO QSim:552 SIMULATION (NEW QSim) AT 18:00:00 : #active agents=69651 lost=0 simT=43200.0s realT=10s; (s/r): 4320.0
2025-09-30T16:51:10,261  INFO AbstractQNetsimEngine:359 SIMULATION (QNetsimEngine) AT 19:00:00 : #links=213 #nodes=111
2025-09-30T16:51:10,261  INFO QSim:552 SIMULATION (NEW QSim) AT 19:00:00 : #active agents=62345 lost=0 simT=46800.0s realT=11s; (s/r): 4254.545454545455
2025-09-30T16:51:10,740  INFO AbstractQNetsimEngine:359 SIMULATION (QNetsimEngine) AT 20:00:00 : #links=164 #nodes=104
2025-09-30T16:51:10,740  INFO QSim:552 SIMULATION (NEW QSim) AT 20:00:00 : #active agents=59489 lost=0 simT=50400.0s realT=12s; (s/r): 4200.0
2025-09-30T16:51:11,057  INFO AbstractQNetsimEngine:359 SIMULATION (QNetsimEngine) AT 21:00:00 : #links=151 #nodes=109
2025-09-30T16:51:11,057  INFO QSim:552 SIMULATION (NEW QSim) AT 21:00:00 : #active agents=58720 lost=0 simT=54000.0s realT=12s; (s/r): 4500.0
2025-09-30T16:51:11,313  INFO AbstractQNetsimEngine:359 SIMULATION (QNetsimEngine) AT 22:00:00 : #links=126 #nodes=106
2025-09-30T16:51:11,313  INFO QSim:552 SIMULATION (NEW QSim) AT 22:00:00 : #active agents=57900 lost=0 simT=57600.0s realT=12s; (s/r): 4800.0
2025-09-30T16:51:11,524  INFO AbstractQNetsimEngine:359 SIMULATION (QNetsimEngine) AT 23:00:00 : #links=125 #nodes=97
2025-09-30T16:51:11,524  INFO QSim:552 SIMULATION (NEW QSim) AT 23:00:00 : #active agents=57723 lost=0 simT=61200.0s realT=12s; (s/r): 5100.0
2025-09-30T16:51:11,732  INFO AbstractQNetsimEngine:359 SIMULATION (QNetsimEngine) AT 24:00:00 : #links=121 #nodes=97
2025-09-30T16:51:11,733  INFO QSim:552 SIMULATION (NEW QSim) AT 24:00:00 : #active agents=57706 lost=0 simT=64800.0s realT=13s; (s/r): 4984.615384615385
2025-09-30T16:51:11,956  INFO AbstractQNetsimEngine:359 SIMULATION (QNetsimEngine) AT 25:00:00 : #links=121 #nodes=97
2025-09-30T16:51:11,956  INFO QSim:552 SIMULATION (NEW QSim) AT 25:00:00 : #active agents=57688 lost=0 simT=68400.0s realT=13s; (s/r): 5261.538461538462
2025-09-30T16:51:12,176  INFO AbstractQNetsimEngine:359 SIMULATION (QNetsimEngine) AT 26:00:00 : #links=121 #nodes=97
2025-09-30T16:51:12,176  INFO QSim:552 SIMULATION (NEW QSim) AT 26:00:00 : #active agents=57674 lost=0 simT=72000.0s realT=13s; (s/r): 5538.461538461538
2025-09-30T16:51:12,407  INFO AbstractQNetsimEngine:359 SIMULATION (QNetsimEngine) AT 27:00:00 : #links=121 #nodes=97
2025-09-30T16:51:12,407  INFO QSim:552 SIMULATION (NEW QSim) AT 27:00:00 : #active agents=57636 lost=0 simT=75600.0s realT=13s; (s/r): 5815.384615384615
2025-09-30T16:51:12,614  INFO AbstractQNetsimEngine:359 SIMULATION (QNetsimEngine) AT 28:00:00 : #links=121 #nodes=97
2025-09-30T16:51:12,614  INFO QSim:552 SIMULATION (NEW QSim) AT 28:00:00 : #active agents=57608 lost=0 simT=79200.0s realT=14s; (s/r): 5657.142857142857
2025-09-30T16:51:12,806  INFO AbstractQNetsimEngine:359 SIMULATION (QNetsimEngine) AT 29:00:00 : #links=122 #nodes=97
2025-09-30T16:51:12,806  INFO QSim:552 SIMULATION (NEW QSim) AT 29:00:00 : #active agents=57587 lost=0 simT=82800.0s realT=14s; (s/r): 5914.285714285715
2025-09-30T16:51:12,997  INFO AbstractQNetsimEngine:359 SIMULATION (QNetsimEngine) AT 30:00:00 : #links=122 #nodes=96
2025-09-30T16:51:12,997  INFO QSim:552 SIMULATION (NEW QSim) AT 30:00:00 : #active agents=57566 lost=0 simT=86400.0s realT=14s; (s/r): 6171.428571428572
2025-09-30T16:51:13,132  INFO Gbl:196 Thread performance: Thread=class org.matsim.core.events.SimStepParallelEventsManagerImpl$ProcessEventsRunnable0  cpu-time=10.503847sec
2025-09-30T16:51:13,132  INFO AbstractController$9:237 ### ITERATION 1 fires after mobsim event
2025-09-30T16:51:13,132  INFO ControllerListenerManagerImpl:324 calling notifyAfterMobsim on org.matsim.analysis.LegTimesControllerListener with priority 0.0
2025-09-30T16:51:13,133  INFO LegTimesControllerListener:73 [1] average leg duration is: 1289 seconds = 00:21:29
2025-09-30T16:51:13,133  INFO ControllerListenerManagerImpl:324 calling notifyAfterMobsim on org.matsim.core.events.MobsimScopeEventHandling with priority 0.0
2025-09-30T16:51:13,133  INFO ControllerListenerManagerImpl:324 calling notifyAfterMobsim on org.matsim.core.scoring.EventsToActivities$1 with priority 0.0
2025-09-30T16:51:13,149  WARN CharyparNagelActivityScoring:271 The first and the last activity do not have the same type. 
2025-09-30T16:51:13,150  WARN CharyparNagelActivityScoring:272 Will score the first activity from midnight to its end, and the last activity from its start to midnight.
2025-09-30T16:51:13,150  WARN CharyparNagelActivityScoring:273 Because of the nonlinear function, this is not the same as scoring from start to end.
2025-09-30T16:51:13,151  WARN CharyparNagelActivityScoring:274 first activity: act [type=home][coord=null][linkId=10_1][startTime=undefined][endTime=08:00:00][duration=undefined][facilityId=null]
2025-09-30T16:51:13,151  WARN CharyparNagelActivityScoring:275 last activity: act [type=work][coord=null][linkId=41_2][startTime=08:54:30][endTime=undefined][duration=undefined][facilityId=null]
2025-09-30T16:51:13,151  WARN CharyparNagelActivityScoring:276 This may also happen when plans are not completed when the simulation ends.
2025-09-30T16:51:13,151  WARN CharyparNagelActivityScoring:278 Additional warnings of this type are suppressed.
2025-09-30T16:51:13,151  INFO ControllerListenerManagerImpl:327 [it.1] all ControllerAfterMobsimListeners called.
2025-09-30T16:51:13,151  INFO AbstractController$4:162 ### ITERATION 1 fires scoring event
2025-09-30T16:51:13,151  INFO ControllerListenerManagerImpl:238 calling notifyScoring on org.matsim.core.scoring.PlansScoringImpl with priority 0.0
2025-09-30T16:51:13,185  INFO NewScoreAssignerImpl:60 it: 1 msaStart: null
2025-09-30T16:51:13,208  INFO ControllerListenerManagerImpl:250 [it.1] all ControllerScoringListeners called.
2025-09-30T16:51:13,208  INFO AbstractController$5:170 ### ITERATION 1 fires iteration end event
2025-09-30T16:51:13,208  INFO ControllerListenerManagerImpl:209 calling notifyIterationEnds on org.matsim.core.controler.corelisteners.EventsHandlingImpl with priority 0.0
2025-09-30T16:51:13,209  INFO EventsManagerImpl:164 removing Event-Handler: org.matsim.core.events.algorithms.EventWriterXML
2025-09-30T16:51:13,209  INFO EventsManagerImpl:164 removing Event-Handler: org.matsim.core.events.algorithms.EventWriterXML
2025-09-30T16:51:13,209  INFO ControllerListenerManagerImpl:209 calling notifyIterationEnds on org.matsim.core.scoring.PlansScoringImpl with priority 0.0
2025-09-30T16:51:13,229  INFO PopulationImpl:111  person # 1
2025-09-30T16:51:13,229  INFO PopulationImpl:111  person # 4
2025-09-30T16:51:13,229  INFO PopulationImpl:111  person # 16
2025-09-30T16:51:13,229  INFO PopulationImpl:111  person # 64
2025-09-30T16:51:13,229  INFO PopulationImpl:111  person # 256
2025-09-30T16:51:13,229  INFO PopulationImpl:111  person # 1024
2025-09-30T16:51:13,229  INFO PopulationImpl:111  person # 4096
2025-09-30T16:51:13,232  INFO PopulationImpl:111  person # 16384
2025-09-30T16:51:13,244  INFO PopulationImpl:111  person # 65536
2025-09-30T16:51:13,286  INFO Counter:70 [PopulationWriter] dumped person # 1
2025-09-30T16:51:13,286  INFO Counter:70 [PopulationWriter] dumped person # 2
2025-09-30T16:51:13,286  WARN ObjectAttributesConverter:96 No AttributeConverter found for class org.matsim.api.core.v01.Id$IdImpl. Not all attribute values can be converted.
2025-09-30T16:51:13,286  INFO Counter:70 [PopulationWriter] dumped person # 4
2025-09-30T16:51:13,286  INFO Counter:70 [PopulationWriter] dumped person # 8
2025-09-30T16:51:13,286  INFO Counter:70 [PopulationWriter] dumped person # 16
2025-09-30T16:51:13,286  INFO Counter:70 [ParallelPopulationWriterV6] dumped person # 1
2025-09-30T16:51:13,286  WARN ObjectAttributesConverter:96 No AttributeConverter found for class org.matsim.api.core.v01.Id$IdImpl. Not all attribute values can be converted.
2025-09-30T16:51:13,286  INFO Counter:70 [PopulationWriter] dumped person # 32
2025-09-30T16:51:13,286  INFO Counter:70 [PopulationWriter] dumped person # 64
2025-09-30T16:51:13,286  INFO Counter:70 [PopulationWriter] dumped person # 128
2025-09-30T16:51:13,286  INFO Counter:70 [PopulationWriter] dumped person # 256
2025-09-30T16:51:13,286  INFO Counter:70 [ParallelPopulationWriterV6] dumped person # 2
2025-09-30T16:51:13,286  INFO Counter:70 [ParallelPopulationWriterV6] dumped person # 4
2025-09-30T16:51:13,286  INFO Counter:70 [PopulationWriter] dumped person # 512
2025-09-30T16:51:13,287  INFO Counter:70 [ParallelPopulationWriterV6] dumped person # 8
2025-09-30T16:51:13,287  INFO Counter:70 [ParallelPopulationWriterV6] dumped person # 16
2025-09-30T16:51:13,287  INFO Counter:70 [PopulationWriter] dumped person # 1024
2025-09-30T16:51:13,288  INFO Counter:70 [ParallelPopulationWriterV6] dumped person # 32
2025-09-30T16:51:13,289  INFO Counter:70 [ParallelPopulationWriterV6] dumped person # 64
2025-09-30T16:51:13,291  INFO Counter:70 [ParallelPopulationWriterV6] dumped person # 128
2025-09-30T16:51:13,296  INFO Counter:70 [ParallelPopulationWriterV6] dumped person # 256
2025-09-30T16:51:13,307  INFO Counter:70 [ParallelPopulationWriterV6] dumped person # 512
2025-09-30T16:51:13,327  INFO Counter:70 [ParallelPopulationWriterV6] dumped person # 1024
2025-09-30T16:51:13,329  INFO Counter:70 [PopulationWriter] dumped person # 2048
2025-09-30T16:51:13,368  INFO Counter:70 [ParallelPopulationWriterV6] dumped person # 2048
2025-09-30T16:51:13,407  INFO Counter:70 [PopulationWriter] dumped person # 4096
2025-09-30T16:51:13,429  INFO Counter:70 [ParallelPopulationWriterV6] dumped person # 4096
2025-09-30T16:51:13,513  INFO Counter:70 [PopulationWriter] dumped person # 8192
2025-09-30T16:51:13,532  INFO Counter:70 [ParallelPopulationWriterV6] dumped person # 8192
2025-09-30T16:51:13,735  INFO Counter:70 [PopulationWriter] dumped person # 16384
2025-09-30T16:51:13,760  INFO Counter:70 [ParallelPopulationWriterV6] dumped person # 16384
2025-09-30T16:51:14,357  INFO Counter:70 [PopulationWriter] dumped person # 32768
2025-09-30T16:51:14,394  INFO Counter:70 [ParallelPopulationWriterV6] dumped person # 32768
2025-09-30T16:51:15,349  INFO Counter:70 [PopulationWriter] dumped person # 65536
2025-09-30T16:51:15,384  INFO Counter:70 [ParallelPopulationWriterV6] dumped person # 65536
2025-09-30T16:51:16,067  INFO Counter:75 [ParallelPopulationWriterV6] dumped person # 84111
2025-09-30T16:51:16,067  INFO PopulationWriter:150 Population written to: output1/ITERS/it.1/1.experienced_plans.xml.gz
2025-09-30T16:51:16,068  INFO Counter:75 [PopulationWriter] dumped person # 84111
2025-09-30T16:51:16,727  INFO ControllerListenerManagerImpl:217 calling notifyIterationEnds on org.matsim.counts.CountsControllerListener with priority 0.0
2025-09-30T16:51:16,727  INFO ControllerListenerManagerImpl:217 calling notifyIterationEnds on org.matsim.analysis.ModeChoiceCoverageControllerListener with priority 0.0
2025-09-30T16:51:16,842  INFO ModeChoiceCoverageControllerListener:144 -- mode choice coverage (1x) of mode car = 0.7818108321790977
2025-09-30T16:51:16,842  INFO ModeChoiceCoverageControllerListener:144 -- mode choice coverage (1x) of mode pt = 0.19365001991427944
2025-09-30T16:51:16,842  INFO ModeChoiceCoverageControllerListener:144 -- mode choice coverage (1x) of mode walk = 0.03786090916116299
2025-09-30T16:51:16,842  INFO ModeChoiceCoverageControllerListener:144 -- mode choice coverage (5x) of mode car = 0.0
2025-09-30T16:51:16,842  INFO ModeChoiceCoverageControllerListener:144 -- mode choice coverage (5x) of mode pt = 0.0
2025-09-30T16:51:16,842  INFO ModeChoiceCoverageControllerListener:144 -- mode choice coverage (5x) of mode walk = 0.0
2025-09-30T16:51:16,842  INFO ModeChoiceCoverageControllerListener:144 -- mode choice coverage (10x) of mode car = 0.0
2025-09-30T16:51:16,842  INFO ModeChoiceCoverageControllerListener:144 -- mode choice coverage (10x) of mode pt = 0.0
2025-09-30T16:51:16,842  INFO ModeChoiceCoverageControllerListener:144 -- mode choice coverage (10x) of mode walk = 0.0
2025-09-30T16:51:16,947  INFO ControllerListenerManagerImpl:217 calling notifyIterationEnds on org.matsim.analysis.ModeStatsControllerListener with priority 0.0
2025-09-30T16:51:17,008  INFO ModeStatsControllerListener:132 Mode shares over all 168221.0 trips found. MainModeIdentifier: class org.matsim.core.router.DefaultAnalysisMainModeIdentifier
2025-09-30T16:51:17,008  INFO ModeStatsControllerListener:139 -- mode share of mode car = 0.770872839895138
2025-09-30T16:51:17,008  INFO ModeStatsControllerListener:139 -- mode share of mode pt = 0.19126625094369906
2025-09-30T16:51:17,008  INFO ModeStatsControllerListener:139 -- mode share of mode walk = 0.03786090916116299
2025-09-30T16:51:17,059  INFO ControllerListenerManagerImpl:217 calling notifyIterationEnds on org.matsim.analysis.ScoreStatsControlerListener with priority 0.0
2025-09-30T16:51:17,077  INFO ScoreStatsControlerListener:154 -- avg. score of the executed plan of each agent: -16.6593755484598
2025-09-30T16:51:17,077  INFO ScoreStatsControlerListener:155 -- avg. score of the worst plan of each agent: -17.73068240241195
2025-09-30T16:51:17,077  INFO ScoreStatsControlerListener:156 -- avg. of the avg. plan score per agent: -17.183353598853493
2025-09-30T16:51:17,077  INFO ScoreStatsControlerListener:157 -- avg. score of the best plan of each agent: -16.63602479529511
2025-09-30T16:51:17,104  INFO ControllerListenerManagerImpl:217 calling notifyIterationEnds on org.matsim.analysis.IterationTravelStatsControllerListener with priority 0.0
2025-09-30T16:51:17,123  INFO TravelDistanceStats:115 -- average leg distance per plan (executed plans only): 1439.293370665188 meters
2025-09-30T16:51:17,123  INFO TravelDistanceStats:116 average leg distance per Person (executed plans only): 5689.153947185081 meters (statistic on all 332469 legs which have a finite distance)
2025-09-30T16:51:17,123  INFO TravelDistanceStats:117 -- average trip distance per plan (executed plans only): 4863.583786672792 meters
2025-09-30T16:51:17,123  INFO TravelDistanceStats:118 average trip distance per Person (executed plans only): 5324.2049711152 meters (statistic on all 92077 trips which have a finite distance)
2025-09-30T16:51:17,123  INFO TravelDistanceStats:119 (TravelDistanceStats takes an average over all legs where the simulation reports travelled (network) distances
2025-09-30T16:51:17,123  INFO TravelDistanceStats:120 (and teleported legs whose route contains a distance.)
2025-09-30T16:51:20,253  INFO ActivityWriter:39 Writing all Activities to activitiescsv
2025-09-30T16:51:21,316  INFO ActivityWriter:59 ...done
2025-09-30T16:51:21,316  INFO ControllerListenerManagerImpl:217 calling notifyIterationEnds on org.matsim.analysis.LegTimesControllerListener with priority 0.0
2025-09-30T16:51:21,316  INFO EventsManagerImpl:164 removing Event-Handler: org.matsim.analysis.CalcLegTimes
2025-09-30T16:51:21,316  INFO EventsManagerImpl:164 removing Event-Handler: org.matsim.analysis.CalcLegTimes
2025-09-30T16:51:21,316  INFO ControllerListenerManagerImpl:217 calling notifyIterationEnds on org.matsim.analysis.LegHistogramListener with priority 0.0
2025-09-30T16:51:21,318  INFO LegHistogramListener:79 number of legs:	389025	100%
2025-09-30T16:51:21,319  INFO LegHistogramListener:86 number of car legs:	113891	29.276010539168436%
2025-09-30T16:51:21,319  INFO LegHistogramListener:86 number of pt legs:	34584	8.889917100443416%
2025-09-30T16:51:21,319  INFO LegHistogramListener:86 number of walk legs:	240550	61.83407236038815%
2025-09-30T16:51:21,471  INFO EventsManagerImpl:164 removing Event-Handler: org.matsim.analysis.LegHistogram
2025-09-30T16:51:21,472  INFO EventsManagerImpl:164 removing Event-Handler: org.matsim.analysis.LegHistogram
2025-09-30T16:51:21,472  INFO ControllerListenerManagerImpl:217 calling notifyIterationEnds on org.matsim.analysis.LinkStatsControllerListener with priority 0.0
2025-09-30T16:51:21,472  INFO ControllerListenerManagerImpl:221 [it.1] all ControllerIterationEndsListeners called.
2025-09-30T16:51:21,505  INFO AbstractController:184 ### ITERATION 1 ENDS
2025-09-30T16:51:21,505  INFO AbstractController:185 ###################################################
2025-09-30T16:51:21,505  INFO MatsimRuntimeModifications:81 S H U T D O W N   ---   start shutdown.
2025-09-30T16:51:21,506  INFO ControllerListenerManagerImpl:155 calling notifyShutdown on org.matsim.core.controler.corelisteners.EventsHandlingImpl with priority 0.0
2025-09-30T16:51:21,506  INFO ControllerListenerManagerImpl:155 calling notifyShutdown on org.matsim.core.controler.corelisteners.DumpDataAtEndImpl with priority 0.0
2025-09-30T16:51:21,549  INFO Counter:70 [PopulationWriter] dumped person # 1
2025-09-30T16:51:21,549  INFO Counter:70 [ParallelPopulationWriterV6] dumped person # 1
2025-09-30T16:51:21,549  INFO Counter:70 [PopulationWriter] dumped person # 2
2025-09-30T16:51:21,550  INFO Counter:70 [ParallelPopulationWriterV6] dumped person # 2
2025-09-30T16:51:21,550  INFO Counter:70 [PopulationWriter] dumped person # 4
2025-09-30T16:51:21,550  INFO Counter:70 [ParallelPopulationWriterV6] dumped person # 4
2025-09-30T16:51:21,550  INFO Counter:70 [PopulationWriter] dumped person # 8
2025-09-30T16:51:21,550  INFO Counter:70 [PopulationWriter] dumped person # 16
2025-09-30T16:51:21,550  INFO Counter:70 [PopulationWriter] dumped person # 32
2025-09-30T16:51:21,550  INFO Counter:70 [PopulationWriter] dumped person # 64
2025-09-30T16:51:21,550  INFO Counter:70 [PopulationWriter] dumped person # 128
2025-09-30T16:51:21,550  INFO Counter:70 [ParallelPopulationWriterV6] dumped person # 8
2025-09-30T16:51:21,550  INFO Counter:70 [PopulationWriter] dumped person # 256
2025-09-30T16:51:21,550  INFO Counter:70 [PopulationWriter] dumped person # 512
2025-09-30T16:51:21,550  INFO Counter:70 [ParallelPopulationWriterV6] dumped person # 16
2025-09-30T16:51:21,551  INFO Counter:70 [PopulationWriter] dumped person # 1024
2025-09-30T16:51:21,551  INFO Counter:70 [ParallelPopulationWriterV6] dumped person # 32
2025-09-30T16:51:21,553  INFO Counter:70 [ParallelPopulationWriterV6] dumped person # 64
2025-09-30T16:51:21,556  INFO Counter:70 [ParallelPopulationWriterV6] dumped person # 128
2025-09-30T16:51:21,561  INFO Counter:70 [ParallelPopulationWriterV6] dumped person # 256
2025-09-30T16:51:21,572  INFO Counter:70 [ParallelPopulationWriterV6] dumped person # 512
2025-09-30T16:51:21,593  INFO Counter:70 [ParallelPopulationWriterV6] dumped person # 1024
2025-09-30T16:51:21,594  INFO Counter:70 [PopulationWriter] dumped person # 2048
2025-09-30T16:51:21,637  INFO Counter:70 [ParallelPopulationWriterV6] dumped person # 2048
2025-09-30T16:51:21,681  INFO Counter:70 [PopulationWriter] dumped person # 4096
2025-09-30T16:51:21,727  INFO Counter:70 [ParallelPopulationWriterV6] dumped person # 4096
2025-09-30T16:51:21,857  INFO Counter:70 [PopulationWriter] dumped person # 8192
2025-09-30T16:51:21,898  INFO Counter:70 [ParallelPopulationWriterV6] dumped person # 8192
2025-09-30T16:51:22,207  INFO Counter:70 [PopulationWriter] dumped person # 16384
2025-09-30T16:51:22,247  INFO Counter:70 [ParallelPopulationWriterV6] dumped person # 16384
2025-09-30T16:51:22,943  INFO Counter:70 [PopulationWriter] dumped person # 32768
2025-09-30T16:51:22,995  INFO Counter:70 [ParallelPopulationWriterV6] dumped person # 32768
2025-09-30T16:51:24,348  INFO Counter:70 [PopulationWriter] dumped person # 65536
2025-09-30T16:51:24,406  INFO Counter:70 [ParallelPopulationWriterV6] dumped person # 65536
2025-09-30T16:51:25,167  INFO Counter:75 [ParallelPopulationWriterV6] dumped person # 84111
2025-09-30T16:51:25,168  INFO PopulationWriter:150 Population written to: output1/output_plans.xml.gz
2025-09-30T16:51:25,168  INFO Counter:75 [PopulationWriter] dumped person # 84111
2025-09-30T16:51:25,169  INFO NetworkWriter:70 Writing network to file: output1/output_network.xml.gz...
2025-09-30T16:51:25,174  INFO NetworkWriter:73 done.
2025-09-30T16:51:25,176  INFO Config:461 setting context to [file:/Users/Matteo/Library/CloudStorage/OneDrive-ETHZurich/0_Master_REIS/3_Semester/ABMT/U%CC%88bung/abmt25_own/]
2025-09-30T16:51:25,178  INFO Config:461 setting context to [file:/Users/Matteo/Library/CloudStorage/OneDrive-ETHZurich/0_Master_REIS/3_Semester/ABMT/U%CC%88bung/abmt25_own/]
2025-09-30T16:51:25,180  INFO Config:461 setting context to [file:/Users/Matteo/Library/CloudStorage/OneDrive-ETHZurich/0_Master_REIS/3_Semester/ABMT/U%CC%88bung/abmt25_own/]
2025-09-30T16:51:25,181  INFO Config:461 setting context to [file:/Users/Matteo/Library/CloudStorage/OneDrive-ETHZurich/0_Master_REIS/3_Semester/ABMT/U%CC%88bung/abmt25_own/]
2025-09-30T16:51:25,182  INFO Config:461 setting context to [file:/Users/Matteo/Library/CloudStorage/OneDrive-ETHZurich/0_Master_REIS/3_Semester/ABMT/U%CC%88bung/abmt25_own/]
2025-09-30T16:51:25,183  INFO Config:461 setting context to [file:/Users/Matteo/Library/CloudStorage/OneDrive-ETHZurich/0_Master_REIS/3_Semester/ABMT/U%CC%88bung/abmt25_own/]
2025-09-30T16:51:25,184  INFO Config:461 setting context to [file:/Users/Matteo/Library/CloudStorage/OneDrive-ETHZurich/0_Master_REIS/3_Semester/ABMT/U%CC%88bung/abmt25_own/]
2025-09-30T16:51:25,184  INFO Config:461 setting context to [file:/Users/Matteo/Library/CloudStorage/OneDrive-ETHZurich/0_Master_REIS/3_Semester/ABMT/U%CC%88bung/abmt25_own/]
2025-09-30T16:51:25,185  INFO Config:461 setting context to [file:/Users/Matteo/Library/CloudStorage/OneDrive-ETHZurich/0_Master_REIS/3_Semester/ABMT/U%CC%88bung/abmt25_own/]
2025-09-30T16:51:25,186  INFO Config:461 setting context to [file:/Users/Matteo/Library/CloudStorage/OneDrive-ETHZurich/0_Master_REIS/3_Semester/ABMT/U%CC%88bung/abmt25_own/]
2025-09-30T16:51:25,186  INFO Config:461 setting context to [file:/Users/Matteo/Library/CloudStorage/OneDrive-ETHZurich/0_Master_REIS/3_Semester/ABMT/U%CC%88bung/abmt25_own/]
2025-09-30T16:51:25,187  INFO Config:461 setting context to [file:/Users/Matteo/Library/CloudStorage/OneDrive-ETHZurich/0_Master_REIS/3_Semester/ABMT/U%CC%88bung/abmt25_own/]
2025-09-30T16:51:25,188  INFO Config:461 setting context to [file:/Users/Matteo/Library/CloudStorage/OneDrive-ETHZurich/0_Master_REIS/3_Semester/ABMT/U%CC%88bung/abmt25_own/]
2025-09-30T16:51:25,189  INFO Config:461 setting context to [file:/Users/Matteo/Library/CloudStorage/OneDrive-ETHZurich/0_Master_REIS/3_Semester/ABMT/U%CC%88bung/abmt25_own/]
2025-09-30T16:51:25,190  INFO Config:461 setting context to [file:/Users/Matteo/Library/CloudStorage/OneDrive-ETHZurich/0_Master_REIS/3_Semester/ABMT/U%CC%88bung/abmt25_own/]
2025-09-30T16:51:25,190  INFO Config:461 setting context to [file:/Users/Matteo/Library/CloudStorage/OneDrive-ETHZurich/0_Master_REIS/3_Semester/ABMT/U%CC%88bung/abmt25_own/]
2025-09-30T16:51:25,191  INFO Config:461 setting context to [file:/Users/Matteo/Library/CloudStorage/OneDrive-ETHZurich/0_Master_REIS/3_Semester/ABMT/U%CC%88bung/abmt25_own/]
2025-09-30T16:51:25,191  INFO Config:461 setting context to [file:/Users/Matteo/Library/CloudStorage/OneDrive-ETHZurich/0_Master_REIS/3_Semester/ABMT/U%CC%88bung/abmt25_own/]
2025-09-30T16:51:25,193  INFO Config:461 setting context to [file:/Users/Matteo/Library/CloudStorage/OneDrive-ETHZurich/0_Master_REIS/3_Semester/ABMT/U%CC%88bung/abmt25_own/]
2025-09-30T16:51:25,193  INFO Config:461 setting context to [file:/Users/Matteo/Library/CloudStorage/OneDrive-ETHZurich/0_Master_REIS/3_Semester/ABMT/U%CC%88bung/abmt25_own/]
2025-09-30T16:51:25,194  INFO Config:461 setting context to [file:/Users/Matteo/Library/CloudStorage/OneDrive-ETHZurich/0_Master_REIS/3_Semester/ABMT/U%CC%88bung/abmt25_own/]
2025-09-30T16:51:25,194  INFO Config:461 setting context to [file:/Users/Matteo/Library/CloudStorage/OneDrive-ETHZurich/0_Master_REIS/3_Semester/ABMT/U%CC%88bung/abmt25_own/]
2025-09-30T16:51:25,194  INFO Config:461 setting context to [file:/Users/Matteo/Library/CloudStorage/OneDrive-ETHZurich/0_Master_REIS/3_Semester/ABMT/U%CC%88bung/abmt25_own/]
2025-09-30T16:51:25,195  INFO Config:461 setting context to [file:/Users/Matteo/Library/CloudStorage/OneDrive-ETHZurich/0_Master_REIS/3_Semester/ABMT/U%CC%88bung/abmt25_own/]
2025-09-30T16:51:25,195  INFO Config:461 setting context to [file:/Users/Matteo/Library/CloudStorage/OneDrive-ETHZurich/0_Master_REIS/3_Semester/ABMT/U%CC%88bung/abmt25_own/]
2025-09-30T16:51:25,196  INFO Config:461 setting context to [file:/Users/Matteo/Library/CloudStorage/OneDrive-ETHZurich/0_Master_REIS/3_Semester/ABMT/U%CC%88bung/abmt25_own/]
2025-09-30T16:51:25,316  INFO TransitScheduleWriter:89 about to write transit schedule to: output1/output_transitSchedule.xml.gz
2025-09-30T16:51:25,325  INFO MatsimVehicleWriter:49 about to write vehicles to: output1/output_transitVehicles.xml.gz
2025-09-30T16:51:25,325  INFO VehicleWriterV2:64 about to write vehicles to: output1/output_transitVehicles.xml.gz
2025-09-30T16:51:25,329  INFO MatsimVehicleWriter:49 about to write vehicles to: output1/output_vehicles.xml.gz
2025-09-30T16:51:25,329  INFO VehicleWriterV2:64 about to write vehicles to: output1/output_vehicles.xml.gz
2025-09-30T16:51:25,515  INFO MatsimVehicleWriter:49 about to write vehicles to: output1/output_allVehicles.xml.gz
2025-09-30T16:51:25,515  INFO VehicleWriterV2:64 about to write vehicles to: output1/output_allVehicles.xml.gz
2025-09-30T16:51:25,616  INFO HouseholdsWriterV10:66 about to write  households to: output1/output_households.xml.gz
2025-09-30T16:51:25,617  INFO Counter:75 [HouseholdsWriter] wrote household # 0
2025-09-30T16:51:25,618  INFO CountsWriterV2:45 Write Counts to output1/output_counts.xml.gz
2025-09-30T16:51:25,624  INFO ControllerListenerManagerImpl:162 calling notifyShutdown on org.matsim.analysis.ModeChoiceCoverageControllerListener with priority 0.0
2025-09-30T16:51:25,624  INFO ControllerListenerManagerImpl:162 calling notifyShutdown on org.matsim.analysis.ScoreStatsControlerListener with priority 0.0
2025-09-30T16:51:25,624  INFO ControllerListenerManagerImpl:162 calling notifyShutdown on org.matsim.analysis.IterationTravelStatsControllerListener with priority 0.0
2025-09-30T16:51:25,624  INFO PersonWriter:36 Writing all Persons to personscsv
2025-09-30T16:51:26,105  INFO PersonWriter:54 ...done
2025-09-30T16:51:26,106  INFO ControllerListenerManagerImpl:162 calling notifyShutdown on org.matsim.analysis.LinkStatsControllerListener with priority 0.0
2025-09-30T16:51:26,112  INFO ControllerListenerManagerImpl:165 all ControlerShutdownListeners called.
2025-09-30T16:51:26,112  INFO MatsimRuntimeModifications:104 S H U T D O W N   ---   shutdown completed.
2025-09-30T16:51:26,112  INFO OutputDirectoryLogging:173 closing the logfile, i.e. messages sent to the logger after this message are not written to the logfile.
